ARM GAS  /tmp/ccXBKlvH.s 			page 1


   1              		.syntax unified
   2              		.cpu cortex-m3
   3              		.fpu softvfp
   4              		.eabi_attribute 20, 1
   5              		.eabi_attribute 21, 1
   6              		.eabi_attribute 23, 3
   7              		.eabi_attribute 24, 1
   8              		.eabi_attribute 25, 1
   9              		.eabi_attribute 26, 1
  10              		.eabi_attribute 30, 2
  11              		.eabi_attribute 34, 1
  12              		.eabi_attribute 18, 4
  13              		.thumb
  14              		.file	"chcore_v7m.c"
  15              		.text
  16              	.Ltext0:
  17              		.cfi_sections	.debug_frame
  18              		.section	.text._port_switch_from_isr,"ax",%progbits
  19              		.align	2
  20              		.p2align 4,,15
  21              		.global	_port_switch_from_isr
  22              		.thumb
  23              		.thumb_func
  24              		.type	_port_switch_from_isr, %function
  25              	_port_switch_from_isr:
  26              	.LFB11:
  27              		.file 1 "/home/nicolas/Escritorio/Embebidos/stamp_repo/files/code/ext/ChibiOS/os/ports/GCC/ARMCMx/
  28              		.loc 1 207 0
  29              		.cfi_startproc
  30              		@ Naked Function: prologue and epilogue provided by programmer.
  31              		@ args = 0, pretend = 0, frame = 0
  32              		@ frame_needed = 0, uses_anonymous_args = 0
  33              		.loc 1 210 0
  34 0000 FFF7FEFF 		bl	chSchDoReschedule
  35              	.LVL0:
  36              		.loc 1 212 0
  37              	@ 212 "/home/nicolas/Escritorio/Embebidos/stamp_repo/files/code/ext/ChibiOS/os/ports/GCC/ARMCMx/chc
  38              		_port_exit_from_isr:
  39              	@ 0 "" 2
  40              		.loc 1 214 0
  41              	@ 214 "/home/nicolas/Escritorio/Embebidos/stamp_repo/files/code/ext/ChibiOS/os/ports/GCC/ARMCMx/chc
  42 0004 00DF     		svc     #0
  43              	@ 0 "" 2
  44              		.loc 1 221 0
  45              		.thumb
  46              		.cfi_endproc
  47              	.LFE11:
  48              		.size	_port_switch_from_isr, .-_port_switch_from_isr
  49 0006 00BF     		.section	.text.SVCallVector,"ax",%progbits
  50              		.align	2
  51              		.p2align 4,,15
  52              		.global	SVCallVector
  53              		.thumb
  54              		.thumb_func
  55              		.type	SVCallVector, %function
  56              	SVCallVector:
  57              	.LFB8:
ARM GAS  /tmp/ccXBKlvH.s 			page 2


  58              		.loc 1 65 0
  59              		.cfi_startproc
  60              		@ args = 0, pretend = 0, frame = 0
  61              		@ frame_needed = 0, uses_anonymous_args = 0
  62              		@ link register save eliminated.
  63              		.loc 1 69 0
  64              	@ 69 "/home/nicolas/Escritorio/Embebidos/stamp_repo/files/code/ext/ChibiOS/os/ports/GCC/ARMCMx/chco
  65 0000 EFF30983 		mrs     r3, PSP
  66              	@ 0 "" 2
  67              	.LVL1:
  68              		.loc 1 73 0
  69              		.thumb
  70 0004 2033     		adds	r3, r3, #32
  71              	.LVL2:
  72              		.loc 1 80 0
  73              	@ 80 "/home/nicolas/Escritorio/Embebidos/stamp_repo/files/code/ext/ChibiOS/os/ports/GCC/ARMCMx/chco
  74 0006 83F30988 		msr     PSP, r3
  75              	@ 0 "" 2
  76              		.thumb
  77              	.LBB5:
  78              		.loc 1 81 0
  79 000a 0023     		movs	r3, #0
  80              	.LVL3:
  81              	@ 81 "/home/nicolas/Escritorio/Embebidos/stamp_repo/files/code/ext/ChibiOS/os/ports/GCC/ARMCMx/chco
  82 000c 83F31188 		msr     BASEPRI, r3
  83              	@ 0 "" 2
  84              		.thumb
  85 0010 7047     		bx	lr
  86              	.LBE5:
  87              		.cfi_endproc
  88              	.LFE8:
  89              		.size	SVCallVector, .-SVCallVector
  90 0012 00BF     		.section	.text._port_init,"ax",%progbits
  91              		.align	2
  92              		.p2align 4,,15
  93              		.global	_port_init
  94              		.thumb
  95              		.thumb_func
  96              		.type	_port_init, %function
  97              	_port_init:
  98              	.LFB9:
  99              		.loc 1 118 0
 100              		.cfi_startproc
 101              		@ args = 0, pretend = 0, frame = 0
 102              		@ frame_needed = 0, uses_anonymous_args = 0
 103 0000 08B5     		push	{r3, lr}
 104              		.cfi_def_cfa_offset 8
 105              		.cfi_offset 3, -8
 106              		.cfi_offset 14, -4
 107              		.loc 1 122 0
 108 0002 0A4A     		ldr	r2, .L5
 109              		.loc 1 121 0
 110 0004 0A4B     		ldr	r3, .L5+4
 111 0006 0021     		movs	r1, #0
 112 0008 9960     		str	r1, [r3, #8]
 113              		.loc 1 125 0
 114 000a 0720     		movs	r0, #7
ARM GAS  /tmp/ccXBKlvH.s 			page 3


 115              		.loc 1 122 0
 116 000c DA60     		str	r2, [r3, #12]
 117              		.loc 1 125 0
 118 000e 1021     		movs	r1, #16
 119 0010 FFF7FEFF 		bl	nvicSetSystemHandlerPriority
 120              	.LVL4:
 121              		.loc 1 127 0
 122 0014 0A20     		movs	r0, #10
 123 0016 4FF40071 		mov	r1, #512
 124 001a FFF7FEFF 		bl	nvicSetSystemHandlerPriority
 125              	.LVL5:
 126              		.loc 1 131 0
 127 001e BDE80840 		pop	{r3, lr}
 128              		.cfi_restore 14
 129              		.cfi_restore 3
 130              		.cfi_def_cfa_offset 0
 131              		.loc 1 129 0
 132 0022 0B20     		movs	r0, #11
 133 0024 8021     		movs	r1, #128
 134 0026 FFF7FEBF 		b	nvicSetSystemHandlerPriority
 135              	.LVL6:
 136              	.L6:
 137 002a 00BF     		.align	2
 138              	.L5:
 139 002c 0000FA05 		.word	100270080
 140 0030 00ED00E0 		.word	-536810240
 141              		.cfi_endproc
 142              	.LFE9:
 143              		.size	_port_init, .-_port_init
 144              		.section	.text._port_irq_epilogue,"ax",%progbits
 145              		.align	2
 146              		.p2align 4,,15
 147              		.global	_port_irq_epilogue
 148              		.thumb
 149              		.thumb_func
 150              		.type	_port_irq_epilogue, %function
 151              	_port_irq_epilogue:
 152              	.LFB10:
 153              		.loc 1 148 0
 154              		.cfi_startproc
 155              		@ args = 0, pretend = 0, frame = 0
 156              		@ frame_needed = 0, uses_anonymous_args = 0
 157              		@ link register save eliminated.
 158              	.LBB14:
 159              		.loc 1 150 0
 160 0000 2023     		movs	r3, #32
 161              	@ 150 "/home/nicolas/Escritorio/Embebidos/stamp_repo/files/code/ext/ChibiOS/os/ports/GCC/ARMCMx/chc
 162 0002 83F31188 		msr     BASEPRI, r3
 163              	@ 0 "" 2
 164              		.thumb
 165              	.LBE14:
 166              		.loc 1 151 0
 167 0006 174B     		ldr	r3, .L15
 168 0008 5B68     		ldr	r3, [r3, #4]
 169 000a 13F40063 		ands	r3, r3, #2048
 170 000e 19D0     		beq	.L8
 171              	.LBB15:
ARM GAS  /tmp/ccXBKlvH.s 			page 4


 172              	.LBB16:
 173              		.loc 1 155 0
 174              	@ 155 "/home/nicolas/Escritorio/Embebidos/stamp_repo/files/code/ext/ChibiOS/os/ports/GCC/ARMCMx/chc
 175 0010 EFF30983 		mrs     r3, PSP
 176              	@ 0 "" 2
 177              	.LVL7:
 178              		.loc 1 159 0
 179              		.thumb
 180 0014 A3F12002 		sub	r2, r3, #32
 181              	.LVL8:
 182              		.loc 1 160 0
 183              	@ 160 "/home/nicolas/Escritorio/Embebidos/stamp_repo/files/code/ext/ChibiOS/os/ports/GCC/ARMCMx/chc
 184 0018 82F30988 		msr     PSP, r2
 185              	@ 0 "" 2
 186              		.loc 1 165 0
 187              		.thumb
 188 001c 124A     		ldr	r2, .L15+4
 189              	.LVL9:
 190              		.loc 1 161 0
 191 001e 4FF08070 		mov	r0, #16777216
 192              		.loc 1 165 0
 193 0022 9169     		ldr	r1, [r2, #24]
 194              		.loc 1 161 0
 195 0024 43F8040C 		str	r0, [r3, #-4]
 196              		.loc 1 165 0
 197 0028 1068     		ldr	r0, [r2]
 198 002a 71B1     		cbz	r1, .L9
 199 002c D169     		ldr	r1, [r2, #28]
 200 002e 8268     		ldr	r2, [r0, #8]
 201 0030 8968     		ldr	r1, [r1, #8]
 202 0032 8A42     		cmp	r2, r1
 203 0034 94BF     		ite	ls
 204 0036 0022     		movls	r2, #0
 205 0038 0122     		movhi	r2, #1
 206 003a 7AB1     		cbz	r2, .L11
 207              	.L14:
 208              		.loc 1 167 0
 209 003c 0B4A     		ldr	r2, .L15+8
 210 003e 43F8082C 		str	r2, [r3, #-8]
 211 0042 7047     		bx	lr
 212              	.LVL10:
 213              	.L8:
 214              	.LBE16:
 215              	.LBE15:
 216              	.LBB18:
 217              		.loc 1 197 0
 218              	@ 197 "/home/nicolas/Escritorio/Embebidos/stamp_repo/files/code/ext/ChibiOS/os/ports/GCC/ARMCMx/chc
 219 0044 83F31188 		msr     BASEPRI, r3
 220              	@ 0 "" 2
 221              		.thumb
 222 0048 7047     		bx	lr
 223              	.LVL11:
 224              	.L9:
 225              	.LBE18:
 226              	.LBB19:
 227              	.LBB17:
 228              		.loc 1 165 0
ARM GAS  /tmp/ccXBKlvH.s 			page 5


 229 004a D169     		ldr	r1, [r2, #28]
 230 004c 8268     		ldr	r2, [r0, #8]
 231 004e 8968     		ldr	r1, [r1, #8]
 232 0050 8A42     		cmp	r2, r1
 233 0052 34BF     		ite	cc
 234 0054 0022     		movcc	r2, #0
 235 0056 0122     		movcs	r2, #1
 236 0058 002A     		cmp	r2, #0
 237 005a EFD1     		bne	.L14
 238              	.L11:
 239              		.loc 1 176 0
 240 005c 044A     		ldr	r2, .L15+12
 241 005e 43F8082C 		str	r2, [r3, #-8]
 242 0062 7047     		bx	lr
 243              	.L16:
 244              		.align	2
 245              	.L15:
 246 0064 00ED00E0 		.word	-536810240
 247 0068 00000000 		.word	rlist
 248 006c 00000000 		.word	_port_switch_from_isr
 249 0070 04000000 		.word	_port_exit_from_isr
 250              	.LBE17:
 251              	.LBE19:
 252              		.cfi_endproc
 253              	.LFE10:
 254              		.size	_port_irq_epilogue, .-_port_irq_epilogue
 255              		.section	.text.SysTickVector,"ax",%progbits
 256              		.align	2
 257              		.p2align 4,,15
 258              		.global	SysTickVector
 259              		.thumb
 260              		.thumb_func
 261              		.type	SysTickVector, %function
 262              	SysTickVector:
 263              	.LFB7:
 264              		.loc 1 47 0
 265              		.cfi_startproc
 266              		@ args = 0, pretend = 0, frame = 0
 267              		@ frame_needed = 0, uses_anonymous_args = 0
 268 0000 08B5     		push	{r3, lr}
 269              		.cfi_def_cfa_offset 8
 270              		.cfi_offset 3, -8
 271              		.cfi_offset 14, -4
 272              	.LBB20:
 273              		.loc 1 51 0
 274 0002 2023     		movs	r3, #32
 275              	@ 51 "/home/nicolas/Escritorio/Embebidos/stamp_repo/files/code/ext/ChibiOS/os/ports/GCC/ARMCMx/chco
 276 0004 83F31188 		msr     BASEPRI, r3
 277              	@ 0 "" 2
 278              		.thumb
 279              	.LBE20:
 280              		.loc 1 52 0
 281 0008 FFF7FEFF 		bl	chSysTimerHandlerI
 282              	.LVL12:
 283              	.LBB21:
 284              		.loc 1 53 0
 285 000c 0023     		movs	r3, #0
ARM GAS  /tmp/ccXBKlvH.s 			page 6


 286              	@ 53 "/home/nicolas/Escritorio/Embebidos/stamp_repo/files/code/ext/ChibiOS/os/ports/GCC/ARMCMx/chco
 287 000e 83F31188 		msr     BASEPRI, r3
 288              	@ 0 "" 2
 289              		.thumb
 290              	.LBE21:
 291              		.loc 1 56 0
 292 0012 BDE80840 		pop	{r3, lr}
 293              		.cfi_restore 14
 294              		.cfi_restore 3
 295              		.cfi_def_cfa_offset 0
 296              		.loc 1 55 0
 297 0016 FFF7FEBF 		b	_port_irq_epilogue
 298              	.LVL13:
 299              		.cfi_endproc
 300              	.LFE7:
 301              		.size	SysTickVector, .-SysTickVector
 302 001a 00BF     		.section	.text._port_switch,"ax",%progbits
 303              		.align	2
 304              		.p2align 4,,15
 305              		.global	_port_switch
 306              		.thumb
 307              		.thumb_func
 308              		.type	_port_switch, %function
 309              	_port_switch:
 310              	.LFB12:
 311              		.loc 1 236 0
 312              		.cfi_startproc
 313              		@ Naked Function: prologue and epilogue provided by programmer.
 314              		@ args = 0, pretend = 0, frame = 0
 315              		@ frame_needed = 0, uses_anonymous_args = 0
 316              	.LVL14:
 317              		.loc 1 238 0
 318              	@ 238 "/home/nicolas/Escritorio/Embebidos/stamp_repo/files/code/ext/ChibiOS/os/ports/GCC/ARMCMx/chc
 319 0000 2DE9F04F 		push    {r4, r5, r6, r7, r8, r9, r10, r11, lr}
 320              	@ 0 "" 2
 321              		.loc 1 244 0
 322              	@ 244 "/home/nicolas/Escritorio/Embebidos/stamp_repo/files/code/ext/ChibiOS/os/ports/GCC/ARMCMx/chc
 323 0004 C1F80CD0 		str     sp, [r1, #12]                          
 324 0008 D0F80CD0 		ldr     sp, [r0, #12]
 325              	@ 0 "" 2
 326              		.loc 1 250 0
 327              	@ 250 "/home/nicolas/Escritorio/Embebidos/stamp_repo/files/code/ext/ChibiOS/os/ports/GCC/ARMCMx/chc
 328 000c BDE8F08F 		pop     {r4, r5, r6, r7, r8, r9, r10, r11, pc}
 329              	@ 0 "" 2
 330              		.loc 1 252 0
 331              		.thumb
 332              		.cfi_endproc
 333              	.LFE12:
 334              		.size	_port_switch, .-_port_switch
 335              		.section	.text._port_thread_start,"ax",%progbits
 336              		.align	2
 337              		.p2align 4,,15
 338              		.global	_port_thread_start
 339              		.thumb
 340              		.thumb_func
 341              		.type	_port_thread_start, %function
 342              	_port_thread_start:
ARM GAS  /tmp/ccXBKlvH.s 			page 7


 343              	.LFB13:
 344              		.loc 1 259 0
 345              		.cfi_startproc
 346              		@ args = 0, pretend = 0, frame = 0
 347              		@ frame_needed = 0, uses_anonymous_args = 0
 348              		@ link register save eliminated.
 349              	.LBB22:
 350              		.loc 1 261 0
 351 0000 0023     		movs	r3, #0
 352              	@ 261 "/home/nicolas/Escritorio/Embebidos/stamp_repo/files/code/ext/ChibiOS/os/ports/GCC/ARMCMx/chc
 353 0002 83F31188 		msr     BASEPRI, r3
 354              	@ 0 "" 2
 355              		.thumb
 356              	.LBE22:
 357              		.loc 1 262 0
 358              	@ 262 "/home/nicolas/Escritorio/Embebidos/stamp_repo/files/code/ext/ChibiOS/os/ports/GCC/ARMCMx/chc
 359 0006 2846     		mov     r0, r5                                 
 360 0008 A047     		blx     r4                                     
 361 000a FFF7FEFF 		bl      chThdExit
 362              	@ 0 "" 2
 363              		.thumb
 364 000e 7047     		bx	lr
 365              		.cfi_endproc
 366              	.LFE13:
 367              		.size	_port_thread_start, .-_port_thread_start
 368              		.text
 369              	.Letext0:
 370              		.file 2 "/opt/gcc-arm-none-eabi-4_9-2015q3/arm-none-eabi/include/machine/_default_types.h"
 371              		.file 3 "/opt/gcc-arm-none-eabi-4_9-2015q3/arm-none-eabi/include/sys/_stdint.h"
 372              		.file 4 "/home/nicolas/Escritorio/Embebidos/stamp_repo/files/code/ext/ChibiOS/os/ports/GCC/ARMCMx/
 373              		.file 5 "/home/nicolas/Escritorio/Embebidos/stamp_repo/files/code/ext/ChibiOS/os/kernel/include/ch
 374              		.file 6 "/home/nicolas/Escritorio/Embebidos/stamp_repo/files/code/ext/ChibiOS/os/kernel/include/ch
 375              		.file 7 "/home/nicolas/Escritorio/Embebidos/stamp_repo/files/code/ext/ChibiOS/os/ports/GCC/ARMCMx/
 376              		.file 8 "/home/nicolas/Escritorio/Embebidos/stamp_repo/files/code/ext/ChibiOS/os/ports/common/ARMC
 377              		.file 9 "/home/nicolas/Escritorio/Embebidos/stamp_repo/files/code/ext/ChibiOS/os/kernel/include/ch
 378              		.file 10 "/home/nicolas/Escritorio/Embebidos/stamp_repo/files/code/ext/ChibiOS/os/kernel/include/c
 379              		.file 11 "/home/nicolas/Escritorio/Embebidos/stamp_repo/files/code/ext/ChibiOS/os/kernel/include/c
 380              		.section	.debug_info,"",%progbits
 381              	.Ldebug_info0:
 382 0000 0D080000 		.4byte	0x80d
 383 0004 0400     		.2byte	0x4
 384 0006 00000000 		.4byte	.Ldebug_abbrev0
 385 000a 04       		.byte	0x4
 386 000b 01       		.uleb128 0x1
 387 000c 32000000 		.4byte	.LASF96
 388 0010 01       		.byte	0x1
 389 0011 2E010000 		.4byte	.LASF97
 390 0015 18000000 		.4byte	.Ldebug_ranges0+0x18
 391 0019 00000000 		.4byte	0
 392 001d 00000000 		.4byte	.Ldebug_line0
 393 0021 02       		.uleb128 0x2
 394 0022 04       		.byte	0x4
 395 0023 05       		.byte	0x5
 396 0024 696E7400 		.ascii	"int\000"
 397 0028 03       		.uleb128 0x3
 398 0029 04       		.byte	0x4
 399 002a 07       		.byte	0x7
ARM GAS  /tmp/ccXBKlvH.s 			page 8


 400 002b 5C020000 		.4byte	.LASF0
 401 002f 03       		.uleb128 0x3
 402 0030 01       		.byte	0x1
 403 0031 06       		.byte	0x6
 404 0032 B8010000 		.4byte	.LASF1
 405 0036 04       		.uleb128 0x4
 406 0037 0D000000 		.4byte	.LASF5
 407 003b 02       		.byte	0x2
 408 003c 1D       		.byte	0x1d
 409 003d 41000000 		.4byte	0x41
 410 0041 03       		.uleb128 0x3
 411 0042 01       		.byte	0x1
 412 0043 08       		.byte	0x8
 413 0044 88030000 		.4byte	.LASF2
 414 0048 03       		.uleb128 0x3
 415 0049 02       		.byte	0x2
 416 004a 05       		.byte	0x5
 417 004b A6030000 		.4byte	.LASF3
 418 004f 03       		.uleb128 0x3
 419 0050 02       		.byte	0x2
 420 0051 07       		.byte	0x7
 421 0052 B9020000 		.4byte	.LASF4
 422 0056 04       		.uleb128 0x4
 423 0057 41040000 		.4byte	.LASF6
 424 005b 02       		.byte	0x2
 425 005c 3F       		.byte	0x3f
 426 005d 61000000 		.4byte	0x61
 427 0061 03       		.uleb128 0x3
 428 0062 04       		.byte	0x4
 429 0063 05       		.byte	0x5
 430 0064 D4010000 		.4byte	.LASF7
 431 0068 04       		.uleb128 0x4
 432 0069 13020000 		.4byte	.LASF8
 433 006d 02       		.byte	0x2
 434 006e 41       		.byte	0x41
 435 006f 73000000 		.4byte	0x73
 436 0073 03       		.uleb128 0x3
 437 0074 04       		.byte	0x4
 438 0075 07       		.byte	0x7
 439 0076 84020000 		.4byte	.LASF9
 440 007a 03       		.uleb128 0x3
 441 007b 08       		.byte	0x8
 442 007c 05       		.byte	0x5
 443 007d AA010000 		.4byte	.LASF10
 444 0081 03       		.uleb128 0x3
 445 0082 08       		.byte	0x8
 446 0083 07       		.byte	0x7
 447 0084 17010000 		.4byte	.LASF11
 448 0088 04       		.uleb128 0x4
 449 0089 8F040000 		.4byte	.LASF12
 450 008d 03       		.byte	0x3
 451 008e 14       		.byte	0x14
 452 008f 36000000 		.4byte	0x36
 453 0093 04       		.uleb128 0x4
 454 0094 80030000 		.4byte	.LASF13
 455 0098 03       		.byte	0x3
 456 0099 1F       		.byte	0x1f
ARM GAS  /tmp/ccXBKlvH.s 			page 9


 457 009a 56000000 		.4byte	0x56
 458 009e 04       		.uleb128 0x4
 459 009f EC030000 		.4byte	.LASF14
 460 00a3 03       		.byte	0x3
 461 00a4 20       		.byte	0x20
 462 00a5 68000000 		.4byte	0x68
 463 00a9 04       		.uleb128 0x4
 464 00aa 03030000 		.4byte	.LASF15
 465 00ae 04       		.byte	0x4
 466 00af 2F       		.byte	0x2f
 467 00b0 88000000 		.4byte	0x88
 468 00b4 04       		.uleb128 0x4
 469 00b5 EA010000 		.4byte	.LASF16
 470 00b9 04       		.byte	0x4
 471 00ba 30       		.byte	0x30
 472 00bb 88000000 		.4byte	0x88
 473 00bf 04       		.uleb128 0x4
 474 00c0 64030000 		.4byte	.LASF17
 475 00c4 04       		.byte	0x4
 476 00c5 31       		.byte	0x31
 477 00c6 88000000 		.4byte	0x88
 478 00ca 04       		.uleb128 0x4
 479 00cb 78030000 		.4byte	.LASF18
 480 00cf 04       		.byte	0x4
 481 00d0 32       		.byte	0x32
 482 00d1 9E000000 		.4byte	0x9e
 483 00d5 04       		.uleb128 0x4
 484 00d6 D1020000 		.4byte	.LASF19
 485 00da 04       		.byte	0x4
 486 00db 33       		.byte	0x33
 487 00dc 93000000 		.4byte	0x93
 488 00e0 04       		.uleb128 0x4
 489 00e1 17030000 		.4byte	.LASF20
 490 00e5 04       		.byte	0x4
 491 00e6 35       		.byte	0x35
 492 00e7 9E000000 		.4byte	0x9e
 493 00eb 04       		.uleb128 0x4
 494 00ec 2C040000 		.4byte	.LASF21
 495 00f0 04       		.byte	0x4
 496 00f1 36       		.byte	0x36
 497 00f2 9E000000 		.4byte	0x9e
 498 00f6 04       		.uleb128 0x4
 499 00f7 56020000 		.4byte	.LASF22
 500 00fb 04       		.byte	0x4
 501 00fc 37       		.byte	0x37
 502 00fd 93000000 		.4byte	0x93
 503 0101 04       		.uleb128 0x4
 504 0102 DA030000 		.4byte	.LASF23
 505 0106 05       		.byte	0x5
 506 0107 2A       		.byte	0x2a
 507 0108 0C010000 		.4byte	0x10c
 508 010c 05       		.uleb128 0x5
 509 010d DA030000 		.4byte	.LASF23
 510 0111 48       		.byte	0x48
 511 0112 06       		.byte	0x6
 512 0113 5E       		.byte	0x5e
 513 0114 FD010000 		.4byte	0x1fd
ARM GAS  /tmp/ccXBKlvH.s 			page 10


 514 0118 06       		.uleb128 0x6
 515 0119 CB030000 		.4byte	.LASF24
 516 011d 06       		.byte	0x6
 517 011e 5F       		.byte	0x5f
 518 011f 1E020000 		.4byte	0x21e
 519 0123 00       		.byte	0
 520 0124 06       		.uleb128 0x6
 521 0125 71030000 		.4byte	.LASF25
 522 0129 06       		.byte	0x6
 523 012a 61       		.byte	0x61
 524 012b 1E020000 		.4byte	0x21e
 525 012f 04       		.byte	0x4
 526 0130 06       		.uleb128 0x6
 527 0131 A3010000 		.4byte	.LASF26
 528 0135 06       		.byte	0x6
 529 0136 63       		.byte	0x63
 530 0137 CA000000 		.4byte	0xca
 531 013b 08       		.byte	0x8
 532 013c 06       		.uleb128 0x6
 533 013d C3040000 		.4byte	.LASF27
 534 0141 06       		.byte	0x6
 535 0142 64       		.byte	0x64
 536 0143 3F030000 		.4byte	0x33f
 537 0147 0C       		.byte	0xc
 538 0148 06       		.uleb128 0x6
 539 0149 06020000 		.4byte	.LASF28
 540 014d 06       		.byte	0x6
 541 014e 66       		.byte	0x66
 542 014f 1E020000 		.4byte	0x21e
 543 0153 10       		.byte	0x10
 544 0154 06       		.uleb128 0x6
 545 0155 37030000 		.4byte	.LASF29
 546 0159 06       		.byte	0x6
 547 015a 67       		.byte	0x67
 548 015b 1E020000 		.4byte	0x21e
 549 015f 14       		.byte	0x14
 550 0160 06       		.uleb128 0x6
 551 0161 A9040000 		.4byte	.LASF30
 552 0165 06       		.byte	0x6
 553 0166 6E       		.byte	0x6e
 554 0167 C4050000 		.4byte	0x5c4
 555 016b 18       		.byte	0x18
 556 016c 06       		.uleb128 0x6
 557 016d B0030000 		.4byte	.LASF31
 558 0171 06       		.byte	0x6
 559 0172 79       		.byte	0x79
 560 0173 B4000000 		.4byte	0xb4
 561 0177 1C       		.byte	0x1c
 562 0178 06       		.uleb128 0x6
 563 0179 D2030000 		.4byte	.LASF32
 564 017d 06       		.byte	0x6
 565 017e 7D       		.byte	0x7d
 566 017f A9000000 		.4byte	0xa9
 567 0183 1D       		.byte	0x1d
 568 0184 06       		.uleb128 0x6
 569 0185 73040000 		.4byte	.LASF33
 570 0189 06       		.byte	0x6
ARM GAS  /tmp/ccXBKlvH.s 			page 11


 571 018a 82       		.byte	0x82
 572 018b BF000000 		.4byte	0xbf
 573 018f 1E       		.byte	0x1e
 574 0190 06       		.uleb128 0x6
 575 0191 55040000 		.4byte	.LASF34
 576 0195 06       		.byte	0x6
 577 0196 89       		.byte	0x89
 578 0197 E0040000 		.4byte	0x4e0
 579 019b 20       		.byte	0x20
 580 019c 07       		.uleb128 0x7
 581 019d 705F7500 		.ascii	"p_u\000"
 582 01a1 06       		.byte	0x6
 583 01a2 AE       		.byte	0xae
 584 01a3 8F050000 		.4byte	0x58f
 585 01a7 24       		.byte	0x24
 586 01a8 06       		.uleb128 0x6
 587 01a9 C9040000 		.4byte	.LASF35
 588 01ad 06       		.byte	0x6
 589 01ae B3       		.byte	0xb3
 590 01af 44020000 		.4byte	0x244
 591 01b3 28       		.byte	0x28
 592 01b4 06       		.uleb128 0x6
 593 01b5 68040000 		.4byte	.LASF36
 594 01b9 06       		.byte	0x6
 595 01ba B9       		.byte	0xb9
 596 01bb 24020000 		.4byte	0x224
 597 01bf 2C       		.byte	0x2c
 598 01c0 06       		.uleb128 0x6
 599 01c1 00000000 		.4byte	.LASF37
 600 01c5 06       		.byte	0x6
 601 01c6 BD       		.byte	0xbd
 602 01c7 D5000000 		.4byte	0xd5
 603 01cb 34       		.byte	0x34
 604 01cc 06       		.uleb128 0x6
 605 01cd E1030000 		.4byte	.LASF38
 606 01d1 06       		.byte	0x6
 607 01d2 C3       		.byte	0xc3
 608 01d3 E0000000 		.4byte	0xe0
 609 01d7 38       		.byte	0x38
 610 01d8 06       		.uleb128 0x6
 611 01d9 9C030000 		.4byte	.LASF39
 612 01dd 06       		.byte	0x6
 613 01de CA       		.byte	0xca
 614 01df D6050000 		.4byte	0x5d6
 615 01e3 3C       		.byte	0x3c
 616 01e4 06       		.uleb128 0x6
 617 01e5 36040000 		.4byte	.LASF40
 618 01e9 06       		.byte	0x6
 619 01ea CE       		.byte	0xce
 620 01eb CA000000 		.4byte	0xca
 621 01ef 40       		.byte	0x40
 622 01f0 06       		.uleb128 0x6
 623 01f1 C4010000 		.4byte	.LASF41
 624 01f5 06       		.byte	0x6
 625 01f6 D4       		.byte	0xd4
 626 01f7 5A020000 		.4byte	0x25a
 627 01fb 44       		.byte	0x44
ARM GAS  /tmp/ccXBKlvH.s 			page 12


 628 01fc 00       		.byte	0
 629 01fd 08       		.uleb128 0x8
 630 01fe 08       		.byte	0x8
 631 01ff 05       		.byte	0x5
 632 0200 61       		.byte	0x61
 633 0201 1E020000 		.4byte	0x21e
 634 0205 06       		.uleb128 0x6
 635 0206 CB030000 		.4byte	.LASF24
 636 020a 05       		.byte	0x5
 637 020b 62       		.byte	0x62
 638 020c 1E020000 		.4byte	0x21e
 639 0210 00       		.byte	0
 640 0211 06       		.uleb128 0x6
 641 0212 71030000 		.4byte	.LASF25
 642 0216 05       		.byte	0x5
 643 0217 64       		.byte	0x64
 644 0218 1E020000 		.4byte	0x21e
 645 021c 04       		.byte	0x4
 646 021d 00       		.byte	0
 647 021e 09       		.uleb128 0x9
 648 021f 04       		.byte	0x4
 649 0220 01010000 		.4byte	0x101
 650 0224 04       		.uleb128 0x4
 651 0225 45030000 		.4byte	.LASF42
 652 0229 05       		.byte	0x5
 653 022a 66       		.byte	0x66
 654 022b FD010000 		.4byte	0x1fd
 655 022f 08       		.uleb128 0x8
 656 0230 04       		.byte	0x4
 657 0231 05       		.byte	0x5
 658 0232 6B       		.byte	0x6b
 659 0233 44020000 		.4byte	0x244
 660 0237 06       		.uleb128 0x6
 661 0238 CB030000 		.4byte	.LASF24
 662 023c 05       		.byte	0x5
 663 023d 6D       		.byte	0x6d
 664 023e 1E020000 		.4byte	0x21e
 665 0242 00       		.byte	0
 666 0243 00       		.byte	0
 667 0244 04       		.uleb128 0x4
 668 0245 0B030000 		.4byte	.LASF43
 669 0249 05       		.byte	0x5
 670 024a 70       		.byte	0x70
 671 024b 2F020000 		.4byte	0x22f
 672 024f 04       		.uleb128 0x4
 673 0250 3B020000 		.4byte	.LASF44
 674 0254 07       		.byte	0x7
 675 0255 D7       		.byte	0xd7
 676 0256 5A020000 		.4byte	0x25a
 677 025a 0A       		.uleb128 0xa
 678 025b 04       		.byte	0x4
 679 025c 05       		.uleb128 0x5
 680 025d 70020000 		.4byte	.LASF45
 681 0261 20       		.byte	0x20
 682 0262 07       		.byte	0x7
 683 0263 DF       		.byte	0xdf
 684 0264 C4020000 		.4byte	0x2c4
ARM GAS  /tmp/ccXBKlvH.s 			page 13


 685 0268 07       		.uleb128 0x7
 686 0269 723000   		.ascii	"r0\000"
 687 026c 07       		.byte	0x7
 688 026d E0       		.byte	0xe0
 689 026e 4F020000 		.4byte	0x24f
 690 0272 00       		.byte	0
 691 0273 07       		.uleb128 0x7
 692 0274 723100   		.ascii	"r1\000"
 693 0277 07       		.byte	0x7
 694 0278 E1       		.byte	0xe1
 695 0279 4F020000 		.4byte	0x24f
 696 027d 04       		.byte	0x4
 697 027e 07       		.uleb128 0x7
 698 027f 723200   		.ascii	"r2\000"
 699 0282 07       		.byte	0x7
 700 0283 E2       		.byte	0xe2
 701 0284 4F020000 		.4byte	0x24f
 702 0288 08       		.byte	0x8
 703 0289 07       		.uleb128 0x7
 704 028a 723300   		.ascii	"r3\000"
 705 028d 07       		.byte	0x7
 706 028e E3       		.byte	0xe3
 707 028f 4F020000 		.4byte	0x24f
 708 0293 0C       		.byte	0xc
 709 0294 07       		.uleb128 0x7
 710 0295 72313200 		.ascii	"r12\000"
 711 0299 07       		.byte	0x7
 712 029a E4       		.byte	0xe4
 713 029b 4F020000 		.4byte	0x24f
 714 029f 10       		.byte	0x10
 715 02a0 06       		.uleb128 0x6
 716 02a1 69020000 		.4byte	.LASF46
 717 02a5 07       		.byte	0x7
 718 02a6 E5       		.byte	0xe5
 719 02a7 4F020000 		.4byte	0x24f
 720 02ab 14       		.byte	0x14
 721 02ac 07       		.uleb128 0x7
 722 02ad 706300   		.ascii	"pc\000"
 723 02b0 07       		.byte	0x7
 724 02b1 E6       		.byte	0xe6
 725 02b2 4F020000 		.4byte	0x24f
 726 02b6 18       		.byte	0x18
 727 02b7 06       		.uleb128 0x6
 728 02b8 B8030000 		.4byte	.LASF47
 729 02bc 07       		.byte	0x7
 730 02bd E7       		.byte	0xe7
 731 02be 4F020000 		.4byte	0x24f
 732 02c2 1C       		.byte	0x1c
 733 02c3 00       		.byte	0
 734 02c4 05       		.uleb128 0x5
 735 02c5 61040000 		.4byte	.LASF48
 736 02c9 24       		.byte	0x24
 737 02ca 07       		.byte	0x7
 738 02cb FE       		.byte	0xfe
 739 02cc 3F030000 		.4byte	0x33f
 740 02d0 0B       		.uleb128 0xb
 741 02d1 723400   		.ascii	"r4\000"
ARM GAS  /tmp/ccXBKlvH.s 			page 14


 742 02d4 07       		.byte	0x7
 743 02d5 1101     		.2byte	0x111
 744 02d7 4F020000 		.4byte	0x24f
 745 02db 00       		.byte	0
 746 02dc 0B       		.uleb128 0xb
 747 02dd 723500   		.ascii	"r5\000"
 748 02e0 07       		.byte	0x7
 749 02e1 1201     		.2byte	0x112
 750 02e3 4F020000 		.4byte	0x24f
 751 02e7 04       		.byte	0x4
 752 02e8 0B       		.uleb128 0xb
 753 02e9 723600   		.ascii	"r6\000"
 754 02ec 07       		.byte	0x7
 755 02ed 1301     		.2byte	0x113
 756 02ef 4F020000 		.4byte	0x24f
 757 02f3 08       		.byte	0x8
 758 02f4 0B       		.uleb128 0xb
 759 02f5 723700   		.ascii	"r7\000"
 760 02f8 07       		.byte	0x7
 761 02f9 1401     		.2byte	0x114
 762 02fb 4F020000 		.4byte	0x24f
 763 02ff 0C       		.byte	0xc
 764 0300 0B       		.uleb128 0xb
 765 0301 723800   		.ascii	"r8\000"
 766 0304 07       		.byte	0x7
 767 0305 1501     		.2byte	0x115
 768 0307 4F020000 		.4byte	0x24f
 769 030b 10       		.byte	0x10
 770 030c 0B       		.uleb128 0xb
 771 030d 723900   		.ascii	"r9\000"
 772 0310 07       		.byte	0x7
 773 0311 1601     		.2byte	0x116
 774 0313 4F020000 		.4byte	0x24f
 775 0317 14       		.byte	0x14
 776 0318 0B       		.uleb128 0xb
 777 0319 72313000 		.ascii	"r10\000"
 778 031d 07       		.byte	0x7
 779 031e 1701     		.2byte	0x117
 780 0320 4F020000 		.4byte	0x24f
 781 0324 18       		.byte	0x18
 782 0325 0B       		.uleb128 0xb
 783 0326 72313100 		.ascii	"r11\000"
 784 032a 07       		.byte	0x7
 785 032b 1801     		.2byte	0x118
 786 032d 4F020000 		.4byte	0x24f
 787 0331 1C       		.byte	0x1c
 788 0332 0B       		.uleb128 0xb
 789 0333 6C7200   		.ascii	"lr\000"
 790 0336 07       		.byte	0x7
 791 0337 1901     		.2byte	0x119
 792 0339 4F020000 		.4byte	0x24f
 793 033d 20       		.byte	0x20
 794 033e 00       		.byte	0
 795 033f 0C       		.uleb128 0xc
 796 0340 B1020000 		.4byte	.LASF49
 797 0344 04       		.byte	0x4
 798 0345 07       		.byte	0x7
ARM GAS  /tmp/ccXBKlvH.s 			page 15


 799 0346 2301     		.2byte	0x123
 800 0348 5A030000 		.4byte	0x35a
 801 034c 0B       		.uleb128 0xb
 802 034d 72313300 		.ascii	"r13\000"
 803 0351 07       		.byte	0x7
 804 0352 2401     		.2byte	0x124
 805 0354 5A030000 		.4byte	0x35a
 806 0358 00       		.byte	0
 807 0359 00       		.byte	0
 808 035a 09       		.uleb128 0x9
 809 035b 04       		.byte	0x4
 810 035c C4020000 		.4byte	0x2c4
 811 0360 04       		.uleb128 0x4
 812 0361 0F040000 		.4byte	.LASF50
 813 0365 08       		.byte	0x8
 814 0366 3A       		.byte	0x3a
 815 0367 6B030000 		.4byte	0x36b
 816 036b 0D       		.uleb128 0xd
 817 036c 9E000000 		.4byte	0x9e
 818 0370 03       		.uleb128 0x3
 819 0371 04       		.byte	0x4
 820 0372 07       		.byte	0x7
 821 0373 29030000 		.4byte	.LASF51
 822 0377 08       		.uleb128 0x8
 823 0378 8C       		.byte	0x8c
 824 0379 08       		.byte	0x8
 825 037a 89       		.byte	0x89
 826 037b 7C040000 		.4byte	0x47c
 827 037f 06       		.uleb128 0x6
 828 0380 9D010000 		.4byte	.LASF52
 829 0384 08       		.byte	0x8
 830 0385 8A       		.byte	0x8a
 831 0386 60030000 		.4byte	0x360
 832 038a 00       		.byte	0
 833 038b 06       		.uleb128 0x6
 834 038c CC020000 		.4byte	.LASF53
 835 0390 08       		.byte	0x8
 836 0391 8B       		.byte	0x8b
 837 0392 60030000 		.4byte	0x360
 838 0396 04       		.byte	0x4
 839 0397 06       		.uleb128 0x6
 840 0398 96020000 		.4byte	.LASF54
 841 039c 08       		.byte	0x8
 842 039d 8C       		.byte	0x8c
 843 039e 60030000 		.4byte	0x360
 844 03a2 08       		.byte	0x8
 845 03a3 06       		.uleb128 0x6
 846 03a4 D7020000 		.4byte	.LASF55
 847 03a8 08       		.byte	0x8
 848 03a9 8D       		.byte	0x8d
 849 03aa 60030000 		.4byte	0x360
 850 03ae 0C       		.byte	0xc
 851 03af 07       		.uleb128 0x7
 852 03b0 53435200 		.ascii	"SCR\000"
 853 03b4 08       		.byte	0x8
 854 03b5 8E       		.byte	0x8e
 855 03b6 60030000 		.4byte	0x360
ARM GAS  /tmp/ccXBKlvH.s 			page 16


 856 03ba 10       		.byte	0x10
 857 03bb 07       		.uleb128 0x7
 858 03bc 43435200 		.ascii	"CCR\000"
 859 03c0 08       		.byte	0x8
 860 03c1 8F       		.byte	0x8f
 861 03c2 60030000 		.4byte	0x360
 862 03c6 14       		.byte	0x14
 863 03c7 06       		.uleb128 0x6
 864 03c8 5C040000 		.4byte	.LASF56
 865 03cc 08       		.byte	0x8
 866 03cd 90       		.byte	0x90
 867 03ce 8C040000 		.4byte	0x48c
 868 03d2 18       		.byte	0x18
 869 03d3 06       		.uleb128 0x6
 870 03d4 96030000 		.4byte	.LASF57
 871 03d8 08       		.byte	0x8
 872 03d9 91       		.byte	0x91
 873 03da 60030000 		.4byte	0x360
 874 03de 24       		.byte	0x24
 875 03df 06       		.uleb128 0x6
 876 03e0 32030000 		.4byte	.LASF58
 877 03e4 08       		.byte	0x8
 878 03e5 92       		.byte	0x92
 879 03e6 60030000 		.4byte	0x360
 880 03ea 28       		.byte	0x28
 881 03eb 06       		.uleb128 0x6
 882 03ec B6040000 		.4byte	.LASF59
 883 03f0 08       		.byte	0x8
 884 03f1 93       		.byte	0x93
 885 03f2 60030000 		.4byte	0x360
 886 03f6 2C       		.byte	0x2c
 887 03f7 06       		.uleb128 0x6
 888 03f8 DD020000 		.4byte	.LASF60
 889 03fc 08       		.byte	0x8
 890 03fd 94       		.byte	0x94
 891 03fe 60030000 		.4byte	0x360
 892 0402 30       		.byte	0x30
 893 0403 06       		.uleb128 0x6
 894 0404 EA020000 		.4byte	.LASF61
 895 0408 08       		.byte	0x8
 896 0409 95       		.byte	0x95
 897 040a 60030000 		.4byte	0x360
 898 040e 34       		.byte	0x34
 899 040f 06       		.uleb128 0x6
 900 0410 0E020000 		.4byte	.LASF62
 901 0414 08       		.byte	0x8
 902 0415 96       		.byte	0x96
 903 0416 60030000 		.4byte	0x360
 904 041a 38       		.byte	0x38
 905 041b 06       		.uleb128 0x6
 906 041c FD030000 		.4byte	.LASF63
 907 0420 08       		.byte	0x8
 908 0421 97       		.byte	0x97
 909 0422 60030000 		.4byte	0x360
 910 0426 3C       		.byte	0x3c
 911 0427 07       		.uleb128 0x7
 912 0428 50465200 		.ascii	"PFR\000"
ARM GAS  /tmp/ccXBKlvH.s 			page 17


 913 042c 08       		.byte	0x8
 914 042d 98       		.byte	0x98
 915 042e A1040000 		.4byte	0x4a1
 916 0432 40       		.byte	0x40
 917 0433 07       		.uleb128 0x7
 918 0434 44465200 		.ascii	"DFR\000"
 919 0438 08       		.byte	0x8
 920 0439 99       		.byte	0x99
 921 043a 60030000 		.4byte	0x360
 922 043e 48       		.byte	0x48
 923 043f 07       		.uleb128 0x7
 924 0440 41445200 		.ascii	"ADR\000"
 925 0444 08       		.byte	0x8
 926 0445 9A       		.byte	0x9a
 927 0446 60030000 		.4byte	0x360
 928 044a 4C       		.byte	0x4c
 929 044b 06       		.uleb128 0x6
 930 044c 84040000 		.4byte	.LASF64
 931 0450 08       		.byte	0x8
 932 0451 9B       		.byte	0x9b
 933 0452 B6040000 		.4byte	0x4b6
 934 0456 50       		.byte	0x50
 935 0457 07       		.uleb128 0x7
 936 0458 53415200 		.ascii	"SAR\000"
 937 045c 08       		.byte	0x8
 938 045d 9C       		.byte	0x9c
 939 045e CB040000 		.4byte	0x4cb
 940 0462 60       		.byte	0x60
 941 0463 06       		.uleb128 0x6
 942 0464 02040000 		.4byte	.LASF65
 943 0468 08       		.byte	0x8
 944 0469 9D       		.byte	0x9d
 945 046a D0040000 		.4byte	0x4d0
 946 046e 74       		.byte	0x74
 947 046f 06       		.uleb128 0x6
 948 0470 B0040000 		.4byte	.LASF66
 949 0474 08       		.byte	0x8
 950 0475 9E       		.byte	0x9e
 951 0476 60030000 		.4byte	0x360
 952 047a 88       		.byte	0x88
 953 047b 00       		.byte	0
 954 047c 0E       		.uleb128 0xe
 955 047d 60030000 		.4byte	0x360
 956 0481 8C040000 		.4byte	0x48c
 957 0485 0F       		.uleb128 0xf
 958 0486 70030000 		.4byte	0x370
 959 048a 02       		.byte	0x2
 960 048b 00       		.byte	0
 961 048c 0D       		.uleb128 0xd
 962 048d 7C040000 		.4byte	0x47c
 963 0491 0E       		.uleb128 0xe
 964 0492 60030000 		.4byte	0x360
 965 0496 A1040000 		.4byte	0x4a1
 966 049a 0F       		.uleb128 0xf
 967 049b 70030000 		.4byte	0x370
 968 049f 01       		.byte	0x1
 969 04a0 00       		.byte	0
ARM GAS  /tmp/ccXBKlvH.s 			page 18


 970 04a1 0D       		.uleb128 0xd
 971 04a2 91040000 		.4byte	0x491
 972 04a6 0E       		.uleb128 0xe
 973 04a7 60030000 		.4byte	0x360
 974 04ab B6040000 		.4byte	0x4b6
 975 04af 0F       		.uleb128 0xf
 976 04b0 70030000 		.4byte	0x370
 977 04b4 03       		.byte	0x3
 978 04b5 00       		.byte	0
 979 04b6 0D       		.uleb128 0xd
 980 04b7 A6040000 		.4byte	0x4a6
 981 04bb 0E       		.uleb128 0xe
 982 04bc 60030000 		.4byte	0x360
 983 04c0 CB040000 		.4byte	0x4cb
 984 04c4 0F       		.uleb128 0xf
 985 04c5 70030000 		.4byte	0x370
 986 04c9 04       		.byte	0x4
 987 04ca 00       		.byte	0
 988 04cb 0D       		.uleb128 0xd
 989 04cc BB040000 		.4byte	0x4bb
 990 04d0 0D       		.uleb128 0xd
 991 04d1 BB040000 		.4byte	0x4bb
 992 04d5 04       		.uleb128 0x4
 993 04d6 17000000 		.4byte	.LASF67
 994 04da 08       		.byte	0x8
 995 04db 9F       		.byte	0x9f
 996 04dc 77030000 		.4byte	0x377
 997 04e0 0D       		.uleb128 0xd
 998 04e1 EB000000 		.4byte	0xeb
 999 04e5 08       		.uleb128 0x8
 1000 04e6 20       		.byte	0x20
 1001 04e7 09       		.byte	0x9
 1002 04e8 5E       		.byte	0x5e
 1003 04e9 42050000 		.4byte	0x542
 1004 04ed 06       		.uleb128 0x6
 1005 04ee F5030000 		.4byte	.LASF68
 1006 04f2 09       		.byte	0x9
 1007 04f3 5F       		.byte	0x5f
 1008 04f4 24020000 		.4byte	0x224
 1009 04f8 00       		.byte	0
 1010 04f9 06       		.uleb128 0x6
 1011 04fa BD030000 		.4byte	.LASF69
 1012 04fe 09       		.byte	0x9
 1013 04ff 60       		.byte	0x60
 1014 0500 CA000000 		.4byte	0xca
 1015 0504 08       		.byte	0x8
 1016 0505 06       		.uleb128 0x6
 1017 0506 3F030000 		.4byte	.LASF70
 1018 050a 09       		.byte	0x9
 1019 050b 62       		.byte	0x62
 1020 050c 3F030000 		.4byte	0x33f
 1021 0510 0C       		.byte	0xc
 1022 0511 06       		.uleb128 0x6
 1023 0512 E2020000 		.4byte	.LASF71
 1024 0516 09       		.byte	0x9
 1025 0517 65       		.byte	0x65
 1026 0518 1E020000 		.4byte	0x21e
ARM GAS  /tmp/ccXBKlvH.s 			page 19


 1027 051c 10       		.byte	0x10
 1028 051d 06       		.uleb128 0x6
 1029 051e 5C030000 		.4byte	.LASF72
 1030 0522 09       		.byte	0x9
 1031 0523 66       		.byte	0x66
 1032 0524 1E020000 		.4byte	0x21e
 1033 0528 14       		.byte	0x14
 1034 0529 06       		.uleb128 0x6
 1035 052a 4B040000 		.4byte	.LASF73
 1036 052e 09       		.byte	0x9
 1037 052f 6A       		.byte	0x6a
 1038 0530 F6000000 		.4byte	0xf6
 1039 0534 18       		.byte	0x18
 1040 0535 06       		.uleb128 0x6
 1041 0536 52030000 		.4byte	.LASF74
 1042 053a 09       		.byte	0x9
 1043 053b 6C       		.byte	0x6c
 1044 053c 1E020000 		.4byte	0x21e
 1045 0540 1C       		.byte	0x1c
 1046 0541 00       		.byte	0
 1047 0542 04       		.uleb128 0x4
 1048 0543 7A040000 		.4byte	.LASF75
 1049 0547 09       		.byte	0x9
 1050 0548 6E       		.byte	0x6e
 1051 0549 E5040000 		.4byte	0x4e5
 1052 054d 05       		.uleb128 0x5
 1053 054e 23030000 		.4byte	.LASF76
 1054 0552 10       		.byte	0x10
 1055 0553 0A       		.byte	0xa
 1056 0554 2C       		.byte	0x2c
 1057 0555 7E050000 		.4byte	0x57e
 1058 0559 06       		.uleb128 0x6
 1059 055a CC010000 		.4byte	.LASF77
 1060 055e 0A       		.byte	0xa
 1061 055f 2D       		.byte	0x2d
 1062 0560 24020000 		.4byte	0x224
 1063 0564 00       		.byte	0
 1064 0565 06       		.uleb128 0x6
 1065 0566 BB040000 		.4byte	.LASF78
 1066 056a 0A       		.byte	0xa
 1067 056b 2F       		.byte	0x2f
 1068 056c 1E020000 		.4byte	0x21e
 1069 0570 08       		.byte	0x8
 1070 0571 06       		.uleb128 0x6
 1071 0572 25040000 		.4byte	.LASF79
 1072 0576 0A       		.byte	0xa
 1073 0577 31       		.byte	0x31
 1074 0578 7E050000 		.4byte	0x57e
 1075 057c 0C       		.byte	0xc
 1076 057d 00       		.byte	0
 1077 057e 09       		.uleb128 0x9
 1078 057f 04       		.byte	0x4
 1079 0580 4D050000 		.4byte	0x54d
 1080 0584 04       		.uleb128 0x4
 1081 0585 23030000 		.4byte	.LASF76
 1082 0589 0A       		.byte	0xa
 1083 058a 33       		.byte	0x33
ARM GAS  /tmp/ccXBKlvH.s 			page 20


 1084 058b 4D050000 		.4byte	0x54d
 1085 058f 10       		.uleb128 0x10
 1086 0590 04       		.byte	0x4
 1087 0591 06       		.byte	0x6
 1088 0592 90       		.byte	0x90
 1089 0593 C4050000 		.4byte	0x5c4
 1090 0597 11       		.uleb128 0x11
 1091 0598 06000000 		.4byte	.LASF80
 1092 059c 06       		.byte	0x6
 1093 059d 97       		.byte	0x97
 1094 059e D5000000 		.4byte	0xd5
 1095 05a2 11       		.uleb128 0x11
 1096 05a3 94010000 		.4byte	.LASF81
 1097 05a7 06       		.byte	0x6
 1098 05a8 9E       		.byte	0x9e
 1099 05a9 D5000000 		.4byte	0xd5
 1100 05ad 11       		.uleb128 0x11
 1101 05ae A2040000 		.4byte	.LASF82
 1102 05b2 06       		.byte	0x6
 1103 05b3 A5       		.byte	0xa5
 1104 05b4 5A020000 		.4byte	0x25a
 1105 05b8 11       		.uleb128 0x11
 1106 05b9 C4030000 		.4byte	.LASF83
 1107 05bd 06       		.byte	0x6
 1108 05be AC       		.byte	0xac
 1109 05bf E0000000 		.4byte	0xe0
 1110 05c3 00       		.byte	0
 1111 05c4 09       		.uleb128 0x9
 1112 05c5 04       		.byte	0x4
 1113 05c6 CA050000 		.4byte	0x5ca
 1114 05ca 12       		.uleb128 0x12
 1115 05cb CF050000 		.4byte	0x5cf
 1116 05cf 03       		.uleb128 0x3
 1117 05d0 01       		.byte	0x1
 1118 05d1 08       		.byte	0x8
 1119 05d2 0A040000 		.4byte	.LASF84
 1120 05d6 09       		.uleb128 0x9
 1121 05d7 04       		.byte	0x4
 1122 05d8 84050000 		.4byte	0x584
 1123 05dc 13       		.uleb128 0x13
 1124 05dd F0020000 		.4byte	.LASF92
 1125 05e1 01       		.byte	0x1
 1126 05e2 94       		.byte	0x94
 1127 05e3 01       		.byte	0x1
 1128 05e4 18060000 		.4byte	0x618
 1129 05e8 14       		.uleb128 0x14
 1130 05e9 F9050000 		.4byte	0x5f9
 1131 05ed 15       		.uleb128 0x15
 1132 05ee 746D7000 		.ascii	"tmp\000"
 1133 05f2 01       		.byte	0x1
 1134 05f3 96       		.byte	0x96
 1135 05f4 9E000000 		.4byte	0x9e
 1136 05f8 00       		.byte	0
 1137 05f9 14       		.uleb128 0x14
 1138 05fa 0A060000 		.4byte	0x60a
 1139 05fe 16       		.uleb128 0x16
 1140 05ff 6C030000 		.4byte	.LASF85
ARM GAS  /tmp/ccXBKlvH.s 			page 21


 1141 0603 01       		.byte	0x1
 1142 0604 98       		.byte	0x98
 1143 0605 18060000 		.4byte	0x618
 1144 0609 00       		.byte	0
 1145 060a 17       		.uleb128 0x17
 1146 060b 15       		.uleb128 0x15
 1147 060c 746D7000 		.ascii	"tmp\000"
 1148 0610 01       		.byte	0x1
 1149 0611 C5       		.byte	0xc5
 1150 0612 9E000000 		.4byte	0x9e
 1151 0616 00       		.byte	0
 1152 0617 00       		.byte	0
 1153 0618 09       		.uleb128 0x9
 1154 0619 04       		.byte	0x4
 1155 061a 5C020000 		.4byte	0x25c
 1156 061e 18       		.uleb128 0x18
 1157 061f 9B020000 		.4byte	.LASF86
 1158 0623 01       		.byte	0x1
 1159 0624 CF       		.byte	0xcf
 1160 0625 00000000 		.4byte	.LFB11
 1161 0629 06000000 		.4byte	.LFE11-.LFB11
 1162 062d 01       		.uleb128 0x1
 1163 062e 9C       		.byte	0x9c
 1164 062f 3D060000 		.4byte	0x63d
 1165 0633 19       		.uleb128 0x19
 1166 0634 04000000 		.4byte	.LVL0
 1167 0638 EB070000 		.4byte	0x7eb
 1168 063c 00       		.byte	0
 1169 063d 18       		.uleb128 0x18
 1170 063e DD010000 		.4byte	.LASF87
 1171 0642 01       		.byte	0x1
 1172 0643 41       		.byte	0x41
 1173 0644 00000000 		.4byte	.LFB8
 1174 0648 12000000 		.4byte	.LFE8-.LFB8
 1175 064c 01       		.uleb128 0x1
 1176 064d 9C       		.byte	0x9c
 1177 064e 79060000 		.4byte	0x679
 1178 0652 1A       		.uleb128 0x1a
 1179 0653 6C030000 		.4byte	.LASF85
 1180 0657 01       		.byte	0x1
 1181 0658 42       		.byte	0x42
 1182 0659 18060000 		.4byte	0x618
 1183 065d 00000000 		.4byte	.LLST0
 1184 0661 1B       		.uleb128 0x1b
 1185 0662 0A000000 		.4byte	.LBB5
 1186 0666 08000000 		.4byte	.LBE5-.LBB5
 1187 066a 1C       		.uleb128 0x1c
 1188 066b 746D7000 		.ascii	"tmp\000"
 1189 066f 01       		.byte	0x1
 1190 0670 51       		.byte	0x51
 1191 0671 9E000000 		.4byte	0x9e
 1192 0675 01       		.uleb128 0x1
 1193 0676 53       		.byte	0x53
 1194 0677 00       		.byte	0
 1195 0678 00       		.byte	0
 1196 0679 18       		.uleb128 0x18
 1197 067a 97040000 		.4byte	.LASF88
ARM GAS  /tmp/ccXBKlvH.s 			page 22


 1198 067e 01       		.byte	0x1
 1199 067f 76       		.byte	0x76
 1200 0680 00000000 		.4byte	.LFB9
 1201 0684 34000000 		.4byte	.LFE9-.LFB9
 1202 0688 01       		.uleb128 0x1
 1203 0689 9C       		.byte	0x9c
 1204 068a D6060000 		.4byte	0x6d6
 1205 068e 1D       		.uleb128 0x1d
 1206 068f 14000000 		.4byte	.LVL4
 1207 0693 F2070000 		.4byte	0x7f2
 1208 0697 A6060000 		.4byte	0x6a6
 1209 069b 1E       		.uleb128 0x1e
 1210 069c 01       		.uleb128 0x1
 1211 069d 51       		.byte	0x51
 1212 069e 01       		.uleb128 0x1
 1213 069f 40       		.byte	0x40
 1214 06a0 1E       		.uleb128 0x1e
 1215 06a1 01       		.uleb128 0x1
 1216 06a2 50       		.byte	0x50
 1217 06a3 01       		.uleb128 0x1
 1218 06a4 37       		.byte	0x37
 1219 06a5 00       		.byte	0
 1220 06a6 1D       		.uleb128 0x1d
 1221 06a7 1E000000 		.4byte	.LVL5
 1222 06ab F2070000 		.4byte	0x7f2
 1223 06af C0060000 		.4byte	0x6c0
 1224 06b3 1E       		.uleb128 0x1e
 1225 06b4 01       		.uleb128 0x1
 1226 06b5 51       		.byte	0x51
 1227 06b6 03       		.uleb128 0x3
 1228 06b7 0A       		.byte	0xa
 1229 06b8 0002     		.2byte	0x200
 1230 06ba 1E       		.uleb128 0x1e
 1231 06bb 01       		.uleb128 0x1
 1232 06bc 50       		.byte	0x50
 1233 06bd 01       		.uleb128 0x1
 1234 06be 3A       		.byte	0x3a
 1235 06bf 00       		.byte	0
 1236 06c0 1F       		.uleb128 0x1f
 1237 06c1 2A000000 		.4byte	.LVL6
 1238 06c5 F2070000 		.4byte	0x7f2
 1239 06c9 1E       		.uleb128 0x1e
 1240 06ca 01       		.uleb128 0x1
 1241 06cb 51       		.byte	0x51
 1242 06cc 02       		.uleb128 0x2
 1243 06cd 08       		.byte	0x8
 1244 06ce 80       		.byte	0x80
 1245 06cf 1E       		.uleb128 0x1e
 1246 06d0 01       		.uleb128 0x1
 1247 06d1 50       		.byte	0x50
 1248 06d2 01       		.uleb128 0x1
 1249 06d3 3B       		.byte	0x3b
 1250 06d4 00       		.byte	0
 1251 06d5 00       		.byte	0
 1252 06d6 20       		.uleb128 0x20
 1253 06d7 DC050000 		.4byte	0x5dc
 1254 06db 00000000 		.4byte	.LFB10
ARM GAS  /tmp/ccXBKlvH.s 			page 23


 1255 06df 74000000 		.4byte	.LFE10-.LFB10
 1256 06e3 01       		.uleb128 0x1
 1257 06e4 9C       		.byte	0x9c
 1258 06e5 23070000 		.4byte	0x723
 1259 06e9 21       		.uleb128 0x21
 1260 06ea 00000000 		.4byte	.LBB14
 1261 06ee 06000000 		.4byte	.LBE14-.LBB14
 1262 06f2 FE060000 		.4byte	0x6fe
 1263 06f6 22       		.uleb128 0x22
 1264 06f7 ED050000 		.4byte	0x5ed
 1265 06fb 01       		.uleb128 0x1
 1266 06fc 53       		.byte	0x53
 1267 06fd 00       		.byte	0
 1268 06fe 23       		.uleb128 0x23
 1269 06ff 00000000 		.4byte	.Ldebug_ranges0+0
 1270 0703 11070000 		.4byte	0x711
 1271 0707 24       		.uleb128 0x24
 1272 0708 FE050000 		.4byte	0x5fe
 1273 070c 20000000 		.4byte	.LLST1
 1274 0710 00       		.byte	0
 1275 0711 1B       		.uleb128 0x1b
 1276 0712 44000000 		.4byte	.LBB18
 1277 0716 06000000 		.4byte	.LBE18-.LBB18
 1278 071a 22       		.uleb128 0x22
 1279 071b 0B060000 		.4byte	0x60b
 1280 071f 01       		.uleb128 0x1
 1281 0720 53       		.byte	0x53
 1282 0721 00       		.byte	0
 1283 0722 00       		.byte	0
 1284 0723 18       		.uleb128 0x18
 1285 0724 17040000 		.4byte	.LASF89
 1286 0728 01       		.byte	0x1
 1287 0729 2F       		.byte	0x2f
 1288 072a 00000000 		.4byte	.LFB7
 1289 072e 1A000000 		.4byte	.LFE7-.LFB7
 1290 0732 01       		.uleb128 0x1
 1291 0733 9C       		.byte	0x9c
 1292 0734 81070000 		.4byte	0x781
 1293 0738 21       		.uleb128 0x21
 1294 0739 02000000 		.4byte	.LBB20
 1295 073d 06000000 		.4byte	.LBE20-.LBB20
 1296 0741 53070000 		.4byte	0x753
 1297 0745 1C       		.uleb128 0x1c
 1298 0746 746D7000 		.ascii	"tmp\000"
 1299 074a 01       		.byte	0x1
 1300 074b 33       		.byte	0x33
 1301 074c 9E000000 		.4byte	0x9e
 1302 0750 01       		.uleb128 0x1
 1303 0751 53       		.byte	0x53
 1304 0752 00       		.byte	0
 1305 0753 21       		.uleb128 0x21
 1306 0754 0C000000 		.4byte	.LBB21
 1307 0758 06000000 		.4byte	.LBE21-.LBB21
 1308 075c 6E070000 		.4byte	0x76e
 1309 0760 1C       		.uleb128 0x1c
 1310 0761 746D7000 		.ascii	"tmp\000"
 1311 0765 01       		.byte	0x1
ARM GAS  /tmp/ccXBKlvH.s 			page 24


 1312 0766 35       		.byte	0x35
 1313 0767 9E000000 		.4byte	0x9e
 1314 076b 01       		.uleb128 0x1
 1315 076c 53       		.byte	0x53
 1316 076d 00       		.byte	0
 1317 076e 19       		.uleb128 0x19
 1318 076f 0C000000 		.4byte	.LVL12
 1319 0773 09080000 		.4byte	0x809
 1320 0777 25       		.uleb128 0x25
 1321 0778 1A000000 		.4byte	.LVL13
 1322 077c DC050000 		.4byte	0x5dc
 1323 0780 00       		.byte	0
 1324 0781 18       		.uleb128 0x18
 1325 0782 77020000 		.4byte	.LASF90
 1326 0786 01       		.byte	0x1
 1327 0787 EC       		.byte	0xec
 1328 0788 00000000 		.4byte	.LFB12
 1329 078c 10000000 		.4byte	.LFE12-.LFB12
 1330 0790 01       		.uleb128 0x1
 1331 0791 9C       		.byte	0x9c
 1332 0792 B1070000 		.4byte	0x7b1
 1333 0796 26       		.uleb128 0x26
 1334 0797 6E747000 		.ascii	"ntp\000"
 1335 079b 01       		.byte	0x1
 1336 079c EC       		.byte	0xec
 1337 079d 1E020000 		.4byte	0x21e
 1338 07a1 01       		.uleb128 0x1
 1339 07a2 50       		.byte	0x50
 1340 07a3 26       		.uleb128 0x26
 1341 07a4 6F747000 		.ascii	"otp\000"
 1342 07a8 01       		.byte	0x1
 1343 07a9 EC       		.byte	0xec
 1344 07aa 1E020000 		.4byte	0x21e
 1345 07ae 01       		.uleb128 0x1
 1346 07af 51       		.byte	0x51
 1347 07b0 00       		.byte	0
 1348 07b1 27       		.uleb128 0x27
 1349 07b2 F3010000 		.4byte	.LASF91
 1350 07b6 01       		.byte	0x1
 1351 07b7 0301     		.2byte	0x103
 1352 07b9 00000000 		.4byte	.LFB13
 1353 07bd 10000000 		.4byte	.LFE13-.LFB13
 1354 07c1 01       		.uleb128 0x1
 1355 07c2 9C       		.byte	0x9c
 1356 07c3 E0070000 		.4byte	0x7e0
 1357 07c7 1B       		.uleb128 0x1b
 1358 07c8 00000000 		.4byte	.LBB22
 1359 07cc 06000000 		.4byte	.LBE22-.LBB22
 1360 07d0 28       		.uleb128 0x28
 1361 07d1 746D7000 		.ascii	"tmp\000"
 1362 07d5 01       		.byte	0x1
 1363 07d6 0501     		.2byte	0x105
 1364 07d8 9E000000 		.4byte	0x9e
 1365 07dc 01       		.uleb128 0x1
 1366 07dd 53       		.byte	0x53
 1367 07de 00       		.byte	0
 1368 07df 00       		.byte	0
ARM GAS  /tmp/ccXBKlvH.s 			page 25


 1369 07e0 29       		.uleb128 0x29
 1370 07e1 89040000 		.4byte	.LASF98
 1371 07e5 09       		.byte	0x9
 1372 07e6 72       		.byte	0x72
 1373 07e7 42050000 		.4byte	0x542
 1374 07eb 2A       		.uleb128 0x2a
 1375 07ec 44020000 		.4byte	.LASF94
 1376 07f0 09       		.byte	0x9
 1377 07f1 A5       		.byte	0xa5
 1378 07f2 2B       		.uleb128 0x2b
 1379 07f3 1E020000 		.4byte	.LASF93
 1380 07f7 08       		.byte	0x8
 1381 07f8 2501     		.2byte	0x125
 1382 07fa 09080000 		.4byte	0x809
 1383 07fe 2C       		.uleb128 0x2c
 1384 07ff 9E000000 		.4byte	0x9e
 1385 0803 2C       		.uleb128 0x2c
 1386 0804 9E000000 		.4byte	0x9e
 1387 0808 00       		.byte	0
 1388 0809 2A       		.uleb128 0x2a
 1389 080a 1F000000 		.4byte	.LASF95
 1390 080e 0B       		.byte	0xb
 1391 080f F7       		.byte	0xf7
 1392 0810 00       		.byte	0
 1393              		.section	.debug_abbrev,"",%progbits
 1394              	.Ldebug_abbrev0:
 1395 0000 01       		.uleb128 0x1
 1396 0001 11       		.uleb128 0x11
 1397 0002 01       		.byte	0x1
 1398 0003 25       		.uleb128 0x25
 1399 0004 0E       		.uleb128 0xe
 1400 0005 13       		.uleb128 0x13
 1401 0006 0B       		.uleb128 0xb
 1402 0007 03       		.uleb128 0x3
 1403 0008 0E       		.uleb128 0xe
 1404 0009 55       		.uleb128 0x55
 1405 000a 17       		.uleb128 0x17
 1406 000b 11       		.uleb128 0x11
 1407 000c 01       		.uleb128 0x1
 1408 000d 10       		.uleb128 0x10
 1409 000e 17       		.uleb128 0x17
 1410 000f 00       		.byte	0
 1411 0010 00       		.byte	0
 1412 0011 02       		.uleb128 0x2
 1413 0012 24       		.uleb128 0x24
 1414 0013 00       		.byte	0
 1415 0014 0B       		.uleb128 0xb
 1416 0015 0B       		.uleb128 0xb
 1417 0016 3E       		.uleb128 0x3e
 1418 0017 0B       		.uleb128 0xb
 1419 0018 03       		.uleb128 0x3
 1420 0019 08       		.uleb128 0x8
 1421 001a 00       		.byte	0
 1422 001b 00       		.byte	0
 1423 001c 03       		.uleb128 0x3
 1424 001d 24       		.uleb128 0x24
 1425 001e 00       		.byte	0
ARM GAS  /tmp/ccXBKlvH.s 			page 26


 1426 001f 0B       		.uleb128 0xb
 1427 0020 0B       		.uleb128 0xb
 1428 0021 3E       		.uleb128 0x3e
 1429 0022 0B       		.uleb128 0xb
 1430 0023 03       		.uleb128 0x3
 1431 0024 0E       		.uleb128 0xe
 1432 0025 00       		.byte	0
 1433 0026 00       		.byte	0
 1434 0027 04       		.uleb128 0x4
 1435 0028 16       		.uleb128 0x16
 1436 0029 00       		.byte	0
 1437 002a 03       		.uleb128 0x3
 1438 002b 0E       		.uleb128 0xe
 1439 002c 3A       		.uleb128 0x3a
 1440 002d 0B       		.uleb128 0xb
 1441 002e 3B       		.uleb128 0x3b
 1442 002f 0B       		.uleb128 0xb
 1443 0030 49       		.uleb128 0x49
 1444 0031 13       		.uleb128 0x13
 1445 0032 00       		.byte	0
 1446 0033 00       		.byte	0
 1447 0034 05       		.uleb128 0x5
 1448 0035 13       		.uleb128 0x13
 1449 0036 01       		.byte	0x1
 1450 0037 03       		.uleb128 0x3
 1451 0038 0E       		.uleb128 0xe
 1452 0039 0B       		.uleb128 0xb
 1453 003a 0B       		.uleb128 0xb
 1454 003b 3A       		.uleb128 0x3a
 1455 003c 0B       		.uleb128 0xb
 1456 003d 3B       		.uleb128 0x3b
 1457 003e 0B       		.uleb128 0xb
 1458 003f 01       		.uleb128 0x1
 1459 0040 13       		.uleb128 0x13
 1460 0041 00       		.byte	0
 1461 0042 00       		.byte	0
 1462 0043 06       		.uleb128 0x6
 1463 0044 0D       		.uleb128 0xd
 1464 0045 00       		.byte	0
 1465 0046 03       		.uleb128 0x3
 1466 0047 0E       		.uleb128 0xe
 1467 0048 3A       		.uleb128 0x3a
 1468 0049 0B       		.uleb128 0xb
 1469 004a 3B       		.uleb128 0x3b
 1470 004b 0B       		.uleb128 0xb
 1471 004c 49       		.uleb128 0x49
 1472 004d 13       		.uleb128 0x13
 1473 004e 38       		.uleb128 0x38
 1474 004f 0B       		.uleb128 0xb
 1475 0050 00       		.byte	0
 1476 0051 00       		.byte	0
 1477 0052 07       		.uleb128 0x7
 1478 0053 0D       		.uleb128 0xd
 1479 0054 00       		.byte	0
 1480 0055 03       		.uleb128 0x3
 1481 0056 08       		.uleb128 0x8
 1482 0057 3A       		.uleb128 0x3a
ARM GAS  /tmp/ccXBKlvH.s 			page 27


 1483 0058 0B       		.uleb128 0xb
 1484 0059 3B       		.uleb128 0x3b
 1485 005a 0B       		.uleb128 0xb
 1486 005b 49       		.uleb128 0x49
 1487 005c 13       		.uleb128 0x13
 1488 005d 38       		.uleb128 0x38
 1489 005e 0B       		.uleb128 0xb
 1490 005f 00       		.byte	0
 1491 0060 00       		.byte	0
 1492 0061 08       		.uleb128 0x8
 1493 0062 13       		.uleb128 0x13
 1494 0063 01       		.byte	0x1
 1495 0064 0B       		.uleb128 0xb
 1496 0065 0B       		.uleb128 0xb
 1497 0066 3A       		.uleb128 0x3a
 1498 0067 0B       		.uleb128 0xb
 1499 0068 3B       		.uleb128 0x3b
 1500 0069 0B       		.uleb128 0xb
 1501 006a 01       		.uleb128 0x1
 1502 006b 13       		.uleb128 0x13
 1503 006c 00       		.byte	0
 1504 006d 00       		.byte	0
 1505 006e 09       		.uleb128 0x9
 1506 006f 0F       		.uleb128 0xf
 1507 0070 00       		.byte	0
 1508 0071 0B       		.uleb128 0xb
 1509 0072 0B       		.uleb128 0xb
 1510 0073 49       		.uleb128 0x49
 1511 0074 13       		.uleb128 0x13
 1512 0075 00       		.byte	0
 1513 0076 00       		.byte	0
 1514 0077 0A       		.uleb128 0xa
 1515 0078 0F       		.uleb128 0xf
 1516 0079 00       		.byte	0
 1517 007a 0B       		.uleb128 0xb
 1518 007b 0B       		.uleb128 0xb
 1519 007c 00       		.byte	0
 1520 007d 00       		.byte	0
 1521 007e 0B       		.uleb128 0xb
 1522 007f 0D       		.uleb128 0xd
 1523 0080 00       		.byte	0
 1524 0081 03       		.uleb128 0x3
 1525 0082 08       		.uleb128 0x8
 1526 0083 3A       		.uleb128 0x3a
 1527 0084 0B       		.uleb128 0xb
 1528 0085 3B       		.uleb128 0x3b
 1529 0086 05       		.uleb128 0x5
 1530 0087 49       		.uleb128 0x49
 1531 0088 13       		.uleb128 0x13
 1532 0089 38       		.uleb128 0x38
 1533 008a 0B       		.uleb128 0xb
 1534 008b 00       		.byte	0
 1535 008c 00       		.byte	0
 1536 008d 0C       		.uleb128 0xc
 1537 008e 13       		.uleb128 0x13
 1538 008f 01       		.byte	0x1
 1539 0090 03       		.uleb128 0x3
ARM GAS  /tmp/ccXBKlvH.s 			page 28


 1540 0091 0E       		.uleb128 0xe
 1541 0092 0B       		.uleb128 0xb
 1542 0093 0B       		.uleb128 0xb
 1543 0094 3A       		.uleb128 0x3a
 1544 0095 0B       		.uleb128 0xb
 1545 0096 3B       		.uleb128 0x3b
 1546 0097 05       		.uleb128 0x5
 1547 0098 01       		.uleb128 0x1
 1548 0099 13       		.uleb128 0x13
 1549 009a 00       		.byte	0
 1550 009b 00       		.byte	0
 1551 009c 0D       		.uleb128 0xd
 1552 009d 35       		.uleb128 0x35
 1553 009e 00       		.byte	0
 1554 009f 49       		.uleb128 0x49
 1555 00a0 13       		.uleb128 0x13
 1556 00a1 00       		.byte	0
 1557 00a2 00       		.byte	0
 1558 00a3 0E       		.uleb128 0xe
 1559 00a4 01       		.uleb128 0x1
 1560 00a5 01       		.byte	0x1
 1561 00a6 49       		.uleb128 0x49
 1562 00a7 13       		.uleb128 0x13
 1563 00a8 01       		.uleb128 0x1
 1564 00a9 13       		.uleb128 0x13
 1565 00aa 00       		.byte	0
 1566 00ab 00       		.byte	0
 1567 00ac 0F       		.uleb128 0xf
 1568 00ad 21       		.uleb128 0x21
 1569 00ae 00       		.byte	0
 1570 00af 49       		.uleb128 0x49
 1571 00b0 13       		.uleb128 0x13
 1572 00b1 2F       		.uleb128 0x2f
 1573 00b2 0B       		.uleb128 0xb
 1574 00b3 00       		.byte	0
 1575 00b4 00       		.byte	0
 1576 00b5 10       		.uleb128 0x10
 1577 00b6 17       		.uleb128 0x17
 1578 00b7 01       		.byte	0x1
 1579 00b8 0B       		.uleb128 0xb
 1580 00b9 0B       		.uleb128 0xb
 1581 00ba 3A       		.uleb128 0x3a
 1582 00bb 0B       		.uleb128 0xb
 1583 00bc 3B       		.uleb128 0x3b
 1584 00bd 0B       		.uleb128 0xb
 1585 00be 01       		.uleb128 0x1
 1586 00bf 13       		.uleb128 0x13
 1587 00c0 00       		.byte	0
 1588 00c1 00       		.byte	0
 1589 00c2 11       		.uleb128 0x11
 1590 00c3 0D       		.uleb128 0xd
 1591 00c4 00       		.byte	0
 1592 00c5 03       		.uleb128 0x3
 1593 00c6 0E       		.uleb128 0xe
 1594 00c7 3A       		.uleb128 0x3a
 1595 00c8 0B       		.uleb128 0xb
 1596 00c9 3B       		.uleb128 0x3b
ARM GAS  /tmp/ccXBKlvH.s 			page 29


 1597 00ca 0B       		.uleb128 0xb
 1598 00cb 49       		.uleb128 0x49
 1599 00cc 13       		.uleb128 0x13
 1600 00cd 00       		.byte	0
 1601 00ce 00       		.byte	0
 1602 00cf 12       		.uleb128 0x12
 1603 00d0 26       		.uleb128 0x26
 1604 00d1 00       		.byte	0
 1605 00d2 49       		.uleb128 0x49
 1606 00d3 13       		.uleb128 0x13
 1607 00d4 00       		.byte	0
 1608 00d5 00       		.byte	0
 1609 00d6 13       		.uleb128 0x13
 1610 00d7 2E       		.uleb128 0x2e
 1611 00d8 01       		.byte	0x1
 1612 00d9 3F       		.uleb128 0x3f
 1613 00da 19       		.uleb128 0x19
 1614 00db 03       		.uleb128 0x3
 1615 00dc 0E       		.uleb128 0xe
 1616 00dd 3A       		.uleb128 0x3a
 1617 00de 0B       		.uleb128 0xb
 1618 00df 3B       		.uleb128 0x3b
 1619 00e0 0B       		.uleb128 0xb
 1620 00e1 27       		.uleb128 0x27
 1621 00e2 19       		.uleb128 0x19
 1622 00e3 20       		.uleb128 0x20
 1623 00e4 0B       		.uleb128 0xb
 1624 00e5 01       		.uleb128 0x1
 1625 00e6 13       		.uleb128 0x13
 1626 00e7 00       		.byte	0
 1627 00e8 00       		.byte	0
 1628 00e9 14       		.uleb128 0x14
 1629 00ea 0B       		.uleb128 0xb
 1630 00eb 01       		.byte	0x1
 1631 00ec 01       		.uleb128 0x1
 1632 00ed 13       		.uleb128 0x13
 1633 00ee 00       		.byte	0
 1634 00ef 00       		.byte	0
 1635 00f0 15       		.uleb128 0x15
 1636 00f1 34       		.uleb128 0x34
 1637 00f2 00       		.byte	0
 1638 00f3 03       		.uleb128 0x3
 1639 00f4 08       		.uleb128 0x8
 1640 00f5 3A       		.uleb128 0x3a
 1641 00f6 0B       		.uleb128 0xb
 1642 00f7 3B       		.uleb128 0x3b
 1643 00f8 0B       		.uleb128 0xb
 1644 00f9 49       		.uleb128 0x49
 1645 00fa 13       		.uleb128 0x13
 1646 00fb 00       		.byte	0
 1647 00fc 00       		.byte	0
 1648 00fd 16       		.uleb128 0x16
 1649 00fe 34       		.uleb128 0x34
 1650 00ff 00       		.byte	0
 1651 0100 03       		.uleb128 0x3
 1652 0101 0E       		.uleb128 0xe
 1653 0102 3A       		.uleb128 0x3a
ARM GAS  /tmp/ccXBKlvH.s 			page 30


 1654 0103 0B       		.uleb128 0xb
 1655 0104 3B       		.uleb128 0x3b
 1656 0105 0B       		.uleb128 0xb
 1657 0106 49       		.uleb128 0x49
 1658 0107 13       		.uleb128 0x13
 1659 0108 00       		.byte	0
 1660 0109 00       		.byte	0
 1661 010a 17       		.uleb128 0x17
 1662 010b 0B       		.uleb128 0xb
 1663 010c 01       		.byte	0x1
 1664 010d 00       		.byte	0
 1665 010e 00       		.byte	0
 1666 010f 18       		.uleb128 0x18
 1667 0110 2E       		.uleb128 0x2e
 1668 0111 01       		.byte	0x1
 1669 0112 3F       		.uleb128 0x3f
 1670 0113 19       		.uleb128 0x19
 1671 0114 03       		.uleb128 0x3
 1672 0115 0E       		.uleb128 0xe
 1673 0116 3A       		.uleb128 0x3a
 1674 0117 0B       		.uleb128 0xb
 1675 0118 3B       		.uleb128 0x3b
 1676 0119 0B       		.uleb128 0xb
 1677 011a 27       		.uleb128 0x27
 1678 011b 19       		.uleb128 0x19
 1679 011c 11       		.uleb128 0x11
 1680 011d 01       		.uleb128 0x1
 1681 011e 12       		.uleb128 0x12
 1682 011f 06       		.uleb128 0x6
 1683 0120 40       		.uleb128 0x40
 1684 0121 18       		.uleb128 0x18
 1685 0122 9742     		.uleb128 0x2117
 1686 0124 19       		.uleb128 0x19
 1687 0125 01       		.uleb128 0x1
 1688 0126 13       		.uleb128 0x13
 1689 0127 00       		.byte	0
 1690 0128 00       		.byte	0
 1691 0129 19       		.uleb128 0x19
 1692 012a 898201   		.uleb128 0x4109
 1693 012d 00       		.byte	0
 1694 012e 11       		.uleb128 0x11
 1695 012f 01       		.uleb128 0x1
 1696 0130 31       		.uleb128 0x31
 1697 0131 13       		.uleb128 0x13
 1698 0132 00       		.byte	0
 1699 0133 00       		.byte	0
 1700 0134 1A       		.uleb128 0x1a
 1701 0135 34       		.uleb128 0x34
 1702 0136 00       		.byte	0
 1703 0137 03       		.uleb128 0x3
 1704 0138 0E       		.uleb128 0xe
 1705 0139 3A       		.uleb128 0x3a
 1706 013a 0B       		.uleb128 0xb
 1707 013b 3B       		.uleb128 0x3b
 1708 013c 0B       		.uleb128 0xb
 1709 013d 49       		.uleb128 0x49
 1710 013e 13       		.uleb128 0x13
ARM GAS  /tmp/ccXBKlvH.s 			page 31


 1711 013f 02       		.uleb128 0x2
 1712 0140 17       		.uleb128 0x17
 1713 0141 00       		.byte	0
 1714 0142 00       		.byte	0
 1715 0143 1B       		.uleb128 0x1b
 1716 0144 0B       		.uleb128 0xb
 1717 0145 01       		.byte	0x1
 1718 0146 11       		.uleb128 0x11
 1719 0147 01       		.uleb128 0x1
 1720 0148 12       		.uleb128 0x12
 1721 0149 06       		.uleb128 0x6
 1722 014a 00       		.byte	0
 1723 014b 00       		.byte	0
 1724 014c 1C       		.uleb128 0x1c
 1725 014d 34       		.uleb128 0x34
 1726 014e 00       		.byte	0
 1727 014f 03       		.uleb128 0x3
 1728 0150 08       		.uleb128 0x8
 1729 0151 3A       		.uleb128 0x3a
 1730 0152 0B       		.uleb128 0xb
 1731 0153 3B       		.uleb128 0x3b
 1732 0154 0B       		.uleb128 0xb
 1733 0155 49       		.uleb128 0x49
 1734 0156 13       		.uleb128 0x13
 1735 0157 02       		.uleb128 0x2
 1736 0158 18       		.uleb128 0x18
 1737 0159 00       		.byte	0
 1738 015a 00       		.byte	0
 1739 015b 1D       		.uleb128 0x1d
 1740 015c 898201   		.uleb128 0x4109
 1741 015f 01       		.byte	0x1
 1742 0160 11       		.uleb128 0x11
 1743 0161 01       		.uleb128 0x1
 1744 0162 31       		.uleb128 0x31
 1745 0163 13       		.uleb128 0x13
 1746 0164 01       		.uleb128 0x1
 1747 0165 13       		.uleb128 0x13
 1748 0166 00       		.byte	0
 1749 0167 00       		.byte	0
 1750 0168 1E       		.uleb128 0x1e
 1751 0169 8A8201   		.uleb128 0x410a
 1752 016c 00       		.byte	0
 1753 016d 02       		.uleb128 0x2
 1754 016e 18       		.uleb128 0x18
 1755 016f 9142     		.uleb128 0x2111
 1756 0171 18       		.uleb128 0x18
 1757 0172 00       		.byte	0
 1758 0173 00       		.byte	0
 1759 0174 1F       		.uleb128 0x1f
 1760 0175 898201   		.uleb128 0x4109
 1761 0178 01       		.byte	0x1
 1762 0179 11       		.uleb128 0x11
 1763 017a 01       		.uleb128 0x1
 1764 017b 9542     		.uleb128 0x2115
 1765 017d 19       		.uleb128 0x19
 1766 017e 31       		.uleb128 0x31
 1767 017f 13       		.uleb128 0x13
ARM GAS  /tmp/ccXBKlvH.s 			page 32


 1768 0180 00       		.byte	0
 1769 0181 00       		.byte	0
 1770 0182 20       		.uleb128 0x20
 1771 0183 2E       		.uleb128 0x2e
 1772 0184 01       		.byte	0x1
 1773 0185 31       		.uleb128 0x31
 1774 0186 13       		.uleb128 0x13
 1775 0187 11       		.uleb128 0x11
 1776 0188 01       		.uleb128 0x1
 1777 0189 12       		.uleb128 0x12
 1778 018a 06       		.uleb128 0x6
 1779 018b 40       		.uleb128 0x40
 1780 018c 18       		.uleb128 0x18
 1781 018d 9742     		.uleb128 0x2117
 1782 018f 19       		.uleb128 0x19
 1783 0190 01       		.uleb128 0x1
 1784 0191 13       		.uleb128 0x13
 1785 0192 00       		.byte	0
 1786 0193 00       		.byte	0
 1787 0194 21       		.uleb128 0x21
 1788 0195 0B       		.uleb128 0xb
 1789 0196 01       		.byte	0x1
 1790 0197 11       		.uleb128 0x11
 1791 0198 01       		.uleb128 0x1
 1792 0199 12       		.uleb128 0x12
 1793 019a 06       		.uleb128 0x6
 1794 019b 01       		.uleb128 0x1
 1795 019c 13       		.uleb128 0x13
 1796 019d 00       		.byte	0
 1797 019e 00       		.byte	0
 1798 019f 22       		.uleb128 0x22
 1799 01a0 34       		.uleb128 0x34
 1800 01a1 00       		.byte	0
 1801 01a2 31       		.uleb128 0x31
 1802 01a3 13       		.uleb128 0x13
 1803 01a4 02       		.uleb128 0x2
 1804 01a5 18       		.uleb128 0x18
 1805 01a6 00       		.byte	0
 1806 01a7 00       		.byte	0
 1807 01a8 23       		.uleb128 0x23
 1808 01a9 0B       		.uleb128 0xb
 1809 01aa 01       		.byte	0x1
 1810 01ab 55       		.uleb128 0x55
 1811 01ac 17       		.uleb128 0x17
 1812 01ad 01       		.uleb128 0x1
 1813 01ae 13       		.uleb128 0x13
 1814 01af 00       		.byte	0
 1815 01b0 00       		.byte	0
 1816 01b1 24       		.uleb128 0x24
 1817 01b2 34       		.uleb128 0x34
 1818 01b3 00       		.byte	0
 1819 01b4 31       		.uleb128 0x31
 1820 01b5 13       		.uleb128 0x13
 1821 01b6 02       		.uleb128 0x2
 1822 01b7 17       		.uleb128 0x17
 1823 01b8 00       		.byte	0
 1824 01b9 00       		.byte	0
ARM GAS  /tmp/ccXBKlvH.s 			page 33


 1825 01ba 25       		.uleb128 0x25
 1826 01bb 898201   		.uleb128 0x4109
 1827 01be 00       		.byte	0
 1828 01bf 11       		.uleb128 0x11
 1829 01c0 01       		.uleb128 0x1
 1830 01c1 9542     		.uleb128 0x2115
 1831 01c3 19       		.uleb128 0x19
 1832 01c4 31       		.uleb128 0x31
 1833 01c5 13       		.uleb128 0x13
 1834 01c6 00       		.byte	0
 1835 01c7 00       		.byte	0
 1836 01c8 26       		.uleb128 0x26
 1837 01c9 05       		.uleb128 0x5
 1838 01ca 00       		.byte	0
 1839 01cb 03       		.uleb128 0x3
 1840 01cc 08       		.uleb128 0x8
 1841 01cd 3A       		.uleb128 0x3a
 1842 01ce 0B       		.uleb128 0xb
 1843 01cf 3B       		.uleb128 0x3b
 1844 01d0 0B       		.uleb128 0xb
 1845 01d1 49       		.uleb128 0x49
 1846 01d2 13       		.uleb128 0x13
 1847 01d3 02       		.uleb128 0x2
 1848 01d4 18       		.uleb128 0x18
 1849 01d5 00       		.byte	0
 1850 01d6 00       		.byte	0
 1851 01d7 27       		.uleb128 0x27
 1852 01d8 2E       		.uleb128 0x2e
 1853 01d9 01       		.byte	0x1
 1854 01da 3F       		.uleb128 0x3f
 1855 01db 19       		.uleb128 0x19
 1856 01dc 03       		.uleb128 0x3
 1857 01dd 0E       		.uleb128 0xe
 1858 01de 3A       		.uleb128 0x3a
 1859 01df 0B       		.uleb128 0xb
 1860 01e0 3B       		.uleb128 0x3b
 1861 01e1 05       		.uleb128 0x5
 1862 01e2 27       		.uleb128 0x27
 1863 01e3 19       		.uleb128 0x19
 1864 01e4 11       		.uleb128 0x11
 1865 01e5 01       		.uleb128 0x1
 1866 01e6 12       		.uleb128 0x12
 1867 01e7 06       		.uleb128 0x6
 1868 01e8 40       		.uleb128 0x40
 1869 01e9 18       		.uleb128 0x18
 1870 01ea 9742     		.uleb128 0x2117
 1871 01ec 19       		.uleb128 0x19
 1872 01ed 01       		.uleb128 0x1
 1873 01ee 13       		.uleb128 0x13
 1874 01ef 00       		.byte	0
 1875 01f0 00       		.byte	0
 1876 01f1 28       		.uleb128 0x28
 1877 01f2 34       		.uleb128 0x34
 1878 01f3 00       		.byte	0
 1879 01f4 03       		.uleb128 0x3
 1880 01f5 08       		.uleb128 0x8
 1881 01f6 3A       		.uleb128 0x3a
ARM GAS  /tmp/ccXBKlvH.s 			page 34


 1882 01f7 0B       		.uleb128 0xb
 1883 01f8 3B       		.uleb128 0x3b
 1884 01f9 05       		.uleb128 0x5
 1885 01fa 49       		.uleb128 0x49
 1886 01fb 13       		.uleb128 0x13
 1887 01fc 02       		.uleb128 0x2
 1888 01fd 18       		.uleb128 0x18
 1889 01fe 00       		.byte	0
 1890 01ff 00       		.byte	0
 1891 0200 29       		.uleb128 0x29
 1892 0201 34       		.uleb128 0x34
 1893 0202 00       		.byte	0
 1894 0203 03       		.uleb128 0x3
 1895 0204 0E       		.uleb128 0xe
 1896 0205 3A       		.uleb128 0x3a
 1897 0206 0B       		.uleb128 0xb
 1898 0207 3B       		.uleb128 0x3b
 1899 0208 0B       		.uleb128 0xb
 1900 0209 49       		.uleb128 0x49
 1901 020a 13       		.uleb128 0x13
 1902 020b 3F       		.uleb128 0x3f
 1903 020c 19       		.uleb128 0x19
 1904 020d 3C       		.uleb128 0x3c
 1905 020e 19       		.uleb128 0x19
 1906 020f 00       		.byte	0
 1907 0210 00       		.byte	0
 1908 0211 2A       		.uleb128 0x2a
 1909 0212 2E       		.uleb128 0x2e
 1910 0213 00       		.byte	0
 1911 0214 3F       		.uleb128 0x3f
 1912 0215 19       		.uleb128 0x19
 1913 0216 03       		.uleb128 0x3
 1914 0217 0E       		.uleb128 0xe
 1915 0218 3A       		.uleb128 0x3a
 1916 0219 0B       		.uleb128 0xb
 1917 021a 3B       		.uleb128 0x3b
 1918 021b 0B       		.uleb128 0xb
 1919 021c 27       		.uleb128 0x27
 1920 021d 19       		.uleb128 0x19
 1921 021e 3C       		.uleb128 0x3c
 1922 021f 19       		.uleb128 0x19
 1923 0220 00       		.byte	0
 1924 0221 00       		.byte	0
 1925 0222 2B       		.uleb128 0x2b
 1926 0223 2E       		.uleb128 0x2e
 1927 0224 01       		.byte	0x1
 1928 0225 3F       		.uleb128 0x3f
 1929 0226 19       		.uleb128 0x19
 1930 0227 03       		.uleb128 0x3
 1931 0228 0E       		.uleb128 0xe
 1932 0229 3A       		.uleb128 0x3a
 1933 022a 0B       		.uleb128 0xb
 1934 022b 3B       		.uleb128 0x3b
 1935 022c 05       		.uleb128 0x5
 1936 022d 27       		.uleb128 0x27
 1937 022e 19       		.uleb128 0x19
 1938 022f 3C       		.uleb128 0x3c
ARM GAS  /tmp/ccXBKlvH.s 			page 35


 1939 0230 19       		.uleb128 0x19
 1940 0231 01       		.uleb128 0x1
 1941 0232 13       		.uleb128 0x13
 1942 0233 00       		.byte	0
 1943 0234 00       		.byte	0
 1944 0235 2C       		.uleb128 0x2c
 1945 0236 05       		.uleb128 0x5
 1946 0237 00       		.byte	0
 1947 0238 49       		.uleb128 0x49
 1948 0239 13       		.uleb128 0x13
 1949 023a 00       		.byte	0
 1950 023b 00       		.byte	0
 1951 023c 00       		.byte	0
 1952              		.section	.debug_loc,"",%progbits
 1953              	.Ldebug_loc0:
 1954              	.LLST0:
 1955 0000 04000000 		.4byte	.LVL1
 1956 0004 06000000 		.4byte	.LVL2
 1957 0008 0300     		.2byte	0x3
 1958 000a 73       		.byte	0x73
 1959 000b 20       		.sleb128 32
 1960 000c 9F       		.byte	0x9f
 1961 000d 06000000 		.4byte	.LVL2
 1962 0011 0C000000 		.4byte	.LVL3
 1963 0015 0100     		.2byte	0x1
 1964 0017 53       		.byte	0x53
 1965 0018 00000000 		.4byte	0
 1966 001c 00000000 		.4byte	0
 1967              	.LLST1:
 1968 0020 14000000 		.4byte	.LVL7
 1969 0024 18000000 		.4byte	.LVL8
 1970 0028 0300     		.2byte	0x3
 1971 002a 73       		.byte	0x73
 1972 002b 60       		.sleb128 -32
 1973 002c 9F       		.byte	0x9f
 1974 002d 18000000 		.4byte	.LVL8
 1975 0031 1E000000 		.4byte	.LVL9
 1976 0035 0100     		.2byte	0x1
 1977 0037 52       		.byte	0x52
 1978 0038 1E000000 		.4byte	.LVL9
 1979 003c 44000000 		.4byte	.LVL10
 1980 0040 0300     		.2byte	0x3
 1981 0042 73       		.byte	0x73
 1982 0043 60       		.sleb128 -32
 1983 0044 9F       		.byte	0x9f
 1984 0045 4A000000 		.4byte	.LVL11
 1985 0049 74000000 		.4byte	.LFE10
 1986 004d 0300     		.2byte	0x3
 1987 004f 73       		.byte	0x73
 1988 0050 60       		.sleb128 -32
 1989 0051 9F       		.byte	0x9f
 1990 0052 00000000 		.4byte	0
 1991 0056 00000000 		.4byte	0
 1992              		.section	.debug_aranges,"",%progbits
 1993 0000 4C000000 		.4byte	0x4c
 1994 0004 0200     		.2byte	0x2
 1995 0006 00000000 		.4byte	.Ldebug_info0
ARM GAS  /tmp/ccXBKlvH.s 			page 36


 1996 000a 04       		.byte	0x4
 1997 000b 00       		.byte	0
 1998 000c 0000     		.2byte	0
 1999 000e 0000     		.2byte	0
 2000 0010 00000000 		.4byte	.LFB11
 2001 0014 06000000 		.4byte	.LFE11-.LFB11
 2002 0018 00000000 		.4byte	.LFB8
 2003 001c 12000000 		.4byte	.LFE8-.LFB8
 2004 0020 00000000 		.4byte	.LFB9
 2005 0024 34000000 		.4byte	.LFE9-.LFB9
 2006 0028 00000000 		.4byte	.LFB10
 2007 002c 74000000 		.4byte	.LFE10-.LFB10
 2008 0030 00000000 		.4byte	.LFB7
 2009 0034 1A000000 		.4byte	.LFE7-.LFB7
 2010 0038 00000000 		.4byte	.LFB12
 2011 003c 10000000 		.4byte	.LFE12-.LFB12
 2012 0040 00000000 		.4byte	.LFB13
 2013 0044 10000000 		.4byte	.LFE13-.LFB13
 2014 0048 00000000 		.4byte	0
 2015 004c 00000000 		.4byte	0
 2016              		.section	.debug_ranges,"",%progbits
 2017              	.Ldebug_ranges0:
 2018 0000 10000000 		.4byte	.LBB16
 2019 0004 44000000 		.4byte	.LBE16
 2020 0008 4A000000 		.4byte	.LBB17
 2021 000c 74000000 		.4byte	.LBE17
 2022 0010 00000000 		.4byte	0
 2023 0014 00000000 		.4byte	0
 2024 0018 00000000 		.4byte	.LFB11
 2025 001c 06000000 		.4byte	.LFE11
 2026 0020 00000000 		.4byte	.LFB8
 2027 0024 12000000 		.4byte	.LFE8
 2028 0028 00000000 		.4byte	.LFB9
 2029 002c 34000000 		.4byte	.LFE9
 2030 0030 00000000 		.4byte	.LFB10
 2031 0034 74000000 		.4byte	.LFE10
 2032 0038 00000000 		.4byte	.LFB7
 2033 003c 1A000000 		.4byte	.LFE7
 2034 0040 00000000 		.4byte	.LFB12
 2035 0044 10000000 		.4byte	.LFE12
 2036 0048 00000000 		.4byte	.LFB13
 2037 004c 10000000 		.4byte	.LFE13
 2038 0050 00000000 		.4byte	0
 2039 0054 00000000 		.4byte	0
 2040              		.section	.debug_line,"",%progbits
 2041              	.Ldebug_line0:
 2042 0000 D8020000 		.section	.debug_str,"MS",%progbits,1
 2042      02003102 
 2042      00000201 
 2042      FB0E0D00 
 2042      01010101 
 2043              	.LASF37:
 2044 0000 705F6D73 		.ascii	"p_msg\000"
 2044      6700
 2045              	.LASF80:
 2046 0006 7264796D 		.ascii	"rdymsg\000"
 2046      736700
ARM GAS  /tmp/ccXBKlvH.s 			page 37


 2047              	.LASF5:
 2048 000d 5F5F7569 		.ascii	"__uint8_t\000"
 2048      6E74385F 
 2048      7400
 2049              	.LASF67:
 2050 0017 434D785F 		.ascii	"CMx_SCB\000"
 2050      53434200 
 2051              	.LASF95:
 2052 001f 63685379 		.ascii	"chSysTimerHandlerI\000"
 2052      7354696D 
 2052      65724861 
 2052      6E646C65 
 2052      724900
 2053              	.LASF96:
 2054 0032 474E5520 		.ascii	"GNU C 4.9.3 20150529 (release) [ARM/embedded-4_9-br"
 2054      4320342E 
 2054      392E3320 
 2054      32303135 
 2054      30353239 
 2055 0065 616E6368 		.ascii	"anch revision 227977] -mcpu=cortex-m3 -mno-thumb-in"
 2055      20726576 
 2055      6973696F 
 2055      6E203232 
 2055      37393737 
 2056 0098 74657277 		.ascii	"terwork -mthumb -ggdb -O2 -std=gnu99 -fomit-frame-p"
 2056      6F726B20 
 2056      2D6D7468 
 2056      756D6220 
 2056      2D676764 
 2057 00cb 6F696E74 		.ascii	"ointer -falign-functions=16 -ffunction-sections -fd"
 2057      6572202D 
 2057      66616C69 
 2057      676E2D66 
 2057      756E6374 
 2058 00fe 6174612D 		.ascii	"ata-sections -fno-common\000"
 2058      73656374 
 2058      696F6E73 
 2058      202D666E 
 2058      6F2D636F 
 2059              	.LASF11:
 2060 0117 6C6F6E67 		.ascii	"long long unsigned int\000"
 2060      206C6F6E 
 2060      6720756E 
 2060      7369676E 
 2060      65642069 
 2061              	.LASF97:
 2062 012e 2F686F6D 		.ascii	"/home/nicolas/Escritorio/Embebidos/stamp_repo/files"
 2062      652F6E69 
 2062      636F6C61 
 2062      732F4573 
 2062      63726974 
 2063 0161 2F636F64 		.ascii	"/code/ext/ChibiOS/os/ports/GCC/ARMCMx/chcore_v7m.c\000"
 2063      652F6578 
 2063      742F4368 
 2063      6962694F 
 2063      532F6F73 
 2064              	.LASF81:
ARM GAS  /tmp/ccXBKlvH.s 			page 38


 2065 0194 65786974 		.ascii	"exitcode\000"
 2065      636F6465 
 2065      00
 2066              	.LASF52:
 2067 019d 43505549 		.ascii	"CPUID\000"
 2067      4400
 2068              	.LASF26:
 2069 01a3 705F7072 		.ascii	"p_prio\000"
 2069      696F00
 2070              	.LASF10:
 2071 01aa 6C6F6E67 		.ascii	"long long int\000"
 2071      206C6F6E 
 2071      6720696E 
 2071      7400
 2072              	.LASF1:
 2073 01b8 7369676E 		.ascii	"signed char\000"
 2073      65642063 
 2073      68617200 
 2074              	.LASF41:
 2075 01c4 705F6D70 		.ascii	"p_mpool\000"
 2075      6F6F6C00 
 2076              	.LASF77:
 2077 01cc 6D5F7175 		.ascii	"m_queue\000"
 2077      65756500 
 2078              	.LASF7:
 2079 01d4 6C6F6E67 		.ascii	"long int\000"
 2079      20696E74 
 2079      00
 2080              	.LASF87:
 2081 01dd 53564361 		.ascii	"SVCallVector\000"
 2081      6C6C5665 
 2081      63746F72 
 2081      00
 2082              	.LASF16:
 2083 01ea 74737461 		.ascii	"tstate_t\000"
 2083      74655F74 
 2083      00
 2084              	.LASF91:
 2085 01f3 5F706F72 		.ascii	"_port_thread_start\000"
 2085      745F7468 
 2085      72656164 
 2085      5F737461 
 2085      727400
 2086              	.LASF28:
 2087 0206 705F6E65 		.ascii	"p_newer\000"
 2087      77657200 
 2088              	.LASF62:
 2089 020e 42464152 		.ascii	"BFAR\000"
 2089      00
 2090              	.LASF8:
 2091 0213 5F5F7569 		.ascii	"__uint32_t\000"
 2091      6E743332 
 2091      5F7400
 2092              	.LASF93:
 2093 021e 6E766963 		.ascii	"nvicSetSystemHandlerPriority\000"
 2093      53657453 
 2093      79737465 
ARM GAS  /tmp/ccXBKlvH.s 			page 39


 2093      6D48616E 
 2093      646C6572 
 2094              	.LASF44:
 2095 023b 72656761 		.ascii	"regarm_t\000"
 2095      726D5F74 
 2095      00
 2096              	.LASF94:
 2097 0244 63685363 		.ascii	"chSchDoReschedule\000"
 2097      68446F52 
 2097      65736368 
 2097      6564756C 
 2097      6500
 2098              	.LASF22:
 2099 0256 636E745F 		.ascii	"cnt_t\000"
 2099      7400
 2100              	.LASF0:
 2101 025c 756E7369 		.ascii	"unsigned int\000"
 2101      676E6564 
 2101      20696E74 
 2101      00
 2102              	.LASF46:
 2103 0269 6C725F74 		.ascii	"lr_thd\000"
 2103      686400
 2104              	.LASF45:
 2105 0270 65787463 		.ascii	"extctx\000"
 2105      747800
 2106              	.LASF90:
 2107 0277 5F706F72 		.ascii	"_port_switch\000"
 2107      745F7377 
 2107      69746368 
 2107      00
 2108              	.LASF9:
 2109 0284 6C6F6E67 		.ascii	"long unsigned int\000"
 2109      20756E73 
 2109      69676E65 
 2109      6420696E 
 2109      7400
 2110              	.LASF54:
 2111 0296 56544F52 		.ascii	"VTOR\000"
 2111      00
 2112              	.LASF86:
 2113 029b 5F706F72 		.ascii	"_port_switch_from_isr\000"
 2113      745F7377 
 2113      69746368 
 2113      5F66726F 
 2113      6D5F6973 
 2114              	.LASF49:
 2115 02b1 636F6E74 		.ascii	"context\000"
 2115      65787400 
 2116              	.LASF4:
 2117 02b9 73686F72 		.ascii	"short unsigned int\000"
 2117      7420756E 
 2117      7369676E 
 2117      65642069 
 2117      6E7400
 2118              	.LASF53:
 2119 02cc 49435352 		.ascii	"ICSR\000"
ARM GAS  /tmp/ccXBKlvH.s 			page 40


 2119      00
 2120              	.LASF19:
 2121 02d1 6D73675F 		.ascii	"msg_t\000"
 2121      7400
 2122              	.LASF55:
 2123 02d7 41495243 		.ascii	"AIRCR\000"
 2123      5200
 2124              	.LASF60:
 2125 02dd 44465352 		.ascii	"DFSR\000"
 2125      00
 2126              	.LASF71:
 2127 02e2 725F6E65 		.ascii	"r_newer\000"
 2127      77657200 
 2128              	.LASF61:
 2129 02ea 4D4D4641 		.ascii	"MMFAR\000"
 2129      5200
 2130              	.LASF92:
 2131 02f0 5F706F72 		.ascii	"_port_irq_epilogue\000"
 2131      745F6972 
 2131      715F6570 
 2131      696C6F67 
 2131      756500
 2132              	.LASF15:
 2133 0303 746D6F64 		.ascii	"tmode_t\000"
 2133      655F7400 
 2134              	.LASF43:
 2135 030b 54687265 		.ascii	"ThreadsList\000"
 2135      6164734C 
 2135      69737400 
 2136              	.LASF20:
 2137 0317 6576656E 		.ascii	"eventmask_t\000"
 2137      746D6173 
 2137      6B5F7400 
 2138              	.LASF76:
 2139 0323 4D757465 		.ascii	"Mutex\000"
 2139      7800
 2140              	.LASF51:
 2141 0329 73697A65 		.ascii	"sizetype\000"
 2141      74797065 
 2141      00
 2142              	.LASF58:
 2143 0332 43465352 		.ascii	"CFSR\000"
 2143      00
 2144              	.LASF29:
 2145 0337 705F6F6C 		.ascii	"p_older\000"
 2145      64657200 
 2146              	.LASF70:
 2147 033f 725F6374 		.ascii	"r_ctx\000"
 2147      7800
 2148              	.LASF42:
 2149 0345 54687265 		.ascii	"ThreadsQueue\000"
 2149      61647351 
 2149      75657565 
 2149      00
 2150              	.LASF74:
 2151 0352 725F6375 		.ascii	"r_current\000"
 2151      7272656E 
ARM GAS  /tmp/ccXBKlvH.s 			page 41


 2151      7400
 2152              	.LASF72:
 2153 035c 725F6F6C 		.ascii	"r_older\000"
 2153      64657200 
 2154              	.LASF17:
 2155 0364 74726566 		.ascii	"trefs_t\000"
 2155      735F7400 
 2156              	.LASF85:
 2157 036c 63747870 		.ascii	"ctxp\000"
 2157      00
 2158              	.LASF25:
 2159 0371 705F7072 		.ascii	"p_prev\000"
 2159      657600
 2160              	.LASF18:
 2161 0378 74707269 		.ascii	"tprio_t\000"
 2161      6F5F7400 
 2162              	.LASF13:
 2163 0380 696E7433 		.ascii	"int32_t\000"
 2163      325F7400 
 2164              	.LASF2:
 2165 0388 756E7369 		.ascii	"unsigned char\000"
 2165      676E6564 
 2165      20636861 
 2165      7200
 2166              	.LASF57:
 2167 0396 53484353 		.ascii	"SHCSR\000"
 2167      5200
 2168              	.LASF39:
 2169 039c 705F6D74 		.ascii	"p_mtxlist\000"
 2169      786C6973 
 2169      7400
 2170              	.LASF3:
 2171 03a6 73686F72 		.ascii	"short int\000"
 2171      7420696E 
 2171      7400
 2172              	.LASF31:
 2173 03b0 705F7374 		.ascii	"p_state\000"
 2173      61746500 
 2174              	.LASF47:
 2175 03b8 78707372 		.ascii	"xpsr\000"
 2175      00
 2176              	.LASF69:
 2177 03bd 725F7072 		.ascii	"r_prio\000"
 2177      696F00
 2178              	.LASF83:
 2179 03c4 65776D61 		.ascii	"ewmask\000"
 2179      736B00
 2180              	.LASF24:
 2181 03cb 705F6E65 		.ascii	"p_next\000"
 2181      787400
 2182              	.LASF32:
 2183 03d2 705F666C 		.ascii	"p_flags\000"
 2183      61677300 
 2184              	.LASF23:
 2185 03da 54687265 		.ascii	"Thread\000"
 2185      616400
 2186              	.LASF38:
ARM GAS  /tmp/ccXBKlvH.s 			page 42


 2187 03e1 705F6570 		.ascii	"p_epending\000"
 2187      656E6469 
 2187      6E6700
 2188              	.LASF14:
 2189 03ec 75696E74 		.ascii	"uint32_t\000"
 2189      33325F74 
 2189      00
 2190              	.LASF68:
 2191 03f5 725F7175 		.ascii	"r_queue\000"
 2191      65756500 
 2192              	.LASF63:
 2193 03fd 41465352 		.ascii	"AFSR\000"
 2193      00
 2194              	.LASF65:
 2195 0402 756E7573 		.ascii	"unused1\000"
 2195      65643100 
 2196              	.LASF84:
 2197 040a 63686172 		.ascii	"char\000"
 2197      00
 2198              	.LASF50:
 2199 040f 494F5245 		.ascii	"IOREG32\000"
 2199      47333200 
 2200              	.LASF89:
 2201 0417 53797354 		.ascii	"SysTickVector\000"
 2201      69636B56 
 2201      6563746F 
 2201      7200
 2202              	.LASF79:
 2203 0425 6D5F6E65 		.ascii	"m_next\000"
 2203      787400
 2204              	.LASF21:
 2205 042c 73797374 		.ascii	"systime_t\000"
 2205      696D655F 
 2205      7400
 2206              	.LASF40:
 2207 0436 705F7265 		.ascii	"p_realprio\000"
 2207      616C7072 
 2207      696F00
 2208              	.LASF6:
 2209 0441 5F5F696E 		.ascii	"__int32_t\000"
 2209      7433325F 
 2209      7400
 2210              	.LASF73:
 2211 044b 725F7072 		.ascii	"r_preempt\000"
 2211      65656D70 
 2211      7400
 2212              	.LASF34:
 2213 0455 705F7469 		.ascii	"p_time\000"
 2213      6D6500
 2214              	.LASF56:
 2215 045c 53485052 		.ascii	"SHPR\000"
 2215      00
 2216              	.LASF48:
 2217 0461 696E7463 		.ascii	"intctx\000"
 2217      747800
 2218              	.LASF36:
 2219 0468 705F6D73 		.ascii	"p_msgqueue\000"
ARM GAS  /tmp/ccXBKlvH.s 			page 43


 2219      67717565 
 2219      756500
 2220              	.LASF33:
 2221 0473 705F7265 		.ascii	"p_refs\000"
 2221      667300
 2222              	.LASF75:
 2223 047a 52656164 		.ascii	"ReadyList\000"
 2223      794C6973 
 2223      7400
 2224              	.LASF64:
 2225 0484 4D4D4652 		.ascii	"MMFR\000"
 2225      00
 2226              	.LASF98:
 2227 0489 726C6973 		.ascii	"rlist\000"
 2227      7400
 2228              	.LASF12:
 2229 048f 75696E74 		.ascii	"uint8_t\000"
 2229      385F7400 
 2230              	.LASF88:
 2231 0497 5F706F72 		.ascii	"_port_init\000"
 2231      745F696E 
 2231      697400
 2232              	.LASF82:
 2233 04a2 77746F62 		.ascii	"wtobjp\000"
 2233      6A7000
 2234              	.LASF30:
 2235 04a9 705F6E61 		.ascii	"p_name\000"
 2235      6D6500
 2236              	.LASF66:
 2237 04b0 43504143 		.ascii	"CPACR\000"
 2237      5200
 2238              	.LASF59:
 2239 04b6 48465352 		.ascii	"HFSR\000"
 2239      00
 2240              	.LASF78:
 2241 04bb 6D5F6F77 		.ascii	"m_owner\000"
 2241      6E657200 
 2242              	.LASF27:
 2243 04c3 705F6374 		.ascii	"p_ctx\000"
 2243      7800
 2244              	.LASF35:
 2245 04c9 705F7761 		.ascii	"p_waiting\000"
 2245      6974696E 
 2245      6700
 2246              		.ident	"GCC: (GNU Tools for ARM Embedded Processors) 4.9.3 20150529 (release) [ARM/embedded-4_9-br
ARM GAS  /tmp/ccXBKlvH.s 			page 44


DEFINED SYMBOLS
                            *ABS*:00000000 chcore_v7m.c
     /tmp/ccXBKlvH.s:19     .text._port_switch_from_isr:00000000 $t
     /tmp/ccXBKlvH.s:25     .text._port_switch_from_isr:00000000 _port_switch_from_isr
     /tmp/ccXBKlvH.s:38     .text._port_switch_from_isr:00000004 _port_exit_from_isr
     /tmp/ccXBKlvH.s:50     .text.SVCallVector:00000000 $t
     /tmp/ccXBKlvH.s:56     .text.SVCallVector:00000000 SVCallVector
     /tmp/ccXBKlvH.s:91     .text._port_init:00000000 $t
     /tmp/ccXBKlvH.s:97     .text._port_init:00000000 _port_init
     /tmp/ccXBKlvH.s:139    .text._port_init:0000002c $d
     /tmp/ccXBKlvH.s:145    .text._port_irq_epilogue:00000000 $t
     /tmp/ccXBKlvH.s:151    .text._port_irq_epilogue:00000000 _port_irq_epilogue
     /tmp/ccXBKlvH.s:246    .text._port_irq_epilogue:00000064 $d
     /tmp/ccXBKlvH.s:256    .text.SysTickVector:00000000 $t
     /tmp/ccXBKlvH.s:262    .text.SysTickVector:00000000 SysTickVector
     /tmp/ccXBKlvH.s:303    .text._port_switch:00000000 $t
     /tmp/ccXBKlvH.s:309    .text._port_switch:00000000 _port_switch
     /tmp/ccXBKlvH.s:336    .text._port_thread_start:00000000 $t
     /tmp/ccXBKlvH.s:342    .text._port_thread_start:00000000 _port_thread_start
                     .debug_frame:00000010 $d

UNDEFINED SYMBOLS
chSchDoReschedule
nvicSetSystemHandlerPriority
rlist
chSysTimerHandlerI
chThdExit
