ARM GAS  /tmp/ccXL6Rl7.s 			page 1


   1              		.syntax unified
   2              		.cpu cortex-m3
   3              		.fpu softvfp
   4              		.eabi_attribute 20, 1
   5              		.eabi_attribute 21, 1
   6              		.eabi_attribute 23, 3
   7              		.eabi_attribute 24, 1
   8              		.eabi_attribute 25, 1
   9              		.eabi_attribute 26, 1
  10              		.eabi_attribute 30, 2
  11              		.eabi_attribute 34, 1
  12              		.eabi_attribute 18, 4
  13              		.thumb
  14              		.file	"chdynamic.c"
  15              		.text
  16              	.Ltext0:
  17              		.cfi_sections	.debug_frame
  18              		.section	.text.chThdAddRef,"ax",%progbits
  19              		.align	2
  20              		.p2align 4,,15
  21              		.global	chThdAddRef
  22              		.thumb
  23              		.thumb_func
  24              		.type	chThdAddRef, %function
  25              	chThdAddRef:
  26              	.LFB7:
  27              		.file 1 "/home/nicolas/Escritorio/Embebidos/stamp_repo/files/code/ext/ChibiOS/os/kernel/src/chdyna
  28              		.loc 1 52 0
  29              		.cfi_startproc
  30              		@ args = 0, pretend = 0, frame = 0
  31              		@ frame_needed = 0, uses_anonymous_args = 0
  32              		@ link register save eliminated.
  33              	.LVL0:
  34              	.LBB2:
  35              		.loc 1 54 0
  36 0000 2023     		movs	r3, #32
  37              	@ 54 "/home/nicolas/Escritorio/Embebidos/stamp_repo/files/code/ext/ChibiOS/os/kernel/src/chdynamic.
  38 0002 83F31188 		msr     BASEPRI, r3
  39              	@ 0 "" 2
  40              		.thumb
  41              	.LBE2:
  42              		.loc 1 56 0
  43 0006 827F     		ldrb	r2, [r0, #30]	@ zero_extendqisi2
  44              	.LBB3:
  45              		.loc 1 57 0
  46 0008 0023     		movs	r3, #0
  47              	.LBE3:
  48              		.loc 1 56 0
  49 000a 0132     		adds	r2, r2, #1
  50 000c 8277     		strb	r2, [r0, #30]
  51              	.LBB4:
  52              		.loc 1 57 0
  53              	@ 57 "/home/nicolas/Escritorio/Embebidos/stamp_repo/files/code/ext/ChibiOS/os/kernel/src/chdynamic.
  54 000e 83F31188 		msr     BASEPRI, r3
  55              	@ 0 "" 2
  56              		.thumb
  57              	.LBE4:
ARM GAS  /tmp/ccXL6Rl7.s 			page 2


  58              		.loc 1 59 0
  59 0012 7047     		bx	lr
  60              		.cfi_endproc
  61              	.LFE7:
  62              		.size	chThdAddRef, .-chThdAddRef
  63              		.section	.text.chThdRelease,"ax",%progbits
  64              		.align	2
  65              		.p2align 4,,15
  66              		.global	chThdRelease
  67              		.thumb
  68              		.thumb_func
  69              		.type	chThdRelease, %function
  70              	chThdRelease:
  71              	.LFB8:
  72              		.loc 1 74 0
  73              		.cfi_startproc
  74              		@ args = 0, pretend = 0, frame = 0
  75              		@ frame_needed = 0, uses_anonymous_args = 0
  76              		@ link register save eliminated.
  77              	.LVL1:
  78              		.loc 1 74 0
  79 0000 0146     		mov	r1, r0
  80              	.LBB5:
  81              		.loc 1 77 0
  82 0002 2023     		movs	r3, #32
  83              	@ 77 "/home/nicolas/Escritorio/Embebidos/stamp_repo/files/code/ext/ChibiOS/os/kernel/src/chdynamic.
  84 0004 83F31188 		msr     BASEPRI, r3
  85              	@ 0 "" 2
  86              		.thumb
  87              	.LBE5:
  88              		.loc 1 79 0
  89 0008 827F     		ldrb	r2, [r0, #30]	@ zero_extendqisi2
  90              	.LBB6:
  91              		.loc 1 80 0
  92 000a 0023     		movs	r3, #0
  93              	.LBE6:
  94              		.loc 1 79 0
  95 000c 013A     		subs	r2, r2, #1
  96 000e D2B2     		uxtb	r2, r2
  97 0010 8277     		strb	r2, [r0, #30]
  98              	.LVL2:
  99              	.LBB7:
 100              		.loc 1 80 0
 101              	@ 80 "/home/nicolas/Escritorio/Embebidos/stamp_repo/files/code/ext/ChibiOS/os/kernel/src/chdynamic.
 102 0012 83F31188 		msr     BASEPRI, r3
 103              	@ 0 "" 2
 104              		.thumb
 105              	.LBE7:
 106              		.loc 1 85 0
 107 0016 12B9     		cbnz	r2, .L2
 108              		.loc 1 85 0 is_stmt 0 discriminator 1
 109 0018 037F     		ldrb	r3, [r0, #28]	@ zero_extendqisi2
 110 001a 0E2B     		cmp	r3, #14
 111 001c 00D0     		beq	.L7
 112              	.L2:
 113 001e 7047     		bx	lr
 114              	.L7:
ARM GAS  /tmp/ccXL6Rl7.s 			page 3


 115              		.loc 1 86 0 is_stmt 1
 116 0020 437F     		ldrb	r3, [r0, #29]	@ zero_extendqisi2
 117 0022 03F00303 		and	r3, r3, #3
 118 0026 012B     		cmp	r3, #1
 119 0028 02D0     		beq	.L4
 120 002a 022B     		cmp	r3, #2
 121 002c 07D0     		beq	.L5
 122 002e 7047     		bx	lr
 123              	.L4:
 124              		.loc 1 90 0
 125 0030 0269     		ldr	r2, [r0, #16]
 126              	.LVL3:
 127 0032 4369     		ldr	r3, [r0, #20]
 128 0034 1A61     		str	r2, [r3, #16]
 129 0036 0269     		ldr	r2, [r0, #16]
 130 0038 5361     		str	r3, [r2, #20]
 131              		.loc 1 92 0
 132 003a FFF7FEBF 		b	chHeapFree
 133              	.LVL4:
 134              	.L5:
 135              		.loc 1 98 0
 136 003e 0269     		ldr	r2, [r0, #16]
 137              	.LVL5:
 138 0040 4369     		ldr	r3, [r0, #20]
 139              		.loc 1 100 0
 140 0042 406C     		ldr	r0, [r0, #68]
 141              	.LVL6:
 142              		.loc 1 98 0
 143 0044 1A61     		str	r2, [r3, #16]
 144 0046 0A69     		ldr	r2, [r1, #16]
 145 0048 5361     		str	r3, [r2, #20]
 146              		.loc 1 100 0
 147 004a FFF7FEBF 		b	chPoolFree
 148              	.LVL7:
 149              		.cfi_endproc
 150              	.LFE8:
 151              		.size	chThdRelease, .-chThdRelease
 152 004e 00BF     		.section	.text.chThdCreateFromHeap,"ax",%progbits
 153              		.align	2
 154              		.p2align 4,,15
 155              		.global	chThdCreateFromHeap
 156              		.thumb
 157              		.thumb_func
 158              		.type	chThdCreateFromHeap, %function
 159              	chThdCreateFromHeap:
 160              	.LFB9:
 161              		.loc 1 131 0
 162              		.cfi_startproc
 163              		@ args = 4, pretend = 0, frame = 0
 164              		@ frame_needed = 0, uses_anonymous_args = 0
 165              	.LVL8:
 166 0000 F0B5     		push	{r4, r5, r6, r7, lr}
 167              		.cfi_def_cfa_offset 20
 168              		.cfi_offset 4, -20
 169              		.cfi_offset 5, -16
 170              		.cfi_offset 6, -12
 171              		.cfi_offset 7, -8
ARM GAS  /tmp/ccXL6Rl7.s 			page 4


 172              		.cfi_offset 14, -4
 173 0002 83B0     		sub	sp, sp, #12
 174              		.cfi_def_cfa_offset 32
 175              		.loc 1 131 0
 176 0004 1646     		mov	r6, r2
 177 0006 1D46     		mov	r5, r3
 178 0008 0F46     		mov	r7, r1
 179              		.loc 1 135 0
 180 000a FFF7FEFF 		bl	chHeapAlloc
 181              	.LVL9:
 182              		.loc 1 136 0
 183 000e 98B1     		cbz	r0, .L9
 184              	.LBB8:
 185              		.loc 1 148 0
 186 0010 2023     		movs	r3, #32
 187              	@ 148 "/home/nicolas/Escritorio/Embebidos/stamp_repo/files/code/ext/ChibiOS/os/kernel/src/chdynamic
 188 0012 83F31188 		msr     BASEPRI, r3
 189              	@ 0 "" 2
 190              		.thumb
 191              	.LBE8:
 192              		.loc 1 149 0
 193 0016 089B     		ldr	r3, [sp, #32]
 194 0018 3946     		mov	r1, r7
 195 001a 0093     		str	r3, [sp]
 196 001c 3246     		mov	r2, r6
 197 001e 2B46     		mov	r3, r5
 198 0020 FFF7FEFF 		bl	chThdCreateI
 199              	.LVL10:
 200              		.loc 1 150 0
 201 0024 0123     		movs	r3, #1
 202 0026 4377     		strb	r3, [r0, #29]
 203              		.loc 1 151 0
 204 0028 0021     		movs	r1, #0
 205              		.loc 1 149 0
 206 002a 0446     		mov	r4, r0
 207              	.LVL11:
 208              		.loc 1 151 0
 209 002c FFF7FEFF 		bl	chSchWakeupS
 210              	.LVL12:
 211              	.LBB9:
 212              		.loc 1 152 0
 213 0030 0023     		movs	r3, #0
 214              	@ 152 "/home/nicolas/Escritorio/Embebidos/stamp_repo/files/code/ext/ChibiOS/os/kernel/src/chdynamic
 215 0032 83F31188 		msr     BASEPRI, r3
 216              	@ 0 "" 2
 217              		.thumb
 218              	.LBE9:
 219              		.loc 1 153 0
 220 0036 2046     		mov	r0, r4
 221              	.LVL13:
 222              	.L9:
 223              		.loc 1 154 0
 224 0038 03B0     		add	sp, sp, #12
 225              		.cfi_def_cfa_offset 20
 226              		@ sp needed
 227 003a F0BD     		pop	{r4, r5, r6, r7, pc}
 228              		.cfi_endproc
ARM GAS  /tmp/ccXL6Rl7.s 			page 5


 229              	.LFE9:
 230              		.size	chThdCreateFromHeap, .-chThdCreateFromHeap
 231              		.section	.text.chThdCreateFromMemoryPool,"ax",%progbits
 232              		.align	2
 233              		.p2align 4,,15
 234              		.global	chThdCreateFromMemoryPool
 235              		.thumb
 236              		.thumb_func
 237              		.type	chThdCreateFromMemoryPool, %function
 238              	chThdCreateFromMemoryPool:
 239              	.LFB10:
 240              		.loc 1 180 0
 241              		.cfi_startproc
 242              		@ args = 0, pretend = 0, frame = 0
 243              		@ frame_needed = 0, uses_anonymous_args = 0
 244              	.LVL14:
 245 0000 2DE9F041 		push	{r4, r5, r6, r7, r8, lr}
 246              		.cfi_def_cfa_offset 24
 247              		.cfi_offset 4, -24
 248              		.cfi_offset 5, -20
 249              		.cfi_offset 6, -16
 250              		.cfi_offset 7, -12
 251              		.cfi_offset 8, -8
 252              		.cfi_offset 14, -4
 253 0004 82B0     		sub	sp, sp, #8
 254              		.cfi_def_cfa_offset 32
 255              		.loc 1 180 0
 256 0006 0F46     		mov	r7, r1
 257 0008 1646     		mov	r6, r2
 258 000a 9846     		mov	r8, r3
 259 000c 0546     		mov	r5, r0
 260              		.loc 1 186 0
 261 000e FFF7FEFF 		bl	chPoolAlloc
 262              	.LVL15:
 263              		.loc 1 187 0
 264 0012 A0B1     		cbz	r0, .L13
 265              	.LBB10:
 266              		.loc 1 199 0
 267 0014 2023     		movs	r3, #32
 268              	@ 199 "/home/nicolas/Escritorio/Embebidos/stamp_repo/files/code/ext/ChibiOS/os/kernel/src/chdynamic
 269 0016 83F31188 		msr     BASEPRI, r3
 270              	@ 0 "" 2
 271              		.thumb
 272              	.LBE10:
 273              		.loc 1 200 0
 274 001a 6968     		ldr	r1, [r5, #4]
 275 001c 3A46     		mov	r2, r7
 276 001e 3346     		mov	r3, r6
 277 0020 CDF80080 		str	r8, [sp]
 278 0024 FFF7FEFF 		bl	chThdCreateI
 279              	.LVL16:
 280              		.loc 1 201 0
 281 0028 0223     		movs	r3, #2
 282 002a 4377     		strb	r3, [r0, #29]
 283              		.loc 1 202 0
 284 002c 4564     		str	r5, [r0, #68]
 285              		.loc 1 203 0
ARM GAS  /tmp/ccXL6Rl7.s 			page 6


 286 002e 0021     		movs	r1, #0
 287              		.loc 1 200 0
 288 0030 0446     		mov	r4, r0
 289              	.LVL17:
 290              		.loc 1 203 0
 291 0032 FFF7FEFF 		bl	chSchWakeupS
 292              	.LVL18:
 293              	.LBB11:
 294              		.loc 1 204 0
 295 0036 0023     		movs	r3, #0
 296              	@ 204 "/home/nicolas/Escritorio/Embebidos/stamp_repo/files/code/ext/ChibiOS/os/kernel/src/chdynamic
 297 0038 83F31188 		msr     BASEPRI, r3
 298              	@ 0 "" 2
 299              		.thumb
 300              	.LBE11:
 301              		.loc 1 205 0
 302 003c 2046     		mov	r0, r4
 303              	.LVL19:
 304              	.L13:
 305              		.loc 1 206 0
 306 003e 02B0     		add	sp, sp, #8
 307              		.cfi_def_cfa_offset 24
 308              		@ sp needed
 309 0040 BDE8F081 		pop	{r4, r5, r6, r7, r8, pc}
 310              		.cfi_endproc
 311              	.LFE10:
 312              		.size	chThdCreateFromMemoryPool, .-chThdCreateFromMemoryPool
 313              		.text
 314              	.Letext0:
 315              		.file 2 "/opt/gcc-arm-none-eabi-4_9-2015q3/lib/gcc/arm-none-eabi/4.9.3/include/stddef.h"
 316              		.file 3 "/opt/gcc-arm-none-eabi-4_9-2015q3/arm-none-eabi/include/machine/_default_types.h"
 317              		.file 4 "/opt/gcc-arm-none-eabi-4_9-2015q3/arm-none-eabi/include/sys/_stdint.h"
 318              		.file 5 "/home/nicolas/Escritorio/Embebidos/stamp_repo/files/code/ext/ChibiOS/os/ports/GCC/ARMCMx/
 319              		.file 6 "/home/nicolas/Escritorio/Embebidos/stamp_repo/files/code/ext/ChibiOS/os/kernel/include/ch
 320              		.file 7 "/home/nicolas/Escritorio/Embebidos/stamp_repo/files/code/ext/ChibiOS/os/kernel/include/ch
 321              		.file 8 "/home/nicolas/Escritorio/Embebidos/stamp_repo/files/code/ext/ChibiOS/os/ports/GCC/ARMCMx/
 322              		.file 9 "/home/nicolas/Escritorio/Embebidos/stamp_repo/files/code/ext/ChibiOS/os/kernel/include/ch
 323              		.file 10 "/home/nicolas/Escritorio/Embebidos/stamp_repo/files/code/ext/ChibiOS/os/kernel/include/c
 324              		.file 11 "/home/nicolas/Escritorio/Embebidos/stamp_repo/files/code/ext/ChibiOS/os/kernel/include/c
 325              		.file 12 "/home/nicolas/Escritorio/Embebidos/stamp_repo/files/code/ext/ChibiOS/os/kernel/include/c
 326              		.file 13 "/home/nicolas/Escritorio/Embebidos/stamp_repo/files/code/ext/ChibiOS/os/kernel/include/c
 327              		.section	.debug_info,"",%progbits
 328              	.Ldebug_info0:
 329 0000 65080000 		.4byte	0x865
 330 0004 0400     		.2byte	0x4
 331 0006 00000000 		.4byte	.Ldebug_abbrev0
 332 000a 04       		.byte	0x4
 333 000b 01       		.uleb128 0x1
 334 000c 47000000 		.4byte	.LASF89
 335 0010 01       		.byte	0x1
 336 0011 D7020000 		.4byte	.LASF90
 337 0015 30000000 		.4byte	.Ldebug_ranges0+0x30
 338 0019 00000000 		.4byte	0
 339 001d 00000000 		.4byte	.Ldebug_line0
 340 0021 02       		.uleb128 0x2
 341 0022 04       		.byte	0x4
 342 0023 05       		.byte	0x5
ARM GAS  /tmp/ccXL6Rl7.s 			page 7


 343 0024 696E7400 		.ascii	"int\000"
 344 0028 03       		.uleb128 0x3
 345 0029 0E000000 		.4byte	.LASF2
 346 002d 02       		.byte	0x2
 347 002e D4       		.byte	0xd4
 348 002f 33000000 		.4byte	0x33
 349 0033 04       		.uleb128 0x4
 350 0034 04       		.byte	0x4
 351 0035 07       		.byte	0x7
 352 0036 23020000 		.4byte	.LASF0
 353 003a 04       		.uleb128 0x4
 354 003b 01       		.byte	0x1
 355 003c 06       		.byte	0x6
 356 003d 73010000 		.4byte	.LASF1
 357 0041 03       		.uleb128 0x3
 358 0042 25000000 		.4byte	.LASF3
 359 0046 03       		.byte	0x3
 360 0047 1D       		.byte	0x1d
 361 0048 4C000000 		.4byte	0x4c
 362 004c 04       		.uleb128 0x4
 363 004d 01       		.byte	0x1
 364 004e 08       		.byte	0x8
 365 004f 6D030000 		.4byte	.LASF4
 366 0053 04       		.uleb128 0x4
 367 0054 02       		.byte	0x2
 368 0055 05       		.byte	0x5
 369 0056 90030000 		.4byte	.LASF5
 370 005a 04       		.uleb128 0x4
 371 005b 02       		.byte	0x2
 372 005c 07       		.byte	0x7
 373 005d 4F020000 		.4byte	.LASF6
 374 0061 03       		.uleb128 0x3
 375 0062 29040000 		.4byte	.LASF7
 376 0066 03       		.byte	0x3
 377 0067 3F       		.byte	0x3f
 378 0068 6C000000 		.4byte	0x6c
 379 006c 04       		.uleb128 0x4
 380 006d 04       		.byte	0x4
 381 006e 05       		.byte	0x5
 382 006f AD010000 		.4byte	.LASF8
 383 0073 03       		.uleb128 0x3
 384 0074 FD010000 		.4byte	.LASF9
 385 0078 03       		.byte	0x3
 386 0079 41       		.byte	0x41
 387 007a 7E000000 		.4byte	0x7e
 388 007e 04       		.uleb128 0x4
 389 007f 04       		.byte	0x4
 390 0080 07       		.byte	0x7
 391 0081 30020000 		.4byte	.LASF10
 392 0085 04       		.uleb128 0x4
 393 0086 08       		.byte	0x8
 394 0087 05       		.byte	0x5
 395 0088 65010000 		.4byte	.LASF11
 396 008c 03       		.uleb128 0x3
 397 008d 36030000 		.4byte	.LASF12
 398 0091 03       		.byte	0x3
 399 0092 5B       		.byte	0x5b
ARM GAS  /tmp/ccXL6Rl7.s 			page 8


 400 0093 97000000 		.4byte	0x97
 401 0097 04       		.uleb128 0x4
 402 0098 08       		.byte	0x8
 403 0099 07       		.byte	0x7
 404 009a 2C010000 		.4byte	.LASF13
 405 009e 03       		.uleb128 0x3
 406 009f 6C040000 		.4byte	.LASF14
 407 00a3 04       		.byte	0x4
 408 00a4 14       		.byte	0x14
 409 00a5 41000000 		.4byte	0x41
 410 00a9 03       		.uleb128 0x3
 411 00aa 65030000 		.4byte	.LASF15
 412 00ae 04       		.byte	0x4
 413 00af 1F       		.byte	0x1f
 414 00b0 61000000 		.4byte	0x61
 415 00b4 03       		.uleb128 0x3
 416 00b5 EF030000 		.4byte	.LASF16
 417 00b9 04       		.byte	0x4
 418 00ba 20       		.byte	0x20
 419 00bb 73000000 		.4byte	0x73
 420 00bf 03       		.uleb128 0x3
 421 00c0 1C000000 		.4byte	.LASF17
 422 00c4 04       		.byte	0x4
 423 00c5 26       		.byte	0x26
 424 00c6 8C000000 		.4byte	0x8c
 425 00ca 03       		.uleb128 0x3
 426 00cb 68020000 		.4byte	.LASF18
 427 00cf 05       		.byte	0x5
 428 00d0 2F       		.byte	0x2f
 429 00d1 9E000000 		.4byte	0x9e
 430 00d5 03       		.uleb128 0x3
 431 00d6 CA010000 		.4byte	.LASF19
 432 00da 05       		.byte	0x5
 433 00db 30       		.byte	0x30
 434 00dc 9E000000 		.4byte	0x9e
 435 00e0 03       		.uleb128 0x3
 436 00e1 49030000 		.4byte	.LASF20
 437 00e5 05       		.byte	0x5
 438 00e6 31       		.byte	0x31
 439 00e7 9E000000 		.4byte	0x9e
 440 00eb 03       		.uleb128 0x3
 441 00ec 5D030000 		.4byte	.LASF21
 442 00f0 05       		.byte	0x5
 443 00f1 32       		.byte	0x32
 444 00f2 B4000000 		.4byte	0xb4
 445 00f6 03       		.uleb128 0x3
 446 00f7 62020000 		.4byte	.LASF22
 447 00fb 05       		.byte	0x5
 448 00fc 33       		.byte	0x33
 449 00fd A9000000 		.4byte	0xa9
 450 0101 03       		.uleb128 0x3
 451 0102 7C020000 		.4byte	.LASF23
 452 0106 05       		.byte	0x5
 453 0107 35       		.byte	0x35
 454 0108 B4000000 		.4byte	0xb4
 455 010c 03       		.uleb128 0x3
 456 010d 14040000 		.4byte	.LASF24
ARM GAS  /tmp/ccXL6Rl7.s 			page 9


 457 0111 05       		.byte	0x5
 458 0112 36       		.byte	0x36
 459 0113 B4000000 		.4byte	0xb4
 460 0117 03       		.uleb128 0x3
 461 0118 D1030000 		.4byte	.LASF25
 462 011c 06       		.byte	0x6
 463 011d 2A       		.byte	0x2a
 464 011e 22010000 		.4byte	0x122
 465 0122 05       		.uleb128 0x5
 466 0123 D1030000 		.4byte	.LASF25
 467 0127 48       		.byte	0x48
 468 0128 07       		.byte	0x7
 469 0129 5E       		.byte	0x5e
 470 012a 13020000 		.4byte	0x213
 471 012e 06       		.uleb128 0x6
 472 012f B5030000 		.4byte	.LASF26
 473 0133 07       		.byte	0x7
 474 0134 5F       		.byte	0x5f
 475 0135 34020000 		.4byte	0x234
 476 0139 00       		.byte	0
 477 013a 06       		.uleb128 0x6
 478 013b 56030000 		.4byte	.LASF27
 479 013f 07       		.byte	0x7
 480 0140 61       		.byte	0x61
 481 0141 34020000 		.4byte	0x234
 482 0145 04       		.byte	0x4
 483 0146 06       		.uleb128 0x6
 484 0147 5E010000 		.4byte	.LASF28
 485 014b 07       		.byte	0x7
 486 014c 63       		.byte	0x63
 487 014d EB000000 		.4byte	0xeb
 488 0151 08       		.byte	0x8
 489 0152 06       		.uleb128 0x6
 490 0153 A1040000 		.4byte	.LASF29
 491 0157 07       		.byte	0x7
 492 0158 64       		.byte	0x64
 493 0159 F8020000 		.4byte	0x2f8
 494 015d 0C       		.byte	0xc
 495 015e 06       		.uleb128 0x6
 496 015f DB010000 		.4byte	.LASF30
 497 0163 07       		.byte	0x7
 498 0164 66       		.byte	0x66
 499 0165 34020000 		.4byte	0x234
 500 0169 10       		.byte	0x10
 501 016a 06       		.uleb128 0x6
 502 016b AE020000 		.4byte	.LASF31
 503 016f 07       		.byte	0x7
 504 0170 67       		.byte	0x67
 505 0171 34020000 		.4byte	0x234
 506 0175 14       		.byte	0x14
 507 0176 06       		.uleb128 0x6
 508 0177 92040000 		.4byte	.LASF32
 509 017b 07       		.byte	0x7
 510 017c 6E       		.byte	0x6e
 511 017d BA040000 		.4byte	0x4ba
 512 0181 18       		.byte	0x18
 513 0182 06       		.uleb128 0x6
ARM GAS  /tmp/ccXL6Rl7.s 			page 10


 514 0183 9A030000 		.4byte	.LASF33
 515 0187 07       		.byte	0x7
 516 0188 79       		.byte	0x79
 517 0189 D5000000 		.4byte	0xd5
 518 018d 1C       		.byte	0x1c
 519 018e 06       		.uleb128 0x6
 520 018f BC030000 		.4byte	.LASF34
 521 0193 07       		.byte	0x7
 522 0194 7D       		.byte	0x7d
 523 0195 CA000000 		.4byte	0xca
 524 0199 1D       		.byte	0x1d
 525 019a 06       		.uleb128 0x6
 526 019b 65040000 		.4byte	.LASF35
 527 019f 07       		.byte	0x7
 528 01a0 82       		.byte	0x82
 529 01a1 E0000000 		.4byte	0xe0
 530 01a5 1E       		.byte	0x1e
 531 01a6 06       		.uleb128 0x6
 532 01a7 33040000 		.4byte	.LASF36
 533 01ab 07       		.byte	0x7
 534 01ac 89       		.byte	0x89
 535 01ad 20030000 		.4byte	0x320
 536 01b1 20       		.byte	0x20
 537 01b2 07       		.uleb128 0x7
 538 01b3 705F7500 		.ascii	"p_u\000"
 539 01b7 07       		.byte	0x7
 540 01b8 AE       		.byte	0xae
 541 01b9 85040000 		.4byte	0x485
 542 01bd 24       		.byte	0x24
 543 01be 06       		.uleb128 0x6
 544 01bf A7040000 		.4byte	.LASF37
 545 01c3 07       		.byte	0x7
 546 01c4 B3       		.byte	0xb3
 547 01c5 5A020000 		.4byte	0x25a
 548 01c9 28       		.byte	0x28
 549 01ca 06       		.uleb128 0x6
 550 01cb 41040000 		.4byte	.LASF38
 551 01cf 07       		.byte	0x7
 552 01d0 B9       		.byte	0xb9
 553 01d1 3A020000 		.4byte	0x23a
 554 01d5 2C       		.byte	0x2c
 555 01d6 06       		.uleb128 0x6
 556 01d7 08000000 		.4byte	.LASF39
 557 01db 07       		.byte	0x7
 558 01dc BD       		.byte	0xbd
 559 01dd F6000000 		.4byte	0xf6
 560 01e1 34       		.byte	0x34
 561 01e2 06       		.uleb128 0x6
 562 01e3 E4030000 		.4byte	.LASF40
 563 01e7 07       		.byte	0x7
 564 01e8 C3       		.byte	0xc3
 565 01e9 01010000 		.4byte	0x101
 566 01ed 38       		.byte	0x38
 567 01ee 06       		.uleb128 0x6
 568 01ef 86030000 		.4byte	.LASF41
 569 01f3 07       		.byte	0x7
 570 01f4 CA       		.byte	0xca
ARM GAS  /tmp/ccXL6Rl7.s 			page 11


 571 01f5 CC040000 		.4byte	0x4cc
 572 01f9 3C       		.byte	0x3c
 573 01fa 06       		.uleb128 0x6
 574 01fb 1E040000 		.4byte	.LASF42
 575 01ff 07       		.byte	0x7
 576 0200 CE       		.byte	0xce
 577 0201 EB000000 		.4byte	0xeb
 578 0205 40       		.byte	0x40
 579 0206 06       		.uleb128 0x6
 580 0207 85010000 		.4byte	.LASF43
 581 020b 07       		.byte	0x7
 582 020c D4       		.byte	0xd4
 583 020d 70020000 		.4byte	0x270
 584 0211 44       		.byte	0x44
 585 0212 00       		.byte	0
 586 0213 08       		.uleb128 0x8
 587 0214 08       		.byte	0x8
 588 0215 06       		.byte	0x6
 589 0216 61       		.byte	0x61
 590 0217 34020000 		.4byte	0x234
 591 021b 06       		.uleb128 0x6
 592 021c B5030000 		.4byte	.LASF26
 593 0220 06       		.byte	0x6
 594 0221 62       		.byte	0x62
 595 0222 34020000 		.4byte	0x234
 596 0226 00       		.byte	0
 597 0227 06       		.uleb128 0x6
 598 0228 56030000 		.4byte	.LASF27
 599 022c 06       		.byte	0x6
 600 022d 64       		.byte	0x64
 601 022e 34020000 		.4byte	0x234
 602 0232 04       		.byte	0x4
 603 0233 00       		.byte	0
 604 0234 09       		.uleb128 0x9
 605 0235 04       		.byte	0x4
 606 0236 17010000 		.4byte	0x117
 607 023a 03       		.uleb128 0x3
 608 023b B6020000 		.4byte	.LASF44
 609 023f 06       		.byte	0x6
 610 0240 66       		.byte	0x66
 611 0241 13020000 		.4byte	0x213
 612 0245 08       		.uleb128 0x8
 613 0246 04       		.byte	0x4
 614 0247 06       		.byte	0x6
 615 0248 6B       		.byte	0x6b
 616 0249 5A020000 		.4byte	0x25a
 617 024d 06       		.uleb128 0x6
 618 024e B5030000 		.4byte	.LASF26
 619 0252 06       		.byte	0x6
 620 0253 6D       		.byte	0x6d
 621 0254 34020000 		.4byte	0x234
 622 0258 00       		.byte	0
 623 0259 00       		.byte	0
 624 025a 03       		.uleb128 0x3
 625 025b 70020000 		.4byte	.LASF45
 626 025f 06       		.byte	0x6
 627 0260 70       		.byte	0x70
ARM GAS  /tmp/ccXL6Rl7.s 			page 12


 628 0261 45020000 		.4byte	0x245
 629 0265 03       		.uleb128 0x3
 630 0266 14020000 		.4byte	.LASF46
 631 026a 08       		.byte	0x8
 632 026b D7       		.byte	0xd7
 633 026c 70020000 		.4byte	0x270
 634 0270 0A       		.uleb128 0xa
 635 0271 04       		.byte	0x4
 636 0272 03       		.uleb128 0x3
 637 0273 9A020000 		.4byte	.LASF47
 638 0277 08       		.byte	0x8
 639 0278 DD       		.byte	0xdd
 640 0279 BF000000 		.4byte	0xbf
 641 027d 05       		.uleb128 0x5
 642 027e 3A040000 		.4byte	.LASF48
 643 0282 24       		.byte	0x24
 644 0283 08       		.byte	0x8
 645 0284 FE       		.byte	0xfe
 646 0285 F8020000 		.4byte	0x2f8
 647 0289 0B       		.uleb128 0xb
 648 028a 723400   		.ascii	"r4\000"
 649 028d 08       		.byte	0x8
 650 028e 1101     		.2byte	0x111
 651 0290 65020000 		.4byte	0x265
 652 0294 00       		.byte	0
 653 0295 0B       		.uleb128 0xb
 654 0296 723500   		.ascii	"r5\000"
 655 0299 08       		.byte	0x8
 656 029a 1201     		.2byte	0x112
 657 029c 65020000 		.4byte	0x265
 658 02a0 04       		.byte	0x4
 659 02a1 0B       		.uleb128 0xb
 660 02a2 723600   		.ascii	"r6\000"
 661 02a5 08       		.byte	0x8
 662 02a6 1301     		.2byte	0x113
 663 02a8 65020000 		.4byte	0x265
 664 02ac 08       		.byte	0x8
 665 02ad 0B       		.uleb128 0xb
 666 02ae 723700   		.ascii	"r7\000"
 667 02b1 08       		.byte	0x8
 668 02b2 1401     		.2byte	0x114
 669 02b4 65020000 		.4byte	0x265
 670 02b8 0C       		.byte	0xc
 671 02b9 0B       		.uleb128 0xb
 672 02ba 723800   		.ascii	"r8\000"
 673 02bd 08       		.byte	0x8
 674 02be 1501     		.2byte	0x115
 675 02c0 65020000 		.4byte	0x265
 676 02c4 10       		.byte	0x10
 677 02c5 0B       		.uleb128 0xb
 678 02c6 723900   		.ascii	"r9\000"
 679 02c9 08       		.byte	0x8
 680 02ca 1601     		.2byte	0x116
 681 02cc 65020000 		.4byte	0x265
 682 02d0 14       		.byte	0x14
 683 02d1 0B       		.uleb128 0xb
 684 02d2 72313000 		.ascii	"r10\000"
ARM GAS  /tmp/ccXL6Rl7.s 			page 13


 685 02d6 08       		.byte	0x8
 686 02d7 1701     		.2byte	0x117
 687 02d9 65020000 		.4byte	0x265
 688 02dd 18       		.byte	0x18
 689 02de 0B       		.uleb128 0xb
 690 02df 72313100 		.ascii	"r11\000"
 691 02e3 08       		.byte	0x8
 692 02e4 1801     		.2byte	0x118
 693 02e6 65020000 		.4byte	0x265
 694 02ea 1C       		.byte	0x1c
 695 02eb 0B       		.uleb128 0xb
 696 02ec 6C7200   		.ascii	"lr\000"
 697 02ef 08       		.byte	0x8
 698 02f0 1901     		.2byte	0x119
 699 02f2 65020000 		.4byte	0x265
 700 02f6 20       		.byte	0x20
 701 02f7 00       		.byte	0
 702 02f8 0C       		.uleb128 0xc
 703 02f9 42020000 		.4byte	.LASF49
 704 02fd 04       		.byte	0x4
 705 02fe 08       		.byte	0x8
 706 02ff 2301     		.2byte	0x123
 707 0301 13030000 		.4byte	0x313
 708 0305 0B       		.uleb128 0xb
 709 0306 72313300 		.ascii	"r13\000"
 710 030a 08       		.byte	0x8
 711 030b 2401     		.2byte	0x124
 712 030d 13030000 		.4byte	0x313
 713 0311 00       		.byte	0
 714 0312 00       		.byte	0
 715 0313 09       		.uleb128 0x9
 716 0314 04       		.byte	0x4
 717 0315 7D020000 		.4byte	0x27d
 718 0319 04       		.uleb128 0x4
 719 031a 04       		.byte	0x4
 720 031b 07       		.byte	0x7
 721 031c A5020000 		.4byte	.LASF50
 722 0320 0D       		.uleb128 0xd
 723 0321 0C010000 		.4byte	0x10c
 724 0325 05       		.uleb128 0x5
 725 0326 88020000 		.4byte	.LASF51
 726 032a 10       		.byte	0x10
 727 032b 09       		.byte	0x9
 728 032c 2C       		.byte	0x2c
 729 032d 56030000 		.4byte	0x356
 730 0331 06       		.uleb128 0x6
 731 0332 8D010000 		.4byte	.LASF52
 732 0336 09       		.byte	0x9
 733 0337 2D       		.byte	0x2d
 734 0338 3A020000 		.4byte	0x23a
 735 033c 00       		.byte	0
 736 033d 06       		.uleb128 0x6
 737 033e 99040000 		.4byte	.LASF53
 738 0342 09       		.byte	0x9
 739 0343 2F       		.byte	0x2f
 740 0344 34020000 		.4byte	0x234
 741 0348 08       		.byte	0x8
ARM GAS  /tmp/ccXL6Rl7.s 			page 14


 742 0349 06       		.uleb128 0x6
 743 034a 0D040000 		.4byte	.LASF54
 744 034e 09       		.byte	0x9
 745 034f 31       		.byte	0x31
 746 0350 56030000 		.4byte	0x356
 747 0354 0C       		.byte	0xc
 748 0355 00       		.byte	0
 749 0356 09       		.uleb128 0x9
 750 0357 04       		.byte	0x4
 751 0358 25030000 		.4byte	0x325
 752 035c 03       		.uleb128 0x3
 753 035d 88020000 		.4byte	.LASF51
 754 0361 09       		.byte	0x9
 755 0362 33       		.byte	0x33
 756 0363 25030000 		.4byte	0x325
 757 0367 03       		.uleb128 0x3
 758 0368 3A000000 		.4byte	.LASF55
 759 036c 0A       		.byte	0xa
 760 036d 2C       		.byte	0x2c
 761 036e 72030000 		.4byte	0x372
 762 0372 09       		.uleb128 0x9
 763 0373 04       		.byte	0x4
 764 0374 78030000 		.4byte	0x378
 765 0378 0E       		.uleb128 0xe
 766 0379 70020000 		.4byte	0x270
 767 037d 87030000 		.4byte	0x387
 768 0381 0F       		.uleb128 0xf
 769 0382 28000000 		.4byte	0x28
 770 0386 00       		.byte	0
 771 0387 03       		.uleb128 0x3
 772 0388 02040000 		.4byte	.LASF56
 773 038c 0B       		.byte	0xb
 774 038d 34       		.byte	0x34
 775 038e 92030000 		.4byte	0x392
 776 0392 05       		.uleb128 0x5
 777 0393 B1040000 		.4byte	.LASF57
 778 0397 20       		.byte	0x20
 779 0398 0B       		.byte	0xb
 780 0399 47       		.byte	0x47
 781 039a C3030000 		.4byte	0x3c3
 782 039e 06       		.uleb128 0x6
 783 039f 7B030000 		.4byte	.LASF58
 784 03a3 0B       		.byte	0xb
 785 03a4 48       		.byte	0x48
 786 03a5 67030000 		.4byte	0x367
 787 03a9 00       		.byte	0
 788 03aa 06       		.uleb128 0x6
 789 03ab 4C010000 		.4byte	.LASF59
 790 03af 0B       		.byte	0xb
 791 03b0 4A       		.byte	0x4a
 792 03b1 E2030000 		.4byte	0x3e2
 793 03b5 08       		.byte	0x8
 794 03b6 06       		.uleb128 0x6
 795 03b7 7F010000 		.4byte	.LASF60
 796 03bb 0B       		.byte	0xb
 797 03bc 4C       		.byte	0x4c
 798 03bd 5C030000 		.4byte	0x35c
ARM GAS  /tmp/ccXL6Rl7.s 			page 15


 799 03c1 10       		.byte	0x10
 800 03c2 00       		.byte	0
 801 03c3 10       		.uleb128 0x10
 802 03c4 04       		.byte	0x4
 803 03c5 0B       		.byte	0xb
 804 03c6 3C       		.byte	0x3c
 805 03c7 E2030000 		.4byte	0x3e2
 806 03cb 11       		.uleb128 0x11
 807 03cc 59010000 		.4byte	.LASF61
 808 03d0 0B       		.byte	0xb
 809 03d1 3D       		.byte	0x3d
 810 03d2 03040000 		.4byte	0x403
 811 03d6 11       		.uleb128 0x11
 812 03d7 F8030000 		.4byte	.LASF62
 813 03db 0B       		.byte	0xb
 814 03dc 3E       		.byte	0x3e
 815 03dd 09040000 		.4byte	0x409
 816 03e1 00       		.byte	0
 817 03e2 12       		.uleb128 0x12
 818 03e3 A2030000 		.4byte	.LASF91
 819 03e7 08       		.byte	0x8
 820 03e8 0B       		.byte	0xb
 821 03e9 39       		.byte	0x39
 822 03ea 03040000 		.4byte	0x403
 823 03ee 11       		.uleb128 0x11
 824 03ef 1D020000 		.4byte	.LASF63
 825 03f3 0B       		.byte	0xb
 826 03f4 3A       		.byte	0x3a
 827 03f5 72020000 		.4byte	0x272
 828 03f9 13       		.uleb128 0x13
 829 03fa 6800     		.ascii	"h\000"
 830 03fc 0B       		.byte	0xb
 831 03fd 41       		.byte	0x41
 832 03fe 0F040000 		.4byte	0x40f
 833 0402 00       		.byte	0
 834 0403 09       		.uleb128 0x9
 835 0404 04       		.byte	0x4
 836 0405 E2030000 		.4byte	0x3e2
 837 0409 09       		.uleb128 0x9
 838 040a 04       		.byte	0x4
 839 040b 87030000 		.4byte	0x387
 840 040f 08       		.uleb128 0x8
 841 0410 08       		.byte	0x8
 842 0411 0B       		.byte	0xb
 843 0412 3B       		.byte	0x3b
 844 0413 2E040000 		.4byte	0x42e
 845 0417 07       		.uleb128 0x7
 846 0418 7500     		.ascii	"u\000"
 847 041a 0B       		.byte	0xb
 848 041b 3F       		.byte	0x3f
 849 041c C3030000 		.4byte	0x3c3
 850 0420 00       		.byte	0
 851 0421 06       		.uleb128 0x6
 852 0422 4A020000 		.4byte	.LASF64
 853 0426 0B       		.byte	0xb
 854 0427 40       		.byte	0x40
 855 0428 28000000 		.4byte	0x28
ARM GAS  /tmp/ccXL6Rl7.s 			page 16


 856 042c 04       		.byte	0x4
 857 042d 00       		.byte	0
 858 042e 05       		.uleb128 0x5
 859 042f 59040000 		.4byte	.LASF65
 860 0433 04       		.byte	0x4
 861 0434 0C       		.byte	0xc
 862 0435 2C       		.byte	0x2c
 863 0436 47040000 		.4byte	0x447
 864 043a 06       		.uleb128 0x6
 865 043b 41030000 		.4byte	.LASF66
 866 043f 0C       		.byte	0xc
 867 0440 2D       		.byte	0x2d
 868 0441 47040000 		.4byte	0x447
 869 0445 00       		.byte	0
 870 0446 00       		.byte	0
 871 0447 09       		.uleb128 0x9
 872 0448 04       		.byte	0x4
 873 0449 2E040000 		.4byte	0x42e
 874 044d 08       		.uleb128 0x8
 875 044e 0C       		.byte	0xc
 876 044f 0C       		.byte	0xc
 877 0450 34       		.byte	0x34
 878 0451 7A040000 		.4byte	0x47a
 879 0455 06       		.uleb128 0x6
 880 0456 D3010000 		.4byte	.LASF67
 881 045a 0C       		.byte	0xc
 882 045b 35       		.byte	0x35
 883 045c 47040000 		.4byte	0x447
 884 0460 00       		.byte	0
 885 0461 06       		.uleb128 0x6
 886 0462 C3020000 		.4byte	.LASF68
 887 0466 0C       		.byte	0xc
 888 0467 36       		.byte	0x36
 889 0468 28000000 		.4byte	0x28
 890 046c 04       		.byte	0x4
 891 046d 06       		.uleb128 0x6
 892 046e 08020000 		.4byte	.LASF69
 893 0472 0C       		.byte	0xc
 894 0473 38       		.byte	0x38
 895 0474 67030000 		.4byte	0x367
 896 0478 08       		.byte	0x8
 897 0479 00       		.byte	0
 898 047a 03       		.uleb128 0x3
 899 047b 2F000000 		.4byte	.LASF70
 900 047f 0C       		.byte	0xc
 901 0480 3A       		.byte	0x3a
 902 0481 4D040000 		.4byte	0x44d
 903 0485 10       		.uleb128 0x10
 904 0486 04       		.byte	0x4
 905 0487 07       		.byte	0x7
 906 0488 90       		.byte	0x90
 907 0489 BA040000 		.4byte	0x4ba
 908 048d 11       		.uleb128 0x11
 909 048e 15000000 		.4byte	.LASF71
 910 0492 07       		.byte	0x7
 911 0493 97       		.byte	0x97
 912 0494 F6000000 		.4byte	0xf6
ARM GAS  /tmp/ccXL6Rl7.s 			page 17


 913 0498 11       		.uleb128 0x11
 914 0499 43010000 		.4byte	.LASF72
 915 049d 07       		.byte	0x7
 916 049e 9E       		.byte	0x9e
 917 049f F6000000 		.4byte	0xf6
 918 04a3 11       		.uleb128 0x11
 919 04a4 8B040000 		.4byte	.LASF73
 920 04a8 07       		.byte	0x7
 921 04a9 A5       		.byte	0xa5
 922 04aa 70020000 		.4byte	0x270
 923 04ae 11       		.uleb128 0x11
 924 04af AE030000 		.4byte	.LASF74
 925 04b3 07       		.byte	0x7
 926 04b4 AC       		.byte	0xac
 927 04b5 01010000 		.4byte	0x101
 928 04b9 00       		.byte	0
 929 04ba 09       		.uleb128 0x9
 930 04bb 04       		.byte	0x4
 931 04bc C0040000 		.4byte	0x4c0
 932 04c0 14       		.uleb128 0x14
 933 04c1 C5040000 		.4byte	0x4c5
 934 04c5 04       		.uleb128 0x4
 935 04c6 01       		.byte	0x1
 936 04c7 08       		.byte	0x8
 937 04c8 FD030000 		.4byte	.LASF75
 938 04cc 09       		.uleb128 0x9
 939 04cd 04       		.byte	0x4
 940 04ce 5C030000 		.4byte	0x35c
 941 04d2 03       		.uleb128 0x3
 942 04d3 00000000 		.4byte	.LASF76
 943 04d7 07       		.byte	0x7
 944 04d8 DF       		.byte	0xdf
 945 04d9 DD040000 		.4byte	0x4dd
 946 04dd 09       		.uleb128 0x9
 947 04de 04       		.byte	0x4
 948 04df E3040000 		.4byte	0x4e3
 949 04e3 0E       		.uleb128 0xe
 950 04e4 F6000000 		.4byte	0xf6
 951 04e8 F2040000 		.4byte	0x4f2
 952 04ec 0F       		.uleb128 0xf
 953 04ed 70020000 		.4byte	0x270
 954 04f1 00       		.byte	0
 955 04f2 15       		.uleb128 0x15
 956 04f3 8E020000 		.4byte	.LASF78
 957 04f7 01       		.byte	0x1
 958 04f8 34       		.byte	0x34
 959 04f9 34020000 		.4byte	0x234
 960 04fd 00000000 		.4byte	.LFB7
 961 0501 14000000 		.4byte	.LFE7-.LFB7
 962 0505 01       		.uleb128 0x1
 963 0506 9C       		.byte	0x9c
 964 0507 46050000 		.4byte	0x546
 965 050b 16       		.uleb128 0x16
 966 050c 747000   		.ascii	"tp\000"
 967 050f 01       		.byte	0x1
 968 0510 34       		.byte	0x34
 969 0511 34020000 		.4byte	0x234
ARM GAS  /tmp/ccXL6Rl7.s 			page 18


 970 0515 01       		.uleb128 0x1
 971 0516 50       		.byte	0x50
 972 0517 17       		.uleb128 0x17
 973 0518 00000000 		.4byte	.LBB2
 974 051c 06000000 		.4byte	.LBE2-.LBB2
 975 0520 32050000 		.4byte	0x532
 976 0524 18       		.uleb128 0x18
 977 0525 746D7000 		.ascii	"tmp\000"
 978 0529 01       		.byte	0x1
 979 052a 36       		.byte	0x36
 980 052b B4000000 		.4byte	0xb4
 981 052f 01       		.uleb128 0x1
 982 0530 53       		.byte	0x53
 983 0531 00       		.byte	0
 984 0532 19       		.uleb128 0x19
 985 0533 00000000 		.4byte	.Ldebug_ranges0+0
 986 0537 18       		.uleb128 0x18
 987 0538 746D7000 		.ascii	"tmp\000"
 988 053c 01       		.byte	0x1
 989 053d 39       		.byte	0x39
 990 053e B4000000 		.4byte	0xb4
 991 0542 01       		.uleb128 0x1
 992 0543 53       		.byte	0x53
 993 0544 00       		.byte	0
 994 0545 00       		.byte	0
 995 0546 1A       		.uleb128 0x1a
 996 0547 C4030000 		.4byte	.LASF92
 997 054b 01       		.byte	0x1
 998 054c 4A       		.byte	0x4a
 999 054d 00000000 		.4byte	.LFB8
 1000 0551 4E000000 		.4byte	.LFE8-.LFB8
 1001 0555 01       		.uleb128 0x1
 1002 0556 9C       		.byte	0x9c
 1003 0557 D1050000 		.4byte	0x5d1
 1004 055b 1B       		.uleb128 0x1b
 1005 055c 747000   		.ascii	"tp\000"
 1006 055f 01       		.byte	0x1
 1007 0560 4A       		.byte	0x4a
 1008 0561 34020000 		.4byte	0x234
 1009 0565 00000000 		.4byte	.LLST0
 1010 0569 1C       		.uleb128 0x1c
 1011 056a 51030000 		.4byte	.LASF77
 1012 056e 01       		.byte	0x1
 1013 056f 4B       		.byte	0x4b
 1014 0570 E0000000 		.4byte	0xe0
 1015 0574 45000000 		.4byte	.LLST1
 1016 0578 17       		.uleb128 0x17
 1017 0579 02000000 		.4byte	.LBB5
 1018 057d 06000000 		.4byte	.LBE5-.LBB5
 1019 0581 93050000 		.4byte	0x593
 1020 0585 18       		.uleb128 0x18
 1021 0586 746D7000 		.ascii	"tmp\000"
 1022 058a 01       		.byte	0x1
 1023 058b 4D       		.byte	0x4d
 1024 058c B4000000 		.4byte	0xb4
 1025 0590 01       		.uleb128 0x1
 1026 0591 53       		.byte	0x53
ARM GAS  /tmp/ccXL6Rl7.s 			page 19


 1027 0592 00       		.byte	0
 1028 0593 1D       		.uleb128 0x1d
 1029 0594 18000000 		.4byte	.Ldebug_ranges0+0x18
 1030 0598 AA050000 		.4byte	0x5aa
 1031 059c 18       		.uleb128 0x18
 1032 059d 746D7000 		.ascii	"tmp\000"
 1033 05a1 01       		.byte	0x1
 1034 05a2 50       		.byte	0x50
 1035 05a3 B4000000 		.4byte	0xb4
 1036 05a7 01       		.uleb128 0x1
 1037 05a8 53       		.byte	0x53
 1038 05a9 00       		.byte	0
 1039 05aa 1E       		.uleb128 0x1e
 1040 05ab 3E000000 		.4byte	.LVL4
 1041 05af D6070000 		.4byte	0x7d6
 1042 05b3 BF050000 		.4byte	0x5bf
 1043 05b7 1F       		.uleb128 0x1f
 1044 05b8 01       		.uleb128 0x1
 1045 05b9 50       		.byte	0x50
 1046 05ba 03       		.uleb128 0x3
 1047 05bb F3       		.byte	0xf3
 1048 05bc 01       		.uleb128 0x1
 1049 05bd 50       		.byte	0x50
 1050 05be 00       		.byte	0
 1051 05bf 20       		.uleb128 0x20
 1052 05c0 4E000000 		.4byte	.LVL7
 1053 05c4 E7070000 		.4byte	0x7e7
 1054 05c8 1F       		.uleb128 0x1f
 1055 05c9 01       		.uleb128 0x1
 1056 05ca 51       		.byte	0x51
 1057 05cb 03       		.uleb128 0x3
 1058 05cc F3       		.byte	0xf3
 1059 05cd 01       		.uleb128 0x1
 1060 05ce 50       		.byte	0x50
 1061 05cf 00       		.byte	0
 1062 05d0 00       		.byte	0
 1063 05d1 15       		.uleb128 0x15
 1064 05d2 B6010000 		.4byte	.LASF79
 1065 05d6 01       		.byte	0x1
 1066 05d7 82       		.byte	0x82
 1067 05d8 34020000 		.4byte	0x234
 1068 05dc 00000000 		.4byte	.LFB9
 1069 05e0 3C000000 		.4byte	.LFE9-.LFB9
 1070 05e4 01       		.uleb128 0x1
 1071 05e5 9C       		.byte	0x9c
 1072 05e6 DF060000 		.4byte	0x6df
 1073 05ea 21       		.uleb128 0x21
 1074 05eb 53010000 		.4byte	.LASF80
 1075 05ef 01       		.byte	0x1
 1076 05f0 82       		.byte	0x82
 1077 05f1 09040000 		.4byte	0x409
 1078 05f5 87000000 		.4byte	.LLST2
 1079 05f9 21       		.uleb128 0x21
 1080 05fa 4A020000 		.4byte	.LASF64
 1081 05fe 01       		.byte	0x1
 1082 05ff 82       		.byte	0x82
 1083 0600 28000000 		.4byte	0x28
ARM GAS  /tmp/ccXL6Rl7.s 			page 20


 1084 0604 A8000000 		.4byte	.LLST3
 1085 0608 21       		.uleb128 0x21
 1086 0609 D2020000 		.4byte	.LASF81
 1087 060d 01       		.byte	0x1
 1088 060e 83       		.byte	0x83
 1089 060f EB000000 		.4byte	0xeb
 1090 0613 C6000000 		.4byte	.LLST4
 1091 0617 1B       		.uleb128 0x1b
 1092 0618 706600   		.ascii	"pf\000"
 1093 061b 01       		.byte	0x1
 1094 061c 83       		.byte	0x83
 1095 061d D2040000 		.4byte	0x4d2
 1096 0621 E4000000 		.4byte	.LLST5
 1097 0625 16       		.uleb128 0x16
 1098 0626 61726700 		.ascii	"arg\000"
 1099 062a 01       		.byte	0x1
 1100 062b 83       		.byte	0x83
 1101 062c 70020000 		.4byte	0x270
 1102 0630 02       		.uleb128 0x2
 1103 0631 91       		.byte	0x91
 1104 0632 00       		.sleb128 0
 1105 0633 22       		.uleb128 0x22
 1106 0634 77737000 		.ascii	"wsp\000"
 1107 0638 01       		.byte	0x1
 1108 0639 84       		.byte	0x84
 1109 063a 70020000 		.4byte	0x270
 1110 063e 02010000 		.4byte	.LLST6
 1111 0642 22       		.uleb128 0x22
 1112 0643 747000   		.ascii	"tp\000"
 1113 0646 01       		.byte	0x1
 1114 0647 85       		.byte	0x85
 1115 0648 34020000 		.4byte	0x234
 1116 064c 15010000 		.4byte	.LLST7
 1117 0650 17       		.uleb128 0x17
 1118 0651 10000000 		.4byte	.LBB8
 1119 0655 06000000 		.4byte	.LBE8-.LBB8
 1120 0659 6B060000 		.4byte	0x66b
 1121 065d 18       		.uleb128 0x18
 1122 065e 746D7000 		.ascii	"tmp\000"
 1123 0662 01       		.byte	0x1
 1124 0663 94       		.byte	0x94
 1125 0664 B4000000 		.4byte	0xb4
 1126 0668 01       		.uleb128 0x1
 1127 0669 53       		.byte	0x53
 1128 066a 00       		.byte	0
 1129 066b 17       		.uleb128 0x17
 1130 066c 30000000 		.4byte	.LBB9
 1131 0670 06000000 		.4byte	.LBE9-.LBB9
 1132 0674 86060000 		.4byte	0x686
 1133 0678 18       		.uleb128 0x18
 1134 0679 746D7000 		.ascii	"tmp\000"
 1135 067d 01       		.byte	0x1
 1136 067e 98       		.byte	0x98
 1137 067f B4000000 		.4byte	0xb4
 1138 0683 01       		.uleb128 0x1
 1139 0684 53       		.byte	0x53
 1140 0685 00       		.byte	0
ARM GAS  /tmp/ccXL6Rl7.s 			page 21


 1141 0686 23       		.uleb128 0x23
 1142 0687 0E000000 		.4byte	.LVL9
 1143 068b FD070000 		.4byte	0x7fd
 1144 068f A1060000 		.4byte	0x6a1
 1145 0693 1F       		.uleb128 0x1f
 1146 0694 01       		.uleb128 0x1
 1147 0695 51       		.byte	0x51
 1148 0696 02       		.uleb128 0x2
 1149 0697 77       		.byte	0x77
 1150 0698 00       		.sleb128 0
 1151 0699 1F       		.uleb128 0x1f
 1152 069a 01       		.uleb128 0x1
 1153 069b 50       		.byte	0x50
 1154 069c 03       		.uleb128 0x3
 1155 069d F3       		.byte	0xf3
 1156 069e 01       		.uleb128 0x1
 1157 069f 50       		.byte	0x50
 1158 06a0 00       		.byte	0
 1159 06a1 23       		.uleb128 0x23
 1160 06a2 24000000 		.4byte	.LVL10
 1161 06a6 17080000 		.4byte	0x817
 1162 06aa C9060000 		.4byte	0x6c9
 1163 06ae 1F       		.uleb128 0x1f
 1164 06af 01       		.uleb128 0x1
 1165 06b0 53       		.byte	0x53
 1166 06b1 02       		.uleb128 0x2
 1167 06b2 75       		.byte	0x75
 1168 06b3 00       		.sleb128 0
 1169 06b4 1F       		.uleb128 0x1f
 1170 06b5 01       		.uleb128 0x1
 1171 06b6 52       		.byte	0x52
 1172 06b7 02       		.uleb128 0x2
 1173 06b8 76       		.byte	0x76
 1174 06b9 00       		.sleb128 0
 1175 06ba 1F       		.uleb128 0x1f
 1176 06bb 01       		.uleb128 0x1
 1177 06bc 51       		.byte	0x51
 1178 06bd 02       		.uleb128 0x2
 1179 06be 77       		.byte	0x77
 1180 06bf 00       		.sleb128 0
 1181 06c0 1F       		.uleb128 0x1f
 1182 06c1 02       		.uleb128 0x2
 1183 06c2 7D       		.byte	0x7d
 1184 06c3 00       		.sleb128 0
 1185 06c4 03       		.uleb128 0x3
 1186 06c5 91       		.byte	0x91
 1187 06c6 00       		.sleb128 0
 1188 06c7 06       		.byte	0x6
 1189 06c8 00       		.byte	0
 1190 06c9 24       		.uleb128 0x24
 1191 06ca 30000000 		.4byte	.LVL12
 1192 06ce 41080000 		.4byte	0x841
 1193 06d2 1F       		.uleb128 0x1f
 1194 06d3 01       		.uleb128 0x1
 1195 06d4 51       		.byte	0x51
 1196 06d5 01       		.uleb128 0x1
 1197 06d6 30       		.byte	0x30
ARM GAS  /tmp/ccXL6Rl7.s 			page 22


 1198 06d7 1F       		.uleb128 0x1f
 1199 06d8 01       		.uleb128 0x1
 1200 06d9 50       		.byte	0x50
 1201 06da 02       		.uleb128 0x2
 1202 06db 74       		.byte	0x74
 1203 06dc 00       		.sleb128 0
 1204 06dd 00       		.byte	0
 1205 06de 00       		.byte	0
 1206 06df 15       		.uleb128 0x15
 1207 06e0 E3010000 		.4byte	.LASF82
 1208 06e4 01       		.byte	0x1
 1209 06e5 B3       		.byte	0xb3
 1210 06e6 34020000 		.4byte	0x234
 1211 06ea 00000000 		.4byte	.LFB10
 1212 06ee 44000000 		.4byte	.LFE10-.LFB10
 1213 06f2 01       		.uleb128 0x1
 1214 06f3 9C       		.byte	0x9c
 1215 06f4 D0070000 		.4byte	0x7d0
 1216 06f8 1B       		.uleb128 0x1b
 1217 06f9 6D7000   		.ascii	"mp\000"
 1218 06fc 01       		.byte	0x1
 1219 06fd B3       		.byte	0xb3
 1220 06fe D0070000 		.4byte	0x7d0
 1221 0702 33010000 		.4byte	.LLST8
 1222 0706 21       		.uleb128 0x21
 1223 0707 D2020000 		.4byte	.LASF81
 1224 070b 01       		.byte	0x1
 1225 070c B3       		.byte	0xb3
 1226 070d EB000000 		.4byte	0xeb
 1227 0711 51010000 		.4byte	.LLST9
 1228 0715 1B       		.uleb128 0x1b
 1229 0716 706600   		.ascii	"pf\000"
 1230 0719 01       		.byte	0x1
 1231 071a B4       		.byte	0xb4
 1232 071b D2040000 		.4byte	0x4d2
 1233 071f 6F010000 		.4byte	.LLST10
 1234 0723 1B       		.uleb128 0x1b
 1235 0724 61726700 		.ascii	"arg\000"
 1236 0728 01       		.byte	0x1
 1237 0729 B4       		.byte	0xb4
 1238 072a 70020000 		.4byte	0x270
 1239 072e 8D010000 		.4byte	.LLST11
 1240 0732 22       		.uleb128 0x22
 1241 0733 77737000 		.ascii	"wsp\000"
 1242 0737 01       		.byte	0x1
 1243 0738 B5       		.byte	0xb5
 1244 0739 70020000 		.4byte	0x270
 1245 073d AB010000 		.4byte	.LLST12
 1246 0741 22       		.uleb128 0x22
 1247 0742 747000   		.ascii	"tp\000"
 1248 0745 01       		.byte	0x1
 1249 0746 B6       		.byte	0xb6
 1250 0747 34020000 		.4byte	0x234
 1251 074b BE010000 		.4byte	.LLST13
 1252 074f 17       		.uleb128 0x17
 1253 0750 14000000 		.4byte	.LBB10
 1254 0754 06000000 		.4byte	.LBE10-.LBB10
ARM GAS  /tmp/ccXL6Rl7.s 			page 23


 1255 0758 6A070000 		.4byte	0x76a
 1256 075c 18       		.uleb128 0x18
 1257 075d 746D7000 		.ascii	"tmp\000"
 1258 0761 01       		.byte	0x1
 1259 0762 C7       		.byte	0xc7
 1260 0763 B4000000 		.4byte	0xb4
 1261 0767 01       		.uleb128 0x1
 1262 0768 53       		.byte	0x53
 1263 0769 00       		.byte	0
 1264 076a 17       		.uleb128 0x17
 1265 076b 36000000 		.4byte	.LBB11
 1266 076f 06000000 		.4byte	.LBE11-.LBB11
 1267 0773 85070000 		.4byte	0x785
 1268 0777 18       		.uleb128 0x18
 1269 0778 746D7000 		.ascii	"tmp\000"
 1270 077c 01       		.byte	0x1
 1271 077d CC       		.byte	0xcc
 1272 077e B4000000 		.4byte	0xb4
 1273 0782 01       		.uleb128 0x1
 1274 0783 53       		.byte	0x53
 1275 0784 00       		.byte	0
 1276 0785 23       		.uleb128 0x23
 1277 0786 12000000 		.4byte	.LVL15
 1278 078a 57080000 		.4byte	0x857
 1279 078e 99070000 		.4byte	0x799
 1280 0792 1F       		.uleb128 0x1f
 1281 0793 01       		.uleb128 0x1
 1282 0794 50       		.byte	0x50
 1283 0795 02       		.uleb128 0x2
 1284 0796 75       		.byte	0x75
 1285 0797 00       		.sleb128 0
 1286 0798 00       		.byte	0
 1287 0799 23       		.uleb128 0x23
 1288 079a 28000000 		.4byte	.LVL16
 1289 079e 17080000 		.4byte	0x817
 1290 07a2 BA070000 		.4byte	0x7ba
 1291 07a6 1F       		.uleb128 0x1f
 1292 07a7 01       		.uleb128 0x1
 1293 07a8 53       		.byte	0x53
 1294 07a9 02       		.uleb128 0x2
 1295 07aa 76       		.byte	0x76
 1296 07ab 00       		.sleb128 0
 1297 07ac 1F       		.uleb128 0x1f
 1298 07ad 01       		.uleb128 0x1
 1299 07ae 52       		.byte	0x52
 1300 07af 02       		.uleb128 0x2
 1301 07b0 77       		.byte	0x77
 1302 07b1 00       		.sleb128 0
 1303 07b2 1F       		.uleb128 0x1f
 1304 07b3 02       		.uleb128 0x2
 1305 07b4 7D       		.byte	0x7d
 1306 07b5 00       		.sleb128 0
 1307 07b6 02       		.uleb128 0x2
 1308 07b7 78       		.byte	0x78
 1309 07b8 00       		.sleb128 0
 1310 07b9 00       		.byte	0
 1311 07ba 24       		.uleb128 0x24
ARM GAS  /tmp/ccXL6Rl7.s 			page 24


 1312 07bb 36000000 		.4byte	.LVL18
 1313 07bf 41080000 		.4byte	0x841
 1314 07c3 1F       		.uleb128 0x1f
 1315 07c4 01       		.uleb128 0x1
 1316 07c5 51       		.byte	0x51
 1317 07c6 01       		.uleb128 0x1
 1318 07c7 30       		.byte	0x30
 1319 07c8 1F       		.uleb128 0x1f
 1320 07c9 01       		.uleb128 0x1
 1321 07ca 50       		.byte	0x50
 1322 07cb 02       		.uleb128 0x2
 1323 07cc 74       		.byte	0x74
 1324 07cd 00       		.sleb128 0
 1325 07ce 00       		.byte	0
 1326 07cf 00       		.byte	0
 1327 07d0 09       		.uleb128 0x9
 1328 07d1 04       		.byte	0x4
 1329 07d2 7A040000 		.4byte	0x47a
 1330 07d6 25       		.uleb128 0x25
 1331 07d7 95010000 		.4byte	.LASF83
 1332 07db 0B       		.byte	0xb
 1333 07dc 5A       		.byte	0x5a
 1334 07dd E7070000 		.4byte	0x7e7
 1335 07e1 0F       		.uleb128 0xf
 1336 07e2 70020000 		.4byte	0x270
 1337 07e6 00       		.byte	0
 1338 07e7 25       		.uleb128 0x25
 1339 07e8 80040000 		.4byte	.LASF84
 1340 07ec 0C       		.byte	0xc
 1341 07ed 5C       		.byte	0x5c
 1342 07ee FD070000 		.4byte	0x7fd
 1343 07f2 0F       		.uleb128 0xf
 1344 07f3 D0070000 		.4byte	0x7d0
 1345 07f7 0F       		.uleb128 0xf
 1346 07f8 70020000 		.4byte	0x270
 1347 07fc 00       		.byte	0
 1348 07fd 26       		.uleb128 0x26
 1349 07fe D8030000 		.4byte	.LASF85
 1350 0802 0B       		.byte	0xb
 1351 0803 59       		.byte	0x59
 1352 0804 70020000 		.4byte	0x270
 1353 0808 17080000 		.4byte	0x817
 1354 080c 0F       		.uleb128 0xf
 1355 080d 09040000 		.4byte	0x409
 1356 0811 0F       		.uleb128 0xf
 1357 0812 28000000 		.4byte	0x28
 1358 0816 00       		.byte	0
 1359 0817 27       		.uleb128 0x27
 1360 0818 A0010000 		.4byte	.LASF86
 1361 081c 07       		.byte	0x7
 1362 081d 6201     		.2byte	0x162
 1363 081f 34020000 		.4byte	0x234
 1364 0823 41080000 		.4byte	0x841
 1365 0827 0F       		.uleb128 0xf
 1366 0828 70020000 		.4byte	0x270
 1367 082c 0F       		.uleb128 0xf
 1368 082d 28000000 		.4byte	0x28
ARM GAS  /tmp/ccXL6Rl7.s 			page 25


 1369 0831 0F       		.uleb128 0xf
 1370 0832 EB000000 		.4byte	0xeb
 1371 0836 0F       		.uleb128 0xf
 1372 0837 D2040000 		.4byte	0x4d2
 1373 083b 0F       		.uleb128 0xf
 1374 083c 70020000 		.4byte	0x270
 1375 0840 00       		.byte	0
 1376 0841 25       		.uleb128 0x25
 1377 0842 4C040000 		.4byte	.LASF87
 1378 0846 0D       		.byte	0xd
 1379 0847 9C       		.byte	0x9c
 1380 0848 57080000 		.4byte	0x857
 1381 084c 0F       		.uleb128 0xf
 1382 084d 34020000 		.4byte	0x234
 1383 0851 0F       		.uleb128 0xf
 1384 0852 F6000000 		.4byte	0xf6
 1385 0856 00       		.byte	0
 1386 0857 28       		.uleb128 0x28
 1387 0858 74040000 		.4byte	.LASF88
 1388 085c 0C       		.byte	0xc
 1389 085d 5A       		.byte	0x5a
 1390 085e 70020000 		.4byte	0x270
 1391 0862 0F       		.uleb128 0xf
 1392 0863 D0070000 		.4byte	0x7d0
 1393 0867 00       		.byte	0
 1394 0868 00       		.byte	0
 1395              		.section	.debug_abbrev,"",%progbits
 1396              	.Ldebug_abbrev0:
 1397 0000 01       		.uleb128 0x1
 1398 0001 11       		.uleb128 0x11
 1399 0002 01       		.byte	0x1
 1400 0003 25       		.uleb128 0x25
 1401 0004 0E       		.uleb128 0xe
 1402 0005 13       		.uleb128 0x13
 1403 0006 0B       		.uleb128 0xb
 1404 0007 03       		.uleb128 0x3
 1405 0008 0E       		.uleb128 0xe
 1406 0009 55       		.uleb128 0x55
 1407 000a 17       		.uleb128 0x17
 1408 000b 11       		.uleb128 0x11
 1409 000c 01       		.uleb128 0x1
 1410 000d 10       		.uleb128 0x10
 1411 000e 17       		.uleb128 0x17
 1412 000f 00       		.byte	0
 1413 0010 00       		.byte	0
 1414 0011 02       		.uleb128 0x2
 1415 0012 24       		.uleb128 0x24
 1416 0013 00       		.byte	0
 1417 0014 0B       		.uleb128 0xb
 1418 0015 0B       		.uleb128 0xb
 1419 0016 3E       		.uleb128 0x3e
 1420 0017 0B       		.uleb128 0xb
 1421 0018 03       		.uleb128 0x3
 1422 0019 08       		.uleb128 0x8
 1423 001a 00       		.byte	0
 1424 001b 00       		.byte	0
 1425 001c 03       		.uleb128 0x3
ARM GAS  /tmp/ccXL6Rl7.s 			page 26


 1426 001d 16       		.uleb128 0x16
 1427 001e 00       		.byte	0
 1428 001f 03       		.uleb128 0x3
 1429 0020 0E       		.uleb128 0xe
 1430 0021 3A       		.uleb128 0x3a
 1431 0022 0B       		.uleb128 0xb
 1432 0023 3B       		.uleb128 0x3b
 1433 0024 0B       		.uleb128 0xb
 1434 0025 49       		.uleb128 0x49
 1435 0026 13       		.uleb128 0x13
 1436 0027 00       		.byte	0
 1437 0028 00       		.byte	0
 1438 0029 04       		.uleb128 0x4
 1439 002a 24       		.uleb128 0x24
 1440 002b 00       		.byte	0
 1441 002c 0B       		.uleb128 0xb
 1442 002d 0B       		.uleb128 0xb
 1443 002e 3E       		.uleb128 0x3e
 1444 002f 0B       		.uleb128 0xb
 1445 0030 03       		.uleb128 0x3
 1446 0031 0E       		.uleb128 0xe
 1447 0032 00       		.byte	0
 1448 0033 00       		.byte	0
 1449 0034 05       		.uleb128 0x5
 1450 0035 13       		.uleb128 0x13
 1451 0036 01       		.byte	0x1
 1452 0037 03       		.uleb128 0x3
 1453 0038 0E       		.uleb128 0xe
 1454 0039 0B       		.uleb128 0xb
 1455 003a 0B       		.uleb128 0xb
 1456 003b 3A       		.uleb128 0x3a
 1457 003c 0B       		.uleb128 0xb
 1458 003d 3B       		.uleb128 0x3b
 1459 003e 0B       		.uleb128 0xb
 1460 003f 01       		.uleb128 0x1
 1461 0040 13       		.uleb128 0x13
 1462 0041 00       		.byte	0
 1463 0042 00       		.byte	0
 1464 0043 06       		.uleb128 0x6
 1465 0044 0D       		.uleb128 0xd
 1466 0045 00       		.byte	0
 1467 0046 03       		.uleb128 0x3
 1468 0047 0E       		.uleb128 0xe
 1469 0048 3A       		.uleb128 0x3a
 1470 0049 0B       		.uleb128 0xb
 1471 004a 3B       		.uleb128 0x3b
 1472 004b 0B       		.uleb128 0xb
 1473 004c 49       		.uleb128 0x49
 1474 004d 13       		.uleb128 0x13
 1475 004e 38       		.uleb128 0x38
 1476 004f 0B       		.uleb128 0xb
 1477 0050 00       		.byte	0
 1478 0051 00       		.byte	0
 1479 0052 07       		.uleb128 0x7
 1480 0053 0D       		.uleb128 0xd
 1481 0054 00       		.byte	0
 1482 0055 03       		.uleb128 0x3
ARM GAS  /tmp/ccXL6Rl7.s 			page 27


 1483 0056 08       		.uleb128 0x8
 1484 0057 3A       		.uleb128 0x3a
 1485 0058 0B       		.uleb128 0xb
 1486 0059 3B       		.uleb128 0x3b
 1487 005a 0B       		.uleb128 0xb
 1488 005b 49       		.uleb128 0x49
 1489 005c 13       		.uleb128 0x13
 1490 005d 38       		.uleb128 0x38
 1491 005e 0B       		.uleb128 0xb
 1492 005f 00       		.byte	0
 1493 0060 00       		.byte	0
 1494 0061 08       		.uleb128 0x8
 1495 0062 13       		.uleb128 0x13
 1496 0063 01       		.byte	0x1
 1497 0064 0B       		.uleb128 0xb
 1498 0065 0B       		.uleb128 0xb
 1499 0066 3A       		.uleb128 0x3a
 1500 0067 0B       		.uleb128 0xb
 1501 0068 3B       		.uleb128 0x3b
 1502 0069 0B       		.uleb128 0xb
 1503 006a 01       		.uleb128 0x1
 1504 006b 13       		.uleb128 0x13
 1505 006c 00       		.byte	0
 1506 006d 00       		.byte	0
 1507 006e 09       		.uleb128 0x9
 1508 006f 0F       		.uleb128 0xf
 1509 0070 00       		.byte	0
 1510 0071 0B       		.uleb128 0xb
 1511 0072 0B       		.uleb128 0xb
 1512 0073 49       		.uleb128 0x49
 1513 0074 13       		.uleb128 0x13
 1514 0075 00       		.byte	0
 1515 0076 00       		.byte	0
 1516 0077 0A       		.uleb128 0xa
 1517 0078 0F       		.uleb128 0xf
 1518 0079 00       		.byte	0
 1519 007a 0B       		.uleb128 0xb
 1520 007b 0B       		.uleb128 0xb
 1521 007c 00       		.byte	0
 1522 007d 00       		.byte	0
 1523 007e 0B       		.uleb128 0xb
 1524 007f 0D       		.uleb128 0xd
 1525 0080 00       		.byte	0
 1526 0081 03       		.uleb128 0x3
 1527 0082 08       		.uleb128 0x8
 1528 0083 3A       		.uleb128 0x3a
 1529 0084 0B       		.uleb128 0xb
 1530 0085 3B       		.uleb128 0x3b
 1531 0086 05       		.uleb128 0x5
 1532 0087 49       		.uleb128 0x49
 1533 0088 13       		.uleb128 0x13
 1534 0089 38       		.uleb128 0x38
 1535 008a 0B       		.uleb128 0xb
 1536 008b 00       		.byte	0
 1537 008c 00       		.byte	0
 1538 008d 0C       		.uleb128 0xc
 1539 008e 13       		.uleb128 0x13
ARM GAS  /tmp/ccXL6Rl7.s 			page 28


 1540 008f 01       		.byte	0x1
 1541 0090 03       		.uleb128 0x3
 1542 0091 0E       		.uleb128 0xe
 1543 0092 0B       		.uleb128 0xb
 1544 0093 0B       		.uleb128 0xb
 1545 0094 3A       		.uleb128 0x3a
 1546 0095 0B       		.uleb128 0xb
 1547 0096 3B       		.uleb128 0x3b
 1548 0097 05       		.uleb128 0x5
 1549 0098 01       		.uleb128 0x1
 1550 0099 13       		.uleb128 0x13
 1551 009a 00       		.byte	0
 1552 009b 00       		.byte	0
 1553 009c 0D       		.uleb128 0xd
 1554 009d 35       		.uleb128 0x35
 1555 009e 00       		.byte	0
 1556 009f 49       		.uleb128 0x49
 1557 00a0 13       		.uleb128 0x13
 1558 00a1 00       		.byte	0
 1559 00a2 00       		.byte	0
 1560 00a3 0E       		.uleb128 0xe
 1561 00a4 15       		.uleb128 0x15
 1562 00a5 01       		.byte	0x1
 1563 00a6 27       		.uleb128 0x27
 1564 00a7 19       		.uleb128 0x19
 1565 00a8 49       		.uleb128 0x49
 1566 00a9 13       		.uleb128 0x13
 1567 00aa 01       		.uleb128 0x1
 1568 00ab 13       		.uleb128 0x13
 1569 00ac 00       		.byte	0
 1570 00ad 00       		.byte	0
 1571 00ae 0F       		.uleb128 0xf
 1572 00af 05       		.uleb128 0x5
 1573 00b0 00       		.byte	0
 1574 00b1 49       		.uleb128 0x49
 1575 00b2 13       		.uleb128 0x13
 1576 00b3 00       		.byte	0
 1577 00b4 00       		.byte	0
 1578 00b5 10       		.uleb128 0x10
 1579 00b6 17       		.uleb128 0x17
 1580 00b7 01       		.byte	0x1
 1581 00b8 0B       		.uleb128 0xb
 1582 00b9 0B       		.uleb128 0xb
 1583 00ba 3A       		.uleb128 0x3a
 1584 00bb 0B       		.uleb128 0xb
 1585 00bc 3B       		.uleb128 0x3b
 1586 00bd 0B       		.uleb128 0xb
 1587 00be 01       		.uleb128 0x1
 1588 00bf 13       		.uleb128 0x13
 1589 00c0 00       		.byte	0
 1590 00c1 00       		.byte	0
 1591 00c2 11       		.uleb128 0x11
 1592 00c3 0D       		.uleb128 0xd
 1593 00c4 00       		.byte	0
 1594 00c5 03       		.uleb128 0x3
 1595 00c6 0E       		.uleb128 0xe
 1596 00c7 3A       		.uleb128 0x3a
ARM GAS  /tmp/ccXL6Rl7.s 			page 29


 1597 00c8 0B       		.uleb128 0xb
 1598 00c9 3B       		.uleb128 0x3b
 1599 00ca 0B       		.uleb128 0xb
 1600 00cb 49       		.uleb128 0x49
 1601 00cc 13       		.uleb128 0x13
 1602 00cd 00       		.byte	0
 1603 00ce 00       		.byte	0
 1604 00cf 12       		.uleb128 0x12
 1605 00d0 17       		.uleb128 0x17
 1606 00d1 01       		.byte	0x1
 1607 00d2 03       		.uleb128 0x3
 1608 00d3 0E       		.uleb128 0xe
 1609 00d4 0B       		.uleb128 0xb
 1610 00d5 0B       		.uleb128 0xb
 1611 00d6 3A       		.uleb128 0x3a
 1612 00d7 0B       		.uleb128 0xb
 1613 00d8 3B       		.uleb128 0x3b
 1614 00d9 0B       		.uleb128 0xb
 1615 00da 01       		.uleb128 0x1
 1616 00db 13       		.uleb128 0x13
 1617 00dc 00       		.byte	0
 1618 00dd 00       		.byte	0
 1619 00de 13       		.uleb128 0x13
 1620 00df 0D       		.uleb128 0xd
 1621 00e0 00       		.byte	0
 1622 00e1 03       		.uleb128 0x3
 1623 00e2 08       		.uleb128 0x8
 1624 00e3 3A       		.uleb128 0x3a
 1625 00e4 0B       		.uleb128 0xb
 1626 00e5 3B       		.uleb128 0x3b
 1627 00e6 0B       		.uleb128 0xb
 1628 00e7 49       		.uleb128 0x49
 1629 00e8 13       		.uleb128 0x13
 1630 00e9 00       		.byte	0
 1631 00ea 00       		.byte	0
 1632 00eb 14       		.uleb128 0x14
 1633 00ec 26       		.uleb128 0x26
 1634 00ed 00       		.byte	0
 1635 00ee 49       		.uleb128 0x49
 1636 00ef 13       		.uleb128 0x13
 1637 00f0 00       		.byte	0
 1638 00f1 00       		.byte	0
 1639 00f2 15       		.uleb128 0x15
 1640 00f3 2E       		.uleb128 0x2e
 1641 00f4 01       		.byte	0x1
 1642 00f5 3F       		.uleb128 0x3f
 1643 00f6 19       		.uleb128 0x19
 1644 00f7 03       		.uleb128 0x3
 1645 00f8 0E       		.uleb128 0xe
 1646 00f9 3A       		.uleb128 0x3a
 1647 00fa 0B       		.uleb128 0xb
 1648 00fb 3B       		.uleb128 0x3b
 1649 00fc 0B       		.uleb128 0xb
 1650 00fd 27       		.uleb128 0x27
 1651 00fe 19       		.uleb128 0x19
 1652 00ff 49       		.uleb128 0x49
 1653 0100 13       		.uleb128 0x13
ARM GAS  /tmp/ccXL6Rl7.s 			page 30


 1654 0101 11       		.uleb128 0x11
 1655 0102 01       		.uleb128 0x1
 1656 0103 12       		.uleb128 0x12
 1657 0104 06       		.uleb128 0x6
 1658 0105 40       		.uleb128 0x40
 1659 0106 18       		.uleb128 0x18
 1660 0107 9742     		.uleb128 0x2117
 1661 0109 19       		.uleb128 0x19
 1662 010a 01       		.uleb128 0x1
 1663 010b 13       		.uleb128 0x13
 1664 010c 00       		.byte	0
 1665 010d 00       		.byte	0
 1666 010e 16       		.uleb128 0x16
 1667 010f 05       		.uleb128 0x5
 1668 0110 00       		.byte	0
 1669 0111 03       		.uleb128 0x3
 1670 0112 08       		.uleb128 0x8
 1671 0113 3A       		.uleb128 0x3a
 1672 0114 0B       		.uleb128 0xb
 1673 0115 3B       		.uleb128 0x3b
 1674 0116 0B       		.uleb128 0xb
 1675 0117 49       		.uleb128 0x49
 1676 0118 13       		.uleb128 0x13
 1677 0119 02       		.uleb128 0x2
 1678 011a 18       		.uleb128 0x18
 1679 011b 00       		.byte	0
 1680 011c 00       		.byte	0
 1681 011d 17       		.uleb128 0x17
 1682 011e 0B       		.uleb128 0xb
 1683 011f 01       		.byte	0x1
 1684 0120 11       		.uleb128 0x11
 1685 0121 01       		.uleb128 0x1
 1686 0122 12       		.uleb128 0x12
 1687 0123 06       		.uleb128 0x6
 1688 0124 01       		.uleb128 0x1
 1689 0125 13       		.uleb128 0x13
 1690 0126 00       		.byte	0
 1691 0127 00       		.byte	0
 1692 0128 18       		.uleb128 0x18
 1693 0129 34       		.uleb128 0x34
 1694 012a 00       		.byte	0
 1695 012b 03       		.uleb128 0x3
 1696 012c 08       		.uleb128 0x8
 1697 012d 3A       		.uleb128 0x3a
 1698 012e 0B       		.uleb128 0xb
 1699 012f 3B       		.uleb128 0x3b
 1700 0130 0B       		.uleb128 0xb
 1701 0131 49       		.uleb128 0x49
 1702 0132 13       		.uleb128 0x13
 1703 0133 02       		.uleb128 0x2
 1704 0134 18       		.uleb128 0x18
 1705 0135 00       		.byte	0
 1706 0136 00       		.byte	0
 1707 0137 19       		.uleb128 0x19
 1708 0138 0B       		.uleb128 0xb
 1709 0139 01       		.byte	0x1
 1710 013a 55       		.uleb128 0x55
ARM GAS  /tmp/ccXL6Rl7.s 			page 31


 1711 013b 17       		.uleb128 0x17
 1712 013c 00       		.byte	0
 1713 013d 00       		.byte	0
 1714 013e 1A       		.uleb128 0x1a
 1715 013f 2E       		.uleb128 0x2e
 1716 0140 01       		.byte	0x1
 1717 0141 3F       		.uleb128 0x3f
 1718 0142 19       		.uleb128 0x19
 1719 0143 03       		.uleb128 0x3
 1720 0144 0E       		.uleb128 0xe
 1721 0145 3A       		.uleb128 0x3a
 1722 0146 0B       		.uleb128 0xb
 1723 0147 3B       		.uleb128 0x3b
 1724 0148 0B       		.uleb128 0xb
 1725 0149 27       		.uleb128 0x27
 1726 014a 19       		.uleb128 0x19
 1727 014b 11       		.uleb128 0x11
 1728 014c 01       		.uleb128 0x1
 1729 014d 12       		.uleb128 0x12
 1730 014e 06       		.uleb128 0x6
 1731 014f 40       		.uleb128 0x40
 1732 0150 18       		.uleb128 0x18
 1733 0151 9742     		.uleb128 0x2117
 1734 0153 19       		.uleb128 0x19
 1735 0154 01       		.uleb128 0x1
 1736 0155 13       		.uleb128 0x13
 1737 0156 00       		.byte	0
 1738 0157 00       		.byte	0
 1739 0158 1B       		.uleb128 0x1b
 1740 0159 05       		.uleb128 0x5
 1741 015a 00       		.byte	0
 1742 015b 03       		.uleb128 0x3
 1743 015c 08       		.uleb128 0x8
 1744 015d 3A       		.uleb128 0x3a
 1745 015e 0B       		.uleb128 0xb
 1746 015f 3B       		.uleb128 0x3b
 1747 0160 0B       		.uleb128 0xb
 1748 0161 49       		.uleb128 0x49
 1749 0162 13       		.uleb128 0x13
 1750 0163 02       		.uleb128 0x2
 1751 0164 17       		.uleb128 0x17
 1752 0165 00       		.byte	0
 1753 0166 00       		.byte	0
 1754 0167 1C       		.uleb128 0x1c
 1755 0168 34       		.uleb128 0x34
 1756 0169 00       		.byte	0
 1757 016a 03       		.uleb128 0x3
 1758 016b 0E       		.uleb128 0xe
 1759 016c 3A       		.uleb128 0x3a
 1760 016d 0B       		.uleb128 0xb
 1761 016e 3B       		.uleb128 0x3b
 1762 016f 0B       		.uleb128 0xb
 1763 0170 49       		.uleb128 0x49
 1764 0171 13       		.uleb128 0x13
 1765 0172 02       		.uleb128 0x2
 1766 0173 17       		.uleb128 0x17
 1767 0174 00       		.byte	0
ARM GAS  /tmp/ccXL6Rl7.s 			page 32


 1768 0175 00       		.byte	0
 1769 0176 1D       		.uleb128 0x1d
 1770 0177 0B       		.uleb128 0xb
 1771 0178 01       		.byte	0x1
 1772 0179 55       		.uleb128 0x55
 1773 017a 17       		.uleb128 0x17
 1774 017b 01       		.uleb128 0x1
 1775 017c 13       		.uleb128 0x13
 1776 017d 00       		.byte	0
 1777 017e 00       		.byte	0
 1778 017f 1E       		.uleb128 0x1e
 1779 0180 898201   		.uleb128 0x4109
 1780 0183 01       		.byte	0x1
 1781 0184 11       		.uleb128 0x11
 1782 0185 01       		.uleb128 0x1
 1783 0186 9542     		.uleb128 0x2115
 1784 0188 19       		.uleb128 0x19
 1785 0189 31       		.uleb128 0x31
 1786 018a 13       		.uleb128 0x13
 1787 018b 01       		.uleb128 0x1
 1788 018c 13       		.uleb128 0x13
 1789 018d 00       		.byte	0
 1790 018e 00       		.byte	0
 1791 018f 1F       		.uleb128 0x1f
 1792 0190 8A8201   		.uleb128 0x410a
 1793 0193 00       		.byte	0
 1794 0194 02       		.uleb128 0x2
 1795 0195 18       		.uleb128 0x18
 1796 0196 9142     		.uleb128 0x2111
 1797 0198 18       		.uleb128 0x18
 1798 0199 00       		.byte	0
 1799 019a 00       		.byte	0
 1800 019b 20       		.uleb128 0x20
 1801 019c 898201   		.uleb128 0x4109
 1802 019f 01       		.byte	0x1
 1803 01a0 11       		.uleb128 0x11
 1804 01a1 01       		.uleb128 0x1
 1805 01a2 9542     		.uleb128 0x2115
 1806 01a4 19       		.uleb128 0x19
 1807 01a5 31       		.uleb128 0x31
 1808 01a6 13       		.uleb128 0x13
 1809 01a7 00       		.byte	0
 1810 01a8 00       		.byte	0
 1811 01a9 21       		.uleb128 0x21
 1812 01aa 05       		.uleb128 0x5
 1813 01ab 00       		.byte	0
 1814 01ac 03       		.uleb128 0x3
 1815 01ad 0E       		.uleb128 0xe
 1816 01ae 3A       		.uleb128 0x3a
 1817 01af 0B       		.uleb128 0xb
 1818 01b0 3B       		.uleb128 0x3b
 1819 01b1 0B       		.uleb128 0xb
 1820 01b2 49       		.uleb128 0x49
 1821 01b3 13       		.uleb128 0x13
 1822 01b4 02       		.uleb128 0x2
 1823 01b5 17       		.uleb128 0x17
 1824 01b6 00       		.byte	0
ARM GAS  /tmp/ccXL6Rl7.s 			page 33


 1825 01b7 00       		.byte	0
 1826 01b8 22       		.uleb128 0x22
 1827 01b9 34       		.uleb128 0x34
 1828 01ba 00       		.byte	0
 1829 01bb 03       		.uleb128 0x3
 1830 01bc 08       		.uleb128 0x8
 1831 01bd 3A       		.uleb128 0x3a
 1832 01be 0B       		.uleb128 0xb
 1833 01bf 3B       		.uleb128 0x3b
 1834 01c0 0B       		.uleb128 0xb
 1835 01c1 49       		.uleb128 0x49
 1836 01c2 13       		.uleb128 0x13
 1837 01c3 02       		.uleb128 0x2
 1838 01c4 17       		.uleb128 0x17
 1839 01c5 00       		.byte	0
 1840 01c6 00       		.byte	0
 1841 01c7 23       		.uleb128 0x23
 1842 01c8 898201   		.uleb128 0x4109
 1843 01cb 01       		.byte	0x1
 1844 01cc 11       		.uleb128 0x11
 1845 01cd 01       		.uleb128 0x1
 1846 01ce 31       		.uleb128 0x31
 1847 01cf 13       		.uleb128 0x13
 1848 01d0 01       		.uleb128 0x1
 1849 01d1 13       		.uleb128 0x13
 1850 01d2 00       		.byte	0
 1851 01d3 00       		.byte	0
 1852 01d4 24       		.uleb128 0x24
 1853 01d5 898201   		.uleb128 0x4109
 1854 01d8 01       		.byte	0x1
 1855 01d9 11       		.uleb128 0x11
 1856 01da 01       		.uleb128 0x1
 1857 01db 31       		.uleb128 0x31
 1858 01dc 13       		.uleb128 0x13
 1859 01dd 00       		.byte	0
 1860 01de 00       		.byte	0
 1861 01df 25       		.uleb128 0x25
 1862 01e0 2E       		.uleb128 0x2e
 1863 01e1 01       		.byte	0x1
 1864 01e2 3F       		.uleb128 0x3f
 1865 01e3 19       		.uleb128 0x19
 1866 01e4 03       		.uleb128 0x3
 1867 01e5 0E       		.uleb128 0xe
 1868 01e6 3A       		.uleb128 0x3a
 1869 01e7 0B       		.uleb128 0xb
 1870 01e8 3B       		.uleb128 0x3b
 1871 01e9 0B       		.uleb128 0xb
 1872 01ea 27       		.uleb128 0x27
 1873 01eb 19       		.uleb128 0x19
 1874 01ec 3C       		.uleb128 0x3c
 1875 01ed 19       		.uleb128 0x19
 1876 01ee 01       		.uleb128 0x1
 1877 01ef 13       		.uleb128 0x13
 1878 01f0 00       		.byte	0
 1879 01f1 00       		.byte	0
 1880 01f2 26       		.uleb128 0x26
 1881 01f3 2E       		.uleb128 0x2e
ARM GAS  /tmp/ccXL6Rl7.s 			page 34


 1882 01f4 01       		.byte	0x1
 1883 01f5 3F       		.uleb128 0x3f
 1884 01f6 19       		.uleb128 0x19
 1885 01f7 03       		.uleb128 0x3
 1886 01f8 0E       		.uleb128 0xe
 1887 01f9 3A       		.uleb128 0x3a
 1888 01fa 0B       		.uleb128 0xb
 1889 01fb 3B       		.uleb128 0x3b
 1890 01fc 0B       		.uleb128 0xb
 1891 01fd 27       		.uleb128 0x27
 1892 01fe 19       		.uleb128 0x19
 1893 01ff 49       		.uleb128 0x49
 1894 0200 13       		.uleb128 0x13
 1895 0201 3C       		.uleb128 0x3c
 1896 0202 19       		.uleb128 0x19
 1897 0203 01       		.uleb128 0x1
 1898 0204 13       		.uleb128 0x13
 1899 0205 00       		.byte	0
 1900 0206 00       		.byte	0
 1901 0207 27       		.uleb128 0x27
 1902 0208 2E       		.uleb128 0x2e
 1903 0209 01       		.byte	0x1
 1904 020a 3F       		.uleb128 0x3f
 1905 020b 19       		.uleb128 0x19
 1906 020c 03       		.uleb128 0x3
 1907 020d 0E       		.uleb128 0xe
 1908 020e 3A       		.uleb128 0x3a
 1909 020f 0B       		.uleb128 0xb
 1910 0210 3B       		.uleb128 0x3b
 1911 0211 05       		.uleb128 0x5
 1912 0212 27       		.uleb128 0x27
 1913 0213 19       		.uleb128 0x19
 1914 0214 49       		.uleb128 0x49
 1915 0215 13       		.uleb128 0x13
 1916 0216 3C       		.uleb128 0x3c
 1917 0217 19       		.uleb128 0x19
 1918 0218 01       		.uleb128 0x1
 1919 0219 13       		.uleb128 0x13
 1920 021a 00       		.byte	0
 1921 021b 00       		.byte	0
 1922 021c 28       		.uleb128 0x28
 1923 021d 2E       		.uleb128 0x2e
 1924 021e 01       		.byte	0x1
 1925 021f 3F       		.uleb128 0x3f
 1926 0220 19       		.uleb128 0x19
 1927 0221 03       		.uleb128 0x3
 1928 0222 0E       		.uleb128 0xe
 1929 0223 3A       		.uleb128 0x3a
 1930 0224 0B       		.uleb128 0xb
 1931 0225 3B       		.uleb128 0x3b
 1932 0226 0B       		.uleb128 0xb
 1933 0227 27       		.uleb128 0x27
 1934 0228 19       		.uleb128 0x19
 1935 0229 49       		.uleb128 0x49
 1936 022a 13       		.uleb128 0x13
 1937 022b 3C       		.uleb128 0x3c
 1938 022c 19       		.uleb128 0x19
ARM GAS  /tmp/ccXL6Rl7.s 			page 35


 1939 022d 00       		.byte	0
 1940 022e 00       		.byte	0
 1941 022f 00       		.byte	0
 1942              		.section	.debug_loc,"",%progbits
 1943              	.Ldebug_loc0:
 1944              	.LLST0:
 1945 0000 00000000 		.4byte	.LVL1
 1946 0004 3D000000 		.4byte	.LVL4-1
 1947 0008 0100     		.2byte	0x1
 1948 000a 50       		.byte	0x50
 1949 000b 3D000000 		.4byte	.LVL4-1
 1950 000f 3E000000 		.4byte	.LVL4
 1951 0013 0400     		.2byte	0x4
 1952 0015 F3       		.byte	0xf3
 1953 0016 01       		.uleb128 0x1
 1954 0017 50       		.byte	0x50
 1955 0018 9F       		.byte	0x9f
 1956 0019 3E000000 		.4byte	.LVL4
 1957 001d 44000000 		.4byte	.LVL6
 1958 0021 0100     		.2byte	0x1
 1959 0023 50       		.byte	0x50
 1960 0024 44000000 		.4byte	.LVL6
 1961 0028 4D000000 		.4byte	.LVL7-1
 1962 002c 0100     		.2byte	0x1
 1963 002e 51       		.byte	0x51
 1964 002f 4D000000 		.4byte	.LVL7-1
 1965 0033 4E000000 		.4byte	.LFE8
 1966 0037 0400     		.2byte	0x4
 1967 0039 F3       		.byte	0xf3
 1968 003a 01       		.uleb128 0x1
 1969 003b 50       		.byte	0x50
 1970 003c 9F       		.byte	0x9f
 1971 003d 00000000 		.4byte	0
 1972 0041 00000000 		.4byte	0
 1973              	.LLST1:
 1974 0045 12000000 		.4byte	.LVL2
 1975 0049 32000000 		.4byte	.LVL3
 1976 004d 0100     		.2byte	0x1
 1977 004f 52       		.byte	0x52
 1978 0050 32000000 		.4byte	.LVL3
 1979 0054 3D000000 		.4byte	.LVL4-1
 1980 0058 0200     		.2byte	0x2
 1981 005a 70       		.byte	0x70
 1982 005b 1E       		.sleb128 30
 1983 005c 3E000000 		.4byte	.LVL4
 1984 0060 40000000 		.4byte	.LVL5
 1985 0064 0100     		.2byte	0x1
 1986 0066 52       		.byte	0x52
 1987 0067 40000000 		.4byte	.LVL5
 1988 006b 44000000 		.4byte	.LVL6
 1989 006f 0200     		.2byte	0x2
 1990 0071 70       		.byte	0x70
 1991 0072 1E       		.sleb128 30
 1992 0073 44000000 		.4byte	.LVL6
 1993 0077 4D000000 		.4byte	.LVL7-1
 1994 007b 0200     		.2byte	0x2
 1995 007d 71       		.byte	0x71
ARM GAS  /tmp/ccXL6Rl7.s 			page 36


 1996 007e 1E       		.sleb128 30
 1997 007f 00000000 		.4byte	0
 1998 0083 00000000 		.4byte	0
 1999              	.LLST2:
 2000 0087 00000000 		.4byte	.LVL8
 2001 008b 0D000000 		.4byte	.LVL9-1
 2002 008f 0100     		.2byte	0x1
 2003 0091 50       		.byte	0x50
 2004 0092 0D000000 		.4byte	.LVL9-1
 2005 0096 3C000000 		.4byte	.LFE9
 2006 009a 0400     		.2byte	0x4
 2007 009c F3       		.byte	0xf3
 2008 009d 01       		.uleb128 0x1
 2009 009e 50       		.byte	0x50
 2010 009f 9F       		.byte	0x9f
 2011 00a0 00000000 		.4byte	0
 2012 00a4 00000000 		.4byte	0
 2013              	.LLST3:
 2014 00a8 00000000 		.4byte	.LVL8
 2015 00ac 0D000000 		.4byte	.LVL9-1
 2016 00b0 0100     		.2byte	0x1
 2017 00b2 51       		.byte	0x51
 2018 00b3 0D000000 		.4byte	.LVL9-1
 2019 00b7 3C000000 		.4byte	.LFE9
 2020 00bb 0100     		.2byte	0x1
 2021 00bd 57       		.byte	0x57
 2022 00be 00000000 		.4byte	0
 2023 00c2 00000000 		.4byte	0
 2024              	.LLST4:
 2025 00c6 00000000 		.4byte	.LVL8
 2026 00ca 0D000000 		.4byte	.LVL9-1
 2027 00ce 0100     		.2byte	0x1
 2028 00d0 52       		.byte	0x52
 2029 00d1 0D000000 		.4byte	.LVL9-1
 2030 00d5 3C000000 		.4byte	.LFE9
 2031 00d9 0100     		.2byte	0x1
 2032 00db 56       		.byte	0x56
 2033 00dc 00000000 		.4byte	0
 2034 00e0 00000000 		.4byte	0
 2035              	.LLST5:
 2036 00e4 00000000 		.4byte	.LVL8
 2037 00e8 0D000000 		.4byte	.LVL9-1
 2038 00ec 0100     		.2byte	0x1
 2039 00ee 53       		.byte	0x53
 2040 00ef 0D000000 		.4byte	.LVL9-1
 2041 00f3 3C000000 		.4byte	.LFE9
 2042 00f7 0100     		.2byte	0x1
 2043 00f9 55       		.byte	0x55
 2044 00fa 00000000 		.4byte	0
 2045 00fe 00000000 		.4byte	0
 2046              	.LLST6:
 2047 0102 0E000000 		.4byte	.LVL9
 2048 0106 23000000 		.4byte	.LVL10-1
 2049 010a 0100     		.2byte	0x1
 2050 010c 50       		.byte	0x50
 2051 010d 00000000 		.4byte	0
 2052 0111 00000000 		.4byte	0
ARM GAS  /tmp/ccXL6Rl7.s 			page 37


 2053              	.LLST7:
 2054 0115 2C000000 		.4byte	.LVL11
 2055 0119 2F000000 		.4byte	.LVL12-1
 2056 011d 0100     		.2byte	0x1
 2057 011f 50       		.byte	0x50
 2058 0120 2F000000 		.4byte	.LVL12-1
 2059 0124 38000000 		.4byte	.LVL13
 2060 0128 0100     		.2byte	0x1
 2061 012a 54       		.byte	0x54
 2062 012b 00000000 		.4byte	0
 2063 012f 00000000 		.4byte	0
 2064              	.LLST8:
 2065 0133 00000000 		.4byte	.LVL14
 2066 0137 11000000 		.4byte	.LVL15-1
 2067 013b 0100     		.2byte	0x1
 2068 013d 50       		.byte	0x50
 2069 013e 11000000 		.4byte	.LVL15-1
 2070 0142 44000000 		.4byte	.LFE10
 2071 0146 0100     		.2byte	0x1
 2072 0148 55       		.byte	0x55
 2073 0149 00000000 		.4byte	0
 2074 014d 00000000 		.4byte	0
 2075              	.LLST9:
 2076 0151 00000000 		.4byte	.LVL14
 2077 0155 11000000 		.4byte	.LVL15-1
 2078 0159 0100     		.2byte	0x1
 2079 015b 51       		.byte	0x51
 2080 015c 11000000 		.4byte	.LVL15-1
 2081 0160 44000000 		.4byte	.LFE10
 2082 0164 0100     		.2byte	0x1
 2083 0166 57       		.byte	0x57
 2084 0167 00000000 		.4byte	0
 2085 016b 00000000 		.4byte	0
 2086              	.LLST10:
 2087 016f 00000000 		.4byte	.LVL14
 2088 0173 11000000 		.4byte	.LVL15-1
 2089 0177 0100     		.2byte	0x1
 2090 0179 52       		.byte	0x52
 2091 017a 11000000 		.4byte	.LVL15-1
 2092 017e 44000000 		.4byte	.LFE10
 2093 0182 0100     		.2byte	0x1
 2094 0184 56       		.byte	0x56
 2095 0185 00000000 		.4byte	0
 2096 0189 00000000 		.4byte	0
 2097              	.LLST11:
 2098 018d 00000000 		.4byte	.LVL14
 2099 0191 11000000 		.4byte	.LVL15-1
 2100 0195 0100     		.2byte	0x1
 2101 0197 53       		.byte	0x53
 2102 0198 11000000 		.4byte	.LVL15-1
 2103 019c 44000000 		.4byte	.LFE10
 2104 01a0 0100     		.2byte	0x1
 2105 01a2 58       		.byte	0x58
 2106 01a3 00000000 		.4byte	0
 2107 01a7 00000000 		.4byte	0
 2108              	.LLST12:
 2109 01ab 12000000 		.4byte	.LVL15
ARM GAS  /tmp/ccXL6Rl7.s 			page 38


 2110 01af 27000000 		.4byte	.LVL16-1
 2111 01b3 0100     		.2byte	0x1
 2112 01b5 50       		.byte	0x50
 2113 01b6 00000000 		.4byte	0
 2114 01ba 00000000 		.4byte	0
 2115              	.LLST13:
 2116 01be 32000000 		.4byte	.LVL17
 2117 01c2 35000000 		.4byte	.LVL18-1
 2118 01c6 0100     		.2byte	0x1
 2119 01c8 50       		.byte	0x50
 2120 01c9 35000000 		.4byte	.LVL18-1
 2121 01cd 3E000000 		.4byte	.LVL19
 2122 01d1 0100     		.2byte	0x1
 2123 01d3 54       		.byte	0x54
 2124 01d4 00000000 		.4byte	0
 2125 01d8 00000000 		.4byte	0
 2126              		.section	.debug_aranges,"",%progbits
 2127 0000 34000000 		.4byte	0x34
 2128 0004 0200     		.2byte	0x2
 2129 0006 00000000 		.4byte	.Ldebug_info0
 2130 000a 04       		.byte	0x4
 2131 000b 00       		.byte	0
 2132 000c 0000     		.2byte	0
 2133 000e 0000     		.2byte	0
 2134 0010 00000000 		.4byte	.LFB7
 2135 0014 14000000 		.4byte	.LFE7-.LFB7
 2136 0018 00000000 		.4byte	.LFB8
 2137 001c 4E000000 		.4byte	.LFE8-.LFB8
 2138 0020 00000000 		.4byte	.LFB9
 2139 0024 3C000000 		.4byte	.LFE9-.LFB9
 2140 0028 00000000 		.4byte	.LFB10
 2141 002c 44000000 		.4byte	.LFE10-.LFB10
 2142 0030 00000000 		.4byte	0
 2143 0034 00000000 		.4byte	0
 2144              		.section	.debug_ranges,"",%progbits
 2145              	.Ldebug_ranges0:
 2146 0000 08000000 		.4byte	.LBB3
 2147 0004 0A000000 		.4byte	.LBE3
 2148 0008 0E000000 		.4byte	.LBB4
 2149 000c 12000000 		.4byte	.LBE4
 2150 0010 00000000 		.4byte	0
 2151 0014 00000000 		.4byte	0
 2152 0018 0A000000 		.4byte	.LBB6
 2153 001c 0C000000 		.4byte	.LBE6
 2154 0020 12000000 		.4byte	.LBB7
 2155 0024 16000000 		.4byte	.LBE7
 2156 0028 00000000 		.4byte	0
 2157 002c 00000000 		.4byte	0
 2158 0030 00000000 		.4byte	.LFB7
 2159 0034 14000000 		.4byte	.LFE7
 2160 0038 00000000 		.4byte	.LFB8
 2161 003c 4E000000 		.4byte	.LFE8
 2162 0040 00000000 		.4byte	.LFB9
 2163 0044 3C000000 		.4byte	.LFE9
 2164 0048 00000000 		.4byte	.LFB10
 2165 004c 44000000 		.4byte	.LFE10
 2166 0050 00000000 		.4byte	0
ARM GAS  /tmp/ccXL6Rl7.s 			page 39


 2167 0054 00000000 		.4byte	0
 2168              		.section	.debug_line,"",%progbits
 2169              	.Ldebug_line0:
 2170 0000 0C030000 		.section	.debug_str,"MS",%progbits,1
 2170      02008F02 
 2170      00000201 
 2170      FB0E0D00 
 2170      01010101 
 2171              	.LASF76:
 2172 0000 7466756E 		.ascii	"tfunc_t\000"
 2172      635F7400 
 2173              	.LASF39:
 2174 0008 705F6D73 		.ascii	"p_msg\000"
 2174      6700
 2175              	.LASF2:
 2176 000e 73697A65 		.ascii	"size_t\000"
 2176      5F7400
 2177              	.LASF71:
 2178 0015 7264796D 		.ascii	"rdymsg\000"
 2178      736700
 2179              	.LASF17:
 2180 001c 75696E74 		.ascii	"uint64_t\000"
 2180      36345F74 
 2180      00
 2181              	.LASF3:
 2182 0025 5F5F7569 		.ascii	"__uint8_t\000"
 2182      6E74385F 
 2182      7400
 2183              	.LASF70:
 2184 002f 4D656D6F 		.ascii	"MemoryPool\000"
 2184      7279506F 
 2184      6F6C00
 2185              	.LASF55:
 2186 003a 6D656D67 		.ascii	"memgetfunc_t\000"
 2186      65746675 
 2186      6E635F74 
 2186      00
 2187              	.LASF89:
 2188 0047 474E5520 		.ascii	"GNU C 4.9.3 20150529 (release) [ARM/embedded-4_9-br"
 2188      4320342E 
 2188      392E3320 
 2188      32303135 
 2188      30353239 
 2189 007a 616E6368 		.ascii	"anch revision 227977] -mcpu=cortex-m3 -mno-thumb-in"
 2189      20726576 
 2189      6973696F 
 2189      6E203232 
 2189      37393737 
 2190 00ad 74657277 		.ascii	"terwork -mthumb -ggdb -O2 -std=gnu99 -fomit-frame-p"
 2190      6F726B20 
 2190      2D6D7468 
 2190      756D6220 
 2190      2D676764 
 2191 00e0 6F696E74 		.ascii	"ointer -falign-functions=16 -ffunction-sections -fd"
 2191      6572202D 
 2191      66616C69 
 2191      676E2D66 
ARM GAS  /tmp/ccXL6Rl7.s 			page 40


 2191      756E6374 
 2192 0113 6174612D 		.ascii	"ata-sections -fno-common\000"
 2192      73656374 
 2192      696F6E73 
 2192      202D666E 
 2192      6F2D636F 
 2193              	.LASF13:
 2194 012c 6C6F6E67 		.ascii	"long long unsigned int\000"
 2194      206C6F6E 
 2194      6720756E 
 2194      7369676E 
 2194      65642069 
 2195              	.LASF72:
 2196 0143 65786974 		.ascii	"exitcode\000"
 2196      636F6465 
 2196      00
 2197              	.LASF59:
 2198 014c 685F6672 		.ascii	"h_free\000"
 2198      656500
 2199              	.LASF80:
 2200 0153 68656170 		.ascii	"heapp\000"
 2200      7000
 2201              	.LASF61:
 2202 0159 6E657874 		.ascii	"next\000"
 2202      00
 2203              	.LASF28:
 2204 015e 705F7072 		.ascii	"p_prio\000"
 2204      696F00
 2205              	.LASF11:
 2206 0165 6C6F6E67 		.ascii	"long long int\000"
 2206      206C6F6E 
 2206      6720696E 
 2206      7400
 2207              	.LASF1:
 2208 0173 7369676E 		.ascii	"signed char\000"
 2208      65642063 
 2208      68617200 
 2209              	.LASF60:
 2210 017f 685F6D74 		.ascii	"h_mtx\000"
 2210      7800
 2211              	.LASF43:
 2212 0185 705F6D70 		.ascii	"p_mpool\000"
 2212      6F6F6C00 
 2213              	.LASF52:
 2214 018d 6D5F7175 		.ascii	"m_queue\000"
 2214      65756500 
 2215              	.LASF83:
 2216 0195 63684865 		.ascii	"chHeapFree\000"
 2216      61704672 
 2216      656500
 2217              	.LASF86:
 2218 01a0 63685468 		.ascii	"chThdCreateI\000"
 2218      64437265 
 2218      61746549 
 2218      00
 2219              	.LASF8:
 2220 01ad 6C6F6E67 		.ascii	"long int\000"
ARM GAS  /tmp/ccXL6Rl7.s 			page 41


 2220      20696E74 
 2220      00
 2221              	.LASF79:
 2222 01b6 63685468 		.ascii	"chThdCreateFromHeap\000"
 2222      64437265 
 2222      61746546 
 2222      726F6D48 
 2222      65617000 
 2223              	.LASF19:
 2224 01ca 74737461 		.ascii	"tstate_t\000"
 2224      74655F74 
 2224      00
 2225              	.LASF67:
 2226 01d3 6D705F6E 		.ascii	"mp_next\000"
 2226      65787400 
 2227              	.LASF30:
 2228 01db 705F6E65 		.ascii	"p_newer\000"
 2228      77657200 
 2229              	.LASF82:
 2230 01e3 63685468 		.ascii	"chThdCreateFromMemoryPool\000"
 2230      64437265 
 2230      61746546 
 2230      726F6D4D 
 2230      656D6F72 
 2231              	.LASF9:
 2232 01fd 5F5F7569 		.ascii	"__uint32_t\000"
 2232      6E743332 
 2232      5F7400
 2233              	.LASF69:
 2234 0208 6D705F70 		.ascii	"mp_provider\000"
 2234      726F7669 
 2234      64657200 
 2235              	.LASF46:
 2236 0214 72656761 		.ascii	"regarm_t\000"
 2236      726D5F74 
 2236      00
 2237              	.LASF63:
 2238 021d 616C6967 		.ascii	"align\000"
 2238      6E00
 2239              	.LASF0:
 2240 0223 756E7369 		.ascii	"unsigned int\000"
 2240      676E6564 
 2240      20696E74 
 2240      00
 2241              	.LASF10:
 2242 0230 6C6F6E67 		.ascii	"long unsigned int\000"
 2242      20756E73 
 2242      69676E65 
 2242      6420696E 
 2242      7400
 2243              	.LASF49:
 2244 0242 636F6E74 		.ascii	"context\000"
 2244      65787400 
 2245              	.LASF64:
 2246 024a 73697A65 		.ascii	"size\000"
 2246      00
 2247              	.LASF6:
ARM GAS  /tmp/ccXL6Rl7.s 			page 42


 2248 024f 73686F72 		.ascii	"short unsigned int\000"
 2248      7420756E 
 2248      7369676E 
 2248      65642069 
 2248      6E7400
 2249              	.LASF22:
 2250 0262 6D73675F 		.ascii	"msg_t\000"
 2250      7400
 2251              	.LASF18:
 2252 0268 746D6F64 		.ascii	"tmode_t\000"
 2252      655F7400 
 2253              	.LASF45:
 2254 0270 54687265 		.ascii	"ThreadsList\000"
 2254      6164734C 
 2254      69737400 
 2255              	.LASF23:
 2256 027c 6576656E 		.ascii	"eventmask_t\000"
 2256      746D6173 
 2256      6B5F7400 
 2257              	.LASF51:
 2258 0288 4D757465 		.ascii	"Mutex\000"
 2258      7800
 2259              	.LASF78:
 2260 028e 63685468 		.ascii	"chThdAddRef\000"
 2260      64416464 
 2260      52656600 
 2261              	.LASF47:
 2262 029a 73746B61 		.ascii	"stkalign_t\000"
 2262      6C69676E 
 2262      5F7400
 2263              	.LASF50:
 2264 02a5 73697A65 		.ascii	"sizetype\000"
 2264      74797065 
 2264      00
 2265              	.LASF31:
 2266 02ae 705F6F6C 		.ascii	"p_older\000"
 2266      64657200 
 2267              	.LASF44:
 2268 02b6 54687265 		.ascii	"ThreadsQueue\000"
 2268      61647351 
 2268      75657565 
 2268      00
 2269              	.LASF68:
 2270 02c3 6D705F6F 		.ascii	"mp_object_size\000"
 2270      626A6563 
 2270      745F7369 
 2270      7A6500
 2271              	.LASF81:
 2272 02d2 7072696F 		.ascii	"prio\000"
 2272      00
 2273              	.LASF90:
 2274 02d7 2F686F6D 		.ascii	"/home/nicolas/Escritorio/Embebidos/stamp_repo/files"
 2274      652F6E69 
 2274      636F6C61 
 2274      732F4573 
 2274      63726974 
 2275 030a 2F636F64 		.ascii	"/code/ext/ChibiOS/os/kernel/src/chdynamic.c\000"
ARM GAS  /tmp/ccXL6Rl7.s 			page 43


 2275      652F6578 
 2275      742F4368 
 2275      6962694F 
 2275      532F6F73 
 2276              	.LASF12:
 2277 0336 5F5F7569 		.ascii	"__uint64_t\000"
 2277      6E743634 
 2277      5F7400
 2278              	.LASF66:
 2279 0341 70685F6E 		.ascii	"ph_next\000"
 2279      65787400 
 2280              	.LASF20:
 2281 0349 74726566 		.ascii	"trefs_t\000"
 2281      735F7400 
 2282              	.LASF77:
 2283 0351 72656673 		.ascii	"refs\000"
 2283      00
 2284              	.LASF27:
 2285 0356 705F7072 		.ascii	"p_prev\000"
 2285      657600
 2286              	.LASF21:
 2287 035d 74707269 		.ascii	"tprio_t\000"
 2287      6F5F7400 
 2288              	.LASF15:
 2289 0365 696E7433 		.ascii	"int32_t\000"
 2289      325F7400 
 2290              	.LASF4:
 2291 036d 756E7369 		.ascii	"unsigned char\000"
 2291      676E6564 
 2291      20636861 
 2291      7200
 2292              	.LASF58:
 2293 037b 685F7072 		.ascii	"h_provider\000"
 2293      6F766964 
 2293      657200
 2294              	.LASF41:
 2295 0386 705F6D74 		.ascii	"p_mtxlist\000"
 2295      786C6973 
 2295      7400
 2296              	.LASF5:
 2297 0390 73686F72 		.ascii	"short int\000"
 2297      7420696E 
 2297      7400
 2298              	.LASF33:
 2299 039a 705F7374 		.ascii	"p_state\000"
 2299      61746500 
 2300              	.LASF91:
 2301 03a2 68656170 		.ascii	"heap_header\000"
 2301      5F686561 
 2301      64657200 
 2302              	.LASF74:
 2303 03ae 65776D61 		.ascii	"ewmask\000"
 2303      736B00
 2304              	.LASF26:
 2305 03b5 705F6E65 		.ascii	"p_next\000"
 2305      787400
 2306              	.LASF34:
ARM GAS  /tmp/ccXL6Rl7.s 			page 44


 2307 03bc 705F666C 		.ascii	"p_flags\000"
 2307      61677300 
 2308              	.LASF92:
 2309 03c4 63685468 		.ascii	"chThdRelease\000"
 2309      6452656C 
 2309      65617365 
 2309      00
 2310              	.LASF25:
 2311 03d1 54687265 		.ascii	"Thread\000"
 2311      616400
 2312              	.LASF85:
 2313 03d8 63684865 		.ascii	"chHeapAlloc\000"
 2313      6170416C 
 2313      6C6F6300 
 2314              	.LASF40:
 2315 03e4 705F6570 		.ascii	"p_epending\000"
 2315      656E6469 
 2315      6E6700
 2316              	.LASF16:
 2317 03ef 75696E74 		.ascii	"uint32_t\000"
 2317      33325F74 
 2317      00
 2318              	.LASF62:
 2319 03f8 68656170 		.ascii	"heap\000"
 2319      00
 2320              	.LASF75:
 2321 03fd 63686172 		.ascii	"char\000"
 2321      00
 2322              	.LASF56:
 2323 0402 4D656D6F 		.ascii	"MemoryHeap\000"
 2323      72794865 
 2323      617000
 2324              	.LASF54:
 2325 040d 6D5F6E65 		.ascii	"m_next\000"
 2325      787400
 2326              	.LASF24:
 2327 0414 73797374 		.ascii	"systime_t\000"
 2327      696D655F 
 2327      7400
 2328              	.LASF42:
 2329 041e 705F7265 		.ascii	"p_realprio\000"
 2329      616C7072 
 2329      696F00
 2330              	.LASF7:
 2331 0429 5F5F696E 		.ascii	"__int32_t\000"
 2331      7433325F 
 2331      7400
 2332              	.LASF36:
 2333 0433 705F7469 		.ascii	"p_time\000"
 2333      6D6500
 2334              	.LASF48:
 2335 043a 696E7463 		.ascii	"intctx\000"
 2335      747800
 2336              	.LASF38:
 2337 0441 705F6D73 		.ascii	"p_msgqueue\000"
 2337      67717565 
 2337      756500
ARM GAS  /tmp/ccXL6Rl7.s 			page 45


 2338              	.LASF87:
 2339 044c 63685363 		.ascii	"chSchWakeupS\000"
 2339      6857616B 
 2339      65757053 
 2339      00
 2340              	.LASF65:
 2341 0459 706F6F6C 		.ascii	"pool_header\000"
 2341      5F686561 
 2341      64657200 
 2342              	.LASF35:
 2343 0465 705F7265 		.ascii	"p_refs\000"
 2343      667300
 2344              	.LASF14:
 2345 046c 75696E74 		.ascii	"uint8_t\000"
 2345      385F7400 
 2346              	.LASF88:
 2347 0474 6368506F 		.ascii	"chPoolAlloc\000"
 2347      6F6C416C 
 2347      6C6F6300 
 2348              	.LASF84:
 2349 0480 6368506F 		.ascii	"chPoolFree\000"
 2349      6F6C4672 
 2349      656500
 2350              	.LASF73:
 2351 048b 77746F62 		.ascii	"wtobjp\000"
 2351      6A7000
 2352              	.LASF32:
 2353 0492 705F6E61 		.ascii	"p_name\000"
 2353      6D6500
 2354              	.LASF53:
 2355 0499 6D5F6F77 		.ascii	"m_owner\000"
 2355      6E657200 
 2356              	.LASF29:
 2357 04a1 705F6374 		.ascii	"p_ctx\000"
 2357      7800
 2358              	.LASF37:
 2359 04a7 705F7761 		.ascii	"p_waiting\000"
 2359      6974696E 
 2359      6700
 2360              	.LASF57:
 2361 04b1 6D656D6F 		.ascii	"memory_heap\000"
 2361      72795F68 
 2361      65617000 
 2362              		.ident	"GCC: (GNU Tools for ARM Embedded Processors) 4.9.3 20150529 (release) [ARM/embedded-4_9-br
ARM GAS  /tmp/ccXL6Rl7.s 			page 46


DEFINED SYMBOLS
                            *ABS*:00000000 chdynamic.c
     /tmp/ccXL6Rl7.s:19     .text.chThdAddRef:00000000 $t
     /tmp/ccXL6Rl7.s:25     .text.chThdAddRef:00000000 chThdAddRef
     /tmp/ccXL6Rl7.s:64     .text.chThdRelease:00000000 $t
     /tmp/ccXL6Rl7.s:70     .text.chThdRelease:00000000 chThdRelease
     /tmp/ccXL6Rl7.s:153    .text.chThdCreateFromHeap:00000000 $t
     /tmp/ccXL6Rl7.s:159    .text.chThdCreateFromHeap:00000000 chThdCreateFromHeap
     /tmp/ccXL6Rl7.s:232    .text.chThdCreateFromMemoryPool:00000000 $t
     /tmp/ccXL6Rl7.s:238    .text.chThdCreateFromMemoryPool:00000000 chThdCreateFromMemoryPool
                     .debug_frame:00000010 $d

UNDEFINED SYMBOLS
chHeapFree
chPoolFree
chHeapAlloc
chThdCreateI
chSchWakeupS
chPoolAlloc
