ARM GAS  /tmp/cctCKFxb.s 			page 1


   1              		.syntax unified
   2              		.cpu cortex-m3
   3              		.fpu softvfp
   4              		.eabi_attribute 20, 1
   5              		.eabi_attribute 21, 1
   6              		.eabi_attribute 23, 3
   7              		.eabi_attribute 24, 1
   8              		.eabi_attribute 25, 1
   9              		.eabi_attribute 26, 1
  10              		.eabi_attribute 30, 2
  11              		.eabi_attribute 34, 1
  12              		.eabi_attribute 18, 4
  13              		.thumb
  14              		.file	"chregistry.c"
  15              		.text
  16              	.Ltext0:
  17              		.cfi_sections	.debug_frame
  18              		.section	.text.chRegFirstThread,"ax",%progbits
  19              		.align	2
  20              		.p2align 4,,15
  21              		.global	chRegFirstThread
  22              		.thumb
  23              		.thumb_func
  24              		.type	chRegFirstThread, %function
  25              	chRegFirstThread:
  26              	.LFB7:
  27              		.file 1 "/home/nicolas/Escritorio/Embebidos/stamp_repo/files/code/ext/ChibiOS/os/kernel/src/chregi
  28              		.loc 1 72 0
  29              		.cfi_startproc
  30              		@ args = 0, pretend = 0, frame = 0
  31              		@ frame_needed = 0, uses_anonymous_args = 0
  32              		@ link register save eliminated.
  33              	.LBB2:
  34              		.loc 1 75 0
  35 0000 2023     		movs	r3, #32
  36              	@ 75 "/home/nicolas/Escritorio/Embebidos/stamp_repo/files/code/ext/ChibiOS/os/kernel/src/chregistry
  37 0002 83F31188 		msr     BASEPRI, r3
  38              	@ 0 "" 2
  39              		.thumb
  40              	.LBE2:
  41              		.loc 1 76 0
  42 0006 044A     		ldr	r2, .L2
  43              	.LBB3:
  44              		.loc 1 80 0
  45 0008 0023     		movs	r3, #0
  46              	.LBE3:
  47              		.loc 1 76 0
  48 000a 1069     		ldr	r0, [r2, #16]
  49              	.LVL0:
  50              		.loc 1 78 0
  51 000c 827F     		ldrb	r2, [r0, #30]	@ zero_extendqisi2
  52 000e 0132     		adds	r2, r2, #1
  53 0010 8277     		strb	r2, [r0, #30]
  54              	.LBB4:
  55              		.loc 1 80 0
  56              	@ 80 "/home/nicolas/Escritorio/Embebidos/stamp_repo/files/code/ext/ChibiOS/os/kernel/src/chregistry
  57 0012 83F31188 		msr     BASEPRI, r3
ARM GAS  /tmp/cctCKFxb.s 			page 2


  58              	@ 0 "" 2
  59              		.thumb
  60              	.LBE4:
  61              		.loc 1 82 0
  62 0016 7047     		bx	lr
  63              	.L3:
  64              		.align	2
  65              	.L2:
  66 0018 00000000 		.word	rlist
  67              		.cfi_endproc
  68              	.LFE7:
  69              		.size	chRegFirstThread, .-chRegFirstThread
  70              		.section	.text.chRegNextThread,"ax",%progbits
  71              		.align	2
  72              		.p2align 4,,15
  73              		.global	chRegNextThread
  74              		.thumb
  75              		.thumb_func
  76              		.type	chRegNextThread, %function
  77              	chRegNextThread:
  78              	.LFB8:
  79              		.loc 1 95 0
  80              		.cfi_startproc
  81              		@ args = 0, pretend = 0, frame = 0
  82              		@ frame_needed = 0, uses_anonymous_args = 0
  83              	.LVL1:
  84 0000 10B5     		push	{r4, lr}
  85              		.cfi_def_cfa_offset 8
  86              		.cfi_offset 4, -8
  87              		.cfi_offset 14, -4
  88              	.LBB5:
  89              		.loc 1 98 0
  90 0002 2023     		movs	r3, #32
  91              	@ 98 "/home/nicolas/Escritorio/Embebidos/stamp_repo/files/code/ext/ChibiOS/os/kernel/src/chregistry
  92 0004 83F31188 		msr     BASEPRI, r3
  93              	@ 0 "" 2
  94              		.thumb
  95              	.LBE5:
  96              		.loc 1 100 0
  97 0008 074B     		ldr	r3, .L8
  98              		.loc 1 99 0
  99 000a 0469     		ldr	r4, [r0, #16]
 100              	.LVL2:
 101              		.loc 1 100 0
 102 000c 9C42     		cmp	r4, r3
 103              		.loc 1 106 0
 104 000e 17BF     		itett	ne
 105 0010 A37F     		ldrbne	r3, [r4, #30]	@ zero_extendqisi2
 106              		.loc 1 101 0
 107 0012 0024     		moveq	r4, #0
 108              	.LVL3:
 109              		.loc 1 106 0
 110 0014 0133     		addne	r3, r3, #1
 111 0016 A377     		strbne	r3, [r4, #30]
 112              	.LBB6:
 113              		.loc 1 109 0
 114 0018 0023     		movs	r3, #0
ARM GAS  /tmp/cctCKFxb.s 			page 3


 115              	@ 109 "/home/nicolas/Escritorio/Embebidos/stamp_repo/files/code/ext/ChibiOS/os/kernel/src/chregistr
 116 001a 83F31188 		msr     BASEPRI, r3
 117              	@ 0 "" 2
 118              		.thumb
 119              	.LBE6:
 120              		.loc 1 111 0
 121 001e FFF7FEFF 		bl	chThdRelease
 122              	.LVL4:
 123              		.loc 1 114 0
 124 0022 2046     		mov	r0, r4
 125 0024 10BD     		pop	{r4, pc}
 126              	.LVL5:
 127              	.L9:
 128 0026 00BF     		.align	2
 129              	.L8:
 130 0028 00000000 		.word	rlist
 131              		.cfi_endproc
 132              	.LFE8:
 133              		.size	chRegNextThread, .-chRegNextThread
 134              		.text
 135              	.Letext0:
 136              		.file 2 "/opt/gcc-arm-none-eabi-4_9-2015q3/arm-none-eabi/include/machine/_default_types.h"
 137              		.file 3 "/opt/gcc-arm-none-eabi-4_9-2015q3/arm-none-eabi/include/sys/_stdint.h"
 138              		.file 4 "/home/nicolas/Escritorio/Embebidos/stamp_repo/files/code/ext/ChibiOS/os/ports/GCC/ARMCMx/
 139              		.file 5 "/home/nicolas/Escritorio/Embebidos/stamp_repo/files/code/ext/ChibiOS/os/kernel/include/ch
 140              		.file 6 "/home/nicolas/Escritorio/Embebidos/stamp_repo/files/code/ext/ChibiOS/os/kernel/include/ch
 141              		.file 7 "/home/nicolas/Escritorio/Embebidos/stamp_repo/files/code/ext/ChibiOS/os/ports/GCC/ARMCMx/
 142              		.file 8 "/home/nicolas/Escritorio/Embebidos/stamp_repo/files/code/ext/ChibiOS/os/kernel/include/ch
 143              		.file 9 "/home/nicolas/Escritorio/Embebidos/stamp_repo/files/code/ext/ChibiOS/os/kernel/include/ch
 144              		.file 10 "/home/nicolas/Escritorio/Embebidos/stamp_repo/files/code/ext/ChibiOS/os/kernel/include/c
 145              		.section	.debug_info,"",%progbits
 146              	.Ldebug_info0:
 147 0000 E2040000 		.4byte	0x4e2
 148 0004 0400     		.2byte	0x4
 149 0006 00000000 		.4byte	.Ldebug_abbrev0
 150 000a 04       		.byte	0x4
 151 000b 01       		.uleb128 0x1
 152 000c 17000000 		.4byte	.LASF67
 153 0010 01       		.byte	0x1
 154 0011 3F030000 		.4byte	.LASF68
 155 0015 18000000 		.4byte	.Ldebug_ranges0+0x18
 156 0019 00000000 		.4byte	0
 157 001d 00000000 		.4byte	.Ldebug_line0
 158 0021 02       		.uleb128 0x2
 159 0022 04       		.byte	0x4
 160 0023 05       		.byte	0x5
 161 0024 696E7400 		.ascii	"int\000"
 162 0028 03       		.uleb128 0x3
 163 0029 04       		.byte	0x4
 164 002a 07       		.byte	0x7
 165 002b 92010000 		.4byte	.LASF0
 166 002f 03       		.uleb128 0x3
 167 0030 01       		.byte	0x1
 168 0031 06       		.byte	0x6
 169 0032 42010000 		.4byte	.LASF1
 170 0036 04       		.uleb128 0x4
 171 0037 0D000000 		.4byte	.LASF5
ARM GAS  /tmp/cctCKFxb.s 			page 4


 172 003b 02       		.byte	0x2
 173 003c 1D       		.byte	0x1d
 174 003d 41000000 		.4byte	0x41
 175 0041 03       		.uleb128 0x3
 176 0042 01       		.byte	0x1
 177 0043 08       		.byte	0x8
 178 0044 55020000 		.4byte	.LASF2
 179 0048 03       		.uleb128 0x3
 180 0049 02       		.byte	0x2
 181 004a 05       		.byte	0x5
 182 004b 6D020000 		.4byte	.LASF3
 183 004f 03       		.uleb128 0x3
 184 0050 02       		.byte	0x2
 185 0051 07       		.byte	0x7
 186 0052 B9010000 		.4byte	.LASF4
 187 0056 04       		.uleb128 0x4
 188 0057 FD020000 		.4byte	.LASF6
 189 005b 02       		.byte	0x2
 190 005c 3F       		.byte	0x3f
 191 005d 61000000 		.4byte	0x61
 192 0061 03       		.uleb128 0x3
 193 0062 04       		.byte	0x4
 194 0063 05       		.byte	0x5
 195 0064 5E010000 		.4byte	.LASF7
 196 0068 04       		.uleb128 0x4
 197 0069 78010000 		.4byte	.LASF8
 198 006d 02       		.byte	0x2
 199 006e 41       		.byte	0x41
 200 006f 73000000 		.4byte	0x73
 201 0073 03       		.uleb128 0x3
 202 0074 04       		.byte	0x4
 203 0075 07       		.byte	0x7
 204 0076 9F010000 		.4byte	.LASF9
 205 007a 03       		.uleb128 0x3
 206 007b 08       		.byte	0x8
 207 007c 05       		.byte	0x5
 208 007d 34010000 		.4byte	.LASF10
 209 0081 03       		.uleb128 0x3
 210 0082 08       		.byte	0x8
 211 0083 07       		.byte	0x7
 212 0084 FC000000 		.4byte	.LASF11
 213 0088 04       		.uleb128 0x4
 214 0089 37030000 		.4byte	.LASF12
 215 008d 03       		.byte	0x3
 216 008e 14       		.byte	0x14
 217 008f 36000000 		.4byte	0x36
 218 0093 04       		.uleb128 0x4
 219 0094 4D020000 		.4byte	.LASF13
 220 0098 03       		.byte	0x3
 221 0099 1F       		.byte	0x1f
 222 009a 56000000 		.4byte	0x56
 223 009e 04       		.uleb128 0x4
 224 009f BB020000 		.4byte	.LASF14
 225 00a3 03       		.byte	0x3
 226 00a4 20       		.byte	0x20
 227 00a5 68000000 		.4byte	0x68
 228 00a9 04       		.uleb128 0x4
ARM GAS  /tmp/cctCKFxb.s 			page 5


 229 00aa DA010000 		.4byte	.LASF15
 230 00ae 04       		.byte	0x4
 231 00af 2F       		.byte	0x2f
 232 00b0 88000000 		.4byte	0x88
 233 00b4 04       		.uleb128 0x4
 234 00b5 67010000 		.4byte	.LASF16
 235 00b9 04       		.byte	0x4
 236 00ba 30       		.byte	0x30
 237 00bb 88000000 		.4byte	0x88
 238 00bf 04       		.uleb128 0x4
 239 00c0 36020000 		.4byte	.LASF17
 240 00c4 04       		.byte	0x4
 241 00c5 31       		.byte	0x31
 242 00c6 88000000 		.4byte	0x88
 243 00ca 04       		.uleb128 0x4
 244 00cb 45020000 		.4byte	.LASF18
 245 00cf 04       		.byte	0x4
 246 00d0 32       		.byte	0x32
 247 00d1 9E000000 		.4byte	0x9e
 248 00d5 04       		.uleb128 0x4
 249 00d6 CC010000 		.4byte	.LASF19
 250 00da 04       		.byte	0x4
 251 00db 33       		.byte	0x33
 252 00dc 93000000 		.4byte	0x93
 253 00e0 04       		.uleb128 0x4
 254 00e1 EE010000 		.4byte	.LASF20
 255 00e5 04       		.byte	0x4
 256 00e6 35       		.byte	0x35
 257 00e7 9E000000 		.4byte	0x9e
 258 00eb 04       		.uleb128 0x4
 259 00ec E8020000 		.4byte	.LASF21
 260 00f0 04       		.byte	0x4
 261 00f1 36       		.byte	0x36
 262 00f2 9E000000 		.4byte	0x9e
 263 00f6 04       		.uleb128 0x4
 264 00f7 8C010000 		.4byte	.LASF22
 265 00fb 04       		.byte	0x4
 266 00fc 37       		.byte	0x37
 267 00fd 93000000 		.4byte	0x93
 268 0101 04       		.uleb128 0x4
 269 0102 A9020000 		.4byte	.LASF23
 270 0106 05       		.byte	0x5
 271 0107 2A       		.byte	0x2a
 272 0108 0C010000 		.4byte	0x10c
 273 010c 05       		.uleb128 0x5
 274 010d A9020000 		.4byte	.LASF23
 275 0111 48       		.byte	0x48
 276 0112 06       		.byte	0x6
 277 0113 5E       		.byte	0x5e
 278 0114 FD010000 		.4byte	0x1fd
 279 0118 06       		.uleb128 0x6
 280 0119 8D020000 		.4byte	.LASF24
 281 011d 06       		.byte	0x6
 282 011e 5F       		.byte	0x5f
 283 011f 1E020000 		.4byte	0x21e
 284 0123 00       		.byte	0
 285 0124 06       		.uleb128 0x6
ARM GAS  /tmp/cctCKFxb.s 			page 6


 286 0125 3E020000 		.4byte	.LASF25
 287 0129 06       		.byte	0x6
 288 012a 61       		.byte	0x61
 289 012b 1E020000 		.4byte	0x21e
 290 012f 04       		.byte	0x4
 291 0130 06       		.uleb128 0x6
 292 0131 2D010000 		.4byte	.LASF26
 293 0135 06       		.byte	0x6
 294 0136 63       		.byte	0x63
 295 0137 CA000000 		.4byte	0xca
 296 013b 08       		.byte	0x8
 297 013c 06       		.uleb128 0x6
 298 013d BF030000 		.4byte	.LASF27
 299 0141 06       		.byte	0x6
 300 0142 64       		.byte	0x64
 301 0143 D7020000 		.4byte	0x2d7
 302 0147 0C       		.byte	0xc
 303 0148 06       		.uleb128 0x6
 304 0149 70010000 		.4byte	.LASF28
 305 014d 06       		.byte	0x6
 306 014e 66       		.byte	0x66
 307 014f 1E020000 		.4byte	0x21e
 308 0153 10       		.byte	0x10
 309 0154 06       		.uleb128 0x6
 310 0155 09020000 		.4byte	.LASF29
 311 0159 06       		.byte	0x6
 312 015a 67       		.byte	0x67
 313 015b 1E020000 		.4byte	0x21e
 314 015f 14       		.byte	0x14
 315 0160 06       		.uleb128 0x6
 316 0161 A6030000 		.4byte	.LASF30
 317 0165 06       		.byte	0x6
 318 0166 6E       		.byte	0x6e
 319 0167 E3030000 		.4byte	0x3e3
 320 016b 18       		.byte	0x18
 321 016c 06       		.uleb128 0x6
 322 016d 77020000 		.4byte	.LASF31
 323 0171 06       		.byte	0x6
 324 0172 79       		.byte	0x79
 325 0173 B4000000 		.4byte	0xb4
 326 0177 1C       		.byte	0x1c
 327 0178 06       		.uleb128 0x6
 328 0179 94020000 		.4byte	.LASF32
 329 017d 06       		.byte	0x6
 330 017e 7D       		.byte	0x7d
 331 017f A9000000 		.4byte	0xa9
 332 0183 1D       		.byte	0x1d
 333 0184 06       		.uleb128 0x6
 334 0185 20030000 		.4byte	.LASF33
 335 0189 06       		.byte	0x6
 336 018a 82       		.byte	0x82
 337 018b BF000000 		.4byte	0xbf
 338 018f 1E       		.byte	0x1e
 339 0190 06       		.uleb128 0x6
 340 0191 07030000 		.4byte	.LASF34
 341 0195 06       		.byte	0x6
 342 0196 89       		.byte	0x89
ARM GAS  /tmp/cctCKFxb.s 			page 7


 343 0197 FF020000 		.4byte	0x2ff
 344 019b 20       		.byte	0x20
 345 019c 07       		.uleb128 0x7
 346 019d 705F7500 		.ascii	"p_u\000"
 347 01a1 06       		.byte	0x6
 348 01a2 AE       		.byte	0xae
 349 01a3 AE030000 		.4byte	0x3ae
 350 01a7 24       		.byte	0x24
 351 01a8 06       		.uleb128 0x6
 352 01a9 C5030000 		.4byte	.LASF35
 353 01ad 06       		.byte	0x6
 354 01ae B3       		.byte	0xb3
 355 01af 44020000 		.4byte	0x244
 356 01b3 28       		.byte	0x28
 357 01b4 06       		.uleb128 0x6
 358 01b5 15030000 		.4byte	.LASF36
 359 01b9 06       		.byte	0x6
 360 01ba B9       		.byte	0xb9
 361 01bb 24020000 		.4byte	0x224
 362 01bf 2C       		.byte	0x2c
 363 01c0 06       		.uleb128 0x6
 364 01c1 00000000 		.4byte	.LASF37
 365 01c5 06       		.byte	0x6
 366 01c6 BD       		.byte	0xbd
 367 01c7 D5000000 		.4byte	0xd5
 368 01cb 34       		.byte	0x34
 369 01cc 06       		.uleb128 0x6
 370 01cd B0020000 		.4byte	.LASF38
 371 01d1 06       		.byte	0x6
 372 01d2 C3       		.byte	0xc3
 373 01d3 E0000000 		.4byte	0xe0
 374 01d7 38       		.byte	0x38
 375 01d8 06       		.uleb128 0x6
 376 01d9 63020000 		.4byte	.LASF39
 377 01dd 06       		.byte	0x6
 378 01de CA       		.byte	0xca
 379 01df F5030000 		.4byte	0x3f5
 380 01e3 3C       		.byte	0x3c
 381 01e4 06       		.uleb128 0x6
 382 01e5 F2020000 		.4byte	.LASF40
 383 01e9 06       		.byte	0x6
 384 01ea CE       		.byte	0xce
 385 01eb CA000000 		.4byte	0xca
 386 01ef 40       		.byte	0x40
 387 01f0 06       		.uleb128 0x6
 388 01f1 4E010000 		.4byte	.LASF41
 389 01f5 06       		.byte	0x6
 390 01f6 D4       		.byte	0xd4
 391 01f7 5A020000 		.4byte	0x25a
 392 01fb 44       		.byte	0x44
 393 01fc 00       		.byte	0
 394 01fd 08       		.uleb128 0x8
 395 01fe 08       		.byte	0x8
 396 01ff 05       		.byte	0x5
 397 0200 61       		.byte	0x61
 398 0201 1E020000 		.4byte	0x21e
 399 0205 06       		.uleb128 0x6
ARM GAS  /tmp/cctCKFxb.s 			page 8


 400 0206 8D020000 		.4byte	.LASF24
 401 020a 05       		.byte	0x5
 402 020b 62       		.byte	0x62
 403 020c 1E020000 		.4byte	0x21e
 404 0210 00       		.byte	0
 405 0211 06       		.uleb128 0x6
 406 0212 3E020000 		.4byte	.LASF25
 407 0216 05       		.byte	0x5
 408 0217 64       		.byte	0x64
 409 0218 1E020000 		.4byte	0x21e
 410 021c 04       		.byte	0x4
 411 021d 00       		.byte	0
 412 021e 09       		.uleb128 0x9
 413 021f 04       		.byte	0x4
 414 0220 01010000 		.4byte	0x101
 415 0224 04       		.uleb128 0x4
 416 0225 17020000 		.4byte	.LASF42
 417 0229 05       		.byte	0x5
 418 022a 66       		.byte	0x66
 419 022b FD010000 		.4byte	0x1fd
 420 022f 08       		.uleb128 0x8
 421 0230 04       		.byte	0x4
 422 0231 05       		.byte	0x5
 423 0232 6B       		.byte	0x6b
 424 0233 44020000 		.4byte	0x244
 425 0237 06       		.uleb128 0x6
 426 0238 8D020000 		.4byte	.LASF24
 427 023c 05       		.byte	0x5
 428 023d 6D       		.byte	0x6d
 429 023e 1E020000 		.4byte	0x21e
 430 0242 00       		.byte	0
 431 0243 00       		.byte	0
 432 0244 04       		.uleb128 0x4
 433 0245 E2010000 		.4byte	.LASF43
 434 0249 05       		.byte	0x5
 435 024a 70       		.byte	0x70
 436 024b 2F020000 		.4byte	0x22f
 437 024f 04       		.uleb128 0x4
 438 0250 83010000 		.4byte	.LASF44
 439 0254 07       		.byte	0x7
 440 0255 D7       		.byte	0xd7
 441 0256 5A020000 		.4byte	0x25a
 442 025a 0A       		.uleb128 0xa
 443 025b 04       		.byte	0x4
 444 025c 05       		.uleb128 0x5
 445 025d 0E030000 		.4byte	.LASF45
 446 0261 24       		.byte	0x24
 447 0262 07       		.byte	0x7
 448 0263 FE       		.byte	0xfe
 449 0264 D7020000 		.4byte	0x2d7
 450 0268 0B       		.uleb128 0xb
 451 0269 723400   		.ascii	"r4\000"
 452 026c 07       		.byte	0x7
 453 026d 1101     		.2byte	0x111
 454 026f 4F020000 		.4byte	0x24f
 455 0273 00       		.byte	0
 456 0274 0B       		.uleb128 0xb
ARM GAS  /tmp/cctCKFxb.s 			page 9


 457 0275 723500   		.ascii	"r5\000"
 458 0278 07       		.byte	0x7
 459 0279 1201     		.2byte	0x112
 460 027b 4F020000 		.4byte	0x24f
 461 027f 04       		.byte	0x4
 462 0280 0B       		.uleb128 0xb
 463 0281 723600   		.ascii	"r6\000"
 464 0284 07       		.byte	0x7
 465 0285 1301     		.2byte	0x113
 466 0287 4F020000 		.4byte	0x24f
 467 028b 08       		.byte	0x8
 468 028c 0B       		.uleb128 0xb
 469 028d 723700   		.ascii	"r7\000"
 470 0290 07       		.byte	0x7
 471 0291 1401     		.2byte	0x114
 472 0293 4F020000 		.4byte	0x24f
 473 0297 0C       		.byte	0xc
 474 0298 0B       		.uleb128 0xb
 475 0299 723800   		.ascii	"r8\000"
 476 029c 07       		.byte	0x7
 477 029d 1501     		.2byte	0x115
 478 029f 4F020000 		.4byte	0x24f
 479 02a3 10       		.byte	0x10
 480 02a4 0B       		.uleb128 0xb
 481 02a5 723900   		.ascii	"r9\000"
 482 02a8 07       		.byte	0x7
 483 02a9 1601     		.2byte	0x116
 484 02ab 4F020000 		.4byte	0x24f
 485 02af 14       		.byte	0x14
 486 02b0 0B       		.uleb128 0xb
 487 02b1 72313000 		.ascii	"r10\000"
 488 02b5 07       		.byte	0x7
 489 02b6 1701     		.2byte	0x117
 490 02b8 4F020000 		.4byte	0x24f
 491 02bc 18       		.byte	0x18
 492 02bd 0B       		.uleb128 0xb
 493 02be 72313100 		.ascii	"r11\000"
 494 02c2 07       		.byte	0x7
 495 02c3 1801     		.2byte	0x118
 496 02c5 4F020000 		.4byte	0x24f
 497 02c9 1C       		.byte	0x1c
 498 02ca 0B       		.uleb128 0xb
 499 02cb 6C7200   		.ascii	"lr\000"
 500 02ce 07       		.byte	0x7
 501 02cf 1901     		.2byte	0x119
 502 02d1 4F020000 		.4byte	0x24f
 503 02d5 20       		.byte	0x20
 504 02d6 00       		.byte	0
 505 02d7 0C       		.uleb128 0xc
 506 02d8 B1010000 		.4byte	.LASF46
 507 02dc 04       		.byte	0x4
 508 02dd 07       		.byte	0x7
 509 02de 2301     		.2byte	0x123
 510 02e0 F2020000 		.4byte	0x2f2
 511 02e4 0B       		.uleb128 0xb
 512 02e5 72313300 		.ascii	"r13\000"
 513 02e9 07       		.byte	0x7
ARM GAS  /tmp/cctCKFxb.s 			page 10


 514 02ea 2401     		.2byte	0x124
 515 02ec F2020000 		.4byte	0x2f2
 516 02f0 00       		.byte	0
 517 02f1 00       		.byte	0
 518 02f2 09       		.uleb128 0x9
 519 02f3 04       		.byte	0x4
 520 02f4 5C020000 		.4byte	0x25c
 521 02f8 03       		.uleb128 0x3
 522 02f9 04       		.byte	0x4
 523 02fa 07       		.byte	0x7
 524 02fb 00020000 		.4byte	.LASF47
 525 02ff 0D       		.uleb128 0xd
 526 0300 EB000000 		.4byte	0xeb
 527 0304 08       		.uleb128 0x8
 528 0305 20       		.byte	0x20
 529 0306 08       		.byte	0x8
 530 0307 5E       		.byte	0x5e
 531 0308 61030000 		.4byte	0x361
 532 030c 06       		.uleb128 0x6
 533 030d C4020000 		.4byte	.LASF48
 534 0311 08       		.byte	0x8
 535 0312 5F       		.byte	0x5f
 536 0313 24020000 		.4byte	0x224
 537 0317 00       		.byte	0
 538 0318 06       		.uleb128 0x6
 539 0319 7F020000 		.4byte	.LASF49
 540 031d 08       		.byte	0x8
 541 031e 60       		.byte	0x60
 542 031f CA000000 		.4byte	0xca
 543 0323 08       		.byte	0x8
 544 0324 06       		.uleb128 0x6
 545 0325 11020000 		.4byte	.LASF50
 546 0329 08       		.byte	0x8
 547 032a 62       		.byte	0x62
 548 032b D7020000 		.4byte	0x2d7
 549 032f 0C       		.byte	0xc
 550 0330 06       		.uleb128 0x6
 551 0331 D2010000 		.4byte	.LASF51
 552 0335 08       		.byte	0x8
 553 0336 65       		.byte	0x65
 554 0337 1E020000 		.4byte	0x21e
 555 033b 10       		.byte	0x10
 556 033c 06       		.uleb128 0x6
 557 033d 2E020000 		.4byte	.LASF52
 558 0341 08       		.byte	0x8
 559 0342 66       		.byte	0x66
 560 0343 1E020000 		.4byte	0x21e
 561 0347 14       		.byte	0x14
 562 0348 06       		.uleb128 0x6
 563 0349 AD030000 		.4byte	.LASF53
 564 034d 08       		.byte	0x8
 565 034e 6A       		.byte	0x6a
 566 034f F6000000 		.4byte	0xf6
 567 0353 18       		.byte	0x18
 568 0354 06       		.uleb128 0x6
 569 0355 24020000 		.4byte	.LASF54
 570 0359 08       		.byte	0x8
ARM GAS  /tmp/cctCKFxb.s 			page 11


 571 035a 6C       		.byte	0x6c
 572 035b 1E020000 		.4byte	0x21e
 573 035f 1C       		.byte	0x1c
 574 0360 00       		.byte	0
 575 0361 04       		.uleb128 0x4
 576 0362 27030000 		.4byte	.LASF55
 577 0366 08       		.byte	0x8
 578 0367 6E       		.byte	0x6e
 579 0368 04030000 		.4byte	0x304
 580 036c 05       		.uleb128 0x5
 581 036d FA010000 		.4byte	.LASF56
 582 0371 10       		.byte	0x10
 583 0372 09       		.byte	0x9
 584 0373 2C       		.byte	0x2c
 585 0374 9D030000 		.4byte	0x39d
 586 0378 06       		.uleb128 0x6
 587 0379 56010000 		.4byte	.LASF57
 588 037d 09       		.byte	0x9
 589 037e 2D       		.byte	0x2d
 590 037f 24020000 		.4byte	0x224
 591 0383 00       		.byte	0
 592 0384 06       		.uleb128 0x6
 593 0385 B7030000 		.4byte	.LASF58
 594 0389 09       		.byte	0x9
 595 038a 2F       		.byte	0x2f
 596 038b 1E020000 		.4byte	0x21e
 597 038f 08       		.byte	0x8
 598 0390 06       		.uleb128 0x6
 599 0391 E1020000 		.4byte	.LASF59
 600 0395 09       		.byte	0x9
 601 0396 31       		.byte	0x31
 602 0397 9D030000 		.4byte	0x39d
 603 039b 0C       		.byte	0xc
 604 039c 00       		.byte	0
 605 039d 09       		.uleb128 0x9
 606 039e 04       		.byte	0x4
 607 039f 6C030000 		.4byte	0x36c
 608 03a3 04       		.uleb128 0x4
 609 03a4 FA010000 		.4byte	.LASF56
 610 03a8 09       		.byte	0x9
 611 03a9 33       		.byte	0x33
 612 03aa 6C030000 		.4byte	0x36c
 613 03ae 0E       		.uleb128 0xe
 614 03af 04       		.byte	0x4
 615 03b0 06       		.byte	0x6
 616 03b1 90       		.byte	0x90
 617 03b2 E3030000 		.4byte	0x3e3
 618 03b6 0F       		.uleb128 0xf
 619 03b7 06000000 		.4byte	.LASF60
 620 03bb 06       		.byte	0x6
 621 03bc 97       		.byte	0x97
 622 03bd D5000000 		.4byte	0xd5
 623 03c1 0F       		.uleb128 0xf
 624 03c2 13010000 		.4byte	.LASF61
 625 03c6 06       		.byte	0x6
 626 03c7 9E       		.byte	0x9e
 627 03c8 D5000000 		.4byte	0xd5
ARM GAS  /tmp/cctCKFxb.s 			page 12


 628 03cc 0F       		.uleb128 0xf
 629 03cd 9F030000 		.4byte	.LASF62
 630 03d1 06       		.byte	0x6
 631 03d2 A5       		.byte	0xa5
 632 03d3 5A020000 		.4byte	0x25a
 633 03d7 0F       		.uleb128 0xf
 634 03d8 86020000 		.4byte	.LASF63
 635 03dc 06       		.byte	0x6
 636 03dd AC       		.byte	0xac
 637 03de E0000000 		.4byte	0xe0
 638 03e2 00       		.byte	0
 639 03e3 09       		.uleb128 0x9
 640 03e4 04       		.byte	0x4
 641 03e5 E9030000 		.4byte	0x3e9
 642 03e9 10       		.uleb128 0x10
 643 03ea EE030000 		.4byte	0x3ee
 644 03ee 03       		.uleb128 0x3
 645 03ef 01       		.byte	0x1
 646 03f0 08       		.byte	0x8
 647 03f1 CC020000 		.4byte	.LASF64
 648 03f5 09       		.uleb128 0x9
 649 03f6 04       		.byte	0x4
 650 03f7 A3030000 		.4byte	0x3a3
 651 03fb 11       		.uleb128 0x11
 652 03fc 1C010000 		.4byte	.LASF65
 653 0400 01       		.byte	0x1
 654 0401 48       		.byte	0x48
 655 0402 1E020000 		.4byte	0x21e
 656 0406 00000000 		.4byte	.LFB7
 657 040a 1C000000 		.4byte	.LFE7-.LFB7
 658 040e 01       		.uleb128 0x1
 659 040f 9C       		.byte	0x9c
 660 0410 4F040000 		.4byte	0x44f
 661 0414 12       		.uleb128 0x12
 662 0415 747000   		.ascii	"tp\000"
 663 0418 01       		.byte	0x1
 664 0419 49       		.byte	0x49
 665 041a 1E020000 		.4byte	0x21e
 666 041e 01       		.uleb128 0x1
 667 041f 50       		.byte	0x50
 668 0420 13       		.uleb128 0x13
 669 0421 00000000 		.4byte	.LBB2
 670 0425 06000000 		.4byte	.LBE2-.LBB2
 671 0429 3B040000 		.4byte	0x43b
 672 042d 12       		.uleb128 0x12
 673 042e 746D7000 		.ascii	"tmp\000"
 674 0432 01       		.byte	0x1
 675 0433 4B       		.byte	0x4b
 676 0434 9E000000 		.4byte	0x9e
 677 0438 01       		.uleb128 0x1
 678 0439 53       		.byte	0x53
 679 043a 00       		.byte	0
 680 043b 14       		.uleb128 0x14
 681 043c 00000000 		.4byte	.Ldebug_ranges0+0
 682 0440 12       		.uleb128 0x12
 683 0441 746D7000 		.ascii	"tmp\000"
 684 0445 01       		.byte	0x1
ARM GAS  /tmp/cctCKFxb.s 			page 13


 685 0446 50       		.byte	0x50
 686 0447 9E000000 		.4byte	0x9e
 687 044b 01       		.uleb128 0x1
 688 044c 53       		.byte	0x53
 689 044d 00       		.byte	0
 690 044e 00       		.byte	0
 691 044f 11       		.uleb128 0x11
 692 0450 D1020000 		.4byte	.LASF66
 693 0454 01       		.byte	0x1
 694 0455 5F       		.byte	0x5f
 695 0456 1E020000 		.4byte	0x21e
 696 045a 00000000 		.4byte	.LFB8
 697 045e 2C000000 		.4byte	.LFE8-.LFB8
 698 0462 01       		.uleb128 0x1
 699 0463 9C       		.byte	0x9c
 700 0464 CD040000 		.4byte	0x4cd
 701 0468 15       		.uleb128 0x15
 702 0469 747000   		.ascii	"tp\000"
 703 046c 01       		.byte	0x1
 704 046d 5F       		.byte	0x5f
 705 046e 1E020000 		.4byte	0x21e
 706 0472 00000000 		.4byte	.LLST0
 707 0476 16       		.uleb128 0x16
 708 0477 6E747000 		.ascii	"ntp\000"
 709 047b 01       		.byte	0x1
 710 047c 60       		.byte	0x60
 711 047d 1E020000 		.4byte	0x21e
 712 0481 21000000 		.4byte	.LLST1
 713 0485 13       		.uleb128 0x13
 714 0486 02000000 		.4byte	.LBB5
 715 048a 06000000 		.4byte	.LBE5-.LBB5
 716 048e A0040000 		.4byte	0x4a0
 717 0492 12       		.uleb128 0x12
 718 0493 746D7000 		.ascii	"tmp\000"
 719 0497 01       		.byte	0x1
 720 0498 62       		.byte	0x62
 721 0499 9E000000 		.4byte	0x9e
 722 049d 01       		.uleb128 0x1
 723 049e 53       		.byte	0x53
 724 049f 00       		.byte	0
 725 04a0 13       		.uleb128 0x13
 726 04a1 18000000 		.4byte	.LBB6
 727 04a5 06000000 		.4byte	.LBE6-.LBB6
 728 04a9 BB040000 		.4byte	0x4bb
 729 04ad 12       		.uleb128 0x12
 730 04ae 746D7000 		.ascii	"tmp\000"
 731 04b2 01       		.byte	0x1
 732 04b3 6D       		.byte	0x6d
 733 04b4 9E000000 		.4byte	0x9e
 734 04b8 01       		.uleb128 0x1
 735 04b9 53       		.byte	0x53
 736 04ba 00       		.byte	0
 737 04bb 17       		.uleb128 0x17
 738 04bc 22000000 		.4byte	.LVL4
 739 04c0 D8040000 		.4byte	0x4d8
 740 04c4 18       		.uleb128 0x18
 741 04c5 01       		.uleb128 0x1
ARM GAS  /tmp/cctCKFxb.s 			page 14


 742 04c6 50       		.byte	0x50
 743 04c7 03       		.uleb128 0x3
 744 04c8 F3       		.byte	0xf3
 745 04c9 01       		.uleb128 0x1
 746 04ca 50       		.byte	0x50
 747 04cb 00       		.byte	0
 748 04cc 00       		.byte	0
 749 04cd 19       		.uleb128 0x19
 750 04ce 31030000 		.4byte	.LASF69
 751 04d2 08       		.byte	0x8
 752 04d3 72       		.byte	0x72
 753 04d4 61030000 		.4byte	0x361
 754 04d8 1A       		.uleb128 0x1a
 755 04d9 9C020000 		.4byte	.LASF70
 756 04dd 0A       		.byte	0xa
 757 04de 3A       		.byte	0x3a
 758 04df 1B       		.uleb128 0x1b
 759 04e0 1E020000 		.4byte	0x21e
 760 04e4 00       		.byte	0
 761 04e5 00       		.byte	0
 762              		.section	.debug_abbrev,"",%progbits
 763              	.Ldebug_abbrev0:
 764 0000 01       		.uleb128 0x1
 765 0001 11       		.uleb128 0x11
 766 0002 01       		.byte	0x1
 767 0003 25       		.uleb128 0x25
 768 0004 0E       		.uleb128 0xe
 769 0005 13       		.uleb128 0x13
 770 0006 0B       		.uleb128 0xb
 771 0007 03       		.uleb128 0x3
 772 0008 0E       		.uleb128 0xe
 773 0009 55       		.uleb128 0x55
 774 000a 17       		.uleb128 0x17
 775 000b 11       		.uleb128 0x11
 776 000c 01       		.uleb128 0x1
 777 000d 10       		.uleb128 0x10
 778 000e 17       		.uleb128 0x17
 779 000f 00       		.byte	0
 780 0010 00       		.byte	0
 781 0011 02       		.uleb128 0x2
 782 0012 24       		.uleb128 0x24
 783 0013 00       		.byte	0
 784 0014 0B       		.uleb128 0xb
 785 0015 0B       		.uleb128 0xb
 786 0016 3E       		.uleb128 0x3e
 787 0017 0B       		.uleb128 0xb
 788 0018 03       		.uleb128 0x3
 789 0019 08       		.uleb128 0x8
 790 001a 00       		.byte	0
 791 001b 00       		.byte	0
 792 001c 03       		.uleb128 0x3
 793 001d 24       		.uleb128 0x24
 794 001e 00       		.byte	0
 795 001f 0B       		.uleb128 0xb
 796 0020 0B       		.uleb128 0xb
 797 0021 3E       		.uleb128 0x3e
 798 0022 0B       		.uleb128 0xb
ARM GAS  /tmp/cctCKFxb.s 			page 15


 799 0023 03       		.uleb128 0x3
 800 0024 0E       		.uleb128 0xe
 801 0025 00       		.byte	0
 802 0026 00       		.byte	0
 803 0027 04       		.uleb128 0x4
 804 0028 16       		.uleb128 0x16
 805 0029 00       		.byte	0
 806 002a 03       		.uleb128 0x3
 807 002b 0E       		.uleb128 0xe
 808 002c 3A       		.uleb128 0x3a
 809 002d 0B       		.uleb128 0xb
 810 002e 3B       		.uleb128 0x3b
 811 002f 0B       		.uleb128 0xb
 812 0030 49       		.uleb128 0x49
 813 0031 13       		.uleb128 0x13
 814 0032 00       		.byte	0
 815 0033 00       		.byte	0
 816 0034 05       		.uleb128 0x5
 817 0035 13       		.uleb128 0x13
 818 0036 01       		.byte	0x1
 819 0037 03       		.uleb128 0x3
 820 0038 0E       		.uleb128 0xe
 821 0039 0B       		.uleb128 0xb
 822 003a 0B       		.uleb128 0xb
 823 003b 3A       		.uleb128 0x3a
 824 003c 0B       		.uleb128 0xb
 825 003d 3B       		.uleb128 0x3b
 826 003e 0B       		.uleb128 0xb
 827 003f 01       		.uleb128 0x1
 828 0040 13       		.uleb128 0x13
 829 0041 00       		.byte	0
 830 0042 00       		.byte	0
 831 0043 06       		.uleb128 0x6
 832 0044 0D       		.uleb128 0xd
 833 0045 00       		.byte	0
 834 0046 03       		.uleb128 0x3
 835 0047 0E       		.uleb128 0xe
 836 0048 3A       		.uleb128 0x3a
 837 0049 0B       		.uleb128 0xb
 838 004a 3B       		.uleb128 0x3b
 839 004b 0B       		.uleb128 0xb
 840 004c 49       		.uleb128 0x49
 841 004d 13       		.uleb128 0x13
 842 004e 38       		.uleb128 0x38
 843 004f 0B       		.uleb128 0xb
 844 0050 00       		.byte	0
 845 0051 00       		.byte	0
 846 0052 07       		.uleb128 0x7
 847 0053 0D       		.uleb128 0xd
 848 0054 00       		.byte	0
 849 0055 03       		.uleb128 0x3
 850 0056 08       		.uleb128 0x8
 851 0057 3A       		.uleb128 0x3a
 852 0058 0B       		.uleb128 0xb
 853 0059 3B       		.uleb128 0x3b
 854 005a 0B       		.uleb128 0xb
 855 005b 49       		.uleb128 0x49
ARM GAS  /tmp/cctCKFxb.s 			page 16


 856 005c 13       		.uleb128 0x13
 857 005d 38       		.uleb128 0x38
 858 005e 0B       		.uleb128 0xb
 859 005f 00       		.byte	0
 860 0060 00       		.byte	0
 861 0061 08       		.uleb128 0x8
 862 0062 13       		.uleb128 0x13
 863 0063 01       		.byte	0x1
 864 0064 0B       		.uleb128 0xb
 865 0065 0B       		.uleb128 0xb
 866 0066 3A       		.uleb128 0x3a
 867 0067 0B       		.uleb128 0xb
 868 0068 3B       		.uleb128 0x3b
 869 0069 0B       		.uleb128 0xb
 870 006a 01       		.uleb128 0x1
 871 006b 13       		.uleb128 0x13
 872 006c 00       		.byte	0
 873 006d 00       		.byte	0
 874 006e 09       		.uleb128 0x9
 875 006f 0F       		.uleb128 0xf
 876 0070 00       		.byte	0
 877 0071 0B       		.uleb128 0xb
 878 0072 0B       		.uleb128 0xb
 879 0073 49       		.uleb128 0x49
 880 0074 13       		.uleb128 0x13
 881 0075 00       		.byte	0
 882 0076 00       		.byte	0
 883 0077 0A       		.uleb128 0xa
 884 0078 0F       		.uleb128 0xf
 885 0079 00       		.byte	0
 886 007a 0B       		.uleb128 0xb
 887 007b 0B       		.uleb128 0xb
 888 007c 00       		.byte	0
 889 007d 00       		.byte	0
 890 007e 0B       		.uleb128 0xb
 891 007f 0D       		.uleb128 0xd
 892 0080 00       		.byte	0
 893 0081 03       		.uleb128 0x3
 894 0082 08       		.uleb128 0x8
 895 0083 3A       		.uleb128 0x3a
 896 0084 0B       		.uleb128 0xb
 897 0085 3B       		.uleb128 0x3b
 898 0086 05       		.uleb128 0x5
 899 0087 49       		.uleb128 0x49
 900 0088 13       		.uleb128 0x13
 901 0089 38       		.uleb128 0x38
 902 008a 0B       		.uleb128 0xb
 903 008b 00       		.byte	0
 904 008c 00       		.byte	0
 905 008d 0C       		.uleb128 0xc
 906 008e 13       		.uleb128 0x13
 907 008f 01       		.byte	0x1
 908 0090 03       		.uleb128 0x3
 909 0091 0E       		.uleb128 0xe
 910 0092 0B       		.uleb128 0xb
 911 0093 0B       		.uleb128 0xb
 912 0094 3A       		.uleb128 0x3a
ARM GAS  /tmp/cctCKFxb.s 			page 17


 913 0095 0B       		.uleb128 0xb
 914 0096 3B       		.uleb128 0x3b
 915 0097 05       		.uleb128 0x5
 916 0098 01       		.uleb128 0x1
 917 0099 13       		.uleb128 0x13
 918 009a 00       		.byte	0
 919 009b 00       		.byte	0
 920 009c 0D       		.uleb128 0xd
 921 009d 35       		.uleb128 0x35
 922 009e 00       		.byte	0
 923 009f 49       		.uleb128 0x49
 924 00a0 13       		.uleb128 0x13
 925 00a1 00       		.byte	0
 926 00a2 00       		.byte	0
 927 00a3 0E       		.uleb128 0xe
 928 00a4 17       		.uleb128 0x17
 929 00a5 01       		.byte	0x1
 930 00a6 0B       		.uleb128 0xb
 931 00a7 0B       		.uleb128 0xb
 932 00a8 3A       		.uleb128 0x3a
 933 00a9 0B       		.uleb128 0xb
 934 00aa 3B       		.uleb128 0x3b
 935 00ab 0B       		.uleb128 0xb
 936 00ac 01       		.uleb128 0x1
 937 00ad 13       		.uleb128 0x13
 938 00ae 00       		.byte	0
 939 00af 00       		.byte	0
 940 00b0 0F       		.uleb128 0xf
 941 00b1 0D       		.uleb128 0xd
 942 00b2 00       		.byte	0
 943 00b3 03       		.uleb128 0x3
 944 00b4 0E       		.uleb128 0xe
 945 00b5 3A       		.uleb128 0x3a
 946 00b6 0B       		.uleb128 0xb
 947 00b7 3B       		.uleb128 0x3b
 948 00b8 0B       		.uleb128 0xb
 949 00b9 49       		.uleb128 0x49
 950 00ba 13       		.uleb128 0x13
 951 00bb 00       		.byte	0
 952 00bc 00       		.byte	0
 953 00bd 10       		.uleb128 0x10
 954 00be 26       		.uleb128 0x26
 955 00bf 00       		.byte	0
 956 00c0 49       		.uleb128 0x49
 957 00c1 13       		.uleb128 0x13
 958 00c2 00       		.byte	0
 959 00c3 00       		.byte	0
 960 00c4 11       		.uleb128 0x11
 961 00c5 2E       		.uleb128 0x2e
 962 00c6 01       		.byte	0x1
 963 00c7 3F       		.uleb128 0x3f
 964 00c8 19       		.uleb128 0x19
 965 00c9 03       		.uleb128 0x3
 966 00ca 0E       		.uleb128 0xe
 967 00cb 3A       		.uleb128 0x3a
 968 00cc 0B       		.uleb128 0xb
 969 00cd 3B       		.uleb128 0x3b
ARM GAS  /tmp/cctCKFxb.s 			page 18


 970 00ce 0B       		.uleb128 0xb
 971 00cf 27       		.uleb128 0x27
 972 00d0 19       		.uleb128 0x19
 973 00d1 49       		.uleb128 0x49
 974 00d2 13       		.uleb128 0x13
 975 00d3 11       		.uleb128 0x11
 976 00d4 01       		.uleb128 0x1
 977 00d5 12       		.uleb128 0x12
 978 00d6 06       		.uleb128 0x6
 979 00d7 40       		.uleb128 0x40
 980 00d8 18       		.uleb128 0x18
 981 00d9 9742     		.uleb128 0x2117
 982 00db 19       		.uleb128 0x19
 983 00dc 01       		.uleb128 0x1
 984 00dd 13       		.uleb128 0x13
 985 00de 00       		.byte	0
 986 00df 00       		.byte	0
 987 00e0 12       		.uleb128 0x12
 988 00e1 34       		.uleb128 0x34
 989 00e2 00       		.byte	0
 990 00e3 03       		.uleb128 0x3
 991 00e4 08       		.uleb128 0x8
 992 00e5 3A       		.uleb128 0x3a
 993 00e6 0B       		.uleb128 0xb
 994 00e7 3B       		.uleb128 0x3b
 995 00e8 0B       		.uleb128 0xb
 996 00e9 49       		.uleb128 0x49
 997 00ea 13       		.uleb128 0x13
 998 00eb 02       		.uleb128 0x2
 999 00ec 18       		.uleb128 0x18
 1000 00ed 00       		.byte	0
 1001 00ee 00       		.byte	0
 1002 00ef 13       		.uleb128 0x13
 1003 00f0 0B       		.uleb128 0xb
 1004 00f1 01       		.byte	0x1
 1005 00f2 11       		.uleb128 0x11
 1006 00f3 01       		.uleb128 0x1
 1007 00f4 12       		.uleb128 0x12
 1008 00f5 06       		.uleb128 0x6
 1009 00f6 01       		.uleb128 0x1
 1010 00f7 13       		.uleb128 0x13
 1011 00f8 00       		.byte	0
 1012 00f9 00       		.byte	0
 1013 00fa 14       		.uleb128 0x14
 1014 00fb 0B       		.uleb128 0xb
 1015 00fc 01       		.byte	0x1
 1016 00fd 55       		.uleb128 0x55
 1017 00fe 17       		.uleb128 0x17
 1018 00ff 00       		.byte	0
 1019 0100 00       		.byte	0
 1020 0101 15       		.uleb128 0x15
 1021 0102 05       		.uleb128 0x5
 1022 0103 00       		.byte	0
 1023 0104 03       		.uleb128 0x3
 1024 0105 08       		.uleb128 0x8
 1025 0106 3A       		.uleb128 0x3a
 1026 0107 0B       		.uleb128 0xb
ARM GAS  /tmp/cctCKFxb.s 			page 19


 1027 0108 3B       		.uleb128 0x3b
 1028 0109 0B       		.uleb128 0xb
 1029 010a 49       		.uleb128 0x49
 1030 010b 13       		.uleb128 0x13
 1031 010c 02       		.uleb128 0x2
 1032 010d 17       		.uleb128 0x17
 1033 010e 00       		.byte	0
 1034 010f 00       		.byte	0
 1035 0110 16       		.uleb128 0x16
 1036 0111 34       		.uleb128 0x34
 1037 0112 00       		.byte	0
 1038 0113 03       		.uleb128 0x3
 1039 0114 08       		.uleb128 0x8
 1040 0115 3A       		.uleb128 0x3a
 1041 0116 0B       		.uleb128 0xb
 1042 0117 3B       		.uleb128 0x3b
 1043 0118 0B       		.uleb128 0xb
 1044 0119 49       		.uleb128 0x49
 1045 011a 13       		.uleb128 0x13
 1046 011b 02       		.uleb128 0x2
 1047 011c 17       		.uleb128 0x17
 1048 011d 00       		.byte	0
 1049 011e 00       		.byte	0
 1050 011f 17       		.uleb128 0x17
 1051 0120 898201   		.uleb128 0x4109
 1052 0123 01       		.byte	0x1
 1053 0124 11       		.uleb128 0x11
 1054 0125 01       		.uleb128 0x1
 1055 0126 31       		.uleb128 0x31
 1056 0127 13       		.uleb128 0x13
 1057 0128 00       		.byte	0
 1058 0129 00       		.byte	0
 1059 012a 18       		.uleb128 0x18
 1060 012b 8A8201   		.uleb128 0x410a
 1061 012e 00       		.byte	0
 1062 012f 02       		.uleb128 0x2
 1063 0130 18       		.uleb128 0x18
 1064 0131 9142     		.uleb128 0x2111
 1065 0133 18       		.uleb128 0x18
 1066 0134 00       		.byte	0
 1067 0135 00       		.byte	0
 1068 0136 19       		.uleb128 0x19
 1069 0137 34       		.uleb128 0x34
 1070 0138 00       		.byte	0
 1071 0139 03       		.uleb128 0x3
 1072 013a 0E       		.uleb128 0xe
 1073 013b 3A       		.uleb128 0x3a
 1074 013c 0B       		.uleb128 0xb
 1075 013d 3B       		.uleb128 0x3b
 1076 013e 0B       		.uleb128 0xb
 1077 013f 49       		.uleb128 0x49
 1078 0140 13       		.uleb128 0x13
 1079 0141 3F       		.uleb128 0x3f
 1080 0142 19       		.uleb128 0x19
 1081 0143 3C       		.uleb128 0x3c
 1082 0144 19       		.uleb128 0x19
 1083 0145 00       		.byte	0
ARM GAS  /tmp/cctCKFxb.s 			page 20


 1084 0146 00       		.byte	0
 1085 0147 1A       		.uleb128 0x1a
 1086 0148 2E       		.uleb128 0x2e
 1087 0149 01       		.byte	0x1
 1088 014a 3F       		.uleb128 0x3f
 1089 014b 19       		.uleb128 0x19
 1090 014c 03       		.uleb128 0x3
 1091 014d 0E       		.uleb128 0xe
 1092 014e 3A       		.uleb128 0x3a
 1093 014f 0B       		.uleb128 0xb
 1094 0150 3B       		.uleb128 0x3b
 1095 0151 0B       		.uleb128 0xb
 1096 0152 27       		.uleb128 0x27
 1097 0153 19       		.uleb128 0x19
 1098 0154 3C       		.uleb128 0x3c
 1099 0155 19       		.uleb128 0x19
 1100 0156 00       		.byte	0
 1101 0157 00       		.byte	0
 1102 0158 1B       		.uleb128 0x1b
 1103 0159 05       		.uleb128 0x5
 1104 015a 00       		.byte	0
 1105 015b 49       		.uleb128 0x49
 1106 015c 13       		.uleb128 0x13
 1107 015d 00       		.byte	0
 1108 015e 00       		.byte	0
 1109 015f 00       		.byte	0
 1110              		.section	.debug_loc,"",%progbits
 1111              	.Ldebug_loc0:
 1112              	.LLST0:
 1113 0000 00000000 		.4byte	.LVL1
 1114 0004 21000000 		.4byte	.LVL4-1
 1115 0008 0100     		.2byte	0x1
 1116 000a 50       		.byte	0x50
 1117 000b 21000000 		.4byte	.LVL4-1
 1118 000f 2C000000 		.4byte	.LFE8
 1119 0013 0400     		.2byte	0x4
 1120 0015 F3       		.byte	0xf3
 1121 0016 01       		.uleb128 0x1
 1122 0017 50       		.byte	0x50
 1123 0018 9F       		.byte	0x9f
 1124 0019 00000000 		.4byte	0
 1125 001d 00000000 		.4byte	0
 1126              	.LLST1:
 1127 0021 0C000000 		.4byte	.LVL2
 1128 0025 26000000 		.4byte	.LVL5
 1129 0029 0100     		.2byte	0x1
 1130 002b 54       		.byte	0x54
 1131 002c 26000000 		.4byte	.LVL5
 1132 0030 2C000000 		.4byte	.LFE8
 1133 0034 0100     		.2byte	0x1
 1134 0036 50       		.byte	0x50
 1135 0037 00000000 		.4byte	0
 1136 003b 00000000 		.4byte	0
 1137              		.section	.debug_aranges,"",%progbits
 1138 0000 24000000 		.4byte	0x24
 1139 0004 0200     		.2byte	0x2
 1140 0006 00000000 		.4byte	.Ldebug_info0
ARM GAS  /tmp/cctCKFxb.s 			page 21


 1141 000a 04       		.byte	0x4
 1142 000b 00       		.byte	0
 1143 000c 0000     		.2byte	0
 1144 000e 0000     		.2byte	0
 1145 0010 00000000 		.4byte	.LFB7
 1146 0014 1C000000 		.4byte	.LFE7-.LFB7
 1147 0018 00000000 		.4byte	.LFB8
 1148 001c 2C000000 		.4byte	.LFE8-.LFB8
 1149 0020 00000000 		.4byte	0
 1150 0024 00000000 		.4byte	0
 1151              		.section	.debug_ranges,"",%progbits
 1152              	.Ldebug_ranges0:
 1153 0000 08000000 		.4byte	.LBB3
 1154 0004 0A000000 		.4byte	.LBE3
 1155 0008 12000000 		.4byte	.LBB4
 1156 000c 16000000 		.4byte	.LBE4
 1157 0010 00000000 		.4byte	0
 1158 0014 00000000 		.4byte	0
 1159 0018 00000000 		.4byte	.LFB7
 1160 001c 1C000000 		.4byte	.LFE7
 1161 0020 00000000 		.4byte	.LFB8
 1162 0024 2C000000 		.4byte	.LFE8
 1163 0028 00000000 		.4byte	0
 1164 002c 00000000 		.4byte	0
 1165              		.section	.debug_line,"",%progbits
 1166              	.Ldebug_line0:
 1167 0000 59020000 		.section	.debug_str,"MS",%progbits,1
 1167      02002202 
 1167      00000201 
 1167      FB0E0D00 
 1167      01010101 
 1168              	.LASF37:
 1169 0000 705F6D73 		.ascii	"p_msg\000"
 1169      6700
 1170              	.LASF60:
 1171 0006 7264796D 		.ascii	"rdymsg\000"
 1171      736700
 1172              	.LASF5:
 1173 000d 5F5F7569 		.ascii	"__uint8_t\000"
 1173      6E74385F 
 1173      7400
 1174              	.LASF67:
 1175 0017 474E5520 		.ascii	"GNU C 4.9.3 20150529 (release) [ARM/embedded-4_9-br"
 1175      4320342E 
 1175      392E3320 
 1175      32303135 
 1175      30353239 
 1176 004a 616E6368 		.ascii	"anch revision 227977] -mcpu=cortex-m3 -mno-thumb-in"
 1176      20726576 
 1176      6973696F 
 1176      6E203232 
 1176      37393737 
 1177 007d 74657277 		.ascii	"terwork -mthumb -ggdb -O2 -std=gnu99 -fomit-frame-p"
 1177      6F726B20 
 1177      2D6D7468 
 1177      756D6220 
 1177      2D676764 
ARM GAS  /tmp/cctCKFxb.s 			page 22


 1178 00b0 6F696E74 		.ascii	"ointer -falign-functions=16 -ffunction-sections -fd"
 1178      6572202D 
 1178      66616C69 
 1178      676E2D66 
 1178      756E6374 
 1179 00e3 6174612D 		.ascii	"ata-sections -fno-common\000"
 1179      73656374 
 1179      696F6E73 
 1179      202D666E 
 1179      6F2D636F 
 1180              	.LASF11:
 1181 00fc 6C6F6E67 		.ascii	"long long unsigned int\000"
 1181      206C6F6E 
 1181      6720756E 
 1181      7369676E 
 1181      65642069 
 1182              	.LASF61:
 1183 0113 65786974 		.ascii	"exitcode\000"
 1183      636F6465 
 1183      00
 1184              	.LASF65:
 1185 011c 63685265 		.ascii	"chRegFirstThread\000"
 1185      67466972 
 1185      73745468 
 1185      72656164 
 1185      00
 1186              	.LASF26:
 1187 012d 705F7072 		.ascii	"p_prio\000"
 1187      696F00
 1188              	.LASF10:
 1189 0134 6C6F6E67 		.ascii	"long long int\000"
 1189      206C6F6E 
 1189      6720696E 
 1189      7400
 1190              	.LASF1:
 1191 0142 7369676E 		.ascii	"signed char\000"
 1191      65642063 
 1191      68617200 
 1192              	.LASF41:
 1193 014e 705F6D70 		.ascii	"p_mpool\000"
 1193      6F6F6C00 
 1194              	.LASF57:
 1195 0156 6D5F7175 		.ascii	"m_queue\000"
 1195      65756500 
 1196              	.LASF7:
 1197 015e 6C6F6E67 		.ascii	"long int\000"
 1197      20696E74 
 1197      00
 1198              	.LASF16:
 1199 0167 74737461 		.ascii	"tstate_t\000"
 1199      74655F74 
 1199      00
 1200              	.LASF28:
 1201 0170 705F6E65 		.ascii	"p_newer\000"
 1201      77657200 
 1202              	.LASF8:
 1203 0178 5F5F7569 		.ascii	"__uint32_t\000"
ARM GAS  /tmp/cctCKFxb.s 			page 23


 1203      6E743332 
 1203      5F7400
 1204              	.LASF44:
 1205 0183 72656761 		.ascii	"regarm_t\000"
 1205      726D5F74 
 1205      00
 1206              	.LASF22:
 1207 018c 636E745F 		.ascii	"cnt_t\000"
 1207      7400
 1208              	.LASF0:
 1209 0192 756E7369 		.ascii	"unsigned int\000"
 1209      676E6564 
 1209      20696E74 
 1209      00
 1210              	.LASF9:
 1211 019f 6C6F6E67 		.ascii	"long unsigned int\000"
 1211      20756E73 
 1211      69676E65 
 1211      6420696E 
 1211      7400
 1212              	.LASF46:
 1213 01b1 636F6E74 		.ascii	"context\000"
 1213      65787400 
 1214              	.LASF4:
 1215 01b9 73686F72 		.ascii	"short unsigned int\000"
 1215      7420756E 
 1215      7369676E 
 1215      65642069 
 1215      6E7400
 1216              	.LASF19:
 1217 01cc 6D73675F 		.ascii	"msg_t\000"
 1217      7400
 1218              	.LASF51:
 1219 01d2 725F6E65 		.ascii	"r_newer\000"
 1219      77657200 
 1220              	.LASF15:
 1221 01da 746D6F64 		.ascii	"tmode_t\000"
 1221      655F7400 
 1222              	.LASF43:
 1223 01e2 54687265 		.ascii	"ThreadsList\000"
 1223      6164734C 
 1223      69737400 
 1224              	.LASF20:
 1225 01ee 6576656E 		.ascii	"eventmask_t\000"
 1225      746D6173 
 1225      6B5F7400 
 1226              	.LASF56:
 1227 01fa 4D757465 		.ascii	"Mutex\000"
 1227      7800
 1228              	.LASF47:
 1229 0200 73697A65 		.ascii	"sizetype\000"
 1229      74797065 
 1229      00
 1230              	.LASF29:
 1231 0209 705F6F6C 		.ascii	"p_older\000"
 1231      64657200 
 1232              	.LASF50:
ARM GAS  /tmp/cctCKFxb.s 			page 24


 1233 0211 725F6374 		.ascii	"r_ctx\000"
 1233      7800
 1234              	.LASF42:
 1235 0217 54687265 		.ascii	"ThreadsQueue\000"
 1235      61647351 
 1235      75657565 
 1235      00
 1236              	.LASF54:
 1237 0224 725F6375 		.ascii	"r_current\000"
 1237      7272656E 
 1237      7400
 1238              	.LASF52:
 1239 022e 725F6F6C 		.ascii	"r_older\000"
 1239      64657200 
 1240              	.LASF17:
 1241 0236 74726566 		.ascii	"trefs_t\000"
 1241      735F7400 
 1242              	.LASF25:
 1243 023e 705F7072 		.ascii	"p_prev\000"
 1243      657600
 1244              	.LASF18:
 1245 0245 74707269 		.ascii	"tprio_t\000"
 1245      6F5F7400 
 1246              	.LASF13:
 1247 024d 696E7433 		.ascii	"int32_t\000"
 1247      325F7400 
 1248              	.LASF2:
 1249 0255 756E7369 		.ascii	"unsigned char\000"
 1249      676E6564 
 1249      20636861 
 1249      7200
 1250              	.LASF39:
 1251 0263 705F6D74 		.ascii	"p_mtxlist\000"
 1251      786C6973 
 1251      7400
 1252              	.LASF3:
 1253 026d 73686F72 		.ascii	"short int\000"
 1253      7420696E 
 1253      7400
 1254              	.LASF31:
 1255 0277 705F7374 		.ascii	"p_state\000"
 1255      61746500 
 1256              	.LASF49:
 1257 027f 725F7072 		.ascii	"r_prio\000"
 1257      696F00
 1258              	.LASF63:
 1259 0286 65776D61 		.ascii	"ewmask\000"
 1259      736B00
 1260              	.LASF24:
 1261 028d 705F6E65 		.ascii	"p_next\000"
 1261      787400
 1262              	.LASF32:
 1263 0294 705F666C 		.ascii	"p_flags\000"
 1263      61677300 
 1264              	.LASF70:
 1265 029c 63685468 		.ascii	"chThdRelease\000"
 1265      6452656C 
ARM GAS  /tmp/cctCKFxb.s 			page 25


 1265      65617365 
 1265      00
 1266              	.LASF23:
 1267 02a9 54687265 		.ascii	"Thread\000"
 1267      616400
 1268              	.LASF38:
 1269 02b0 705F6570 		.ascii	"p_epending\000"
 1269      656E6469 
 1269      6E6700
 1270              	.LASF14:
 1271 02bb 75696E74 		.ascii	"uint32_t\000"
 1271      33325F74 
 1271      00
 1272              	.LASF48:
 1273 02c4 725F7175 		.ascii	"r_queue\000"
 1273      65756500 
 1274              	.LASF64:
 1275 02cc 63686172 		.ascii	"char\000"
 1275      00
 1276              	.LASF66:
 1277 02d1 63685265 		.ascii	"chRegNextThread\000"
 1277      674E6578 
 1277      74546872 
 1277      65616400 
 1278              	.LASF59:
 1279 02e1 6D5F6E65 		.ascii	"m_next\000"
 1279      787400
 1280              	.LASF21:
 1281 02e8 73797374 		.ascii	"systime_t\000"
 1281      696D655F 
 1281      7400
 1282              	.LASF40:
 1283 02f2 705F7265 		.ascii	"p_realprio\000"
 1283      616C7072 
 1283      696F00
 1284              	.LASF6:
 1285 02fd 5F5F696E 		.ascii	"__int32_t\000"
 1285      7433325F 
 1285      7400
 1286              	.LASF34:
 1287 0307 705F7469 		.ascii	"p_time\000"
 1287      6D6500
 1288              	.LASF45:
 1289 030e 696E7463 		.ascii	"intctx\000"
 1289      747800
 1290              	.LASF36:
 1291 0315 705F6D73 		.ascii	"p_msgqueue\000"
 1291      67717565 
 1291      756500
 1292              	.LASF33:
 1293 0320 705F7265 		.ascii	"p_refs\000"
 1293      667300
 1294              	.LASF55:
 1295 0327 52656164 		.ascii	"ReadyList\000"
 1295      794C6973 
 1295      7400
 1296              	.LASF69:
ARM GAS  /tmp/cctCKFxb.s 			page 26


 1297 0331 726C6973 		.ascii	"rlist\000"
 1297      7400
 1298              	.LASF12:
 1299 0337 75696E74 		.ascii	"uint8_t\000"
 1299      385F7400 
 1300              	.LASF68:
 1301 033f 2F686F6D 		.ascii	"/home/nicolas/Escritorio/Embebidos/stamp_repo/files"
 1301      652F6E69 
 1301      636F6C61 
 1301      732F4573 
 1301      63726974 
 1302 0372 2F636F64 		.ascii	"/code/ext/ChibiOS/os/kernel/src/chregistry.c\000"
 1302      652F6578 
 1302      742F4368 
 1302      6962694F 
 1302      532F6F73 
 1303              	.LASF62:
 1304 039f 77746F62 		.ascii	"wtobjp\000"
 1304      6A7000
 1305              	.LASF30:
 1306 03a6 705F6E61 		.ascii	"p_name\000"
 1306      6D6500
 1307              	.LASF53:
 1308 03ad 725F7072 		.ascii	"r_preempt\000"
 1308      65656D70 
 1308      7400
 1309              	.LASF58:
 1310 03b7 6D5F6F77 		.ascii	"m_owner\000"
 1310      6E657200 
 1311              	.LASF27:
 1312 03bf 705F6374 		.ascii	"p_ctx\000"
 1312      7800
 1313              	.LASF35:
 1314 03c5 705F7761 		.ascii	"p_waiting\000"
 1314      6974696E 
 1314      6700
 1315              		.ident	"GCC: (GNU Tools for ARM Embedded Processors) 4.9.3 20150529 (release) [ARM/embedded-4_9-br
ARM GAS  /tmp/cctCKFxb.s 			page 27


DEFINED SYMBOLS
                            *ABS*:00000000 chregistry.c
     /tmp/cctCKFxb.s:19     .text.chRegFirstThread:00000000 $t
     /tmp/cctCKFxb.s:25     .text.chRegFirstThread:00000000 chRegFirstThread
     /tmp/cctCKFxb.s:66     .text.chRegFirstThread:00000018 $d
     /tmp/cctCKFxb.s:71     .text.chRegNextThread:00000000 $t
     /tmp/cctCKFxb.s:77     .text.chRegNextThread:00000000 chRegNextThread
     /tmp/cctCKFxb.s:130    .text.chRegNextThread:00000028 $d
                     .debug_frame:00000010 $d

UNDEFINED SYMBOLS
rlist
chThdRelease
