ARM GAS  /tmp/ccb6YHLh.s 			page 1


   1              		.syntax unified
   2              		.cpu cortex-m3
   3              		.fpu softvfp
   4              		.eabi_attribute 20, 1
   5              		.eabi_attribute 21, 1
   6              		.eabi_attribute 23, 3
   7              		.eabi_attribute 24, 1
   8              		.eabi_attribute 25, 1
   9              		.eabi_attribute 26, 1
  10              		.eabi_attribute 30, 2
  11              		.eabi_attribute 34, 1
  12              		.eabi_attribute 18, 4
  13              		.thumb
  14              		.file	"chmempools.c"
  15              		.text
  16              	.Ltext0:
  17              		.cfi_sections	.debug_frame
  18              		.section	.text.chPoolInit,"ax",%progbits
  19              		.align	2
  20              		.p2align 4,,15
  21              		.global	chPoolInit
  22              		.thumb
  23              		.thumb_func
  24              		.type	chPoolInit, %function
  25              	chPoolInit:
  26              	.LFB7:
  27              		.file 1 "/home/nicolas/Desktop/Embebidos/stamp_repo/files/code/ext/ChibiOS/os/kernel/src/chmempool
  28              		.loc 1 61 0
  29              		.cfi_startproc
  30              		@ args = 0, pretend = 0, frame = 0
  31              		@ frame_needed = 0, uses_anonymous_args = 0
  32              		@ link register save eliminated.
  33              	.LVL0:
  34              		.loc 1 66 0
  35 0000 0731     		adds	r1, r1, #7
  36              	.LVL1:
  37 0002 21F00701 		bic	r1, r1, #7
  38              	.LVL2:
  39              		.loc 1 65 0
  40 0006 0023     		movs	r3, #0
  41              		.loc 1 66 0
  42 0008 4160     		str	r1, [r0, #4]
  43              		.loc 1 67 0
  44 000a 8260     		str	r2, [r0, #8]
  45              		.loc 1 65 0
  46 000c 0360     		str	r3, [r0]
  47 000e 7047     		bx	lr
  48              		.cfi_endproc
  49              	.LFE7:
  50              		.size	chPoolInit, .-chPoolInit
  51              		.section	.text.chPoolAllocI,"ax",%progbits
  52              		.align	2
  53              		.p2align 4,,15
  54              		.global	chPoolAllocI
  55              		.thumb
  56              		.thumb_func
  57              		.type	chPoolAllocI, %function
ARM GAS  /tmp/ccb6YHLh.s 			page 2


  58              	chPoolAllocI:
  59              	.LFB8:
  60              		.loc 1 79 0
  61              		.cfi_startproc
  62              		@ args = 0, pretend = 0, frame = 0
  63              		@ frame_needed = 0, uses_anonymous_args = 0
  64              		@ link register save eliminated.
  65              	.LVL3:
  66              		.loc 1 85 0
  67 0000 0368     		ldr	r3, [r0]
  68              	.LVL4:
  69 0002 1BB1     		cbz	r3, .L3
  70              		.loc 1 86 0
  71 0004 1A68     		ldr	r2, [r3]
  72 0006 0260     		str	r2, [r0]
  73              	.L4:
  74              		.loc 1 90 0
  75 0008 1846     		mov	r0, r3
  76              	.LVL5:
  77 000a 7047     		bx	lr
  78              	.LVL6:
  79              	.L3:
  80              		.loc 1 87 0
  81 000c 8268     		ldr	r2, [r0, #8]
  82 000e 002A     		cmp	r2, #0
  83 0010 FAD0     		beq	.L4
  84              		.loc 1 88 0
  85 0012 4068     		ldr	r0, [r0, #4]
  86              	.LVL7:
  87 0014 1047     		bx	r2
  88              	.LVL8:
  89              		.cfi_endproc
  90              	.LFE8:
  91              		.size	chPoolAllocI, .-chPoolAllocI
  92 0016 00BF     		.section	.text.chPoolAlloc,"ax",%progbits
  93              		.align	2
  94              		.p2align 4,,15
  95              		.global	chPoolAlloc
  96              		.thumb
  97              		.thumb_func
  98              		.type	chPoolAlloc, %function
  99              	chPoolAlloc:
 100              	.LFB9:
 101              		.loc 1 101 0
 102              		.cfi_startproc
 103              		@ args = 0, pretend = 0, frame = 0
 104              		@ frame_needed = 0, uses_anonymous_args = 0
 105              	.LVL9:
 106 0000 08B5     		push	{r3, lr}
 107              		.cfi_def_cfa_offset 8
 108              		.cfi_offset 3, -8
 109              		.cfi_offset 14, -4
 110              		.loc 1 101 0
 111 0002 0246     		mov	r2, r0
 112              	.LBB10:
 113              		.loc 1 104 0
 114 0004 2023     		movs	r3, #32
ARM GAS  /tmp/ccb6YHLh.s 			page 3


 115              	@ 104 "/home/nicolas/Desktop/Embebidos/stamp_repo/files/code/ext/ChibiOS/os/kernel/src/chmempools.c
 116 0006 83F31188 		msr     BASEPRI, r3
 117              	@ 0 "" 2
 118              	.LVL10:
 119              		.thumb
 120              	.LBE10:
 121              	.LBB11:
 122              	.LBB12:
 123              		.loc 1 85 0
 124 000a 0068     		ldr	r0, [r0]
 125              	.LVL11:
 126 000c 28B1     		cbz	r0, .L10
 127              		.loc 1 86 0
 128 000e 0368     		ldr	r3, [r0]
 129 0010 1360     		str	r3, [r2]
 130              	.L11:
 131              	.LBE12:
 132              	.LBE11:
 133              	.LBB14:
 134              		.loc 1 106 0
 135 0012 0023     		movs	r3, #0
 136              	@ 106 "/home/nicolas/Desktop/Embebidos/stamp_repo/files/code/ext/ChibiOS/os/kernel/src/chmempools.c
 137 0014 83F31188 		msr     BASEPRI, r3
 138              	@ 0 "" 2
 139              		.thumb
 140              	.LBE14:
 141              		.loc 1 108 0
 142 0018 08BD     		pop	{r3, pc}
 143              	.L10:
 144              	.LBB15:
 145              	.LBB13:
 146              		.loc 1 87 0
 147 001a 9368     		ldr	r3, [r2, #8]
 148 001c 002B     		cmp	r3, #0
 149 001e F8D0     		beq	.L11
 150              		.loc 1 88 0
 151 0020 5068     		ldr	r0, [r2, #4]
 152              	.LVL12:
 153 0022 9847     		blx	r3
 154              	.LVL13:
 155              	.LBE13:
 156              	.LBE15:
 157              	.LBB16:
 158              		.loc 1 106 0
 159 0024 0023     		movs	r3, #0
 160              	@ 106 "/home/nicolas/Desktop/Embebidos/stamp_repo/files/code/ext/ChibiOS/os/kernel/src/chmempools.c
 161 0026 83F31188 		msr     BASEPRI, r3
 162              	@ 0 "" 2
 163              		.thumb
 164              	.LBE16:
 165              		.loc 1 108 0
 166 002a 08BD     		pop	{r3, pc}
 167              		.cfi_endproc
 168              	.LFE9:
 169              		.size	chPoolAlloc, .-chPoolAlloc
 170              		.section	.text.chPoolFreeI,"ax",%progbits
 171              		.align	2
ARM GAS  /tmp/ccb6YHLh.s 			page 4


 172              		.p2align 4,,15
 173              		.global	chPoolFreeI
 174              		.thumb
 175              		.thumb_func
 176              		.type	chPoolFreeI, %function
 177              	chPoolFreeI:
 178              	.LFB10:
 179              		.loc 1 122 0
 180              		.cfi_startproc
 181              		@ args = 0, pretend = 0, frame = 0
 182              		@ frame_needed = 0, uses_anonymous_args = 0
 183              		@ link register save eliminated.
 184              	.LVL14:
 185              		.loc 1 129 0
 186 0000 0368     		ldr	r3, [r0]
 187 0002 0B60     		str	r3, [r1]
 188              		.loc 1 130 0
 189 0004 0160     		str	r1, [r0]
 190 0006 7047     		bx	lr
 191              		.cfi_endproc
 192              	.LFE10:
 193              		.size	chPoolFreeI, .-chPoolFreeI
 194              		.section	.text.chPoolFree,"ax",%progbits
 195              		.align	2
 196              		.p2align 4,,15
 197              		.global	chPoolFree
 198              		.thumb
 199              		.thumb_func
 200              		.type	chPoolFree, %function
 201              	chPoolFree:
 202              	.LFB11:
 203              		.loc 1 145 0
 204              		.cfi_startproc
 205              		@ args = 0, pretend = 0, frame = 0
 206              		@ frame_needed = 0, uses_anonymous_args = 0
 207              		@ link register save eliminated.
 208              	.LVL15:
 209              	.LBB17:
 210              		.loc 1 147 0
 211 0000 2023     		movs	r3, #32
 212              	@ 147 "/home/nicolas/Desktop/Embebidos/stamp_repo/files/code/ext/ChibiOS/os/kernel/src/chmempools.c
 213 0002 83F31188 		msr     BASEPRI, r3
 214              	@ 0 "" 2
 215              	.LVL16:
 216              		.thumb
 217              	.LBE17:
 218              	.LBB18:
 219              	.LBB19:
 220              		.loc 1 129 0
 221 0006 0268     		ldr	r2, [r0]
 222              	.LBE19:
 223              	.LBE18:
 224              	.LBB21:
 225              		.loc 1 149 0
 226 0008 0023     		movs	r3, #0
 227              	.LBE21:
 228              	.LBB22:
ARM GAS  /tmp/ccb6YHLh.s 			page 5


 229              	.LBB20:
 230              		.loc 1 129 0
 231 000a 0A60     		str	r2, [r1]
 232              		.loc 1 130 0
 233 000c 0160     		str	r1, [r0]
 234              	.LBE20:
 235              	.LBE22:
 236              	.LBB23:
 237              		.loc 1 149 0
 238              	@ 149 "/home/nicolas/Desktop/Embebidos/stamp_repo/files/code/ext/ChibiOS/os/kernel/src/chmempools.c
 239 000e 83F31188 		msr     BASEPRI, r3
 240              	@ 0 "" 2
 241              		.thumb
 242 0012 7047     		bx	lr
 243              	.LBE23:
 244              		.cfi_endproc
 245              	.LFE11:
 246              		.size	chPoolFree, .-chPoolFree
 247              		.text
 248              	.Letext0:
 249              		.file 2 "/opt/gcc-arm-none-eabi-4_9-2015q3/lib/gcc/arm-none-eabi/4.9.3/include/stddef.h"
 250              		.file 3 "/opt/gcc-arm-none-eabi-4_9-2015q3/arm-none-eabi/include/machine/_default_types.h"
 251              		.file 4 "/opt/gcc-arm-none-eabi-4_9-2015q3/arm-none-eabi/include/sys/_stdint.h"
 252              		.file 5 "/home/nicolas/Desktop/Embebidos/stamp_repo/files/code/ext/ChibiOS/os/kernel/include/chmem
 253              		.file 6 "/home/nicolas/Desktop/Embebidos/stamp_repo/files/code/ext/ChibiOS/os/kernel/include/chmem
 254              		.section	.debug_info,"",%progbits
 255              	.Ldebug_info0:
 256 0000 09030000 		.4byte	0x309
 257 0004 0400     		.2byte	0x4
 258 0006 00000000 		.4byte	.Ldebug_abbrev0
 259 000a 04       		.byte	0x4
 260 000b 01       		.uleb128 0x1
 261 000c AF000000 		.4byte	.LASF23
 262 0010 01       		.byte	0x1
 263 0011 CA010000 		.4byte	.LASF24
 264 0015 60000000 		.4byte	.Ldebug_ranges0+0x60
 265 0019 00000000 		.4byte	0
 266 001d 00000000 		.4byte	.Ldebug_line0
 267 0021 02       		.uleb128 0x2
 268 0022 04       		.byte	0x4
 269 0023 05       		.byte	0x5
 270 0024 696E7400 		.ascii	"int\000"
 271 0028 03       		.uleb128 0x3
 272 0029 00000000 		.4byte	.LASF6
 273 002d 02       		.byte	0x2
 274 002e D4       		.byte	0xd4
 275 002f 33000000 		.4byte	0x33
 276 0033 04       		.uleb128 0x4
 277 0034 04       		.byte	0x4
 278 0035 07       		.byte	0x7
 279 0036 16000000 		.4byte	.LASF0
 280 003a 04       		.uleb128 0x4
 281 003b 01       		.byte	0x1
 282 003c 06       		.byte	0x6
 283 003d 6D020000 		.4byte	.LASF1
 284 0041 04       		.uleb128 0x4
 285 0042 01       		.byte	0x1
ARM GAS  /tmp/ccb6YHLh.s 			page 6


 286 0043 08       		.byte	0x8
 287 0044 6E000000 		.4byte	.LASF2
 288 0048 04       		.uleb128 0x4
 289 0049 02       		.byte	0x2
 290 004a 05       		.byte	0x5
 291 004b 45020000 		.4byte	.LASF3
 292 004f 04       		.uleb128 0x4
 293 0050 02       		.byte	0x2
 294 0051 07       		.byte	0x7
 295 0052 46000000 		.4byte	.LASF4
 296 0056 04       		.uleb128 0x4
 297 0057 04       		.byte	0x4
 298 0058 05       		.byte	0x5
 299 0059 64020000 		.4byte	.LASF5
 300 005d 03       		.uleb128 0x3
 301 005e 7C000000 		.4byte	.LASF7
 302 0062 03       		.byte	0x3
 303 0063 41       		.byte	0x41
 304 0064 68000000 		.4byte	0x68
 305 0068 04       		.uleb128 0x4
 306 0069 04       		.byte	0x4
 307 006a 07       		.byte	0x7
 308 006b 34000000 		.4byte	.LASF8
 309 006f 04       		.uleb128 0x4
 310 0070 08       		.byte	0x8
 311 0071 05       		.byte	0x5
 312 0072 BC010000 		.4byte	.LASF9
 313 0076 04       		.uleb128 0x4
 314 0077 08       		.byte	0x8
 315 0078 07       		.byte	0x7
 316 0079 94010000 		.4byte	.LASF10
 317 007d 03       		.uleb128 0x3
 318 007e 5B020000 		.4byte	.LASF11
 319 0082 04       		.byte	0x4
 320 0083 20       		.byte	0x20
 321 0084 5D000000 		.4byte	0x5d
 322 0088 05       		.uleb128 0x5
 323 0089 04       		.byte	0x4
 324 008a 04       		.uleb128 0x4
 325 008b 04       		.byte	0x4
 326 008c 07       		.byte	0x7
 327 008d B3010000 		.4byte	.LASF12
 328 0091 03       		.uleb128 0x3
 329 0092 2C020000 		.4byte	.LASF13
 330 0096 05       		.byte	0x5
 331 0097 2C       		.byte	0x2c
 332 0098 9C000000 		.4byte	0x9c
 333 009c 06       		.uleb128 0x6
 334 009d 04       		.byte	0x4
 335 009e A2000000 		.4byte	0xa2
 336 00a2 07       		.uleb128 0x7
 337 00a3 88000000 		.4byte	0x88
 338 00a7 B1000000 		.4byte	0xb1
 339 00ab 08       		.uleb128 0x8
 340 00ac 28000000 		.4byte	0x28
 341 00b0 00       		.byte	0
 342 00b1 09       		.uleb128 0x9
ARM GAS  /tmp/ccb6YHLh.s 			page 7


 343 00b2 23000000 		.4byte	.LASF25
 344 00b6 04       		.byte	0x4
 345 00b7 06       		.byte	0x6
 346 00b8 2C       		.byte	0x2c
 347 00b9 CA000000 		.4byte	0xca
 348 00bd 0A       		.uleb128 0xa
 349 00be AB010000 		.4byte	.LASF14
 350 00c2 06       		.byte	0x6
 351 00c3 2D       		.byte	0x2d
 352 00c4 CA000000 		.4byte	0xca
 353 00c8 00       		.byte	0
 354 00c9 00       		.byte	0
 355 00ca 06       		.uleb128 0x6
 356 00cb 04       		.byte	0x4
 357 00cc B1000000 		.4byte	0xb1
 358 00d0 0B       		.uleb128 0xb
 359 00d1 0C       		.byte	0xc
 360 00d2 06       		.byte	0x6
 361 00d3 34       		.byte	0x34
 362 00d4 FD000000 		.4byte	0xfd
 363 00d8 0A       		.uleb128 0xa
 364 00d9 79020000 		.4byte	.LASF15
 365 00dd 06       		.byte	0x6
 366 00de 35       		.byte	0x35
 367 00df CA000000 		.4byte	0xca
 368 00e3 00       		.byte	0
 369 00e4 0A       		.uleb128 0xa
 370 00e5 07000000 		.4byte	.LASF16
 371 00e9 06       		.byte	0x6
 372 00ea 36       		.byte	0x36
 373 00eb 28000000 		.4byte	0x28
 374 00ef 04       		.byte	0x4
 375 00f0 0A       		.uleb128 0xa
 376 00f1 39020000 		.4byte	.LASF17
 377 00f5 06       		.byte	0x6
 378 00f6 38       		.byte	0x38
 379 00f7 91000000 		.4byte	0x91
 380 00fb 08       		.byte	0x8
 381 00fc 00       		.byte	0
 382 00fd 03       		.uleb128 0x3
 383 00fe 92000000 		.4byte	.LASF18
 384 0102 06       		.byte	0x6
 385 0103 3A       		.byte	0x3a
 386 0104 D0000000 		.4byte	0xd0
 387 0108 04       		.uleb128 0x4
 388 0109 01       		.byte	0x1
 389 010a 08       		.byte	0x8
 390 010b 27020000 		.4byte	.LASF19
 391 010f 0C       		.uleb128 0xc
 392 0110 A2000000 		.4byte	.LASF26
 393 0114 01       		.byte	0x1
 394 0115 4F       		.byte	0x4f
 395 0116 88000000 		.4byte	0x88
 396 011a 01       		.byte	0x1
 397 011b 35010000 		.4byte	0x135
 398 011f 0D       		.uleb128 0xd
 399 0120 6D7000   		.ascii	"mp\000"
ARM GAS  /tmp/ccb6YHLh.s 			page 8


 400 0123 01       		.byte	0x1
 401 0124 4F       		.byte	0x4f
 402 0125 35010000 		.4byte	0x135
 403 0129 0E       		.uleb128 0xe
 404 012a 9D000000 		.4byte	.LASF20
 405 012e 01       		.byte	0x1
 406 012f 50       		.byte	0x50
 407 0130 88000000 		.4byte	0x88
 408 0134 00       		.byte	0
 409 0135 06       		.uleb128 0x6
 410 0136 04       		.byte	0x4
 411 0137 FD000000 		.4byte	0xfd
 412 013b 0F       		.uleb128 0xf
 413 013c 62000000 		.4byte	.LASF27
 414 0140 01       		.byte	0x1
 415 0141 7A       		.byte	0x7a
 416 0142 01       		.byte	0x1
 417 0143 68010000 		.4byte	0x168
 418 0147 0D       		.uleb128 0xd
 419 0148 6D7000   		.ascii	"mp\000"
 420 014b 01       		.byte	0x1
 421 014c 7A       		.byte	0x7a
 422 014d 35010000 		.4byte	0x135
 423 0151 10       		.uleb128 0x10
 424 0152 9D000000 		.4byte	.LASF20
 425 0156 01       		.byte	0x1
 426 0157 7A       		.byte	0x7a
 427 0158 88000000 		.4byte	0x88
 428 015c 11       		.uleb128 0x11
 429 015d 70687000 		.ascii	"php\000"
 430 0161 01       		.byte	0x1
 431 0162 7B       		.byte	0x7b
 432 0163 CA000000 		.4byte	0xca
 433 0167 00       		.byte	0
 434 0168 12       		.uleb128 0x12
 435 0169 81020000 		.4byte	.LASF28
 436 016d 01       		.byte	0x1
 437 016e 3D       		.byte	0x3d
 438 016f 00000000 		.4byte	.LFB7
 439 0173 10000000 		.4byte	.LFE7-.LFB7
 440 0177 01       		.uleb128 0x1
 441 0178 9C       		.byte	0x9c
 442 0179 A6010000 		.4byte	0x1a6
 443 017d 13       		.uleb128 0x13
 444 017e 6D7000   		.ascii	"mp\000"
 445 0181 01       		.byte	0x1
 446 0182 3D       		.byte	0x3d
 447 0183 35010000 		.4byte	0x135
 448 0187 01       		.uleb128 0x1
 449 0188 50       		.byte	0x50
 450 0189 14       		.uleb128 0x14
 451 018a 2F000000 		.4byte	.LASF21
 452 018e 01       		.byte	0x1
 453 018f 3D       		.byte	0x3d
 454 0190 28000000 		.4byte	0x28
 455 0194 00000000 		.4byte	.LLST0
 456 0198 15       		.uleb128 0x15
ARM GAS  /tmp/ccb6YHLh.s 			page 9


 457 0199 59000000 		.4byte	.LASF22
 458 019d 01       		.byte	0x1
 459 019e 3D       		.byte	0x3d
 460 019f 91000000 		.4byte	0x91
 461 01a3 01       		.uleb128 0x1
 462 01a4 52       		.byte	0x52
 463 01a5 00       		.byte	0
 464 01a6 16       		.uleb128 0x16
 465 01a7 0F010000 		.4byte	0x10f
 466 01ab 00000000 		.4byte	.LFB8
 467 01af 16000000 		.4byte	.LFE8-.LFB8
 468 01b3 01       		.uleb128 0x1
 469 01b4 9C       		.byte	0x9c
 470 01b5 CC010000 		.4byte	0x1cc
 471 01b9 17       		.uleb128 0x17
 472 01ba 1F010000 		.4byte	0x11f
 473 01be 2E000000 		.4byte	.LLST1
 474 01c2 18       		.uleb128 0x18
 475 01c3 29010000 		.4byte	0x129
 476 01c7 68000000 		.4byte	.LLST2
 477 01cb 00       		.byte	0
 478 01cc 19       		.uleb128 0x19
 479 01cd 4F020000 		.4byte	.LASF29
 480 01d1 01       		.byte	0x1
 481 01d2 65       		.byte	0x65
 482 01d3 88000000 		.4byte	0x88
 483 01d7 00000000 		.4byte	.LFB9
 484 01db 2C000000 		.4byte	.LFE9-.LFB9
 485 01df 01       		.uleb128 0x1
 486 01e0 9C       		.byte	0x9c
 487 01e1 5B020000 		.4byte	0x25b
 488 01e5 1A       		.uleb128 0x1a
 489 01e6 6D7000   		.ascii	"mp\000"
 490 01e9 01       		.byte	0x1
 491 01ea 65       		.byte	0x65
 492 01eb 35010000 		.4byte	0x135
 493 01ef 7B000000 		.4byte	.LLST3
 494 01f3 1B       		.uleb128 0x1b
 495 01f4 9D000000 		.4byte	.LASF20
 496 01f8 01       		.byte	0x1
 497 01f9 66       		.byte	0x66
 498 01fa 88000000 		.4byte	0x88
 499 01fe 01       		.uleb128 0x1
 500 01ff 50       		.byte	0x50
 501 0200 1C       		.uleb128 0x1c
 502 0201 04000000 		.4byte	.LBB10
 503 0205 06000000 		.4byte	.LBE10-.LBB10
 504 0209 1B020000 		.4byte	0x21b
 505 020d 1D       		.uleb128 0x1d
 506 020e 746D7000 		.ascii	"tmp\000"
 507 0212 01       		.byte	0x1
 508 0213 68       		.byte	0x68
 509 0214 7D000000 		.4byte	0x7d
 510 0218 01       		.uleb128 0x1
 511 0219 53       		.byte	0x53
 512 021a 00       		.byte	0
 513 021b 1E       		.uleb128 0x1e
ARM GAS  /tmp/ccb6YHLh.s 			page 10


 514 021c 0F010000 		.4byte	0x10f
 515 0220 0A000000 		.4byte	.LBB11
 516 0224 00000000 		.4byte	.Ldebug_ranges0+0
 517 0228 01       		.byte	0x1
 518 0229 69       		.byte	0x69
 519 022a 47020000 		.4byte	0x247
 520 022e 17       		.uleb128 0x17
 521 022f 1F010000 		.4byte	0x11f
 522 0233 A7000000 		.4byte	.LLST4
 523 0237 1F       		.uleb128 0x1f
 524 0238 00000000 		.4byte	.Ldebug_ranges0+0
 525 023c 18       		.uleb128 0x18
 526 023d 29010000 		.4byte	0x129
 527 0241 D3000000 		.4byte	.LLST5
 528 0245 00       		.byte	0
 529 0246 00       		.byte	0
 530 0247 1F       		.uleb128 0x1f
 531 0248 18000000 		.4byte	.Ldebug_ranges0+0x18
 532 024c 1D       		.uleb128 0x1d
 533 024d 746D7000 		.ascii	"tmp\000"
 534 0251 01       		.byte	0x1
 535 0252 6A       		.byte	0x6a
 536 0253 7D000000 		.4byte	0x7d
 537 0257 01       		.uleb128 0x1
 538 0258 53       		.byte	0x53
 539 0259 00       		.byte	0
 540 025a 00       		.byte	0
 541 025b 20       		.uleb128 0x20
 542 025c 3B010000 		.4byte	0x13b
 543 0260 00000000 		.4byte	.LFB10
 544 0264 08000000 		.4byte	.LFE10-.LFB10
 545 0268 01       		.uleb128 0x1
 546 0269 9C       		.byte	0x9c
 547 026a 84020000 		.4byte	0x284
 548 026e 21       		.uleb128 0x21
 549 026f 47010000 		.4byte	0x147
 550 0273 01       		.uleb128 0x1
 551 0274 50       		.byte	0x50
 552 0275 21       		.uleb128 0x21
 553 0276 51010000 		.4byte	0x151
 554 027a 01       		.uleb128 0x1
 555 027b 51       		.byte	0x51
 556 027c 22       		.uleb128 0x22
 557 027d 5C010000 		.4byte	0x15c
 558 0281 01       		.uleb128 0x1
 559 0282 51       		.byte	0x51
 560 0283 00       		.byte	0
 561 0284 23       		.uleb128 0x23
 562 0285 87000000 		.4byte	.LASF30
 563 0289 01       		.byte	0x1
 564 028a 91       		.byte	0x91
 565 028b 00000000 		.4byte	.LFB11
 566 028f 14000000 		.4byte	.LFE11-.LFB11
 567 0293 01       		.uleb128 0x1
 568 0294 9C       		.byte	0x9c
 569 0295 13       		.uleb128 0x13
 570 0296 6D7000   		.ascii	"mp\000"
ARM GAS  /tmp/ccb6YHLh.s 			page 11


 571 0299 01       		.byte	0x1
 572 029a 91       		.byte	0x91
 573 029b 35010000 		.4byte	0x135
 574 029f 01       		.uleb128 0x1
 575 02a0 50       		.byte	0x50
 576 02a1 15       		.uleb128 0x15
 577 02a2 9D000000 		.4byte	.LASF20
 578 02a6 01       		.byte	0x1
 579 02a7 91       		.byte	0x91
 580 02a8 88000000 		.4byte	0x88
 581 02ac 01       		.uleb128 0x1
 582 02ad 51       		.byte	0x51
 583 02ae 1C       		.uleb128 0x1c
 584 02af 00000000 		.4byte	.LBB17
 585 02b3 06000000 		.4byte	.LBE17-.LBB17
 586 02b7 C9020000 		.4byte	0x2c9
 587 02bb 1D       		.uleb128 0x1d
 588 02bc 746D7000 		.ascii	"tmp\000"
 589 02c0 01       		.byte	0x1
 590 02c1 93       		.byte	0x93
 591 02c2 7D000000 		.4byte	0x7d
 592 02c6 01       		.uleb128 0x1
 593 02c7 53       		.byte	0x53
 594 02c8 00       		.byte	0
 595 02c9 1E       		.uleb128 0x1e
 596 02ca 3B010000 		.4byte	0x13b
 597 02ce 06000000 		.4byte	.LBB18
 598 02d2 30000000 		.4byte	.Ldebug_ranges0+0x30
 599 02d6 01       		.byte	0x1
 600 02d7 94       		.byte	0x94
 601 02d8 F8020000 		.4byte	0x2f8
 602 02dc 21       		.uleb128 0x21
 603 02dd 51010000 		.4byte	0x151
 604 02e1 01       		.uleb128 0x1
 605 02e2 51       		.byte	0x51
 606 02e3 21       		.uleb128 0x21
 607 02e4 47010000 		.4byte	0x147
 608 02e8 01       		.uleb128 0x1
 609 02e9 50       		.byte	0x50
 610 02ea 1F       		.uleb128 0x1f
 611 02eb 30000000 		.4byte	.Ldebug_ranges0+0x30
 612 02ef 22       		.uleb128 0x22
 613 02f0 5C010000 		.4byte	0x15c
 614 02f4 01       		.uleb128 0x1
 615 02f5 51       		.byte	0x51
 616 02f6 00       		.byte	0
 617 02f7 00       		.byte	0
 618 02f8 1F       		.uleb128 0x1f
 619 02f9 48000000 		.4byte	.Ldebug_ranges0+0x48
 620 02fd 1D       		.uleb128 0x1d
 621 02fe 746D7000 		.ascii	"tmp\000"
 622 0302 01       		.byte	0x1
 623 0303 95       		.byte	0x95
 624 0304 7D000000 		.4byte	0x7d
 625 0308 01       		.uleb128 0x1
 626 0309 53       		.byte	0x53
 627 030a 00       		.byte	0
ARM GAS  /tmp/ccb6YHLh.s 			page 12


 628 030b 00       		.byte	0
 629 030c 00       		.byte	0
 630              		.section	.debug_abbrev,"",%progbits
 631              	.Ldebug_abbrev0:
 632 0000 01       		.uleb128 0x1
 633 0001 11       		.uleb128 0x11
 634 0002 01       		.byte	0x1
 635 0003 25       		.uleb128 0x25
 636 0004 0E       		.uleb128 0xe
 637 0005 13       		.uleb128 0x13
 638 0006 0B       		.uleb128 0xb
 639 0007 03       		.uleb128 0x3
 640 0008 0E       		.uleb128 0xe
 641 0009 55       		.uleb128 0x55
 642 000a 17       		.uleb128 0x17
 643 000b 11       		.uleb128 0x11
 644 000c 01       		.uleb128 0x1
 645 000d 10       		.uleb128 0x10
 646 000e 17       		.uleb128 0x17
 647 000f 00       		.byte	0
 648 0010 00       		.byte	0
 649 0011 02       		.uleb128 0x2
 650 0012 24       		.uleb128 0x24
 651 0013 00       		.byte	0
 652 0014 0B       		.uleb128 0xb
 653 0015 0B       		.uleb128 0xb
 654 0016 3E       		.uleb128 0x3e
 655 0017 0B       		.uleb128 0xb
 656 0018 03       		.uleb128 0x3
 657 0019 08       		.uleb128 0x8
 658 001a 00       		.byte	0
 659 001b 00       		.byte	0
 660 001c 03       		.uleb128 0x3
 661 001d 16       		.uleb128 0x16
 662 001e 00       		.byte	0
 663 001f 03       		.uleb128 0x3
 664 0020 0E       		.uleb128 0xe
 665 0021 3A       		.uleb128 0x3a
 666 0022 0B       		.uleb128 0xb
 667 0023 3B       		.uleb128 0x3b
 668 0024 0B       		.uleb128 0xb
 669 0025 49       		.uleb128 0x49
 670 0026 13       		.uleb128 0x13
 671 0027 00       		.byte	0
 672 0028 00       		.byte	0
 673 0029 04       		.uleb128 0x4
 674 002a 24       		.uleb128 0x24
 675 002b 00       		.byte	0
 676 002c 0B       		.uleb128 0xb
 677 002d 0B       		.uleb128 0xb
 678 002e 3E       		.uleb128 0x3e
 679 002f 0B       		.uleb128 0xb
 680 0030 03       		.uleb128 0x3
 681 0031 0E       		.uleb128 0xe
 682 0032 00       		.byte	0
 683 0033 00       		.byte	0
 684 0034 05       		.uleb128 0x5
ARM GAS  /tmp/ccb6YHLh.s 			page 13


 685 0035 0F       		.uleb128 0xf
 686 0036 00       		.byte	0
 687 0037 0B       		.uleb128 0xb
 688 0038 0B       		.uleb128 0xb
 689 0039 00       		.byte	0
 690 003a 00       		.byte	0
 691 003b 06       		.uleb128 0x6
 692 003c 0F       		.uleb128 0xf
 693 003d 00       		.byte	0
 694 003e 0B       		.uleb128 0xb
 695 003f 0B       		.uleb128 0xb
 696 0040 49       		.uleb128 0x49
 697 0041 13       		.uleb128 0x13
 698 0042 00       		.byte	0
 699 0043 00       		.byte	0
 700 0044 07       		.uleb128 0x7
 701 0045 15       		.uleb128 0x15
 702 0046 01       		.byte	0x1
 703 0047 27       		.uleb128 0x27
 704 0048 19       		.uleb128 0x19
 705 0049 49       		.uleb128 0x49
 706 004a 13       		.uleb128 0x13
 707 004b 01       		.uleb128 0x1
 708 004c 13       		.uleb128 0x13
 709 004d 00       		.byte	0
 710 004e 00       		.byte	0
 711 004f 08       		.uleb128 0x8
 712 0050 05       		.uleb128 0x5
 713 0051 00       		.byte	0
 714 0052 49       		.uleb128 0x49
 715 0053 13       		.uleb128 0x13
 716 0054 00       		.byte	0
 717 0055 00       		.byte	0
 718 0056 09       		.uleb128 0x9
 719 0057 13       		.uleb128 0x13
 720 0058 01       		.byte	0x1
 721 0059 03       		.uleb128 0x3
 722 005a 0E       		.uleb128 0xe
 723 005b 0B       		.uleb128 0xb
 724 005c 0B       		.uleb128 0xb
 725 005d 3A       		.uleb128 0x3a
 726 005e 0B       		.uleb128 0xb
 727 005f 3B       		.uleb128 0x3b
 728 0060 0B       		.uleb128 0xb
 729 0061 01       		.uleb128 0x1
 730 0062 13       		.uleb128 0x13
 731 0063 00       		.byte	0
 732 0064 00       		.byte	0
 733 0065 0A       		.uleb128 0xa
 734 0066 0D       		.uleb128 0xd
 735 0067 00       		.byte	0
 736 0068 03       		.uleb128 0x3
 737 0069 0E       		.uleb128 0xe
 738 006a 3A       		.uleb128 0x3a
 739 006b 0B       		.uleb128 0xb
 740 006c 3B       		.uleb128 0x3b
 741 006d 0B       		.uleb128 0xb
ARM GAS  /tmp/ccb6YHLh.s 			page 14


 742 006e 49       		.uleb128 0x49
 743 006f 13       		.uleb128 0x13
 744 0070 38       		.uleb128 0x38
 745 0071 0B       		.uleb128 0xb
 746 0072 00       		.byte	0
 747 0073 00       		.byte	0
 748 0074 0B       		.uleb128 0xb
 749 0075 13       		.uleb128 0x13
 750 0076 01       		.byte	0x1
 751 0077 0B       		.uleb128 0xb
 752 0078 0B       		.uleb128 0xb
 753 0079 3A       		.uleb128 0x3a
 754 007a 0B       		.uleb128 0xb
 755 007b 3B       		.uleb128 0x3b
 756 007c 0B       		.uleb128 0xb
 757 007d 01       		.uleb128 0x1
 758 007e 13       		.uleb128 0x13
 759 007f 00       		.byte	0
 760 0080 00       		.byte	0
 761 0081 0C       		.uleb128 0xc
 762 0082 2E       		.uleb128 0x2e
 763 0083 01       		.byte	0x1
 764 0084 3F       		.uleb128 0x3f
 765 0085 19       		.uleb128 0x19
 766 0086 03       		.uleb128 0x3
 767 0087 0E       		.uleb128 0xe
 768 0088 3A       		.uleb128 0x3a
 769 0089 0B       		.uleb128 0xb
 770 008a 3B       		.uleb128 0x3b
 771 008b 0B       		.uleb128 0xb
 772 008c 27       		.uleb128 0x27
 773 008d 19       		.uleb128 0x19
 774 008e 49       		.uleb128 0x49
 775 008f 13       		.uleb128 0x13
 776 0090 20       		.uleb128 0x20
 777 0091 0B       		.uleb128 0xb
 778 0092 01       		.uleb128 0x1
 779 0093 13       		.uleb128 0x13
 780 0094 00       		.byte	0
 781 0095 00       		.byte	0
 782 0096 0D       		.uleb128 0xd
 783 0097 05       		.uleb128 0x5
 784 0098 00       		.byte	0
 785 0099 03       		.uleb128 0x3
 786 009a 08       		.uleb128 0x8
 787 009b 3A       		.uleb128 0x3a
 788 009c 0B       		.uleb128 0xb
 789 009d 3B       		.uleb128 0x3b
 790 009e 0B       		.uleb128 0xb
 791 009f 49       		.uleb128 0x49
 792 00a0 13       		.uleb128 0x13
 793 00a1 00       		.byte	0
 794 00a2 00       		.byte	0
 795 00a3 0E       		.uleb128 0xe
 796 00a4 34       		.uleb128 0x34
 797 00a5 00       		.byte	0
 798 00a6 03       		.uleb128 0x3
ARM GAS  /tmp/ccb6YHLh.s 			page 15


 799 00a7 0E       		.uleb128 0xe
 800 00a8 3A       		.uleb128 0x3a
 801 00a9 0B       		.uleb128 0xb
 802 00aa 3B       		.uleb128 0x3b
 803 00ab 0B       		.uleb128 0xb
 804 00ac 49       		.uleb128 0x49
 805 00ad 13       		.uleb128 0x13
 806 00ae 00       		.byte	0
 807 00af 00       		.byte	0
 808 00b0 0F       		.uleb128 0xf
 809 00b1 2E       		.uleb128 0x2e
 810 00b2 01       		.byte	0x1
 811 00b3 3F       		.uleb128 0x3f
 812 00b4 19       		.uleb128 0x19
 813 00b5 03       		.uleb128 0x3
 814 00b6 0E       		.uleb128 0xe
 815 00b7 3A       		.uleb128 0x3a
 816 00b8 0B       		.uleb128 0xb
 817 00b9 3B       		.uleb128 0x3b
 818 00ba 0B       		.uleb128 0xb
 819 00bb 27       		.uleb128 0x27
 820 00bc 19       		.uleb128 0x19
 821 00bd 20       		.uleb128 0x20
 822 00be 0B       		.uleb128 0xb
 823 00bf 01       		.uleb128 0x1
 824 00c0 13       		.uleb128 0x13
 825 00c1 00       		.byte	0
 826 00c2 00       		.byte	0
 827 00c3 10       		.uleb128 0x10
 828 00c4 05       		.uleb128 0x5
 829 00c5 00       		.byte	0
 830 00c6 03       		.uleb128 0x3
 831 00c7 0E       		.uleb128 0xe
 832 00c8 3A       		.uleb128 0x3a
 833 00c9 0B       		.uleb128 0xb
 834 00ca 3B       		.uleb128 0x3b
 835 00cb 0B       		.uleb128 0xb
 836 00cc 49       		.uleb128 0x49
 837 00cd 13       		.uleb128 0x13
 838 00ce 00       		.byte	0
 839 00cf 00       		.byte	0
 840 00d0 11       		.uleb128 0x11
 841 00d1 34       		.uleb128 0x34
 842 00d2 00       		.byte	0
 843 00d3 03       		.uleb128 0x3
 844 00d4 08       		.uleb128 0x8
 845 00d5 3A       		.uleb128 0x3a
 846 00d6 0B       		.uleb128 0xb
 847 00d7 3B       		.uleb128 0x3b
 848 00d8 0B       		.uleb128 0xb
 849 00d9 49       		.uleb128 0x49
 850 00da 13       		.uleb128 0x13
 851 00db 00       		.byte	0
 852 00dc 00       		.byte	0
 853 00dd 12       		.uleb128 0x12
 854 00de 2E       		.uleb128 0x2e
 855 00df 01       		.byte	0x1
ARM GAS  /tmp/ccb6YHLh.s 			page 16


 856 00e0 3F       		.uleb128 0x3f
 857 00e1 19       		.uleb128 0x19
 858 00e2 03       		.uleb128 0x3
 859 00e3 0E       		.uleb128 0xe
 860 00e4 3A       		.uleb128 0x3a
 861 00e5 0B       		.uleb128 0xb
 862 00e6 3B       		.uleb128 0x3b
 863 00e7 0B       		.uleb128 0xb
 864 00e8 27       		.uleb128 0x27
 865 00e9 19       		.uleb128 0x19
 866 00ea 11       		.uleb128 0x11
 867 00eb 01       		.uleb128 0x1
 868 00ec 12       		.uleb128 0x12
 869 00ed 06       		.uleb128 0x6
 870 00ee 40       		.uleb128 0x40
 871 00ef 18       		.uleb128 0x18
 872 00f0 9742     		.uleb128 0x2117
 873 00f2 19       		.uleb128 0x19
 874 00f3 01       		.uleb128 0x1
 875 00f4 13       		.uleb128 0x13
 876 00f5 00       		.byte	0
 877 00f6 00       		.byte	0
 878 00f7 13       		.uleb128 0x13
 879 00f8 05       		.uleb128 0x5
 880 00f9 00       		.byte	0
 881 00fa 03       		.uleb128 0x3
 882 00fb 08       		.uleb128 0x8
 883 00fc 3A       		.uleb128 0x3a
 884 00fd 0B       		.uleb128 0xb
 885 00fe 3B       		.uleb128 0x3b
 886 00ff 0B       		.uleb128 0xb
 887 0100 49       		.uleb128 0x49
 888 0101 13       		.uleb128 0x13
 889 0102 02       		.uleb128 0x2
 890 0103 18       		.uleb128 0x18
 891 0104 00       		.byte	0
 892 0105 00       		.byte	0
 893 0106 14       		.uleb128 0x14
 894 0107 05       		.uleb128 0x5
 895 0108 00       		.byte	0
 896 0109 03       		.uleb128 0x3
 897 010a 0E       		.uleb128 0xe
 898 010b 3A       		.uleb128 0x3a
 899 010c 0B       		.uleb128 0xb
 900 010d 3B       		.uleb128 0x3b
 901 010e 0B       		.uleb128 0xb
 902 010f 49       		.uleb128 0x49
 903 0110 13       		.uleb128 0x13
 904 0111 02       		.uleb128 0x2
 905 0112 17       		.uleb128 0x17
 906 0113 00       		.byte	0
 907 0114 00       		.byte	0
 908 0115 15       		.uleb128 0x15
 909 0116 05       		.uleb128 0x5
 910 0117 00       		.byte	0
 911 0118 03       		.uleb128 0x3
 912 0119 0E       		.uleb128 0xe
ARM GAS  /tmp/ccb6YHLh.s 			page 17


 913 011a 3A       		.uleb128 0x3a
 914 011b 0B       		.uleb128 0xb
 915 011c 3B       		.uleb128 0x3b
 916 011d 0B       		.uleb128 0xb
 917 011e 49       		.uleb128 0x49
 918 011f 13       		.uleb128 0x13
 919 0120 02       		.uleb128 0x2
 920 0121 18       		.uleb128 0x18
 921 0122 00       		.byte	0
 922 0123 00       		.byte	0
 923 0124 16       		.uleb128 0x16
 924 0125 2E       		.uleb128 0x2e
 925 0126 01       		.byte	0x1
 926 0127 31       		.uleb128 0x31
 927 0128 13       		.uleb128 0x13
 928 0129 11       		.uleb128 0x11
 929 012a 01       		.uleb128 0x1
 930 012b 12       		.uleb128 0x12
 931 012c 06       		.uleb128 0x6
 932 012d 40       		.uleb128 0x40
 933 012e 18       		.uleb128 0x18
 934 012f 01       		.uleb128 0x1
 935 0130 13       		.uleb128 0x13
 936 0131 00       		.byte	0
 937 0132 00       		.byte	0
 938 0133 17       		.uleb128 0x17
 939 0134 05       		.uleb128 0x5
 940 0135 00       		.byte	0
 941 0136 31       		.uleb128 0x31
 942 0137 13       		.uleb128 0x13
 943 0138 02       		.uleb128 0x2
 944 0139 17       		.uleb128 0x17
 945 013a 00       		.byte	0
 946 013b 00       		.byte	0
 947 013c 18       		.uleb128 0x18
 948 013d 34       		.uleb128 0x34
 949 013e 00       		.byte	0
 950 013f 31       		.uleb128 0x31
 951 0140 13       		.uleb128 0x13
 952 0141 02       		.uleb128 0x2
 953 0142 17       		.uleb128 0x17
 954 0143 00       		.byte	0
 955 0144 00       		.byte	0
 956 0145 19       		.uleb128 0x19
 957 0146 2E       		.uleb128 0x2e
 958 0147 01       		.byte	0x1
 959 0148 3F       		.uleb128 0x3f
 960 0149 19       		.uleb128 0x19
 961 014a 03       		.uleb128 0x3
 962 014b 0E       		.uleb128 0xe
 963 014c 3A       		.uleb128 0x3a
 964 014d 0B       		.uleb128 0xb
 965 014e 3B       		.uleb128 0x3b
 966 014f 0B       		.uleb128 0xb
 967 0150 27       		.uleb128 0x27
 968 0151 19       		.uleb128 0x19
 969 0152 49       		.uleb128 0x49
ARM GAS  /tmp/ccb6YHLh.s 			page 18


 970 0153 13       		.uleb128 0x13
 971 0154 11       		.uleb128 0x11
 972 0155 01       		.uleb128 0x1
 973 0156 12       		.uleb128 0x12
 974 0157 06       		.uleb128 0x6
 975 0158 40       		.uleb128 0x40
 976 0159 18       		.uleb128 0x18
 977 015a 9642     		.uleb128 0x2116
 978 015c 19       		.uleb128 0x19
 979 015d 01       		.uleb128 0x1
 980 015e 13       		.uleb128 0x13
 981 015f 00       		.byte	0
 982 0160 00       		.byte	0
 983 0161 1A       		.uleb128 0x1a
 984 0162 05       		.uleb128 0x5
 985 0163 00       		.byte	0
 986 0164 03       		.uleb128 0x3
 987 0165 08       		.uleb128 0x8
 988 0166 3A       		.uleb128 0x3a
 989 0167 0B       		.uleb128 0xb
 990 0168 3B       		.uleb128 0x3b
 991 0169 0B       		.uleb128 0xb
 992 016a 49       		.uleb128 0x49
 993 016b 13       		.uleb128 0x13
 994 016c 02       		.uleb128 0x2
 995 016d 17       		.uleb128 0x17
 996 016e 00       		.byte	0
 997 016f 00       		.byte	0
 998 0170 1B       		.uleb128 0x1b
 999 0171 34       		.uleb128 0x34
 1000 0172 00       		.byte	0
 1001 0173 03       		.uleb128 0x3
 1002 0174 0E       		.uleb128 0xe
 1003 0175 3A       		.uleb128 0x3a
 1004 0176 0B       		.uleb128 0xb
 1005 0177 3B       		.uleb128 0x3b
 1006 0178 0B       		.uleb128 0xb
 1007 0179 49       		.uleb128 0x49
 1008 017a 13       		.uleb128 0x13
 1009 017b 02       		.uleb128 0x2
 1010 017c 18       		.uleb128 0x18
 1011 017d 00       		.byte	0
 1012 017e 00       		.byte	0
 1013 017f 1C       		.uleb128 0x1c
 1014 0180 0B       		.uleb128 0xb
 1015 0181 01       		.byte	0x1
 1016 0182 11       		.uleb128 0x11
 1017 0183 01       		.uleb128 0x1
 1018 0184 12       		.uleb128 0x12
 1019 0185 06       		.uleb128 0x6
 1020 0186 01       		.uleb128 0x1
 1021 0187 13       		.uleb128 0x13
 1022 0188 00       		.byte	0
 1023 0189 00       		.byte	0
 1024 018a 1D       		.uleb128 0x1d
 1025 018b 34       		.uleb128 0x34
 1026 018c 00       		.byte	0
ARM GAS  /tmp/ccb6YHLh.s 			page 19


 1027 018d 03       		.uleb128 0x3
 1028 018e 08       		.uleb128 0x8
 1029 018f 3A       		.uleb128 0x3a
 1030 0190 0B       		.uleb128 0xb
 1031 0191 3B       		.uleb128 0x3b
 1032 0192 0B       		.uleb128 0xb
 1033 0193 49       		.uleb128 0x49
 1034 0194 13       		.uleb128 0x13
 1035 0195 02       		.uleb128 0x2
 1036 0196 18       		.uleb128 0x18
 1037 0197 00       		.byte	0
 1038 0198 00       		.byte	0
 1039 0199 1E       		.uleb128 0x1e
 1040 019a 1D       		.uleb128 0x1d
 1041 019b 01       		.byte	0x1
 1042 019c 31       		.uleb128 0x31
 1043 019d 13       		.uleb128 0x13
 1044 019e 52       		.uleb128 0x52
 1045 019f 01       		.uleb128 0x1
 1046 01a0 55       		.uleb128 0x55
 1047 01a1 17       		.uleb128 0x17
 1048 01a2 58       		.uleb128 0x58
 1049 01a3 0B       		.uleb128 0xb
 1050 01a4 59       		.uleb128 0x59
 1051 01a5 0B       		.uleb128 0xb
 1052 01a6 01       		.uleb128 0x1
 1053 01a7 13       		.uleb128 0x13
 1054 01a8 00       		.byte	0
 1055 01a9 00       		.byte	0
 1056 01aa 1F       		.uleb128 0x1f
 1057 01ab 0B       		.uleb128 0xb
 1058 01ac 01       		.byte	0x1
 1059 01ad 55       		.uleb128 0x55
 1060 01ae 17       		.uleb128 0x17
 1061 01af 00       		.byte	0
 1062 01b0 00       		.byte	0
 1063 01b1 20       		.uleb128 0x20
 1064 01b2 2E       		.uleb128 0x2e
 1065 01b3 01       		.byte	0x1
 1066 01b4 31       		.uleb128 0x31
 1067 01b5 13       		.uleb128 0x13
 1068 01b6 11       		.uleb128 0x11
 1069 01b7 01       		.uleb128 0x1
 1070 01b8 12       		.uleb128 0x12
 1071 01b9 06       		.uleb128 0x6
 1072 01ba 40       		.uleb128 0x40
 1073 01bb 18       		.uleb128 0x18
 1074 01bc 9742     		.uleb128 0x2117
 1075 01be 19       		.uleb128 0x19
 1076 01bf 01       		.uleb128 0x1
 1077 01c0 13       		.uleb128 0x13
 1078 01c1 00       		.byte	0
 1079 01c2 00       		.byte	0
 1080 01c3 21       		.uleb128 0x21
 1081 01c4 05       		.uleb128 0x5
 1082 01c5 00       		.byte	0
 1083 01c6 31       		.uleb128 0x31
ARM GAS  /tmp/ccb6YHLh.s 			page 20


 1084 01c7 13       		.uleb128 0x13
 1085 01c8 02       		.uleb128 0x2
 1086 01c9 18       		.uleb128 0x18
 1087 01ca 00       		.byte	0
 1088 01cb 00       		.byte	0
 1089 01cc 22       		.uleb128 0x22
 1090 01cd 34       		.uleb128 0x34
 1091 01ce 00       		.byte	0
 1092 01cf 31       		.uleb128 0x31
 1093 01d0 13       		.uleb128 0x13
 1094 01d1 02       		.uleb128 0x2
 1095 01d2 18       		.uleb128 0x18
 1096 01d3 00       		.byte	0
 1097 01d4 00       		.byte	0
 1098 01d5 23       		.uleb128 0x23
 1099 01d6 2E       		.uleb128 0x2e
 1100 01d7 01       		.byte	0x1
 1101 01d8 3F       		.uleb128 0x3f
 1102 01d9 19       		.uleb128 0x19
 1103 01da 03       		.uleb128 0x3
 1104 01db 0E       		.uleb128 0xe
 1105 01dc 3A       		.uleb128 0x3a
 1106 01dd 0B       		.uleb128 0xb
 1107 01de 3B       		.uleb128 0x3b
 1108 01df 0B       		.uleb128 0xb
 1109 01e0 27       		.uleb128 0x27
 1110 01e1 19       		.uleb128 0x19
 1111 01e2 11       		.uleb128 0x11
 1112 01e3 01       		.uleb128 0x1
 1113 01e4 12       		.uleb128 0x12
 1114 01e5 06       		.uleb128 0x6
 1115 01e6 40       		.uleb128 0x40
 1116 01e7 18       		.uleb128 0x18
 1117 01e8 9742     		.uleb128 0x2117
 1118 01ea 19       		.uleb128 0x19
 1119 01eb 00       		.byte	0
 1120 01ec 00       		.byte	0
 1121 01ed 00       		.byte	0
 1122              		.section	.debug_loc,"",%progbits
 1123              	.Ldebug_loc0:
 1124              	.LLST0:
 1125 0000 00000000 		.4byte	.LVL0
 1126 0004 02000000 		.4byte	.LVL1
 1127 0008 0100     		.2byte	0x1
 1128 000a 51       		.byte	0x51
 1129 000b 02000000 		.4byte	.LVL1
 1130 000f 06000000 		.4byte	.LVL2
 1131 0013 0300     		.2byte	0x3
 1132 0015 71       		.byte	0x71
 1133 0016 79       		.sleb128 -7
 1134 0017 9F       		.byte	0x9f
 1135 0018 06000000 		.4byte	.LVL2
 1136 001c 10000000 		.4byte	.LFE7
 1137 0020 0400     		.2byte	0x4
 1138 0022 F3       		.byte	0xf3
 1139 0023 01       		.uleb128 0x1
 1140 0024 51       		.byte	0x51
ARM GAS  /tmp/ccb6YHLh.s 			page 21


 1141 0025 9F       		.byte	0x9f
 1142 0026 00000000 		.4byte	0
 1143 002a 00000000 		.4byte	0
 1144              	.LLST1:
 1145 002e 00000000 		.4byte	.LVL3
 1146 0032 0A000000 		.4byte	.LVL5
 1147 0036 0100     		.2byte	0x1
 1148 0038 50       		.byte	0x50
 1149 0039 0A000000 		.4byte	.LVL5
 1150 003d 0C000000 		.4byte	.LVL6
 1151 0041 0400     		.2byte	0x4
 1152 0043 F3       		.byte	0xf3
 1153 0044 01       		.uleb128 0x1
 1154 0045 50       		.byte	0x50
 1155 0046 9F       		.byte	0x9f
 1156 0047 0C000000 		.4byte	.LVL6
 1157 004b 14000000 		.4byte	.LVL7
 1158 004f 0100     		.2byte	0x1
 1159 0051 50       		.byte	0x50
 1160 0052 14000000 		.4byte	.LVL7
 1161 0056 16000000 		.4byte	.LFE8
 1162 005a 0400     		.2byte	0x4
 1163 005c F3       		.byte	0xf3
 1164 005d 01       		.uleb128 0x1
 1165 005e 50       		.byte	0x50
 1166 005f 9F       		.byte	0x9f
 1167 0060 00000000 		.4byte	0
 1168 0064 00000000 		.4byte	0
 1169              	.LLST2:
 1170 0068 02000000 		.4byte	.LVL4
 1171 006c 15000000 		.4byte	.LVL8-1
 1172 0070 0100     		.2byte	0x1
 1173 0072 53       		.byte	0x53
 1174 0073 00000000 		.4byte	0
 1175 0077 00000000 		.4byte	0
 1176              	.LLST3:
 1177 007b 00000000 		.4byte	.LVL9
 1178 007f 0C000000 		.4byte	.LVL11
 1179 0083 0100     		.2byte	0x1
 1180 0085 50       		.byte	0x50
 1181 0086 0C000000 		.4byte	.LVL11
 1182 008a 23000000 		.4byte	.LVL13-1
 1183 008e 0100     		.2byte	0x1
 1184 0090 52       		.byte	0x52
 1185 0091 23000000 		.4byte	.LVL13-1
 1186 0095 2C000000 		.4byte	.LFE9
 1187 0099 0400     		.2byte	0x4
 1188 009b F3       		.byte	0xf3
 1189 009c 01       		.uleb128 0x1
 1190 009d 50       		.byte	0x50
 1191 009e 9F       		.byte	0x9f
 1192 009f 00000000 		.4byte	0
 1193 00a3 00000000 		.4byte	0
 1194              	.LLST4:
 1195 00a7 0A000000 		.4byte	.LVL10
 1196 00ab 0C000000 		.4byte	.LVL11
 1197 00af 0100     		.2byte	0x1
ARM GAS  /tmp/ccb6YHLh.s 			page 22


 1198 00b1 50       		.byte	0x50
 1199 00b2 0C000000 		.4byte	.LVL11
 1200 00b6 23000000 		.4byte	.LVL13-1
 1201 00ba 0100     		.2byte	0x1
 1202 00bc 52       		.byte	0x52
 1203 00bd 23000000 		.4byte	.LVL13-1
 1204 00c1 2C000000 		.4byte	.LFE9
 1205 00c5 0400     		.2byte	0x4
 1206 00c7 F3       		.byte	0xf3
 1207 00c8 01       		.uleb128 0x1
 1208 00c9 50       		.byte	0x50
 1209 00ca 9F       		.byte	0x9f
 1210 00cb 00000000 		.4byte	0
 1211 00cf 00000000 		.4byte	0
 1212              	.LLST5:
 1213 00d3 0C000000 		.4byte	.LVL11
 1214 00d7 22000000 		.4byte	.LVL12
 1215 00db 0100     		.2byte	0x1
 1216 00dd 50       		.byte	0x50
 1217 00de 22000000 		.4byte	.LVL12
 1218 00e2 23000000 		.4byte	.LVL13-1
 1219 00e6 0200     		.2byte	0x2
 1220 00e8 72       		.byte	0x72
 1221 00e9 00       		.sleb128 0
 1222 00ea 24000000 		.4byte	.LVL13
 1223 00ee 2C000000 		.4byte	.LFE9
 1224 00f2 0100     		.2byte	0x1
 1225 00f4 50       		.byte	0x50
 1226 00f5 00000000 		.4byte	0
 1227 00f9 00000000 		.4byte	0
 1228              		.section	.debug_aranges,"",%progbits
 1229 0000 3C000000 		.4byte	0x3c
 1230 0004 0200     		.2byte	0x2
 1231 0006 00000000 		.4byte	.Ldebug_info0
 1232 000a 04       		.byte	0x4
 1233 000b 00       		.byte	0
 1234 000c 0000     		.2byte	0
 1235 000e 0000     		.2byte	0
 1236 0010 00000000 		.4byte	.LFB7
 1237 0014 10000000 		.4byte	.LFE7-.LFB7
 1238 0018 00000000 		.4byte	.LFB8
 1239 001c 16000000 		.4byte	.LFE8-.LFB8
 1240 0020 00000000 		.4byte	.LFB9
 1241 0024 2C000000 		.4byte	.LFE9-.LFB9
 1242 0028 00000000 		.4byte	.LFB10
 1243 002c 08000000 		.4byte	.LFE10-.LFB10
 1244 0030 00000000 		.4byte	.LFB11
 1245 0034 14000000 		.4byte	.LFE11-.LFB11
 1246 0038 00000000 		.4byte	0
 1247 003c 00000000 		.4byte	0
 1248              		.section	.debug_ranges,"",%progbits
 1249              	.Ldebug_ranges0:
 1250 0000 0A000000 		.4byte	.LBB11
 1251 0004 12000000 		.4byte	.LBE11
 1252 0008 1A000000 		.4byte	.LBB15
 1253 000c 24000000 		.4byte	.LBE15
 1254 0010 00000000 		.4byte	0
ARM GAS  /tmp/ccb6YHLh.s 			page 23


 1255 0014 00000000 		.4byte	0
 1256 0018 12000000 		.4byte	.LBB14
 1257 001c 18000000 		.4byte	.LBE14
 1258 0020 24000000 		.4byte	.LBB16
 1259 0024 2A000000 		.4byte	.LBE16
 1260 0028 00000000 		.4byte	0
 1261 002c 00000000 		.4byte	0
 1262 0030 06000000 		.4byte	.LBB18
 1263 0034 08000000 		.4byte	.LBE18
 1264 0038 0A000000 		.4byte	.LBB22
 1265 003c 0E000000 		.4byte	.LBE22
 1266 0040 00000000 		.4byte	0
 1267 0044 00000000 		.4byte	0
 1268 0048 08000000 		.4byte	.LBB21
 1269 004c 0A000000 		.4byte	.LBE21
 1270 0050 0E000000 		.4byte	.LBB23
 1271 0054 14000000 		.4byte	.LBE23
 1272 0058 00000000 		.4byte	0
 1273 005c 00000000 		.4byte	0
 1274 0060 00000000 		.4byte	.LFB7
 1275 0064 10000000 		.4byte	.LFE7
 1276 0068 00000000 		.4byte	.LFB8
 1277 006c 16000000 		.4byte	.LFE8
 1278 0070 00000000 		.4byte	.LFB9
 1279 0074 2C000000 		.4byte	.LFE9
 1280 0078 00000000 		.4byte	.LFB10
 1281 007c 08000000 		.4byte	.LFE10
 1282 0080 00000000 		.4byte	.LFB11
 1283 0084 14000000 		.4byte	.LFE11
 1284 0088 00000000 		.4byte	0
 1285 008c 00000000 		.4byte	0
 1286              		.section	.debug_line,"",%progbits
 1287              	.Ldebug_line0:
 1288 0000 56020000 		.section	.debug_str,"MS",%progbits,1
 1288      0200D501 
 1288      00000201 
 1288      FB0E0D00 
 1288      01010101 
 1289              	.LASF6:
 1290 0000 73697A65 		.ascii	"size_t\000"
 1290      5F7400
 1291              	.LASF16:
 1292 0007 6D705F6F 		.ascii	"mp_object_size\000"
 1292      626A6563 
 1292      745F7369 
 1292      7A6500
 1293              	.LASF0:
 1294 0016 756E7369 		.ascii	"unsigned int\000"
 1294      676E6564 
 1294      20696E74 
 1294      00
 1295              	.LASF25:
 1296 0023 706F6F6C 		.ascii	"pool_header\000"
 1296      5F686561 
 1296      64657200 
 1297              	.LASF21:
 1298 002f 73697A65 		.ascii	"size\000"
ARM GAS  /tmp/ccb6YHLh.s 			page 24


 1298      00
 1299              	.LASF8:
 1300 0034 6C6F6E67 		.ascii	"long unsigned int\000"
 1300      20756E73 
 1300      69676E65 
 1300      6420696E 
 1300      7400
 1301              	.LASF4:
 1302 0046 73686F72 		.ascii	"short unsigned int\000"
 1302      7420756E 
 1302      7369676E 
 1302      65642069 
 1302      6E7400
 1303              	.LASF22:
 1304 0059 70726F76 		.ascii	"provider\000"
 1304      69646572 
 1304      00
 1305              	.LASF27:
 1306 0062 6368506F 		.ascii	"chPoolFreeI\000"
 1306      6F6C4672 
 1306      65654900 
 1307              	.LASF2:
 1308 006e 756E7369 		.ascii	"unsigned char\000"
 1308      676E6564 
 1308      20636861 
 1308      7200
 1309              	.LASF7:
 1310 007c 5F5F7569 		.ascii	"__uint32_t\000"
 1310      6E743332 
 1310      5F7400
 1311              	.LASF30:
 1312 0087 6368506F 		.ascii	"chPoolFree\000"
 1312      6F6C4672 
 1312      656500
 1313              	.LASF18:
 1314 0092 4D656D6F 		.ascii	"MemoryPool\000"
 1314      7279506F 
 1314      6F6C00
 1315              	.LASF20:
 1316 009d 6F626A70 		.ascii	"objp\000"
 1316      00
 1317              	.LASF26:
 1318 00a2 6368506F 		.ascii	"chPoolAllocI\000"
 1318      6F6C416C 
 1318      6C6F6349 
 1318      00
 1319              	.LASF23:
 1320 00af 474E5520 		.ascii	"GNU C 4.9.3 20150529 (release) [ARM/embedded-4_9-br"
 1320      4320342E 
 1320      392E3320 
 1320      32303135 
 1320      30353239 
 1321 00e2 616E6368 		.ascii	"anch revision 227977] -mcpu=cortex-m3 -mno-thumb-in"
 1321      20726576 
 1321      6973696F 
 1321      6E203232 
 1321      37393737 
ARM GAS  /tmp/ccb6YHLh.s 			page 25


 1322 0115 74657277 		.ascii	"terwork -mthumb -ggdb -O2 -std=gnu99 -fomit-frame-p"
 1322      6F726B20 
 1322      2D6D7468 
 1322      756D6220 
 1322      2D676764 
 1323 0148 6F696E74 		.ascii	"ointer -falign-functions=16 -ffunction-sections -fd"
 1323      6572202D 
 1323      66616C69 
 1323      676E2D66 
 1323      756E6374 
 1324 017b 6174612D 		.ascii	"ata-sections -fno-common\000"
 1324      73656374 
 1324      696F6E73 
 1324      202D666E 
 1324      6F2D636F 
 1325              	.LASF10:
 1326 0194 6C6F6E67 		.ascii	"long long unsigned int\000"
 1326      206C6F6E 
 1326      6720756E 
 1326      7369676E 
 1326      65642069 
 1327              	.LASF14:
 1328 01ab 70685F6E 		.ascii	"ph_next\000"
 1328      65787400 
 1329              	.LASF12:
 1330 01b3 73697A65 		.ascii	"sizetype\000"
 1330      74797065 
 1330      00
 1331              	.LASF9:
 1332 01bc 6C6F6E67 		.ascii	"long long int\000"
 1332      206C6F6E 
 1332      6720696E 
 1332      7400
 1333              	.LASF24:
 1334 01ca 2F686F6D 		.ascii	"/home/nicolas/Desktop/Embebidos/stamp_repo/files/co"
 1334      652F6E69 
 1334      636F6C61 
 1334      732F4465 
 1334      736B746F 
 1335 01fd 64652F65 		.ascii	"de/ext/ChibiOS/os/kernel/src/chmempools.c\000"
 1335      78742F43 
 1335      68696269 
 1335      4F532F6F 
 1335      732F6B65 
 1336              	.LASF19:
 1337 0227 63686172 		.ascii	"char\000"
 1337      00
 1338              	.LASF13:
 1339 022c 6D656D67 		.ascii	"memgetfunc_t\000"
 1339      65746675 
 1339      6E635F74 
 1339      00
 1340              	.LASF17:
 1341 0239 6D705F70 		.ascii	"mp_provider\000"
 1341      726F7669 
 1341      64657200 
 1342              	.LASF3:
ARM GAS  /tmp/ccb6YHLh.s 			page 26


 1343 0245 73686F72 		.ascii	"short int\000"
 1343      7420696E 
 1343      7400
 1344              	.LASF29:
 1345 024f 6368506F 		.ascii	"chPoolAlloc\000"
 1345      6F6C416C 
 1345      6C6F6300 
 1346              	.LASF11:
 1347 025b 75696E74 		.ascii	"uint32_t\000"
 1347      33325F74 
 1347      00
 1348              	.LASF5:
 1349 0264 6C6F6E67 		.ascii	"long int\000"
 1349      20696E74 
 1349      00
 1350              	.LASF1:
 1351 026d 7369676E 		.ascii	"signed char\000"
 1351      65642063 
 1351      68617200 
 1352              	.LASF15:
 1353 0279 6D705F6E 		.ascii	"mp_next\000"
 1353      65787400 
 1354              	.LASF28:
 1355 0281 6368506F 		.ascii	"chPoolInit\000"
 1355      6F6C496E 
 1355      697400
 1356              		.ident	"GCC: (GNU Tools for ARM Embedded Processors) 4.9.3 20150529 (release) [ARM/embedded-4_9-br
ARM GAS  /tmp/ccb6YHLh.s 			page 27


DEFINED SYMBOLS
                            *ABS*:00000000 chmempools.c
     /tmp/ccb6YHLh.s:19     .text.chPoolInit:00000000 $t
     /tmp/ccb6YHLh.s:25     .text.chPoolInit:00000000 chPoolInit
     /tmp/ccb6YHLh.s:52     .text.chPoolAllocI:00000000 $t
     /tmp/ccb6YHLh.s:58     .text.chPoolAllocI:00000000 chPoolAllocI
     /tmp/ccb6YHLh.s:93     .text.chPoolAlloc:00000000 $t
     /tmp/ccb6YHLh.s:99     .text.chPoolAlloc:00000000 chPoolAlloc
     /tmp/ccb6YHLh.s:171    .text.chPoolFreeI:00000000 $t
     /tmp/ccb6YHLh.s:177    .text.chPoolFreeI:00000000 chPoolFreeI
     /tmp/ccb6YHLh.s:195    .text.chPoolFree:00000000 $t
     /tmp/ccb6YHLh.s:201    .text.chPoolFree:00000000 chPoolFree
                     .debug_frame:00000010 $d

NO UNDEFINED SYMBOLS
