ARM GAS  /tmp/cc6QESY4.s 			page 1


   1              		.syntax unified
   2              		.cpu cortex-m3
   3              		.fpu softvfp
   4              		.eabi_attribute 20, 1
   5              		.eabi_attribute 21, 1
   6              		.eabi_attribute 23, 3
   7              		.eabi_attribute 24, 1
   8              		.eabi_attribute 25, 1
   9              		.eabi_attribute 26, 1
  10              		.eabi_attribute 30, 2
  11              		.eabi_attribute 34, 1
  12              		.eabi_attribute 18, 4
  13              		.thumb
  14              		.file	"chmemcore.c"
  15              		.text
  16              	.Ltext0:
  17              		.cfi_sections	.debug_frame
  18              		.section	.text._core_init,"ax",%progbits
  19              		.align	2
  20              		.p2align 4,,15
  21              		.global	_core_init
  22              		.thumb
  23              		.thumb_func
  24              		.type	_core_init, %function
  25              	_core_init:
  26              	.LFB7:
  27              		.file 1 "/home/nicolas/Escritorio/Embebidos/stamp_repo/files/code/ext/ChibiOS/os/kernel/src/chmemc
  28              		.loc 1 66 0
  29              		.cfi_startproc
  30              		@ args = 0, pretend = 0, frame = 0
  31              		@ frame_needed = 0, uses_anonymous_args = 0
  32              		@ link register save eliminated.
  33              		.loc 1 70 0
  34 0000 054A     		ldr	r2, .L2
  35              		.loc 1 71 0
  36 0002 064B     		ldr	r3, .L2+4
  37              		.loc 1 70 0
  38 0004 0648     		ldr	r0, .L2+8
  39              		.loc 1 71 0
  40 0006 0749     		ldr	r1, .L2+12
  41              		.loc 1 70 0
  42 0008 22F00702 		bic	r2, r2, #7
  43              		.loc 1 71 0
  44 000c 23F00703 		bic	r3, r3, #7
  45              		.loc 1 70 0
  46 0010 0260     		str	r2, [r0]
  47              		.loc 1 71 0
  48 0012 0B60     		str	r3, [r1]
  49 0014 7047     		bx	lr
  50              	.L3:
  51 0016 00BF     		.align	2
  52              	.L2:
  53 0018 07000000 		.word	__heap_base__+7
  54 001c 00000000 		.word	__heap_end__
  55 0020 00000000 		.word	.LANCHOR0
  56 0024 00000000 		.word	.LANCHOR1
  57              		.cfi_endproc
ARM GAS  /tmp/cc6QESY4.s 			page 2


  58              	.LFE7:
  59              		.size	_core_init, .-_core_init
  60              		.section	.text.chCoreAlloc,"ax",%progbits
  61              		.align	2
  62              		.p2align 4,,15
  63              		.global	chCoreAlloc
  64              		.thumb
  65              		.thumb_func
  66              		.type	chCoreAlloc, %function
  67              	chCoreAlloc:
  68              	.LFB8:
  69              		.loc 1 91 0
  70              		.cfi_startproc
  71              		@ args = 0, pretend = 0, frame = 0
  72              		@ frame_needed = 0, uses_anonymous_args = 0
  73              		@ link register save eliminated.
  74              	.LVL0:
  75 0000 10B4     		push	{r4}
  76              		.cfi_def_cfa_offset 4
  77              		.cfi_offset 4, -4
  78              	.LBB6:
  79              		.loc 1 94 0
  80 0002 2023     		movs	r3, #32
  81              	@ 94 "/home/nicolas/Escritorio/Embebidos/stamp_repo/files/code/ext/ChibiOS/os/kernel/src/chmemcore.
  82 0004 83F31188 		msr     BASEPRI, r3
  83              	@ 0 "" 2
  84              	.LVL1:
  85              		.thumb
  86              	.LBE6:
  87              	.LBB7:
  88              	.LBB8:
  89              		.loc 1 118 0
  90 0008 094C     		ldr	r4, .L8
  91 000a 0A4B     		ldr	r3, .L8+4
  92 000c 2268     		ldr	r2, [r4]
  93 000e 1968     		ldr	r1, [r3]
  94              		.loc 1 117 0
  95 0010 C31D     		adds	r3, r0, #7
  96 0012 23F00703 		bic	r3, r3, #7
  97              	.LVL2:
  98              		.loc 1 118 0
  99 0016 891A     		subs	r1, r1, r2
 100 0018 8B42     		cmp	r3, r1
 101              	.LVL3:
 102              		.loc 1 121 0
 103 001a 9DBF     		ittte	ls
 104 001c 9B18     		addls	r3, r3, r2
 105              	.LVL4:
 106 001e 2360     		strls	r3, [r4]
 107              		.loc 1 122 0
 108 0020 1046     		movls	r0, r2
 109              	.LVL5:
 110              		.loc 1 119 0
 111 0022 0020     		movhi	r0, #0
 112              	.LBE8:
 113              	.LBE7:
 114              	.LBB9:
ARM GAS  /tmp/cc6QESY4.s 			page 3


 115              		.loc 1 96 0
 116 0024 0023     		movs	r3, #0
 117              	@ 96 "/home/nicolas/Escritorio/Embebidos/stamp_repo/files/code/ext/ChibiOS/os/kernel/src/chmemcore.
 118 0026 83F31188 		msr     BASEPRI, r3
 119              	@ 0 "" 2
 120              		.thumb
 121              	.LBE9:
 122              		.loc 1 98 0
 123 002a 5DF8044B 		ldr	r4, [sp], #4
 124              		.cfi_restore 4
 125              		.cfi_def_cfa_offset 0
 126 002e 7047     		bx	lr
 127              	.L9:
 128              		.align	2
 129              	.L8:
 130 0030 00000000 		.word	.LANCHOR0
 131 0034 00000000 		.word	.LANCHOR1
 132              		.cfi_endproc
 133              	.LFE8:
 134              		.size	chCoreAlloc, .-chCoreAlloc
 135              		.section	.text.chCoreAllocI,"ax",%progbits
 136              		.align	2
 137              		.p2align 4,,15
 138              		.global	chCoreAllocI
 139              		.thumb
 140              		.thumb_func
 141              		.type	chCoreAllocI, %function
 142              	chCoreAllocI:
 143              	.LFB9:
 144              		.loc 1 112 0
 145              		.cfi_startproc
 146              		@ args = 0, pretend = 0, frame = 0
 147              		@ frame_needed = 0, uses_anonymous_args = 0
 148              		@ link register save eliminated.
 149              	.LVL6:
 150 0000 10B4     		push	{r4}
 151              		.cfi_def_cfa_offset 4
 152              		.cfi_offset 4, -4
 153              		.loc 1 118 0
 154 0002 084B     		ldr	r3, .L14
 155 0004 084C     		ldr	r4, .L14+4
 156 0006 1968     		ldr	r1, [r3]
 157 0008 2268     		ldr	r2, [r4]
 158              		.loc 1 117 0
 159 000a 0730     		adds	r0, r0, #7
 160              	.LVL7:
 161 000c 20F00703 		bic	r3, r0, #7
 162              	.LVL8:
 163              		.loc 1 118 0
 164 0010 891A     		subs	r1, r1, r2
 165 0012 8B42     		cmp	r3, r1
 166              	.LVL9:
 167              		.loc 1 121 0
 168 0014 9DBF     		ittte	ls
 169 0016 9B18     		addls	r3, r3, r2
 170              	.LVL10:
 171 0018 2360     		strls	r3, [r4]
ARM GAS  /tmp/cc6QESY4.s 			page 4


 172              		.loc 1 122 0
 173 001a 1046     		movls	r0, r2
 174              	.LVL11:
 175              		.loc 1 119 0
 176 001c 0020     		movhi	r0, #0
 177              		.loc 1 123 0
 178 001e 5DF8044B 		ldr	r4, [sp], #4
 179              		.cfi_restore 4
 180              		.cfi_def_cfa_offset 0
 181 0022 7047     		bx	lr
 182              	.L15:
 183              		.align	2
 184              	.L14:
 185 0024 00000000 		.word	.LANCHOR1
 186 0028 00000000 		.word	.LANCHOR0
 187              		.cfi_endproc
 188              	.LFE9:
 189              		.size	chCoreAllocI, .-chCoreAllocI
 190              		.section	.text.chCoreStatus,"ax",%progbits
 191              		.align	2
 192              		.p2align 4,,15
 193              		.global	chCoreStatus
 194              		.thumb
 195              		.thumb_func
 196              		.type	chCoreStatus, %function
 197              	chCoreStatus:
 198              	.LFB10:
 199              		.loc 1 132 0
 200              		.cfi_startproc
 201              		@ args = 0, pretend = 0, frame = 0
 202              		@ frame_needed = 0, uses_anonymous_args = 0
 203              		@ link register save eliminated.
 204              		.loc 1 134 0
 205 0000 024A     		ldr	r2, .L17
 206 0002 034B     		ldr	r3, .L17+4
 207 0004 1068     		ldr	r0, [r2]
 208 0006 1B68     		ldr	r3, [r3]
 209              		.loc 1 135 0
 210 0008 C01A     		subs	r0, r0, r3
 211 000a 7047     		bx	lr
 212              	.L18:
 213              		.align	2
 214              	.L17:
 215 000c 00000000 		.word	.LANCHOR1
 216 0010 00000000 		.word	.LANCHOR0
 217              		.cfi_endproc
 218              	.LFE10:
 219              		.size	chCoreStatus, .-chCoreStatus
 220              		.section	.bss.endmem,"aw",%nobits
 221              		.align	2
 222              		.set	.LANCHOR1,. + 0
 223              		.type	endmem, %object
 224              		.size	endmem, 4
 225              	endmem:
 226 0000 00000000 		.space	4
 227              		.section	.bss.nextmem,"aw",%nobits
 228              		.align	2
ARM GAS  /tmp/cc6QESY4.s 			page 5


 229              		.set	.LANCHOR0,. + 0
 230              		.type	nextmem, %object
 231              		.size	nextmem, 4
 232              	nextmem:
 233 0000 00000000 		.space	4
 234              		.text
 235              	.Letext0:
 236              		.file 2 "/opt/gcc-arm-none-eabi-4_9-2015q3/lib/gcc/arm-none-eabi/4.9.3/include/stddef.h"
 237              		.file 3 "/opt/gcc-arm-none-eabi-4_9-2015q3/arm-none-eabi/include/machine/_default_types.h"
 238              		.file 4 "/opt/gcc-arm-none-eabi-4_9-2015q3/arm-none-eabi/include/sys/_stdint.h"
 239              		.section	.debug_info,"",%progbits
 240              	.Ldebug_info0:
 241 0000 10020000 		.4byte	0x210
 242 0004 0400     		.2byte	0x4
 243 0006 00000000 		.4byte	.Ldebug_abbrev0
 244 000a 04       		.byte	0x4
 245 000b 01       		.uleb128 0x1
 246 000c 21000000 		.4byte	.LASF20
 247 0010 01       		.byte	0x1
 248 0011 A7010000 		.4byte	.LASF21
 249 0015 00000000 		.4byte	.Ldebug_ranges0+0
 250 0019 00000000 		.4byte	0
 251 001d 00000000 		.4byte	.Ldebug_line0
 252 0021 02       		.uleb128 0x2
 253 0022 04       		.byte	0x4
 254 0023 05       		.byte	0x5
 255 0024 696E7400 		.ascii	"int\000"
 256 0028 03       		.uleb128 0x3
 257 0029 06010000 		.4byte	.LASF2
 258 002d 02       		.byte	0x2
 259 002e D4       		.byte	0xd4
 260 002f 33000000 		.4byte	0x33
 261 0033 04       		.uleb128 0x4
 262 0034 04       		.byte	0x4
 263 0035 07       		.byte	0x7
 264 0036 40020000 		.4byte	.LASF0
 265 003a 04       		.uleb128 0x4
 266 003b 01       		.byte	0x1
 267 003c 06       		.byte	0x6
 268 003d 1A020000 		.4byte	.LASF1
 269 0041 03       		.uleb128 0x3
 270 0042 64010000 		.4byte	.LASF3
 271 0046 03       		.byte	0x3
 272 0047 1D       		.byte	0x1d
 273 0048 4C000000 		.4byte	0x4c
 274 004c 04       		.uleb128 0x4
 275 004d 01       		.byte	0x1
 276 004e 08       		.byte	0x8
 277 004f 76010000 		.4byte	.LASF4
 278 0053 04       		.uleb128 0x4
 279 0054 02       		.byte	0x2
 280 0055 05       		.byte	0x5
 281 0056 36020000 		.4byte	.LASF5
 282 005a 04       		.uleb128 0x4
 283 005b 02       		.byte	0x2
 284 005c 07       		.byte	0x7
 285 005d 0E000000 		.4byte	.LASF6
ARM GAS  /tmp/cc6QESY4.s 			page 6


 286 0061 04       		.uleb128 0x4
 287 0062 04       		.byte	0x4
 288 0063 05       		.byte	0x5
 289 0064 9E010000 		.4byte	.LASF7
 290 0068 03       		.uleb128 0x3
 291 0069 22010000 		.4byte	.LASF8
 292 006d 03       		.byte	0x3
 293 006e 41       		.byte	0x41
 294 006f 73000000 		.4byte	0x73
 295 0073 04       		.uleb128 0x4
 296 0074 04       		.byte	0x4
 297 0075 07       		.byte	0x7
 298 0076 3B010000 		.4byte	.LASF9
 299 007a 04       		.uleb128 0x4
 300 007b 08       		.byte	0x8
 301 007c 05       		.byte	0x5
 302 007d 00000000 		.4byte	.LASF10
 303 0081 04       		.uleb128 0x4
 304 0082 08       		.byte	0x8
 305 0083 07       		.byte	0x7
 306 0084 4D010000 		.4byte	.LASF11
 307 0088 03       		.uleb128 0x3
 308 0089 6E010000 		.4byte	.LASF12
 309 008d 04       		.byte	0x4
 310 008e 14       		.byte	0x14
 311 008f 41000000 		.4byte	0x41
 312 0093 03       		.uleb128 0x3
 313 0094 95010000 		.4byte	.LASF13
 314 0098 04       		.byte	0x4
 315 0099 20       		.byte	0x20
 316 009a 68000000 		.4byte	0x68
 317 009e 05       		.uleb128 0x5
 318 009f 04       		.byte	0x4
 319 00a0 04       		.uleb128 0x4
 320 00a1 04       		.byte	0x4
 321 00a2 07       		.byte	0x7
 322 00a3 4D020000 		.4byte	.LASF14
 323 00a7 04       		.uleb128 0x4
 324 00a8 01       		.byte	0x1
 325 00a9 08       		.byte	0x8
 326 00aa 84010000 		.4byte	.LASF15
 327 00ae 06       		.uleb128 0x6
 328 00af 04       		.byte	0x4
 329 00b0 88000000 		.4byte	0x88
 330 00b4 07       		.uleb128 0x7
 331 00b5 0D020000 		.4byte	.LASF22
 332 00b9 01       		.byte	0x1
 333 00ba 70       		.byte	0x70
 334 00bb 9E000000 		.4byte	0x9e
 335 00bf 01       		.byte	0x1
 336 00c0 D9000000 		.4byte	0xd9
 337 00c4 08       		.uleb128 0x8
 338 00c5 26020000 		.4byte	.LASF23
 339 00c9 01       		.byte	0x1
 340 00ca 70       		.byte	0x70
 341 00cb 28000000 		.4byte	0x28
 342 00cf 09       		.uleb128 0x9
ARM GAS  /tmp/cc6QESY4.s 			page 7


 343 00d0 7000     		.ascii	"p\000"
 344 00d2 01       		.byte	0x1
 345 00d3 71       		.byte	0x71
 346 00d4 9E000000 		.4byte	0x9e
 347 00d8 00       		.byte	0
 348 00d9 0A       		.uleb128 0xa
 349 00da 2B020000 		.4byte	.LASF24
 350 00de 01       		.byte	0x1
 351 00df 42       		.byte	0x42
 352 00e0 00000000 		.4byte	.LFB7
 353 00e4 28000000 		.4byte	.LFE7-.LFB7
 354 00e8 01       		.uleb128 0x1
 355 00e9 9C       		.byte	0x9c
 356 00ea 05010000 		.4byte	0x105
 357 00ee 0B       		.uleb128 0xb
 358 00ef 2D010000 		.4byte	.LASF16
 359 00f3 01       		.byte	0x1
 360 00f4 44       		.byte	0x44
 361 00f5 05010000 		.4byte	0x105
 362 00f9 0B       		.uleb128 0xb
 363 00fa 15010000 		.4byte	.LASF17
 364 00fe 01       		.byte	0x1
 365 00ff 45       		.byte	0x45
 366 0100 05010000 		.4byte	0x105
 367 0104 00       		.byte	0
 368 0105 0C       		.uleb128 0xc
 369 0106 88000000 		.4byte	0x88
 370 010a 10010000 		.4byte	0x110
 371 010e 0D       		.uleb128 0xd
 372 010f 00       		.byte	0
 373 0110 0E       		.uleb128 0xe
 374 0111 89010000 		.4byte	.LASF25
 375 0115 01       		.byte	0x1
 376 0116 5B       		.byte	0x5b
 377 0117 9E000000 		.4byte	0x9e
 378 011b 00000000 		.4byte	.LFB8
 379 011f 38000000 		.4byte	.LFE8-.LFB8
 380 0123 01       		.uleb128 0x1
 381 0124 9C       		.byte	0x9c
 382 0125 A2010000 		.4byte	0x1a2
 383 0129 0F       		.uleb128 0xf
 384 012a 26020000 		.4byte	.LASF23
 385 012e 01       		.byte	0x1
 386 012f 5B       		.byte	0x5b
 387 0130 28000000 		.4byte	0x28
 388 0134 00000000 		.4byte	.LLST0
 389 0138 09       		.uleb128 0x9
 390 0139 7000     		.ascii	"p\000"
 391 013b 01       		.byte	0x1
 392 013c 5C       		.byte	0x5c
 393 013d 9E000000 		.4byte	0x9e
 394 0141 10       		.uleb128 0x10
 395 0142 02000000 		.4byte	.LBB6
 396 0146 06000000 		.4byte	.LBE6-.LBB6
 397 014a 5C010000 		.4byte	0x15c
 398 014e 11       		.uleb128 0x11
 399 014f 746D7000 		.ascii	"tmp\000"
ARM GAS  /tmp/cc6QESY4.s 			page 8


 400 0153 01       		.byte	0x1
 401 0154 5E       		.byte	0x5e
 402 0155 93000000 		.4byte	0x93
 403 0159 01       		.uleb128 0x1
 404 015a 53       		.byte	0x53
 405 015b 00       		.byte	0
 406 015c 12       		.uleb128 0x12
 407 015d B4000000 		.4byte	0xb4
 408 0161 08000000 		.4byte	.LBB7
 409 0165 1C000000 		.4byte	.LBE7-.LBB7
 410 0169 01       		.byte	0x1
 411 016a 5F       		.byte	0x5f
 412 016b 8A010000 		.4byte	0x18a
 413 016f 13       		.uleb128 0x13
 414 0170 C4000000 		.4byte	0xc4
 415 0174 21000000 		.4byte	.LLST1
 416 0178 14       		.uleb128 0x14
 417 0179 08000000 		.4byte	.LBB8
 418 017d 1C000000 		.4byte	.LBE8-.LBB8
 419 0181 15       		.uleb128 0x15
 420 0182 CF000000 		.4byte	0xcf
 421 0186 01       		.uleb128 0x1
 422 0187 52       		.byte	0x52
 423 0188 00       		.byte	0
 424 0189 00       		.byte	0
 425 018a 14       		.uleb128 0x14
 426 018b 24000000 		.4byte	.LBB9
 427 018f 06000000 		.4byte	.LBE9-.LBB9
 428 0193 11       		.uleb128 0x11
 429 0194 746D7000 		.ascii	"tmp\000"
 430 0198 01       		.byte	0x1
 431 0199 60       		.byte	0x60
 432 019a 93000000 		.4byte	0x93
 433 019e 01       		.uleb128 0x1
 434 019f 53       		.byte	0x53
 435 01a0 00       		.byte	0
 436 01a1 00       		.byte	0
 437 01a2 16       		.uleb128 0x16
 438 01a3 B4000000 		.4byte	0xb4
 439 01a7 00000000 		.4byte	.LFB9
 440 01ab 2C000000 		.4byte	.LFE9-.LFB9
 441 01af 01       		.uleb128 0x1
 442 01b0 9C       		.byte	0x9c
 443 01b1 C6010000 		.4byte	0x1c6
 444 01b5 13       		.uleb128 0x13
 445 01b6 C4000000 		.4byte	0xc4
 446 01ba 62000000 		.4byte	.LLST2
 447 01be 15       		.uleb128 0x15
 448 01bf CF000000 		.4byte	0xcf
 449 01c3 01       		.uleb128 0x1
 450 01c4 52       		.byte	0x52
 451 01c5 00       		.byte	0
 452 01c6 17       		.uleb128 0x17
 453 01c7 56020000 		.4byte	.LASF26
 454 01cb 01       		.byte	0x1
 455 01cc 84       		.byte	0x84
 456 01cd 28000000 		.4byte	0x28
ARM GAS  /tmp/cc6QESY4.s 			page 9


 457 01d1 00000000 		.4byte	.LFB10
 458 01d5 14000000 		.4byte	.LFE10-.LFB10
 459 01d9 01       		.uleb128 0x1
 460 01da 9C       		.byte	0x9c
 461 01db 18       		.uleb128 0x18
 462 01dc 0D010000 		.4byte	.LASF18
 463 01e0 01       		.byte	0x1
 464 01e1 3A       		.byte	0x3a
 465 01e2 AE000000 		.4byte	0xae
 466 01e6 05       		.uleb128 0x5
 467 01e7 03       		.byte	0x3
 468 01e8 00000000 		.4byte	nextmem
 469 01ec 18       		.uleb128 0x18
 470 01ed 06020000 		.4byte	.LASF19
 471 01f1 01       		.byte	0x1
 472 01f2 3B       		.byte	0x3b
 473 01f3 AE000000 		.4byte	0xae
 474 01f7 05       		.uleb128 0x5
 475 01f8 03       		.byte	0x3
 476 01f9 00000000 		.4byte	endmem
 477 01fd 0B       		.uleb128 0xb
 478 01fe 2D010000 		.4byte	.LASF16
 479 0202 01       		.byte	0x1
 480 0203 44       		.byte	0x44
 481 0204 05010000 		.4byte	0x105
 482 0208 0B       		.uleb128 0xb
 483 0209 15010000 		.4byte	.LASF17
 484 020d 01       		.byte	0x1
 485 020e 45       		.byte	0x45
 486 020f 05010000 		.4byte	0x105
 487 0213 00       		.byte	0
 488              		.section	.debug_abbrev,"",%progbits
 489              	.Ldebug_abbrev0:
 490 0000 01       		.uleb128 0x1
 491 0001 11       		.uleb128 0x11
 492 0002 01       		.byte	0x1
 493 0003 25       		.uleb128 0x25
 494 0004 0E       		.uleb128 0xe
 495 0005 13       		.uleb128 0x13
 496 0006 0B       		.uleb128 0xb
 497 0007 03       		.uleb128 0x3
 498 0008 0E       		.uleb128 0xe
 499 0009 55       		.uleb128 0x55
 500 000a 17       		.uleb128 0x17
 501 000b 11       		.uleb128 0x11
 502 000c 01       		.uleb128 0x1
 503 000d 10       		.uleb128 0x10
 504 000e 17       		.uleb128 0x17
 505 000f 00       		.byte	0
 506 0010 00       		.byte	0
 507 0011 02       		.uleb128 0x2
 508 0012 24       		.uleb128 0x24
 509 0013 00       		.byte	0
 510 0014 0B       		.uleb128 0xb
 511 0015 0B       		.uleb128 0xb
 512 0016 3E       		.uleb128 0x3e
 513 0017 0B       		.uleb128 0xb
ARM GAS  /tmp/cc6QESY4.s 			page 10


 514 0018 03       		.uleb128 0x3
 515 0019 08       		.uleb128 0x8
 516 001a 00       		.byte	0
 517 001b 00       		.byte	0
 518 001c 03       		.uleb128 0x3
 519 001d 16       		.uleb128 0x16
 520 001e 00       		.byte	0
 521 001f 03       		.uleb128 0x3
 522 0020 0E       		.uleb128 0xe
 523 0021 3A       		.uleb128 0x3a
 524 0022 0B       		.uleb128 0xb
 525 0023 3B       		.uleb128 0x3b
 526 0024 0B       		.uleb128 0xb
 527 0025 49       		.uleb128 0x49
 528 0026 13       		.uleb128 0x13
 529 0027 00       		.byte	0
 530 0028 00       		.byte	0
 531 0029 04       		.uleb128 0x4
 532 002a 24       		.uleb128 0x24
 533 002b 00       		.byte	0
 534 002c 0B       		.uleb128 0xb
 535 002d 0B       		.uleb128 0xb
 536 002e 3E       		.uleb128 0x3e
 537 002f 0B       		.uleb128 0xb
 538 0030 03       		.uleb128 0x3
 539 0031 0E       		.uleb128 0xe
 540 0032 00       		.byte	0
 541 0033 00       		.byte	0
 542 0034 05       		.uleb128 0x5
 543 0035 0F       		.uleb128 0xf
 544 0036 00       		.byte	0
 545 0037 0B       		.uleb128 0xb
 546 0038 0B       		.uleb128 0xb
 547 0039 00       		.byte	0
 548 003a 00       		.byte	0
 549 003b 06       		.uleb128 0x6
 550 003c 0F       		.uleb128 0xf
 551 003d 00       		.byte	0
 552 003e 0B       		.uleb128 0xb
 553 003f 0B       		.uleb128 0xb
 554 0040 49       		.uleb128 0x49
 555 0041 13       		.uleb128 0x13
 556 0042 00       		.byte	0
 557 0043 00       		.byte	0
 558 0044 07       		.uleb128 0x7
 559 0045 2E       		.uleb128 0x2e
 560 0046 01       		.byte	0x1
 561 0047 3F       		.uleb128 0x3f
 562 0048 19       		.uleb128 0x19
 563 0049 03       		.uleb128 0x3
 564 004a 0E       		.uleb128 0xe
 565 004b 3A       		.uleb128 0x3a
 566 004c 0B       		.uleb128 0xb
 567 004d 3B       		.uleb128 0x3b
 568 004e 0B       		.uleb128 0xb
 569 004f 27       		.uleb128 0x27
 570 0050 19       		.uleb128 0x19
ARM GAS  /tmp/cc6QESY4.s 			page 11


 571 0051 49       		.uleb128 0x49
 572 0052 13       		.uleb128 0x13
 573 0053 20       		.uleb128 0x20
 574 0054 0B       		.uleb128 0xb
 575 0055 01       		.uleb128 0x1
 576 0056 13       		.uleb128 0x13
 577 0057 00       		.byte	0
 578 0058 00       		.byte	0
 579 0059 08       		.uleb128 0x8
 580 005a 05       		.uleb128 0x5
 581 005b 00       		.byte	0
 582 005c 03       		.uleb128 0x3
 583 005d 0E       		.uleb128 0xe
 584 005e 3A       		.uleb128 0x3a
 585 005f 0B       		.uleb128 0xb
 586 0060 3B       		.uleb128 0x3b
 587 0061 0B       		.uleb128 0xb
 588 0062 49       		.uleb128 0x49
 589 0063 13       		.uleb128 0x13
 590 0064 00       		.byte	0
 591 0065 00       		.byte	0
 592 0066 09       		.uleb128 0x9
 593 0067 34       		.uleb128 0x34
 594 0068 00       		.byte	0
 595 0069 03       		.uleb128 0x3
 596 006a 08       		.uleb128 0x8
 597 006b 3A       		.uleb128 0x3a
 598 006c 0B       		.uleb128 0xb
 599 006d 3B       		.uleb128 0x3b
 600 006e 0B       		.uleb128 0xb
 601 006f 49       		.uleb128 0x49
 602 0070 13       		.uleb128 0x13
 603 0071 00       		.byte	0
 604 0072 00       		.byte	0
 605 0073 0A       		.uleb128 0xa
 606 0074 2E       		.uleb128 0x2e
 607 0075 01       		.byte	0x1
 608 0076 3F       		.uleb128 0x3f
 609 0077 19       		.uleb128 0x19
 610 0078 03       		.uleb128 0x3
 611 0079 0E       		.uleb128 0xe
 612 007a 3A       		.uleb128 0x3a
 613 007b 0B       		.uleb128 0xb
 614 007c 3B       		.uleb128 0x3b
 615 007d 0B       		.uleb128 0xb
 616 007e 27       		.uleb128 0x27
 617 007f 19       		.uleb128 0x19
 618 0080 11       		.uleb128 0x11
 619 0081 01       		.uleb128 0x1
 620 0082 12       		.uleb128 0x12
 621 0083 06       		.uleb128 0x6
 622 0084 40       		.uleb128 0x40
 623 0085 18       		.uleb128 0x18
 624 0086 9742     		.uleb128 0x2117
 625 0088 19       		.uleb128 0x19
 626 0089 01       		.uleb128 0x1
 627 008a 13       		.uleb128 0x13
ARM GAS  /tmp/cc6QESY4.s 			page 12


 628 008b 00       		.byte	0
 629 008c 00       		.byte	0
 630 008d 0B       		.uleb128 0xb
 631 008e 34       		.uleb128 0x34
 632 008f 00       		.byte	0
 633 0090 03       		.uleb128 0x3
 634 0091 0E       		.uleb128 0xe
 635 0092 3A       		.uleb128 0x3a
 636 0093 0B       		.uleb128 0xb
 637 0094 3B       		.uleb128 0x3b
 638 0095 0B       		.uleb128 0xb
 639 0096 49       		.uleb128 0x49
 640 0097 13       		.uleb128 0x13
 641 0098 3F       		.uleb128 0x3f
 642 0099 19       		.uleb128 0x19
 643 009a 3C       		.uleb128 0x3c
 644 009b 19       		.uleb128 0x19
 645 009c 00       		.byte	0
 646 009d 00       		.byte	0
 647 009e 0C       		.uleb128 0xc
 648 009f 01       		.uleb128 0x1
 649 00a0 01       		.byte	0x1
 650 00a1 49       		.uleb128 0x49
 651 00a2 13       		.uleb128 0x13
 652 00a3 01       		.uleb128 0x1
 653 00a4 13       		.uleb128 0x13
 654 00a5 00       		.byte	0
 655 00a6 00       		.byte	0
 656 00a7 0D       		.uleb128 0xd
 657 00a8 21       		.uleb128 0x21
 658 00a9 00       		.byte	0
 659 00aa 00       		.byte	0
 660 00ab 00       		.byte	0
 661 00ac 0E       		.uleb128 0xe
 662 00ad 2E       		.uleb128 0x2e
 663 00ae 01       		.byte	0x1
 664 00af 3F       		.uleb128 0x3f
 665 00b0 19       		.uleb128 0x19
 666 00b1 03       		.uleb128 0x3
 667 00b2 0E       		.uleb128 0xe
 668 00b3 3A       		.uleb128 0x3a
 669 00b4 0B       		.uleb128 0xb
 670 00b5 3B       		.uleb128 0x3b
 671 00b6 0B       		.uleb128 0xb
 672 00b7 27       		.uleb128 0x27
 673 00b8 19       		.uleb128 0x19
 674 00b9 49       		.uleb128 0x49
 675 00ba 13       		.uleb128 0x13
 676 00bb 11       		.uleb128 0x11
 677 00bc 01       		.uleb128 0x1
 678 00bd 12       		.uleb128 0x12
 679 00be 06       		.uleb128 0x6
 680 00bf 40       		.uleb128 0x40
 681 00c0 18       		.uleb128 0x18
 682 00c1 9742     		.uleb128 0x2117
 683 00c3 19       		.uleb128 0x19
 684 00c4 01       		.uleb128 0x1
ARM GAS  /tmp/cc6QESY4.s 			page 13


 685 00c5 13       		.uleb128 0x13
 686 00c6 00       		.byte	0
 687 00c7 00       		.byte	0
 688 00c8 0F       		.uleb128 0xf
 689 00c9 05       		.uleb128 0x5
 690 00ca 00       		.byte	0
 691 00cb 03       		.uleb128 0x3
 692 00cc 0E       		.uleb128 0xe
 693 00cd 3A       		.uleb128 0x3a
 694 00ce 0B       		.uleb128 0xb
 695 00cf 3B       		.uleb128 0x3b
 696 00d0 0B       		.uleb128 0xb
 697 00d1 49       		.uleb128 0x49
 698 00d2 13       		.uleb128 0x13
 699 00d3 02       		.uleb128 0x2
 700 00d4 17       		.uleb128 0x17
 701 00d5 00       		.byte	0
 702 00d6 00       		.byte	0
 703 00d7 10       		.uleb128 0x10
 704 00d8 0B       		.uleb128 0xb
 705 00d9 01       		.byte	0x1
 706 00da 11       		.uleb128 0x11
 707 00db 01       		.uleb128 0x1
 708 00dc 12       		.uleb128 0x12
 709 00dd 06       		.uleb128 0x6
 710 00de 01       		.uleb128 0x1
 711 00df 13       		.uleb128 0x13
 712 00e0 00       		.byte	0
 713 00e1 00       		.byte	0
 714 00e2 11       		.uleb128 0x11
 715 00e3 34       		.uleb128 0x34
 716 00e4 00       		.byte	0
 717 00e5 03       		.uleb128 0x3
 718 00e6 08       		.uleb128 0x8
 719 00e7 3A       		.uleb128 0x3a
 720 00e8 0B       		.uleb128 0xb
 721 00e9 3B       		.uleb128 0x3b
 722 00ea 0B       		.uleb128 0xb
 723 00eb 49       		.uleb128 0x49
 724 00ec 13       		.uleb128 0x13
 725 00ed 02       		.uleb128 0x2
 726 00ee 18       		.uleb128 0x18
 727 00ef 00       		.byte	0
 728 00f0 00       		.byte	0
 729 00f1 12       		.uleb128 0x12
 730 00f2 1D       		.uleb128 0x1d
 731 00f3 01       		.byte	0x1
 732 00f4 31       		.uleb128 0x31
 733 00f5 13       		.uleb128 0x13
 734 00f6 11       		.uleb128 0x11
 735 00f7 01       		.uleb128 0x1
 736 00f8 12       		.uleb128 0x12
 737 00f9 06       		.uleb128 0x6
 738 00fa 58       		.uleb128 0x58
 739 00fb 0B       		.uleb128 0xb
 740 00fc 59       		.uleb128 0x59
 741 00fd 0B       		.uleb128 0xb
ARM GAS  /tmp/cc6QESY4.s 			page 14


 742 00fe 01       		.uleb128 0x1
 743 00ff 13       		.uleb128 0x13
 744 0100 00       		.byte	0
 745 0101 00       		.byte	0
 746 0102 13       		.uleb128 0x13
 747 0103 05       		.uleb128 0x5
 748 0104 00       		.byte	0
 749 0105 31       		.uleb128 0x31
 750 0106 13       		.uleb128 0x13
 751 0107 02       		.uleb128 0x2
 752 0108 17       		.uleb128 0x17
 753 0109 00       		.byte	0
 754 010a 00       		.byte	0
 755 010b 14       		.uleb128 0x14
 756 010c 0B       		.uleb128 0xb
 757 010d 01       		.byte	0x1
 758 010e 11       		.uleb128 0x11
 759 010f 01       		.uleb128 0x1
 760 0110 12       		.uleb128 0x12
 761 0111 06       		.uleb128 0x6
 762 0112 00       		.byte	0
 763 0113 00       		.byte	0
 764 0114 15       		.uleb128 0x15
 765 0115 34       		.uleb128 0x34
 766 0116 00       		.byte	0
 767 0117 31       		.uleb128 0x31
 768 0118 13       		.uleb128 0x13
 769 0119 02       		.uleb128 0x2
 770 011a 18       		.uleb128 0x18
 771 011b 00       		.byte	0
 772 011c 00       		.byte	0
 773 011d 16       		.uleb128 0x16
 774 011e 2E       		.uleb128 0x2e
 775 011f 01       		.byte	0x1
 776 0120 31       		.uleb128 0x31
 777 0121 13       		.uleb128 0x13
 778 0122 11       		.uleb128 0x11
 779 0123 01       		.uleb128 0x1
 780 0124 12       		.uleb128 0x12
 781 0125 06       		.uleb128 0x6
 782 0126 40       		.uleb128 0x40
 783 0127 18       		.uleb128 0x18
 784 0128 9742     		.uleb128 0x2117
 785 012a 19       		.uleb128 0x19
 786 012b 01       		.uleb128 0x1
 787 012c 13       		.uleb128 0x13
 788 012d 00       		.byte	0
 789 012e 00       		.byte	0
 790 012f 17       		.uleb128 0x17
 791 0130 2E       		.uleb128 0x2e
 792 0131 00       		.byte	0
 793 0132 3F       		.uleb128 0x3f
 794 0133 19       		.uleb128 0x19
 795 0134 03       		.uleb128 0x3
 796 0135 0E       		.uleb128 0xe
 797 0136 3A       		.uleb128 0x3a
 798 0137 0B       		.uleb128 0xb
ARM GAS  /tmp/cc6QESY4.s 			page 15


 799 0138 3B       		.uleb128 0x3b
 800 0139 0B       		.uleb128 0xb
 801 013a 27       		.uleb128 0x27
 802 013b 19       		.uleb128 0x19
 803 013c 49       		.uleb128 0x49
 804 013d 13       		.uleb128 0x13
 805 013e 11       		.uleb128 0x11
 806 013f 01       		.uleb128 0x1
 807 0140 12       		.uleb128 0x12
 808 0141 06       		.uleb128 0x6
 809 0142 40       		.uleb128 0x40
 810 0143 18       		.uleb128 0x18
 811 0144 9742     		.uleb128 0x2117
 812 0146 19       		.uleb128 0x19
 813 0147 00       		.byte	0
 814 0148 00       		.byte	0
 815 0149 18       		.uleb128 0x18
 816 014a 34       		.uleb128 0x34
 817 014b 00       		.byte	0
 818 014c 03       		.uleb128 0x3
 819 014d 0E       		.uleb128 0xe
 820 014e 3A       		.uleb128 0x3a
 821 014f 0B       		.uleb128 0xb
 822 0150 3B       		.uleb128 0x3b
 823 0151 0B       		.uleb128 0xb
 824 0152 49       		.uleb128 0x49
 825 0153 13       		.uleb128 0x13
 826 0154 02       		.uleb128 0x2
 827 0155 18       		.uleb128 0x18
 828 0156 00       		.byte	0
 829 0157 00       		.byte	0
 830 0158 00       		.byte	0
 831              		.section	.debug_loc,"",%progbits
 832              	.Ldebug_loc0:
 833              	.LLST0:
 834 0000 00000000 		.4byte	.LVL0
 835 0004 22000000 		.4byte	.LVL5
 836 0008 0100     		.2byte	0x1
 837 000a 50       		.byte	0x50
 838 000b 22000000 		.4byte	.LVL5
 839 000f 38000000 		.4byte	.LFE8
 840 0013 0400     		.2byte	0x4
 841 0015 F3       		.byte	0xf3
 842 0016 01       		.uleb128 0x1
 843 0017 50       		.byte	0x50
 844 0018 9F       		.byte	0x9f
 845 0019 00000000 		.4byte	0
 846 001d 00000000 		.4byte	0
 847              	.LLST1:
 848 0021 08000000 		.4byte	.LVL1
 849 0025 16000000 		.4byte	.LVL2
 850 0029 0100     		.2byte	0x1
 851 002b 50       		.byte	0x50
 852 002c 16000000 		.4byte	.LVL2
 853 0030 1E000000 		.4byte	.LVL4
 854 0034 0100     		.2byte	0x1
 855 0036 53       		.byte	0x53
ARM GAS  /tmp/cc6QESY4.s 			page 16


 856 0037 1E000000 		.4byte	.LVL4
 857 003b 22000000 		.4byte	.LVL5
 858 003f 0600     		.2byte	0x6
 859 0041 70       		.byte	0x70
 860 0042 07       		.sleb128 7
 861 0043 09       		.byte	0x9
 862 0044 F8       		.byte	0xf8
 863 0045 1A       		.byte	0x1a
 864 0046 9F       		.byte	0x9f
 865 0047 22000000 		.4byte	.LVL5
 866 004b 38000000 		.4byte	.LFE8
 867 004f 0900     		.2byte	0x9
 868 0051 F3       		.byte	0xf3
 869 0052 01       		.uleb128 0x1
 870 0053 50       		.byte	0x50
 871 0054 23       		.byte	0x23
 872 0055 07       		.uleb128 0x7
 873 0056 09       		.byte	0x9
 874 0057 F8       		.byte	0xf8
 875 0058 1A       		.byte	0x1a
 876 0059 9F       		.byte	0x9f
 877 005a 00000000 		.4byte	0
 878 005e 00000000 		.4byte	0
 879              	.LLST2:
 880 0062 00000000 		.4byte	.LVL6
 881 0066 0C000000 		.4byte	.LVL7
 882 006a 0100     		.2byte	0x1
 883 006c 50       		.byte	0x50
 884 006d 0C000000 		.4byte	.LVL7
 885 0071 10000000 		.4byte	.LVL8
 886 0075 0300     		.2byte	0x3
 887 0077 70       		.byte	0x70
 888 0078 79       		.sleb128 -7
 889 0079 9F       		.byte	0x9f
 890 007a 10000000 		.4byte	.LVL8
 891 007e 18000000 		.4byte	.LVL10
 892 0082 0100     		.2byte	0x1
 893 0084 53       		.byte	0x53
 894 0085 18000000 		.4byte	.LVL10
 895 0089 1C000000 		.4byte	.LVL11
 896 008d 0600     		.2byte	0x6
 897 008f 70       		.byte	0x70
 898 0090 00       		.sleb128 0
 899 0091 09       		.byte	0x9
 900 0092 F8       		.byte	0xf8
 901 0093 1A       		.byte	0x1a
 902 0094 9F       		.byte	0x9f
 903 0095 1C000000 		.4byte	.LVL11
 904 0099 2C000000 		.4byte	.LFE9
 905 009d 0900     		.2byte	0x9
 906 009f F3       		.byte	0xf3
 907 00a0 01       		.uleb128 0x1
 908 00a1 50       		.byte	0x50
 909 00a2 23       		.byte	0x23
 910 00a3 07       		.uleb128 0x7
 911 00a4 09       		.byte	0x9
 912 00a5 F8       		.byte	0xf8
ARM GAS  /tmp/cc6QESY4.s 			page 17


 913 00a6 1A       		.byte	0x1a
 914 00a7 9F       		.byte	0x9f
 915 00a8 00000000 		.4byte	0
 916 00ac 00000000 		.4byte	0
 917              		.section	.debug_aranges,"",%progbits
 918 0000 34000000 		.4byte	0x34
 919 0004 0200     		.2byte	0x2
 920 0006 00000000 		.4byte	.Ldebug_info0
 921 000a 04       		.byte	0x4
 922 000b 00       		.byte	0
 923 000c 0000     		.2byte	0
 924 000e 0000     		.2byte	0
 925 0010 00000000 		.4byte	.LFB7
 926 0014 28000000 		.4byte	.LFE7-.LFB7
 927 0018 00000000 		.4byte	.LFB8
 928 001c 38000000 		.4byte	.LFE8-.LFB8
 929 0020 00000000 		.4byte	.LFB9
 930 0024 2C000000 		.4byte	.LFE9-.LFB9
 931 0028 00000000 		.4byte	.LFB10
 932 002c 14000000 		.4byte	.LFE10-.LFB10
 933 0030 00000000 		.4byte	0
 934 0034 00000000 		.4byte	0
 935              		.section	.debug_ranges,"",%progbits
 936              	.Ldebug_ranges0:
 937 0000 00000000 		.4byte	.LFB7
 938 0004 28000000 		.4byte	.LFE7
 939 0008 00000000 		.4byte	.LFB8
 940 000c 38000000 		.4byte	.LFE8
 941 0010 00000000 		.4byte	.LFB9
 942 0014 2C000000 		.4byte	.LFE9
 943 0018 00000000 		.4byte	.LFB10
 944 001c 14000000 		.4byte	.LFE10
 945 0020 00000000 		.4byte	0
 946 0024 00000000 		.4byte	0
 947              		.section	.debug_line,"",%progbits
 948              	.Ldebug_line0:
 949 0000 C8010000 		.section	.debug_str,"MS",%progbits,1
 949      02006401 
 949      00000201 
 949      FB0E0D00 
 949      01010101 
 950              	.LASF10:
 951 0000 6C6F6E67 		.ascii	"long long int\000"
 951      206C6F6E 
 951      6720696E 
 951      7400
 952              	.LASF6:
 953 000e 73686F72 		.ascii	"short unsigned int\000"
 953      7420756E 
 953      7369676E 
 953      65642069 
 953      6E7400
 954              	.LASF20:
 955 0021 474E5520 		.ascii	"GNU C 4.9.3 20150529 (release) [ARM/embedded-4_9-br"
 955      4320342E 
 955      392E3320 
 955      32303135 
ARM GAS  /tmp/cc6QESY4.s 			page 18


 955      30353239 
 956 0054 616E6368 		.ascii	"anch revision 227977] -mcpu=cortex-m3 -mno-thumb-in"
 956      20726576 
 956      6973696F 
 956      6E203232 
 956      37393737 
 957 0087 74657277 		.ascii	"terwork -mthumb -ggdb -O2 -std=gnu99 -fomit-frame-p"
 957      6F726B20 
 957      2D6D7468 
 957      756D6220 
 957      2D676764 
 958 00ba 6F696E74 		.ascii	"ointer -falign-functions=16 -ffunction-sections -fd"
 958      6572202D 
 958      66616C69 
 958      676E2D66 
 958      756E6374 
 959 00ed 6174612D 		.ascii	"ata-sections -fno-common\000"
 959      73656374 
 959      696F6E73 
 959      202D666E 
 959      6F2D636F 
 960              	.LASF2:
 961 0106 73697A65 		.ascii	"size_t\000"
 961      5F7400
 962              	.LASF18:
 963 010d 6E657874 		.ascii	"nextmem\000"
 963      6D656D00 
 964              	.LASF17:
 965 0115 5F5F6865 		.ascii	"__heap_end__\000"
 965      61705F65 
 965      6E645F5F 
 965      00
 966              	.LASF8:
 967 0122 5F5F7569 		.ascii	"__uint32_t\000"
 967      6E743332 
 967      5F7400
 968              	.LASF16:
 969 012d 5F5F6865 		.ascii	"__heap_base__\000"
 969      61705F62 
 969      6173655F 
 969      5F00
 970              	.LASF9:
 971 013b 6C6F6E67 		.ascii	"long unsigned int\000"
 971      20756E73 
 971      69676E65 
 971      6420696E 
 971      7400
 972              	.LASF11:
 973 014d 6C6F6E67 		.ascii	"long long unsigned int\000"
 973      206C6F6E 
 973      6720756E 
 973      7369676E 
 973      65642069 
 974              	.LASF3:
 975 0164 5F5F7569 		.ascii	"__uint8_t\000"
 975      6E74385F 
 975      7400
ARM GAS  /tmp/cc6QESY4.s 			page 19


 976              	.LASF12:
 977 016e 75696E74 		.ascii	"uint8_t\000"
 977      385F7400 
 978              	.LASF4:
 979 0176 756E7369 		.ascii	"unsigned char\000"
 979      676E6564 
 979      20636861 
 979      7200
 980              	.LASF15:
 981 0184 63686172 		.ascii	"char\000"
 981      00
 982              	.LASF25:
 983 0189 6368436F 		.ascii	"chCoreAlloc\000"
 983      7265416C 
 983      6C6F6300 
 984              	.LASF13:
 985 0195 75696E74 		.ascii	"uint32_t\000"
 985      33325F74 
 985      00
 986              	.LASF7:
 987 019e 6C6F6E67 		.ascii	"long int\000"
 987      20696E74 
 987      00
 988              	.LASF21:
 989 01a7 2F686F6D 		.ascii	"/home/nicolas/Escritorio/Embebidos/stamp_repo/files"
 989      652F6E69 
 989      636F6C61 
 989      732F4573 
 989      63726974 
 990 01da 2F636F64 		.ascii	"/code/ext/ChibiOS/os/kernel/src/chmemcore.c\000"
 990      652F6578 
 990      742F4368 
 990      6962694F 
 990      532F6F73 
 991              	.LASF19:
 992 0206 656E646D 		.ascii	"endmem\000"
 992      656D00
 993              	.LASF22:
 994 020d 6368436F 		.ascii	"chCoreAllocI\000"
 994      7265416C 
 994      6C6F6349 
 994      00
 995              	.LASF1:
 996 021a 7369676E 		.ascii	"signed char\000"
 996      65642063 
 996      68617200 
 997              	.LASF23:
 998 0226 73697A65 		.ascii	"size\000"
 998      00
 999              	.LASF24:
 1000 022b 5F636F72 		.ascii	"_core_init\000"
 1000      655F696E 
 1000      697400
 1001              	.LASF5:
 1002 0236 73686F72 		.ascii	"short int\000"
 1002      7420696E 
 1002      7400
ARM GAS  /tmp/cc6QESY4.s 			page 20


 1003              	.LASF0:
 1004 0240 756E7369 		.ascii	"unsigned int\000"
 1004      676E6564 
 1004      20696E74 
 1004      00
 1005              	.LASF14:
 1006 024d 73697A65 		.ascii	"sizetype\000"
 1006      74797065 
 1006      00
 1007              	.LASF26:
 1008 0256 6368436F 		.ascii	"chCoreStatus\000"
 1008      72655374 
 1008      61747573 
 1008      00
 1009              		.ident	"GCC: (GNU Tools for ARM Embedded Processors) 4.9.3 20150529 (release) [ARM/embedded-4_9-br
ARM GAS  /tmp/cc6QESY4.s 			page 21


DEFINED SYMBOLS
                            *ABS*:00000000 chmemcore.c
     /tmp/cc6QESY4.s:19     .text._core_init:00000000 $t
     /tmp/cc6QESY4.s:25     .text._core_init:00000000 _core_init
     /tmp/cc6QESY4.s:53     .text._core_init:00000018 $d
     /tmp/cc6QESY4.s:61     .text.chCoreAlloc:00000000 $t
     /tmp/cc6QESY4.s:67     .text.chCoreAlloc:00000000 chCoreAlloc
     /tmp/cc6QESY4.s:130    .text.chCoreAlloc:00000030 $d
     /tmp/cc6QESY4.s:136    .text.chCoreAllocI:00000000 $t
     /tmp/cc6QESY4.s:142    .text.chCoreAllocI:00000000 chCoreAllocI
     /tmp/cc6QESY4.s:185    .text.chCoreAllocI:00000024 $d
     /tmp/cc6QESY4.s:191    .text.chCoreStatus:00000000 $t
     /tmp/cc6QESY4.s:197    .text.chCoreStatus:00000000 chCoreStatus
     /tmp/cc6QESY4.s:215    .text.chCoreStatus:0000000c $d
     /tmp/cc6QESY4.s:221    .bss.endmem:00000000 $d
     /tmp/cc6QESY4.s:225    .bss.endmem:00000000 endmem
     /tmp/cc6QESY4.s:228    .bss.nextmem:00000000 $d
     /tmp/cc6QESY4.s:232    .bss.nextmem:00000000 nextmem
                     .debug_frame:00000010 $d

UNDEFINED SYMBOLS
__heap_base__
__heap_end__
