ARM GAS  /tmp/ccuzNTuK.s 			page 1


   1              		.syntax unified
   2              		.cpu cortex-m3
   3              		.fpu softvfp
   4              		.eabi_attribute 20, 1
   5              		.eabi_attribute 21, 1
   6              		.eabi_attribute 23, 3
   7              		.eabi_attribute 24, 1
   8              		.eabi_attribute 25, 1
   9              		.eabi_attribute 26, 1
  10              		.eabi_attribute 30, 2
  11              		.eabi_attribute 34, 1
  12              		.eabi_attribute 18, 4
  13              		.thumb
  14              		.file	"chmsg.c"
  15              		.text
  16              	.Ltext0:
  17              		.cfi_sections	.debug_frame
  18              		.section	.text.chMsgSend,"ax",%progbits
  19              		.align	2
  20              		.p2align 4,,15
  21              		.global	chMsgSend
  22              		.thumb
  23              		.thumb_func
  24              		.type	chMsgSend, %function
  25              	chMsgSend:
  26              	.LFB7:
  27              		.file 1 "/home/nicolas/Desktop/Embebidos/stamp_repo/files/code/ext/ChibiOS/os/kernel/src/chmsg.c"
  28              		.loc 1 75 0
  29              		.cfi_startproc
  30              		@ args = 0, pretend = 0, frame = 0
  31              		@ frame_needed = 0, uses_anonymous_args = 0
  32              	.LVL0:
  33              		.loc 1 76 0
  34 0000 0E4B     		ldr	r3, .L6
  35              		.loc 1 75 0
  36 0002 70B5     		push	{r4, r5, r6, lr}
  37              		.cfi_def_cfa_offset 16
  38              		.cfi_offset 4, -16
  39              		.cfi_offset 5, -12
  40              		.cfi_offset 6, -8
  41              		.cfi_offset 14, -4
  42              		.loc 1 76 0
  43 0004 DC69     		ldr	r4, [r3, #28]
  44              	.LVL1:
  45              	.LBB10:
  46              		.loc 1 80 0
  47 0006 2023     		movs	r3, #32
  48              	@ 80 "/home/nicolas/Desktop/Embebidos/stamp_repo/files/code/ext/ChibiOS/os/kernel/src/chmsg.c" 1
  49 0008 83F31188 		msr     BASEPRI, r3
  50              	@ 0 "" 2
  51              		.thumb
  52              	.LBE10:
  53              		.loc 1 82 0
  54 000c 00F12C05 		add	r5, r0, #44
  55              		.loc 1 84 0
  56 0010 067F     		ldrb	r6, [r0, #28]	@ zero_extendqisi2
  57              		.loc 1 82 0
ARM GAS  /tmp/ccuzNTuK.s 			page 2


  58 0012 6562     		str	r5, [r4, #36]
  59              	.LVL2:
  60              	.LBB11:
  61              	.LBB12:
  62              		.file 2 "/home/nicolas/Desktop/Embebidos/stamp_repo/files/code/ext/ChibiOS/os/kernel/include/chinl
  63              		.loc 2 55 0
  64 0014 036B     		ldr	r3, [r0, #48]
  65              	.LBE12:
  66              	.LBE11:
  67              		.loc 1 84 0
  68 0016 0C2E     		cmp	r6, #12
  69              		.loc 1 81 0
  70 0018 6163     		str	r1, [r4, #52]
  71              	.LBB14:
  72              	.LBB13:
  73              		.loc 2 54 0
  74 001a 2560     		str	r5, [r4]
  75              		.loc 2 55 0
  76 001c 6360     		str	r3, [r4, #4]
  77              		.loc 2 56 0
  78 001e 0463     		str	r4, [r0, #48]
  79 0020 1C60     		str	r4, [r3]
  80              	.LBE13:
  81              	.LBE14:
  82              		.loc 1 84 0
  83 0022 07D0     		beq	.L5
  84              	.LVL3:
  85              	.L2:
  86              		.loc 1 86 0
  87 0024 0A20     		movs	r0, #10
  88 0026 FFF7FEFF 		bl	chSchGoSleepS
  89              	.LVL4:
  90              		.loc 1 87 0
  91 002a 606A     		ldr	r0, [r4, #36]
  92              	.LVL5:
  93              	.LBB15:
  94              		.loc 1 88 0
  95 002c 0023     		movs	r3, #0
  96              	@ 88 "/home/nicolas/Desktop/Embebidos/stamp_repo/files/code/ext/ChibiOS/os/kernel/src/chmsg.c" 1
  97 002e 83F31188 		msr     BASEPRI, r3
  98              	@ 0 "" 2
  99              		.thumb
 100              	.LBE15:
 101              		.loc 1 90 0
 102 0032 70BD     		pop	{r4, r5, r6, pc}
 103              	.LVL6:
 104              	.L5:
 105              		.loc 1 85 0
 106 0034 FFF7FEFF 		bl	chSchReadyI
 107              	.LVL7:
 108 0038 F4E7     		b	.L2
 109              	.L7:
 110 003a 00BF     		.align	2
 111              	.L6:
 112 003c 00000000 		.word	rlist
 113              		.cfi_endproc
 114              	.LFE7:
ARM GAS  /tmp/ccuzNTuK.s 			page 3


 115              		.size	chMsgSend, .-chMsgSend
 116              		.section	.text.chMsgWait,"ax",%progbits
 117              		.align	2
 118              		.p2align 4,,15
 119              		.global	chMsgWait
 120              		.thumb
 121              		.thumb_func
 122              		.type	chMsgWait, %function
 123              	chMsgWait:
 124              	.LFB8:
 125              		.loc 1 106 0
 126              		.cfi_startproc
 127              		@ args = 0, pretend = 0, frame = 0
 128              		@ frame_needed = 0, uses_anonymous_args = 0
 129 0000 10B5     		push	{r4, lr}
 130              		.cfi_def_cfa_offset 8
 131              		.cfi_offset 4, -8
 132              		.cfi_offset 14, -4
 133              	.LBB16:
 134              		.loc 1 109 0
 135 0002 2023     		movs	r3, #32
 136              	@ 109 "/home/nicolas/Desktop/Embebidos/stamp_repo/files/code/ext/ChibiOS/os/kernel/src/chmsg.c" 1
 137 0004 83F31188 		msr     BASEPRI, r3
 138              	@ 0 "" 2
 139              		.thumb
 140              	.LBE16:
 141              		.loc 1 110 0
 142 0008 0B4C     		ldr	r4, .L12
 143 000a E369     		ldr	r3, [r4, #28]
 144 000c 1A46     		mov	r2, r3
 145 000e 52F82C0F 		ldr	r0, [r2, #44]!
 146 0012 9042     		cmp	r0, r2
 147 0014 08D0     		beq	.L11
 148              	.L9:
 149              	.LVL8:
 150              	.LBB17:
 151              	.LBB18:
 152              		.loc 2 62 0
 153 0016 0168     		ldr	r1, [r0]
 154              	.LBE18:
 155              	.LBE17:
 156              		.loc 1 113 0
 157 0018 0B24     		movs	r4, #11
 158              	.LBB20:
 159              	.LBB19:
 160              		.loc 2 62 0
 161 001a D962     		str	r1, [r3, #44]
 162 001c 4A60     		str	r2, [r1, #4]
 163              	.LBE19:
 164              	.LBE20:
 165              	.LBB21:
 166              		.loc 1 114 0
 167 001e 0023     		movs	r3, #0
 168              	.LBE21:
 169              		.loc 1 113 0
 170 0020 0477     		strb	r4, [r0, #28]
 171              	.LBB22:
ARM GAS  /tmp/ccuzNTuK.s 			page 4


 172              		.loc 1 114 0
 173              	@ 114 "/home/nicolas/Desktop/Embebidos/stamp_repo/files/code/ext/ChibiOS/os/kernel/src/chmsg.c" 1
 174 0022 83F31188 		msr     BASEPRI, r3
 175              	@ 0 "" 2
 176              		.thumb
 177              	.LBE22:
 178              		.loc 1 116 0
 179 0026 10BD     		pop	{r4, pc}
 180              	.LVL9:
 181              	.L11:
 182              		.loc 1 111 0
 183 0028 0C20     		movs	r0, #12
 184 002a FFF7FEFF 		bl	chSchGoSleepS
 185              	.LVL10:
 186 002e E369     		ldr	r3, [r4, #28]
 187 0030 D86A     		ldr	r0, [r3, #44]
 188 0032 03F12C02 		add	r2, r3, #44
 189 0036 EEE7     		b	.L9
 190              	.L13:
 191              		.align	2
 192              	.L12:
 193 0038 00000000 		.word	rlist
 194              		.cfi_endproc
 195              	.LFE8:
 196              		.size	chMsgWait, .-chMsgWait
 197              		.section	.text.chMsgRelease,"ax",%progbits
 198              		.align	2
 199              		.p2align 4,,15
 200              		.global	chMsgRelease
 201              		.thumb
 202              		.thumb_func
 203              		.type	chMsgRelease, %function
 204              	chMsgRelease:
 205              	.LFB9:
 206              		.loc 1 128 0
 207              		.cfi_startproc
 208              		@ args = 0, pretend = 0, frame = 0
 209              		@ frame_needed = 0, uses_anonymous_args = 0
 210              	.LVL11:
 211 0000 08B5     		push	{r3, lr}
 212              		.cfi_def_cfa_offset 8
 213              		.cfi_offset 3, -8
 214              		.cfi_offset 14, -4
 215              	.LBB23:
 216              		.loc 1 130 0
 217 0002 2023     		movs	r3, #32
 218              	@ 130 "/home/nicolas/Desktop/Embebidos/stamp_repo/files/code/ext/ChibiOS/os/kernel/src/chmsg.c" 1
 219 0004 83F31188 		msr     BASEPRI, r3
 220              	@ 0 "" 2
 221              		.thumb
 222              	.LBE23:
 223              		.loc 1 133 0
 224 0008 FFF7FEFF 		bl	chSchWakeupS
 225              	.LVL12:
 226              	.LBB24:
 227              		.loc 1 134 0
 228 000c 0023     		movs	r3, #0
ARM GAS  /tmp/ccuzNTuK.s 			page 5


 229              	@ 134 "/home/nicolas/Desktop/Embebidos/stamp_repo/files/code/ext/ChibiOS/os/kernel/src/chmsg.c" 1
 230 000e 83F31188 		msr     BASEPRI, r3
 231              	@ 0 "" 2
 232              		.thumb
 233 0012 08BD     		pop	{r3, pc}
 234              	.LBE24:
 235              		.cfi_endproc
 236              	.LFE9:
 237              		.size	chMsgRelease, .-chMsgRelease
 238              		.text
 239              	.Letext0:
 240              		.file 3 "/opt/gcc-arm-none-eabi-4_9-2015q3/arm-none-eabi/include/machine/_default_types.h"
 241              		.file 4 "/opt/gcc-arm-none-eabi-4_9-2015q3/arm-none-eabi/include/sys/_stdint.h"
 242              		.file 5 "/home/nicolas/Desktop/Embebidos/stamp_repo/files/code/ext/ChibiOS/os/ports/GCC/ARMCMx/cht
 243              		.file 6 "/home/nicolas/Desktop/Embebidos/stamp_repo/files/code/ext/ChibiOS/os/kernel/include/chlis
 244              		.file 7 "/home/nicolas/Desktop/Embebidos/stamp_repo/files/code/ext/ChibiOS/os/kernel/include/chthr
 245              		.file 8 "/home/nicolas/Desktop/Embebidos/stamp_repo/files/code/ext/ChibiOS/os/ports/GCC/ARMCMx/chc
 246              		.file 9 "/home/nicolas/Desktop/Embebidos/stamp_repo/files/code/ext/ChibiOS/os/kernel/include/chsch
 247              		.file 10 "/home/nicolas/Desktop/Embebidos/stamp_repo/files/code/ext/ChibiOS/os/kernel/include/chmt
 248              		.section	.debug_info,"",%progbits
 249              	.Ldebug_info0:
 250 0000 53060000 		.4byte	0x653
 251 0004 0400     		.2byte	0x4
 252 0006 00000000 		.4byte	.Ldebug_abbrev0
 253 000a 04       		.byte	0x4
 254 000b 01       		.uleb128 0x1
 255 000c 24000000 		.4byte	.LASF67
 256 0010 01       		.byte	0x1
 257 0011 06020000 		.4byte	.LASF68
 258 0015 48000000 		.4byte	.Ldebug_ranges0+0x48
 259 0019 00000000 		.4byte	0
 260 001d 00000000 		.4byte	.Ldebug_line0
 261 0021 02       		.uleb128 0x2
 262 0022 04       		.byte	0x4
 263 0023 05       		.byte	0x5
 264 0024 696E7400 		.ascii	"int\000"
 265 0028 03       		.uleb128 0x3
 266 0029 04       		.byte	0x4
 267 002a 07       		.byte	0x7
 268 002b 98010000 		.4byte	.LASF0
 269 002f 03       		.uleb128 0x3
 270 0030 01       		.byte	0x1
 271 0031 06       		.byte	0x6
 272 0032 3E010000 		.4byte	.LASF1
 273 0036 04       		.uleb128 0x4
 274 0037 1A000000 		.4byte	.LASF5
 275 003b 03       		.byte	0x3
 276 003c 1D       		.byte	0x1d
 277 003d 41000000 		.4byte	0x41
 278 0041 03       		.uleb128 0x3
 279 0042 01       		.byte	0x1
 280 0043 08       		.byte	0x8
 281 0044 B3020000 		.4byte	.LASF2
 282 0048 03       		.uleb128 0x3
 283 0049 02       		.byte	0x2
 284 004a 05       		.byte	0x5
 285 004b CB020000 		.4byte	.LASF3
ARM GAS  /tmp/ccuzNTuK.s 			page 6


 286 004f 03       		.uleb128 0x3
 287 0050 02       		.byte	0x2
 288 0051 07       		.byte	0x7
 289 0052 BF010000 		.4byte	.LASF4
 290 0056 04       		.uleb128 0x4
 291 0057 71030000 		.4byte	.LASF6
 292 005b 03       		.byte	0x3
 293 005c 3F       		.byte	0x3f
 294 005d 61000000 		.4byte	0x61
 295 0061 03       		.uleb128 0x3
 296 0062 04       		.byte	0x4
 297 0063 05       		.byte	0x5
 298 0064 5A010000 		.4byte	.LASF7
 299 0068 04       		.uleb128 0x4
 300 0069 7E010000 		.4byte	.LASF8
 301 006d 03       		.byte	0x3
 302 006e 41       		.byte	0x41
 303 006f 73000000 		.4byte	0x73
 304 0073 03       		.uleb128 0x3
 305 0074 04       		.byte	0x4
 306 0075 07       		.byte	0x7
 307 0076 A5010000 		.4byte	.LASF9
 308 007a 03       		.uleb128 0x3
 309 007b 08       		.byte	0x8
 310 007c 05       		.byte	0x5
 311 007d 30010000 		.4byte	.LASF10
 312 0081 03       		.uleb128 0x3
 313 0082 08       		.byte	0x8
 314 0083 07       		.byte	0x7
 315 0084 09010000 		.4byte	.LASF11
 316 0088 04       		.uleb128 0x4
 317 0089 C2030000 		.4byte	.LASF12
 318 008d 04       		.byte	0x4
 319 008e 14       		.byte	0x14
 320 008f 36000000 		.4byte	0x36
 321 0093 04       		.uleb128 0x4
 322 0094 AB020000 		.4byte	.LASF13
 323 0098 04       		.byte	0x4
 324 0099 1F       		.byte	0x1f
 325 009a 56000000 		.4byte	0x56
 326 009e 04       		.uleb128 0x4
 327 009f 27030000 		.4byte	.LASF14
 328 00a3 04       		.byte	0x4
 329 00a4 20       		.byte	0x20
 330 00a5 68000000 		.4byte	0x68
 331 00a9 04       		.uleb128 0x4
 332 00aa E0010000 		.4byte	.LASF15
 333 00ae 05       		.byte	0x5
 334 00af 2F       		.byte	0x2f
 335 00b0 88000000 		.4byte	0x88
 336 00b4 04       		.uleb128 0x4
 337 00b5 6D010000 		.4byte	.LASF16
 338 00b9 05       		.byte	0x5
 339 00ba 30       		.byte	0x30
 340 00bb 88000000 		.4byte	0x88
 341 00bf 04       		.uleb128 0x4
 342 00c0 94020000 		.4byte	.LASF17
ARM GAS  /tmp/ccuzNTuK.s 			page 7


 343 00c4 05       		.byte	0x5
 344 00c5 31       		.byte	0x31
 345 00c6 88000000 		.4byte	0x88
 346 00ca 04       		.uleb128 0x4
 347 00cb A3020000 		.4byte	.LASF18
 348 00cf 05       		.byte	0x5
 349 00d0 32       		.byte	0x32
 350 00d1 9E000000 		.4byte	0x9e
 351 00d5 04       		.uleb128 0x4
 352 00d6 D2010000 		.4byte	.LASF19
 353 00da 05       		.byte	0x5
 354 00db 33       		.byte	0x33
 355 00dc 93000000 		.4byte	0x93
 356 00e0 04       		.uleb128 0x4
 357 00e1 F4010000 		.4byte	.LASF20
 358 00e5 05       		.byte	0x5
 359 00e6 35       		.byte	0x35
 360 00e7 9E000000 		.4byte	0x9e
 361 00eb 04       		.uleb128 0x4
 362 00ec 5C030000 		.4byte	.LASF21
 363 00f0 05       		.byte	0x5
 364 00f1 36       		.byte	0x36
 365 00f2 9E000000 		.4byte	0x9e
 366 00f6 04       		.uleb128 0x4
 367 00f7 92010000 		.4byte	.LASF22
 368 00fb 05       		.byte	0x5
 369 00fc 37       		.byte	0x37
 370 00fd 93000000 		.4byte	0x93
 371 0101 04       		.uleb128 0x4
 372 0102 FA020000 		.4byte	.LASF23
 373 0106 06       		.byte	0x6
 374 0107 2A       		.byte	0x2a
 375 0108 0C010000 		.4byte	0x10c
 376 010c 05       		.uleb128 0x5
 377 010d FA020000 		.4byte	.LASF23
 378 0111 48       		.byte	0x48
 379 0112 07       		.byte	0x7
 380 0113 5E       		.byte	0x5e
 381 0114 FD010000 		.4byte	0x1fd
 382 0118 06       		.uleb128 0x6
 383 0119 EB020000 		.4byte	.LASF24
 384 011d 07       		.byte	0x7
 385 011e 5F       		.byte	0x5f
 386 011f 1E020000 		.4byte	0x21e
 387 0123 00       		.byte	0
 388 0124 06       		.uleb128 0x6
 389 0125 9C020000 		.4byte	.LASF25
 390 0129 07       		.byte	0x7
 391 012a 61       		.byte	0x61
 392 012b 1E020000 		.4byte	0x21e
 393 012f 04       		.byte	0x4
 394 0130 06       		.uleb128 0x6
 395 0131 29010000 		.4byte	.LASF26
 396 0135 07       		.byte	0x7
 397 0136 63       		.byte	0x63
 398 0137 CA000000 		.4byte	0xca
 399 013b 08       		.byte	0x8
ARM GAS  /tmp/ccuzNTuK.s 			page 8


 400 013c 06       		.uleb128 0x6
 401 013d EA030000 		.4byte	.LASF27
 402 0141 07       		.byte	0x7
 403 0142 64       		.byte	0x64
 404 0143 D7020000 		.4byte	0x2d7
 405 0147 0C       		.byte	0xc
 406 0148 06       		.uleb128 0x6
 407 0149 76010000 		.4byte	.LASF28
 408 014d 07       		.byte	0x7
 409 014e 66       		.byte	0x66
 410 014f 1E020000 		.4byte	0x21e
 411 0153 10       		.byte	0x10
 412 0154 06       		.uleb128 0x6
 413 0155 67020000 		.4byte	.LASF29
 414 0159 07       		.byte	0x7
 415 015a 67       		.byte	0x67
 416 015b 1E020000 		.4byte	0x21e
 417 015f 14       		.byte	0x14
 418 0160 06       		.uleb128 0x6
 419 0161 D1030000 		.4byte	.LASF30
 420 0165 07       		.byte	0x7
 421 0166 6E       		.byte	0x6e
 422 0167 E3030000 		.4byte	0x3e3
 423 016b 18       		.byte	0x18
 424 016c 06       		.uleb128 0x6
 425 016d D5020000 		.4byte	.LASF31
 426 0171 07       		.byte	0x7
 427 0172 79       		.byte	0x79
 428 0173 B4000000 		.4byte	0xb4
 429 0177 1C       		.byte	0x1c
 430 0178 06       		.uleb128 0x6
 431 0179 F2020000 		.4byte	.LASF32
 432 017d 07       		.byte	0x7
 433 017e 7D       		.byte	0x7d
 434 017f A9000000 		.4byte	0xa9
 435 0183 1D       		.byte	0x1d
 436 0184 06       		.uleb128 0x6
 437 0185 AB030000 		.4byte	.LASF33
 438 0189 07       		.byte	0x7
 439 018a 82       		.byte	0x82
 440 018b BF000000 		.4byte	0xbf
 441 018f 1E       		.byte	0x1e
 442 0190 06       		.uleb128 0x6
 443 0191 7B030000 		.4byte	.LASF34
 444 0195 07       		.byte	0x7
 445 0196 89       		.byte	0x89
 446 0197 FF020000 		.4byte	0x2ff
 447 019b 20       		.byte	0x20
 448 019c 07       		.uleb128 0x7
 449 019d 705F7500 		.ascii	"p_u\000"
 450 01a1 07       		.byte	0x7
 451 01a2 AE       		.byte	0xae
 452 01a3 AE030000 		.4byte	0x3ae
 453 01a7 24       		.byte	0x24
 454 01a8 06       		.uleb128 0x6
 455 01a9 F0030000 		.4byte	.LASF35
 456 01ad 07       		.byte	0x7
ARM GAS  /tmp/ccuzNTuK.s 			page 9


 457 01ae B3       		.byte	0xb3
 458 01af 44020000 		.4byte	0x244
 459 01b3 28       		.byte	0x28
 460 01b4 06       		.uleb128 0x6
 461 01b5 89030000 		.4byte	.LASF36
 462 01b9 07       		.byte	0x7
 463 01ba B9       		.byte	0xb9
 464 01bb 24020000 		.4byte	0x224
 465 01bf 2C       		.byte	0x2c
 466 01c0 06       		.uleb128 0x6
 467 01c1 00000000 		.4byte	.LASF37
 468 01c5 07       		.byte	0x7
 469 01c6 BD       		.byte	0xbd
 470 01c7 D5000000 		.4byte	0xd5
 471 01cb 34       		.byte	0x34
 472 01cc 06       		.uleb128 0x6
 473 01cd 1C030000 		.4byte	.LASF38
 474 01d1 07       		.byte	0x7
 475 01d2 C3       		.byte	0xc3
 476 01d3 E0000000 		.4byte	0xe0
 477 01d7 38       		.byte	0x38
 478 01d8 06       		.uleb128 0x6
 479 01d9 C1020000 		.4byte	.LASF39
 480 01dd 07       		.byte	0x7
 481 01de CA       		.byte	0xca
 482 01df F5030000 		.4byte	0x3f5
 483 01e3 3C       		.byte	0x3c
 484 01e4 06       		.uleb128 0x6
 485 01e5 66030000 		.4byte	.LASF40
 486 01e9 07       		.byte	0x7
 487 01ea CE       		.byte	0xce
 488 01eb CA000000 		.4byte	0xca
 489 01ef 40       		.byte	0x40
 490 01f0 06       		.uleb128 0x6
 491 01f1 4A010000 		.4byte	.LASF41
 492 01f5 07       		.byte	0x7
 493 01f6 D4       		.byte	0xd4
 494 01f7 5A020000 		.4byte	0x25a
 495 01fb 44       		.byte	0x44
 496 01fc 00       		.byte	0
 497 01fd 08       		.uleb128 0x8
 498 01fe 08       		.byte	0x8
 499 01ff 06       		.byte	0x6
 500 0200 61       		.byte	0x61
 501 0201 1E020000 		.4byte	0x21e
 502 0205 06       		.uleb128 0x6
 503 0206 EB020000 		.4byte	.LASF24
 504 020a 06       		.byte	0x6
 505 020b 62       		.byte	0x62
 506 020c 1E020000 		.4byte	0x21e
 507 0210 00       		.byte	0
 508 0211 06       		.uleb128 0x6
 509 0212 9C020000 		.4byte	.LASF25
 510 0216 06       		.byte	0x6
 511 0217 64       		.byte	0x64
 512 0218 1E020000 		.4byte	0x21e
 513 021c 04       		.byte	0x4
ARM GAS  /tmp/ccuzNTuK.s 			page 10


 514 021d 00       		.byte	0
 515 021e 09       		.uleb128 0x9
 516 021f 04       		.byte	0x4
 517 0220 01010000 		.4byte	0x101
 518 0224 04       		.uleb128 0x4
 519 0225 75020000 		.4byte	.LASF42
 520 0229 06       		.byte	0x6
 521 022a 66       		.byte	0x66
 522 022b FD010000 		.4byte	0x1fd
 523 022f 08       		.uleb128 0x8
 524 0230 04       		.byte	0x4
 525 0231 06       		.byte	0x6
 526 0232 6B       		.byte	0x6b
 527 0233 44020000 		.4byte	0x244
 528 0237 06       		.uleb128 0x6
 529 0238 EB020000 		.4byte	.LASF24
 530 023c 06       		.byte	0x6
 531 023d 6D       		.byte	0x6d
 532 023e 1E020000 		.4byte	0x21e
 533 0242 00       		.byte	0
 534 0243 00       		.byte	0
 535 0244 04       		.uleb128 0x4
 536 0245 E8010000 		.4byte	.LASF43
 537 0249 06       		.byte	0x6
 538 024a 70       		.byte	0x70
 539 024b 2F020000 		.4byte	0x22f
 540 024f 04       		.uleb128 0x4
 541 0250 89010000 		.4byte	.LASF44
 542 0254 08       		.byte	0x8
 543 0255 D7       		.byte	0xd7
 544 0256 5A020000 		.4byte	0x25a
 545 025a 0A       		.uleb128 0xa
 546 025b 04       		.byte	0x4
 547 025c 05       		.uleb128 0x5
 548 025d 82030000 		.4byte	.LASF45
 549 0261 24       		.byte	0x24
 550 0262 08       		.byte	0x8
 551 0263 FE       		.byte	0xfe
 552 0264 D7020000 		.4byte	0x2d7
 553 0268 0B       		.uleb128 0xb
 554 0269 723400   		.ascii	"r4\000"
 555 026c 08       		.byte	0x8
 556 026d 1101     		.2byte	0x111
 557 026f 4F020000 		.4byte	0x24f
 558 0273 00       		.byte	0
 559 0274 0B       		.uleb128 0xb
 560 0275 723500   		.ascii	"r5\000"
 561 0278 08       		.byte	0x8
 562 0279 1201     		.2byte	0x112
 563 027b 4F020000 		.4byte	0x24f
 564 027f 04       		.byte	0x4
 565 0280 0B       		.uleb128 0xb
 566 0281 723600   		.ascii	"r6\000"
 567 0284 08       		.byte	0x8
 568 0285 1301     		.2byte	0x113
 569 0287 4F020000 		.4byte	0x24f
 570 028b 08       		.byte	0x8
ARM GAS  /tmp/ccuzNTuK.s 			page 11


 571 028c 0B       		.uleb128 0xb
 572 028d 723700   		.ascii	"r7\000"
 573 0290 08       		.byte	0x8
 574 0291 1401     		.2byte	0x114
 575 0293 4F020000 		.4byte	0x24f
 576 0297 0C       		.byte	0xc
 577 0298 0B       		.uleb128 0xb
 578 0299 723800   		.ascii	"r8\000"
 579 029c 08       		.byte	0x8
 580 029d 1501     		.2byte	0x115
 581 029f 4F020000 		.4byte	0x24f
 582 02a3 10       		.byte	0x10
 583 02a4 0B       		.uleb128 0xb
 584 02a5 723900   		.ascii	"r9\000"
 585 02a8 08       		.byte	0x8
 586 02a9 1601     		.2byte	0x116
 587 02ab 4F020000 		.4byte	0x24f
 588 02af 14       		.byte	0x14
 589 02b0 0B       		.uleb128 0xb
 590 02b1 72313000 		.ascii	"r10\000"
 591 02b5 08       		.byte	0x8
 592 02b6 1701     		.2byte	0x117
 593 02b8 4F020000 		.4byte	0x24f
 594 02bc 18       		.byte	0x18
 595 02bd 0B       		.uleb128 0xb
 596 02be 72313100 		.ascii	"r11\000"
 597 02c2 08       		.byte	0x8
 598 02c3 1801     		.2byte	0x118
 599 02c5 4F020000 		.4byte	0x24f
 600 02c9 1C       		.byte	0x1c
 601 02ca 0B       		.uleb128 0xb
 602 02cb 6C7200   		.ascii	"lr\000"
 603 02ce 08       		.byte	0x8
 604 02cf 1901     		.2byte	0x119
 605 02d1 4F020000 		.4byte	0x24f
 606 02d5 20       		.byte	0x20
 607 02d6 00       		.byte	0
 608 02d7 0C       		.uleb128 0xc
 609 02d8 B7010000 		.4byte	.LASF46
 610 02dc 04       		.byte	0x4
 611 02dd 08       		.byte	0x8
 612 02de 2301     		.2byte	0x123
 613 02e0 F2020000 		.4byte	0x2f2
 614 02e4 0B       		.uleb128 0xb
 615 02e5 72313300 		.ascii	"r13\000"
 616 02e9 08       		.byte	0x8
 617 02ea 2401     		.2byte	0x124
 618 02ec F2020000 		.4byte	0x2f2
 619 02f0 00       		.byte	0
 620 02f1 00       		.byte	0
 621 02f2 09       		.uleb128 0x9
 622 02f3 04       		.byte	0x4
 623 02f4 5C020000 		.4byte	0x25c
 624 02f8 03       		.uleb128 0x3
 625 02f9 04       		.byte	0x4
 626 02fa 07       		.byte	0x7
 627 02fb 5E020000 		.4byte	.LASF47
ARM GAS  /tmp/ccuzNTuK.s 			page 12


 628 02ff 0D       		.uleb128 0xd
 629 0300 EB000000 		.4byte	0xeb
 630 0304 08       		.uleb128 0x8
 631 0305 20       		.byte	0x20
 632 0306 09       		.byte	0x9
 633 0307 5E       		.byte	0x5e
 634 0308 61030000 		.4byte	0x361
 635 030c 06       		.uleb128 0x6
 636 030d 30030000 		.4byte	.LASF48
 637 0311 09       		.byte	0x9
 638 0312 5F       		.byte	0x5f
 639 0313 24020000 		.4byte	0x224
 640 0317 00       		.byte	0
 641 0318 06       		.uleb128 0x6
 642 0319 DD020000 		.4byte	.LASF49
 643 031d 09       		.byte	0x9
 644 031e 60       		.byte	0x60
 645 031f CA000000 		.4byte	0xca
 646 0323 08       		.byte	0x8
 647 0324 06       		.uleb128 0x6
 648 0325 6F020000 		.4byte	.LASF50
 649 0329 09       		.byte	0x9
 650 032a 62       		.byte	0x62
 651 032b D7020000 		.4byte	0x2d7
 652 032f 0C       		.byte	0xc
 653 0330 06       		.uleb128 0x6
 654 0331 D8010000 		.4byte	.LASF51
 655 0335 09       		.byte	0x9
 656 0336 65       		.byte	0x65
 657 0337 1E020000 		.4byte	0x21e
 658 033b 10       		.byte	0x10
 659 033c 06       		.uleb128 0x6
 660 033d 8C020000 		.4byte	.LASF52
 661 0341 09       		.byte	0x9
 662 0342 66       		.byte	0x66
 663 0343 1E020000 		.4byte	0x21e
 664 0347 14       		.byte	0x14
 665 0348 06       		.uleb128 0x6
 666 0349 D8030000 		.4byte	.LASF53
 667 034d 09       		.byte	0x9
 668 034e 6A       		.byte	0x6a
 669 034f F6000000 		.4byte	0xf6
 670 0353 18       		.byte	0x18
 671 0354 06       		.uleb128 0x6
 672 0355 82020000 		.4byte	.LASF54
 673 0359 09       		.byte	0x9
 674 035a 6C       		.byte	0x6c
 675 035b 1E020000 		.4byte	0x21e
 676 035f 1C       		.byte	0x1c
 677 0360 00       		.byte	0
 678 0361 04       		.uleb128 0x4
 679 0362 B2030000 		.4byte	.LASF55
 680 0366 09       		.byte	0x9
 681 0367 6E       		.byte	0x6e
 682 0368 04030000 		.4byte	0x304
 683 036c 05       		.uleb128 0x5
 684 036d 00020000 		.4byte	.LASF56
ARM GAS  /tmp/ccuzNTuK.s 			page 13


 685 0371 10       		.byte	0x10
 686 0372 0A       		.byte	0xa
 687 0373 2C       		.byte	0x2c
 688 0374 9D030000 		.4byte	0x39d
 689 0378 06       		.uleb128 0x6
 690 0379 52010000 		.4byte	.LASF57
 691 037d 0A       		.byte	0xa
 692 037e 2D       		.byte	0x2d
 693 037f 24020000 		.4byte	0x224
 694 0383 00       		.byte	0
 695 0384 06       		.uleb128 0x6
 696 0385 E2030000 		.4byte	.LASF58
 697 0389 0A       		.byte	0xa
 698 038a 2F       		.byte	0x2f
 699 038b 1E020000 		.4byte	0x21e
 700 038f 08       		.byte	0x8
 701 0390 06       		.uleb128 0x6
 702 0391 55030000 		.4byte	.LASF59
 703 0395 0A       		.byte	0xa
 704 0396 31       		.byte	0x31
 705 0397 9D030000 		.4byte	0x39d
 706 039b 0C       		.byte	0xc
 707 039c 00       		.byte	0
 708 039d 09       		.uleb128 0x9
 709 039e 04       		.byte	0x4
 710 039f 6C030000 		.4byte	0x36c
 711 03a3 04       		.uleb128 0x4
 712 03a4 00020000 		.4byte	.LASF56
 713 03a8 0A       		.byte	0xa
 714 03a9 33       		.byte	0x33
 715 03aa 6C030000 		.4byte	0x36c
 716 03ae 0E       		.uleb128 0xe
 717 03af 04       		.byte	0x4
 718 03b0 07       		.byte	0x7
 719 03b1 90       		.byte	0x90
 720 03b2 E3030000 		.4byte	0x3e3
 721 03b6 0F       		.uleb128 0xf
 722 03b7 13000000 		.4byte	.LASF60
 723 03bb 07       		.byte	0x7
 724 03bc 97       		.byte	0x97
 725 03bd D5000000 		.4byte	0xd5
 726 03c1 0F       		.uleb128 0xf
 727 03c2 20010000 		.4byte	.LASF61
 728 03c6 07       		.byte	0x7
 729 03c7 9E       		.byte	0x9e
 730 03c8 D5000000 		.4byte	0xd5
 731 03cc 0F       		.uleb128 0xf
 732 03cd CA030000 		.4byte	.LASF62
 733 03d1 07       		.byte	0x7
 734 03d2 A5       		.byte	0xa5
 735 03d3 5A020000 		.4byte	0x25a
 736 03d7 0F       		.uleb128 0xf
 737 03d8 E4020000 		.4byte	.LASF63
 738 03dc 07       		.byte	0x7
 739 03dd AC       		.byte	0xac
 740 03de E0000000 		.4byte	0xe0
 741 03e2 00       		.byte	0
ARM GAS  /tmp/ccuzNTuK.s 			page 14


 742 03e3 09       		.uleb128 0x9
 743 03e4 04       		.byte	0x4
 744 03e5 E9030000 		.4byte	0x3e9
 745 03e9 10       		.uleb128 0x10
 746 03ea EE030000 		.4byte	0x3ee
 747 03ee 03       		.uleb128 0x3
 748 03ef 01       		.byte	0x1
 749 03f0 08       		.byte	0x8
 750 03f1 44030000 		.4byte	.LASF64
 751 03f5 09       		.uleb128 0x9
 752 03f6 04       		.byte	0x4
 753 03f7 A3030000 		.4byte	0x3a3
 754 03fb 11       		.uleb128 0x11
 755 03fc 06000000 		.4byte	.LASF69
 756 0400 02       		.byte	0x2
 757 0401 34       		.byte	0x34
 758 0402 03       		.byte	0x3
 759 0403 1D040000 		.4byte	0x41d
 760 0407 12       		.uleb128 0x12
 761 0408 747000   		.ascii	"tp\000"
 762 040b 02       		.byte	0x2
 763 040c 34       		.byte	0x34
 764 040d 1E020000 		.4byte	0x21e
 765 0411 12       		.uleb128 0x12
 766 0412 74717000 		.ascii	"tqp\000"
 767 0416 02       		.byte	0x2
 768 0417 34       		.byte	0x34
 769 0418 1D040000 		.4byte	0x41d
 770 041c 00       		.byte	0
 771 041d 09       		.uleb128 0x9
 772 041e 04       		.byte	0x4
 773 041f 24020000 		.4byte	0x224
 774 0423 13       		.uleb128 0x13
 775 0424 49030000 		.4byte	.LASF70
 776 0428 02       		.byte	0x2
 777 0429 3B       		.byte	0x3b
 778 042a 1E020000 		.4byte	0x21e
 779 042e 03       		.byte	0x3
 780 042f 49040000 		.4byte	0x449
 781 0433 12       		.uleb128 0x12
 782 0434 74717000 		.ascii	"tqp\000"
 783 0438 02       		.byte	0x2
 784 0439 3B       		.byte	0x3b
 785 043a 1D040000 		.4byte	0x41d
 786 043e 14       		.uleb128 0x14
 787 043f 747000   		.ascii	"tp\000"
 788 0442 02       		.byte	0x2
 789 0443 3C       		.byte	0x3c
 790 0444 1E020000 		.4byte	0x21e
 791 0448 00       		.byte	0
 792 0449 15       		.uleb128 0x15
 793 044a 63010000 		.4byte	.LASF65
 794 044e 01       		.byte	0x1
 795 044f 4B       		.byte	0x4b
 796 0450 D5000000 		.4byte	0xd5
 797 0454 00000000 		.4byte	.LFB7
 798 0458 40000000 		.4byte	.LFE7-.LFB7
ARM GAS  /tmp/ccuzNTuK.s 			page 15


 799 045c 01       		.uleb128 0x1
 800 045d 9C       		.byte	0x9c
 801 045e 01050000 		.4byte	0x501
 802 0462 16       		.uleb128 0x16
 803 0463 747000   		.ascii	"tp\000"
 804 0466 01       		.byte	0x1
 805 0467 4B       		.byte	0x4b
 806 0468 1E020000 		.4byte	0x21e
 807 046c 00000000 		.4byte	.LLST0
 808 0470 16       		.uleb128 0x16
 809 0471 6D736700 		.ascii	"msg\000"
 810 0475 01       		.byte	0x1
 811 0476 4B       		.byte	0x4b
 812 0477 D5000000 		.4byte	0xd5
 813 047b 38000000 		.4byte	.LLST1
 814 047f 17       		.uleb128 0x17
 815 0480 63747000 		.ascii	"ctp\000"
 816 0484 01       		.byte	0x1
 817 0485 4C       		.byte	0x4c
 818 0486 1E020000 		.4byte	0x21e
 819 048a 01       		.uleb128 0x1
 820 048b 54       		.byte	0x54
 821 048c 18       		.uleb128 0x18
 822 048d 06000000 		.4byte	.LBB10
 823 0491 06000000 		.4byte	.LBE10-.LBB10
 824 0495 A7040000 		.4byte	0x4a7
 825 0499 17       		.uleb128 0x17
 826 049a 746D7000 		.ascii	"tmp\000"
 827 049e 01       		.byte	0x1
 828 049f 50       		.byte	0x50
 829 04a0 9E000000 		.4byte	0x9e
 830 04a4 01       		.uleb128 0x1
 831 04a5 53       		.byte	0x53
 832 04a6 00       		.byte	0
 833 04a7 19       		.uleb128 0x19
 834 04a8 FB030000 		.4byte	0x3fb
 835 04ac 14000000 		.4byte	.LBB11
 836 04b0 00000000 		.4byte	.Ldebug_ranges0+0
 837 04b4 01       		.byte	0x1
 838 04b5 53       		.byte	0x53
 839 04b6 C9040000 		.4byte	0x4c9
 840 04ba 1A       		.uleb128 0x1a
 841 04bb 11040000 		.4byte	0x411
 842 04bf 01       		.uleb128 0x1
 843 04c0 55       		.byte	0x55
 844 04c1 1A       		.uleb128 0x1a
 845 04c2 07040000 		.4byte	0x407
 846 04c6 01       		.uleb128 0x1
 847 04c7 54       		.byte	0x54
 848 04c8 00       		.byte	0
 849 04c9 18       		.uleb128 0x18
 850 04ca 2C000000 		.4byte	.LBB15
 851 04ce 06000000 		.4byte	.LBE15-.LBB15
 852 04d2 E4040000 		.4byte	0x4e4
 853 04d6 17       		.uleb128 0x17
 854 04d7 746D7000 		.ascii	"tmp\000"
 855 04db 01       		.byte	0x1
ARM GAS  /tmp/ccuzNTuK.s 			page 16


 856 04dc 58       		.byte	0x58
 857 04dd 9E000000 		.4byte	0x9e
 858 04e1 01       		.uleb128 0x1
 859 04e2 53       		.byte	0x53
 860 04e3 00       		.byte	0
 861 04e4 1B       		.uleb128 0x1b
 862 04e5 2A000000 		.4byte	.LVL4
 863 04e9 1E060000 		.4byte	0x61e
 864 04ed F7040000 		.4byte	0x4f7
 865 04f1 1C       		.uleb128 0x1c
 866 04f2 01       		.uleb128 0x1
 867 04f3 50       		.byte	0x50
 868 04f4 01       		.uleb128 0x1
 869 04f5 3A       		.byte	0x3a
 870 04f6 00       		.byte	0
 871 04f7 1D       		.uleb128 0x1d
 872 04f8 38000000 		.4byte	.LVL7
 873 04fc 2F060000 		.4byte	0x62f
 874 0500 00       		.byte	0
 875 0501 15       		.uleb128 0x15
 876 0502 A1030000 		.4byte	.LASF66
 877 0506 01       		.byte	0x1
 878 0507 6A       		.byte	0x6a
 879 0508 1E020000 		.4byte	0x21e
 880 050c 00000000 		.4byte	.LFB8
 881 0510 3C000000 		.4byte	.LFE8-.LFB8
 882 0514 01       		.uleb128 0x1
 883 0515 9C       		.byte	0x9c
 884 0516 92050000 		.4byte	0x592
 885 051a 14       		.uleb128 0x14
 886 051b 747000   		.ascii	"tp\000"
 887 051e 01       		.byte	0x1
 888 051f 6B       		.byte	0x6b
 889 0520 1E020000 		.4byte	0x21e
 890 0524 18       		.uleb128 0x18
 891 0525 02000000 		.4byte	.LBB16
 892 0529 06000000 		.4byte	.LBE16-.LBB16
 893 052d 3F050000 		.4byte	0x53f
 894 0531 17       		.uleb128 0x17
 895 0532 746D7000 		.ascii	"tmp\000"
 896 0536 01       		.byte	0x1
 897 0537 6D       		.byte	0x6d
 898 0538 9E000000 		.4byte	0x9e
 899 053c 01       		.uleb128 0x1
 900 053d 53       		.byte	0x53
 901 053e 00       		.byte	0
 902 053f 19       		.uleb128 0x19
 903 0540 23040000 		.4byte	0x423
 904 0544 16000000 		.4byte	.LBB17
 905 0548 18000000 		.4byte	.Ldebug_ranges0+0x18
 906 054c 01       		.byte	0x1
 907 054d 70       		.byte	0x70
 908 054e 6B050000 		.4byte	0x56b
 909 0552 1E       		.uleb128 0x1e
 910 0553 33040000 		.4byte	0x433
 911 0557 7D000000 		.4byte	.LLST2
 912 055b 1F       		.uleb128 0x1f
ARM GAS  /tmp/ccuzNTuK.s 			page 17


 913 055c 18000000 		.4byte	.Ldebug_ranges0+0x18
 914 0560 20       		.uleb128 0x20
 915 0561 3E040000 		.4byte	0x43e
 916 0565 90000000 		.4byte	.LLST3
 917 0569 00       		.byte	0
 918 056a 00       		.byte	0
 919 056b 21       		.uleb128 0x21
 920 056c 30000000 		.4byte	.Ldebug_ranges0+0x30
 921 0570 82050000 		.4byte	0x582
 922 0574 17       		.uleb128 0x17
 923 0575 746D7000 		.ascii	"tmp\000"
 924 0579 01       		.byte	0x1
 925 057a 72       		.byte	0x72
 926 057b 9E000000 		.4byte	0x9e
 927 057f 01       		.uleb128 0x1
 928 0580 53       		.byte	0x53
 929 0581 00       		.byte	0
 930 0582 22       		.uleb128 0x22
 931 0583 2E000000 		.4byte	.LVL10
 932 0587 1E060000 		.4byte	0x61e
 933 058b 1C       		.uleb128 0x1c
 934 058c 01       		.uleb128 0x1
 935 058d 50       		.byte	0x50
 936 058e 01       		.uleb128 0x1
 937 058f 3C       		.byte	0x3c
 938 0590 00       		.byte	0
 939 0591 00       		.byte	0
 940 0592 23       		.uleb128 0x23
 941 0593 01030000 		.4byte	.LASF71
 942 0597 01       		.byte	0x1
 943 0598 80       		.byte	0x80
 944 0599 00000000 		.4byte	.LFB9
 945 059d 14000000 		.4byte	.LFE9-.LFB9
 946 05a1 01       		.uleb128 0x1
 947 05a2 9C       		.byte	0x9c
 948 05a3 13060000 		.4byte	0x613
 949 05a7 16       		.uleb128 0x16
 950 05a8 747000   		.ascii	"tp\000"
 951 05ab 01       		.byte	0x1
 952 05ac 80       		.byte	0x80
 953 05ad 1E020000 		.4byte	0x21e
 954 05b1 A3000000 		.4byte	.LLST4
 955 05b5 16       		.uleb128 0x16
 956 05b6 6D736700 		.ascii	"msg\000"
 957 05ba 01       		.byte	0x1
 958 05bb 80       		.byte	0x80
 959 05bc D5000000 		.4byte	0xd5
 960 05c0 C4000000 		.4byte	.LLST5
 961 05c4 18       		.uleb128 0x18
 962 05c5 02000000 		.4byte	.LBB23
 963 05c9 06000000 		.4byte	.LBE23-.LBB23
 964 05cd DF050000 		.4byte	0x5df
 965 05d1 17       		.uleb128 0x17
 966 05d2 746D7000 		.ascii	"tmp\000"
 967 05d6 01       		.byte	0x1
 968 05d7 82       		.byte	0x82
 969 05d8 9E000000 		.4byte	0x9e
ARM GAS  /tmp/ccuzNTuK.s 			page 18


 970 05dc 01       		.uleb128 0x1
 971 05dd 53       		.byte	0x53
 972 05de 00       		.byte	0
 973 05df 18       		.uleb128 0x18
 974 05e0 0C000000 		.4byte	.LBB24
 975 05e4 08000000 		.4byte	.LBE24-.LBB24
 976 05e8 FA050000 		.4byte	0x5fa
 977 05ec 17       		.uleb128 0x17
 978 05ed 746D7000 		.ascii	"tmp\000"
 979 05f1 01       		.byte	0x1
 980 05f2 86       		.byte	0x86
 981 05f3 9E000000 		.4byte	0x9e
 982 05f7 01       		.uleb128 0x1
 983 05f8 53       		.byte	0x53
 984 05f9 00       		.byte	0
 985 05fa 22       		.uleb128 0x22
 986 05fb 0C000000 		.4byte	.LVL12
 987 05ff 44060000 		.4byte	0x644
 988 0603 1C       		.uleb128 0x1c
 989 0604 01       		.uleb128 0x1
 990 0605 51       		.byte	0x51
 991 0606 03       		.uleb128 0x3
 992 0607 F3       		.byte	0xf3
 993 0608 01       		.uleb128 0x1
 994 0609 51       		.byte	0x51
 995 060a 1C       		.uleb128 0x1c
 996 060b 01       		.uleb128 0x1
 997 060c 50       		.byte	0x50
 998 060d 03       		.uleb128 0x3
 999 060e F3       		.byte	0xf3
 1000 060f 01       		.uleb128 0x1
 1001 0610 50       		.byte	0x50
 1002 0611 00       		.byte	0
 1003 0612 00       		.byte	0
 1004 0613 24       		.uleb128 0x24
 1005 0614 BC030000 		.4byte	.LASF72
 1006 0618 09       		.byte	0x9
 1007 0619 72       		.byte	0x72
 1008 061a 61030000 		.4byte	0x361
 1009 061e 25       		.uleb128 0x25
 1010 061f 0E030000 		.4byte	.LASF73
 1011 0623 09       		.byte	0x9
 1012 0624 96       		.byte	0x96
 1013 0625 2F060000 		.4byte	0x62f
 1014 0629 26       		.uleb128 0x26
 1015 062a B4000000 		.4byte	0xb4
 1016 062e 00       		.byte	0
 1017 062f 27       		.uleb128 0x27
 1018 0630 38030000 		.4byte	.LASF74
 1019 0634 09       		.byte	0x9
 1020 0635 93       		.byte	0x93
 1021 0636 1E020000 		.4byte	0x21e
 1022 063a 44060000 		.4byte	0x644
 1023 063e 26       		.uleb128 0x26
 1024 063f 1E020000 		.4byte	0x21e
 1025 0643 00       		.byte	0
 1026 0644 28       		.uleb128 0x28
ARM GAS  /tmp/ccuzNTuK.s 			page 19


 1027 0645 94030000 		.4byte	.LASF75
 1028 0649 09       		.byte	0x9
 1029 064a 9C       		.byte	0x9c
 1030 064b 26       		.uleb128 0x26
 1031 064c 1E020000 		.4byte	0x21e
 1032 0650 26       		.uleb128 0x26
 1033 0651 D5000000 		.4byte	0xd5
 1034 0655 00       		.byte	0
 1035 0656 00       		.byte	0
 1036              		.section	.debug_abbrev,"",%progbits
 1037              	.Ldebug_abbrev0:
 1038 0000 01       		.uleb128 0x1
 1039 0001 11       		.uleb128 0x11
 1040 0002 01       		.byte	0x1
 1041 0003 25       		.uleb128 0x25
 1042 0004 0E       		.uleb128 0xe
 1043 0005 13       		.uleb128 0x13
 1044 0006 0B       		.uleb128 0xb
 1045 0007 03       		.uleb128 0x3
 1046 0008 0E       		.uleb128 0xe
 1047 0009 55       		.uleb128 0x55
 1048 000a 17       		.uleb128 0x17
 1049 000b 11       		.uleb128 0x11
 1050 000c 01       		.uleb128 0x1
 1051 000d 10       		.uleb128 0x10
 1052 000e 17       		.uleb128 0x17
 1053 000f 00       		.byte	0
 1054 0010 00       		.byte	0
 1055 0011 02       		.uleb128 0x2
 1056 0012 24       		.uleb128 0x24
 1057 0013 00       		.byte	0
 1058 0014 0B       		.uleb128 0xb
 1059 0015 0B       		.uleb128 0xb
 1060 0016 3E       		.uleb128 0x3e
 1061 0017 0B       		.uleb128 0xb
 1062 0018 03       		.uleb128 0x3
 1063 0019 08       		.uleb128 0x8
 1064 001a 00       		.byte	0
 1065 001b 00       		.byte	0
 1066 001c 03       		.uleb128 0x3
 1067 001d 24       		.uleb128 0x24
 1068 001e 00       		.byte	0
 1069 001f 0B       		.uleb128 0xb
 1070 0020 0B       		.uleb128 0xb
 1071 0021 3E       		.uleb128 0x3e
 1072 0022 0B       		.uleb128 0xb
 1073 0023 03       		.uleb128 0x3
 1074 0024 0E       		.uleb128 0xe
 1075 0025 00       		.byte	0
 1076 0026 00       		.byte	0
 1077 0027 04       		.uleb128 0x4
 1078 0028 16       		.uleb128 0x16
 1079 0029 00       		.byte	0
 1080 002a 03       		.uleb128 0x3
 1081 002b 0E       		.uleb128 0xe
 1082 002c 3A       		.uleb128 0x3a
 1083 002d 0B       		.uleb128 0xb
ARM GAS  /tmp/ccuzNTuK.s 			page 20


 1084 002e 3B       		.uleb128 0x3b
 1085 002f 0B       		.uleb128 0xb
 1086 0030 49       		.uleb128 0x49
 1087 0031 13       		.uleb128 0x13
 1088 0032 00       		.byte	0
 1089 0033 00       		.byte	0
 1090 0034 05       		.uleb128 0x5
 1091 0035 13       		.uleb128 0x13
 1092 0036 01       		.byte	0x1
 1093 0037 03       		.uleb128 0x3
 1094 0038 0E       		.uleb128 0xe
 1095 0039 0B       		.uleb128 0xb
 1096 003a 0B       		.uleb128 0xb
 1097 003b 3A       		.uleb128 0x3a
 1098 003c 0B       		.uleb128 0xb
 1099 003d 3B       		.uleb128 0x3b
 1100 003e 0B       		.uleb128 0xb
 1101 003f 01       		.uleb128 0x1
 1102 0040 13       		.uleb128 0x13
 1103 0041 00       		.byte	0
 1104 0042 00       		.byte	0
 1105 0043 06       		.uleb128 0x6
 1106 0044 0D       		.uleb128 0xd
 1107 0045 00       		.byte	0
 1108 0046 03       		.uleb128 0x3
 1109 0047 0E       		.uleb128 0xe
 1110 0048 3A       		.uleb128 0x3a
 1111 0049 0B       		.uleb128 0xb
 1112 004a 3B       		.uleb128 0x3b
 1113 004b 0B       		.uleb128 0xb
 1114 004c 49       		.uleb128 0x49
 1115 004d 13       		.uleb128 0x13
 1116 004e 38       		.uleb128 0x38
 1117 004f 0B       		.uleb128 0xb
 1118 0050 00       		.byte	0
 1119 0051 00       		.byte	0
 1120 0052 07       		.uleb128 0x7
 1121 0053 0D       		.uleb128 0xd
 1122 0054 00       		.byte	0
 1123 0055 03       		.uleb128 0x3
 1124 0056 08       		.uleb128 0x8
 1125 0057 3A       		.uleb128 0x3a
 1126 0058 0B       		.uleb128 0xb
 1127 0059 3B       		.uleb128 0x3b
 1128 005a 0B       		.uleb128 0xb
 1129 005b 49       		.uleb128 0x49
 1130 005c 13       		.uleb128 0x13
 1131 005d 38       		.uleb128 0x38
 1132 005e 0B       		.uleb128 0xb
 1133 005f 00       		.byte	0
 1134 0060 00       		.byte	0
 1135 0061 08       		.uleb128 0x8
 1136 0062 13       		.uleb128 0x13
 1137 0063 01       		.byte	0x1
 1138 0064 0B       		.uleb128 0xb
 1139 0065 0B       		.uleb128 0xb
 1140 0066 3A       		.uleb128 0x3a
ARM GAS  /tmp/ccuzNTuK.s 			page 21


 1141 0067 0B       		.uleb128 0xb
 1142 0068 3B       		.uleb128 0x3b
 1143 0069 0B       		.uleb128 0xb
 1144 006a 01       		.uleb128 0x1
 1145 006b 13       		.uleb128 0x13
 1146 006c 00       		.byte	0
 1147 006d 00       		.byte	0
 1148 006e 09       		.uleb128 0x9
 1149 006f 0F       		.uleb128 0xf
 1150 0070 00       		.byte	0
 1151 0071 0B       		.uleb128 0xb
 1152 0072 0B       		.uleb128 0xb
 1153 0073 49       		.uleb128 0x49
 1154 0074 13       		.uleb128 0x13
 1155 0075 00       		.byte	0
 1156 0076 00       		.byte	0
 1157 0077 0A       		.uleb128 0xa
 1158 0078 0F       		.uleb128 0xf
 1159 0079 00       		.byte	0
 1160 007a 0B       		.uleb128 0xb
 1161 007b 0B       		.uleb128 0xb
 1162 007c 00       		.byte	0
 1163 007d 00       		.byte	0
 1164 007e 0B       		.uleb128 0xb
 1165 007f 0D       		.uleb128 0xd
 1166 0080 00       		.byte	0
 1167 0081 03       		.uleb128 0x3
 1168 0082 08       		.uleb128 0x8
 1169 0083 3A       		.uleb128 0x3a
 1170 0084 0B       		.uleb128 0xb
 1171 0085 3B       		.uleb128 0x3b
 1172 0086 05       		.uleb128 0x5
 1173 0087 49       		.uleb128 0x49
 1174 0088 13       		.uleb128 0x13
 1175 0089 38       		.uleb128 0x38
 1176 008a 0B       		.uleb128 0xb
 1177 008b 00       		.byte	0
 1178 008c 00       		.byte	0
 1179 008d 0C       		.uleb128 0xc
 1180 008e 13       		.uleb128 0x13
 1181 008f 01       		.byte	0x1
 1182 0090 03       		.uleb128 0x3
 1183 0091 0E       		.uleb128 0xe
 1184 0092 0B       		.uleb128 0xb
 1185 0093 0B       		.uleb128 0xb
 1186 0094 3A       		.uleb128 0x3a
 1187 0095 0B       		.uleb128 0xb
 1188 0096 3B       		.uleb128 0x3b
 1189 0097 05       		.uleb128 0x5
 1190 0098 01       		.uleb128 0x1
 1191 0099 13       		.uleb128 0x13
 1192 009a 00       		.byte	0
 1193 009b 00       		.byte	0
 1194 009c 0D       		.uleb128 0xd
 1195 009d 35       		.uleb128 0x35
 1196 009e 00       		.byte	0
 1197 009f 49       		.uleb128 0x49
ARM GAS  /tmp/ccuzNTuK.s 			page 22


 1198 00a0 13       		.uleb128 0x13
 1199 00a1 00       		.byte	0
 1200 00a2 00       		.byte	0
 1201 00a3 0E       		.uleb128 0xe
 1202 00a4 17       		.uleb128 0x17
 1203 00a5 01       		.byte	0x1
 1204 00a6 0B       		.uleb128 0xb
 1205 00a7 0B       		.uleb128 0xb
 1206 00a8 3A       		.uleb128 0x3a
 1207 00a9 0B       		.uleb128 0xb
 1208 00aa 3B       		.uleb128 0x3b
 1209 00ab 0B       		.uleb128 0xb
 1210 00ac 01       		.uleb128 0x1
 1211 00ad 13       		.uleb128 0x13
 1212 00ae 00       		.byte	0
 1213 00af 00       		.byte	0
 1214 00b0 0F       		.uleb128 0xf
 1215 00b1 0D       		.uleb128 0xd
 1216 00b2 00       		.byte	0
 1217 00b3 03       		.uleb128 0x3
 1218 00b4 0E       		.uleb128 0xe
 1219 00b5 3A       		.uleb128 0x3a
 1220 00b6 0B       		.uleb128 0xb
 1221 00b7 3B       		.uleb128 0x3b
 1222 00b8 0B       		.uleb128 0xb
 1223 00b9 49       		.uleb128 0x49
 1224 00ba 13       		.uleb128 0x13
 1225 00bb 00       		.byte	0
 1226 00bc 00       		.byte	0
 1227 00bd 10       		.uleb128 0x10
 1228 00be 26       		.uleb128 0x26
 1229 00bf 00       		.byte	0
 1230 00c0 49       		.uleb128 0x49
 1231 00c1 13       		.uleb128 0x13
 1232 00c2 00       		.byte	0
 1233 00c3 00       		.byte	0
 1234 00c4 11       		.uleb128 0x11
 1235 00c5 2E       		.uleb128 0x2e
 1236 00c6 01       		.byte	0x1
 1237 00c7 03       		.uleb128 0x3
 1238 00c8 0E       		.uleb128 0xe
 1239 00c9 3A       		.uleb128 0x3a
 1240 00ca 0B       		.uleb128 0xb
 1241 00cb 3B       		.uleb128 0x3b
 1242 00cc 0B       		.uleb128 0xb
 1243 00cd 27       		.uleb128 0x27
 1244 00ce 19       		.uleb128 0x19
 1245 00cf 20       		.uleb128 0x20
 1246 00d0 0B       		.uleb128 0xb
 1247 00d1 01       		.uleb128 0x1
 1248 00d2 13       		.uleb128 0x13
 1249 00d3 00       		.byte	0
 1250 00d4 00       		.byte	0
 1251 00d5 12       		.uleb128 0x12
 1252 00d6 05       		.uleb128 0x5
 1253 00d7 00       		.byte	0
 1254 00d8 03       		.uleb128 0x3
ARM GAS  /tmp/ccuzNTuK.s 			page 23


 1255 00d9 08       		.uleb128 0x8
 1256 00da 3A       		.uleb128 0x3a
 1257 00db 0B       		.uleb128 0xb
 1258 00dc 3B       		.uleb128 0x3b
 1259 00dd 0B       		.uleb128 0xb
 1260 00de 49       		.uleb128 0x49
 1261 00df 13       		.uleb128 0x13
 1262 00e0 00       		.byte	0
 1263 00e1 00       		.byte	0
 1264 00e2 13       		.uleb128 0x13
 1265 00e3 2E       		.uleb128 0x2e
 1266 00e4 01       		.byte	0x1
 1267 00e5 03       		.uleb128 0x3
 1268 00e6 0E       		.uleb128 0xe
 1269 00e7 3A       		.uleb128 0x3a
 1270 00e8 0B       		.uleb128 0xb
 1271 00e9 3B       		.uleb128 0x3b
 1272 00ea 0B       		.uleb128 0xb
 1273 00eb 27       		.uleb128 0x27
 1274 00ec 19       		.uleb128 0x19
 1275 00ed 49       		.uleb128 0x49
 1276 00ee 13       		.uleb128 0x13
 1277 00ef 20       		.uleb128 0x20
 1278 00f0 0B       		.uleb128 0xb
 1279 00f1 01       		.uleb128 0x1
 1280 00f2 13       		.uleb128 0x13
 1281 00f3 00       		.byte	0
 1282 00f4 00       		.byte	0
 1283 00f5 14       		.uleb128 0x14
 1284 00f6 34       		.uleb128 0x34
 1285 00f7 00       		.byte	0
 1286 00f8 03       		.uleb128 0x3
 1287 00f9 08       		.uleb128 0x8
 1288 00fa 3A       		.uleb128 0x3a
 1289 00fb 0B       		.uleb128 0xb
 1290 00fc 3B       		.uleb128 0x3b
 1291 00fd 0B       		.uleb128 0xb
 1292 00fe 49       		.uleb128 0x49
 1293 00ff 13       		.uleb128 0x13
 1294 0100 00       		.byte	0
 1295 0101 00       		.byte	0
 1296 0102 15       		.uleb128 0x15
 1297 0103 2E       		.uleb128 0x2e
 1298 0104 01       		.byte	0x1
 1299 0105 3F       		.uleb128 0x3f
 1300 0106 19       		.uleb128 0x19
 1301 0107 03       		.uleb128 0x3
 1302 0108 0E       		.uleb128 0xe
 1303 0109 3A       		.uleb128 0x3a
 1304 010a 0B       		.uleb128 0xb
 1305 010b 3B       		.uleb128 0x3b
 1306 010c 0B       		.uleb128 0xb
 1307 010d 27       		.uleb128 0x27
 1308 010e 19       		.uleb128 0x19
 1309 010f 49       		.uleb128 0x49
 1310 0110 13       		.uleb128 0x13
 1311 0111 11       		.uleb128 0x11
ARM GAS  /tmp/ccuzNTuK.s 			page 24


 1312 0112 01       		.uleb128 0x1
 1313 0113 12       		.uleb128 0x12
 1314 0114 06       		.uleb128 0x6
 1315 0115 40       		.uleb128 0x40
 1316 0116 18       		.uleb128 0x18
 1317 0117 9742     		.uleb128 0x2117
 1318 0119 19       		.uleb128 0x19
 1319 011a 01       		.uleb128 0x1
 1320 011b 13       		.uleb128 0x13
 1321 011c 00       		.byte	0
 1322 011d 00       		.byte	0
 1323 011e 16       		.uleb128 0x16
 1324 011f 05       		.uleb128 0x5
 1325 0120 00       		.byte	0
 1326 0121 03       		.uleb128 0x3
 1327 0122 08       		.uleb128 0x8
 1328 0123 3A       		.uleb128 0x3a
 1329 0124 0B       		.uleb128 0xb
 1330 0125 3B       		.uleb128 0x3b
 1331 0126 0B       		.uleb128 0xb
 1332 0127 49       		.uleb128 0x49
 1333 0128 13       		.uleb128 0x13
 1334 0129 02       		.uleb128 0x2
 1335 012a 17       		.uleb128 0x17
 1336 012b 00       		.byte	0
 1337 012c 00       		.byte	0
 1338 012d 17       		.uleb128 0x17
 1339 012e 34       		.uleb128 0x34
 1340 012f 00       		.byte	0
 1341 0130 03       		.uleb128 0x3
 1342 0131 08       		.uleb128 0x8
 1343 0132 3A       		.uleb128 0x3a
 1344 0133 0B       		.uleb128 0xb
 1345 0134 3B       		.uleb128 0x3b
 1346 0135 0B       		.uleb128 0xb
 1347 0136 49       		.uleb128 0x49
 1348 0137 13       		.uleb128 0x13
 1349 0138 02       		.uleb128 0x2
 1350 0139 18       		.uleb128 0x18
 1351 013a 00       		.byte	0
 1352 013b 00       		.byte	0
 1353 013c 18       		.uleb128 0x18
 1354 013d 0B       		.uleb128 0xb
 1355 013e 01       		.byte	0x1
 1356 013f 11       		.uleb128 0x11
 1357 0140 01       		.uleb128 0x1
 1358 0141 12       		.uleb128 0x12
 1359 0142 06       		.uleb128 0x6
 1360 0143 01       		.uleb128 0x1
 1361 0144 13       		.uleb128 0x13
 1362 0145 00       		.byte	0
 1363 0146 00       		.byte	0
 1364 0147 19       		.uleb128 0x19
 1365 0148 1D       		.uleb128 0x1d
 1366 0149 01       		.byte	0x1
 1367 014a 31       		.uleb128 0x31
 1368 014b 13       		.uleb128 0x13
ARM GAS  /tmp/ccuzNTuK.s 			page 25


 1369 014c 52       		.uleb128 0x52
 1370 014d 01       		.uleb128 0x1
 1371 014e 55       		.uleb128 0x55
 1372 014f 17       		.uleb128 0x17
 1373 0150 58       		.uleb128 0x58
 1374 0151 0B       		.uleb128 0xb
 1375 0152 59       		.uleb128 0x59
 1376 0153 0B       		.uleb128 0xb
 1377 0154 01       		.uleb128 0x1
 1378 0155 13       		.uleb128 0x13
 1379 0156 00       		.byte	0
 1380 0157 00       		.byte	0
 1381 0158 1A       		.uleb128 0x1a
 1382 0159 05       		.uleb128 0x5
 1383 015a 00       		.byte	0
 1384 015b 31       		.uleb128 0x31
 1385 015c 13       		.uleb128 0x13
 1386 015d 02       		.uleb128 0x2
 1387 015e 18       		.uleb128 0x18
 1388 015f 00       		.byte	0
 1389 0160 00       		.byte	0
 1390 0161 1B       		.uleb128 0x1b
 1391 0162 898201   		.uleb128 0x4109
 1392 0165 01       		.byte	0x1
 1393 0166 11       		.uleb128 0x11
 1394 0167 01       		.uleb128 0x1
 1395 0168 31       		.uleb128 0x31
 1396 0169 13       		.uleb128 0x13
 1397 016a 01       		.uleb128 0x1
 1398 016b 13       		.uleb128 0x13
 1399 016c 00       		.byte	0
 1400 016d 00       		.byte	0
 1401 016e 1C       		.uleb128 0x1c
 1402 016f 8A8201   		.uleb128 0x410a
 1403 0172 00       		.byte	0
 1404 0173 02       		.uleb128 0x2
 1405 0174 18       		.uleb128 0x18
 1406 0175 9142     		.uleb128 0x2111
 1407 0177 18       		.uleb128 0x18
 1408 0178 00       		.byte	0
 1409 0179 00       		.byte	0
 1410 017a 1D       		.uleb128 0x1d
 1411 017b 898201   		.uleb128 0x4109
 1412 017e 00       		.byte	0
 1413 017f 11       		.uleb128 0x11
 1414 0180 01       		.uleb128 0x1
 1415 0181 31       		.uleb128 0x31
 1416 0182 13       		.uleb128 0x13
 1417 0183 00       		.byte	0
 1418 0184 00       		.byte	0
 1419 0185 1E       		.uleb128 0x1e
 1420 0186 05       		.uleb128 0x5
 1421 0187 00       		.byte	0
 1422 0188 31       		.uleb128 0x31
 1423 0189 13       		.uleb128 0x13
 1424 018a 02       		.uleb128 0x2
 1425 018b 17       		.uleb128 0x17
ARM GAS  /tmp/ccuzNTuK.s 			page 26


 1426 018c 00       		.byte	0
 1427 018d 00       		.byte	0
 1428 018e 1F       		.uleb128 0x1f
 1429 018f 0B       		.uleb128 0xb
 1430 0190 01       		.byte	0x1
 1431 0191 55       		.uleb128 0x55
 1432 0192 17       		.uleb128 0x17
 1433 0193 00       		.byte	0
 1434 0194 00       		.byte	0
 1435 0195 20       		.uleb128 0x20
 1436 0196 34       		.uleb128 0x34
 1437 0197 00       		.byte	0
 1438 0198 31       		.uleb128 0x31
 1439 0199 13       		.uleb128 0x13
 1440 019a 02       		.uleb128 0x2
 1441 019b 17       		.uleb128 0x17
 1442 019c 00       		.byte	0
 1443 019d 00       		.byte	0
 1444 019e 21       		.uleb128 0x21
 1445 019f 0B       		.uleb128 0xb
 1446 01a0 01       		.byte	0x1
 1447 01a1 55       		.uleb128 0x55
 1448 01a2 17       		.uleb128 0x17
 1449 01a3 01       		.uleb128 0x1
 1450 01a4 13       		.uleb128 0x13
 1451 01a5 00       		.byte	0
 1452 01a6 00       		.byte	0
 1453 01a7 22       		.uleb128 0x22
 1454 01a8 898201   		.uleb128 0x4109
 1455 01ab 01       		.byte	0x1
 1456 01ac 11       		.uleb128 0x11
 1457 01ad 01       		.uleb128 0x1
 1458 01ae 31       		.uleb128 0x31
 1459 01af 13       		.uleb128 0x13
 1460 01b0 00       		.byte	0
 1461 01b1 00       		.byte	0
 1462 01b2 23       		.uleb128 0x23
 1463 01b3 2E       		.uleb128 0x2e
 1464 01b4 01       		.byte	0x1
 1465 01b5 3F       		.uleb128 0x3f
 1466 01b6 19       		.uleb128 0x19
 1467 01b7 03       		.uleb128 0x3
 1468 01b8 0E       		.uleb128 0xe
 1469 01b9 3A       		.uleb128 0x3a
 1470 01ba 0B       		.uleb128 0xb
 1471 01bb 3B       		.uleb128 0x3b
 1472 01bc 0B       		.uleb128 0xb
 1473 01bd 27       		.uleb128 0x27
 1474 01be 19       		.uleb128 0x19
 1475 01bf 11       		.uleb128 0x11
 1476 01c0 01       		.uleb128 0x1
 1477 01c1 12       		.uleb128 0x12
 1478 01c2 06       		.uleb128 0x6
 1479 01c3 40       		.uleb128 0x40
 1480 01c4 18       		.uleb128 0x18
 1481 01c5 9742     		.uleb128 0x2117
 1482 01c7 19       		.uleb128 0x19
ARM GAS  /tmp/ccuzNTuK.s 			page 27


 1483 01c8 01       		.uleb128 0x1
 1484 01c9 13       		.uleb128 0x13
 1485 01ca 00       		.byte	0
 1486 01cb 00       		.byte	0
 1487 01cc 24       		.uleb128 0x24
 1488 01cd 34       		.uleb128 0x34
 1489 01ce 00       		.byte	0
 1490 01cf 03       		.uleb128 0x3
 1491 01d0 0E       		.uleb128 0xe
 1492 01d1 3A       		.uleb128 0x3a
 1493 01d2 0B       		.uleb128 0xb
 1494 01d3 3B       		.uleb128 0x3b
 1495 01d4 0B       		.uleb128 0xb
 1496 01d5 49       		.uleb128 0x49
 1497 01d6 13       		.uleb128 0x13
 1498 01d7 3F       		.uleb128 0x3f
 1499 01d8 19       		.uleb128 0x19
 1500 01d9 3C       		.uleb128 0x3c
 1501 01da 19       		.uleb128 0x19
 1502 01db 00       		.byte	0
 1503 01dc 00       		.byte	0
 1504 01dd 25       		.uleb128 0x25
 1505 01de 2E       		.uleb128 0x2e
 1506 01df 01       		.byte	0x1
 1507 01e0 3F       		.uleb128 0x3f
 1508 01e1 19       		.uleb128 0x19
 1509 01e2 03       		.uleb128 0x3
 1510 01e3 0E       		.uleb128 0xe
 1511 01e4 3A       		.uleb128 0x3a
 1512 01e5 0B       		.uleb128 0xb
 1513 01e6 3B       		.uleb128 0x3b
 1514 01e7 0B       		.uleb128 0xb
 1515 01e8 27       		.uleb128 0x27
 1516 01e9 19       		.uleb128 0x19
 1517 01ea 3C       		.uleb128 0x3c
 1518 01eb 19       		.uleb128 0x19
 1519 01ec 01       		.uleb128 0x1
 1520 01ed 13       		.uleb128 0x13
 1521 01ee 00       		.byte	0
 1522 01ef 00       		.byte	0
 1523 01f0 26       		.uleb128 0x26
 1524 01f1 05       		.uleb128 0x5
 1525 01f2 00       		.byte	0
 1526 01f3 49       		.uleb128 0x49
 1527 01f4 13       		.uleb128 0x13
 1528 01f5 00       		.byte	0
 1529 01f6 00       		.byte	0
 1530 01f7 27       		.uleb128 0x27
 1531 01f8 2E       		.uleb128 0x2e
 1532 01f9 01       		.byte	0x1
 1533 01fa 3F       		.uleb128 0x3f
 1534 01fb 19       		.uleb128 0x19
 1535 01fc 03       		.uleb128 0x3
 1536 01fd 0E       		.uleb128 0xe
 1537 01fe 3A       		.uleb128 0x3a
 1538 01ff 0B       		.uleb128 0xb
 1539 0200 3B       		.uleb128 0x3b
ARM GAS  /tmp/ccuzNTuK.s 			page 28


 1540 0201 0B       		.uleb128 0xb
 1541 0202 27       		.uleb128 0x27
 1542 0203 19       		.uleb128 0x19
 1543 0204 49       		.uleb128 0x49
 1544 0205 13       		.uleb128 0x13
 1545 0206 3C       		.uleb128 0x3c
 1546 0207 19       		.uleb128 0x19
 1547 0208 01       		.uleb128 0x1
 1548 0209 13       		.uleb128 0x13
 1549 020a 00       		.byte	0
 1550 020b 00       		.byte	0
 1551 020c 28       		.uleb128 0x28
 1552 020d 2E       		.uleb128 0x2e
 1553 020e 01       		.byte	0x1
 1554 020f 3F       		.uleb128 0x3f
 1555 0210 19       		.uleb128 0x19
 1556 0211 03       		.uleb128 0x3
 1557 0212 0E       		.uleb128 0xe
 1558 0213 3A       		.uleb128 0x3a
 1559 0214 0B       		.uleb128 0xb
 1560 0215 3B       		.uleb128 0x3b
 1561 0216 0B       		.uleb128 0xb
 1562 0217 27       		.uleb128 0x27
 1563 0218 19       		.uleb128 0x19
 1564 0219 3C       		.uleb128 0x3c
 1565 021a 19       		.uleb128 0x19
 1566 021b 00       		.byte	0
 1567 021c 00       		.byte	0
 1568 021d 00       		.byte	0
 1569              		.section	.debug_loc,"",%progbits
 1570              	.Ldebug_loc0:
 1571              	.LLST0:
 1572 0000 00000000 		.4byte	.LVL0
 1573 0004 24000000 		.4byte	.LVL3
 1574 0008 0100     		.2byte	0x1
 1575 000a 50       		.byte	0x50
 1576 000b 24000000 		.4byte	.LVL3
 1577 000f 34000000 		.4byte	.LVL6
 1578 0013 0300     		.2byte	0x3
 1579 0015 75       		.byte	0x75
 1580 0016 54       		.sleb128 -44
 1581 0017 9F       		.byte	0x9f
 1582 0018 34000000 		.4byte	.LVL6
 1583 001c 37000000 		.4byte	.LVL7-1
 1584 0020 0100     		.2byte	0x1
 1585 0022 50       		.byte	0x50
 1586 0023 37000000 		.4byte	.LVL7-1
 1587 0027 40000000 		.4byte	.LFE7
 1588 002b 0300     		.2byte	0x3
 1589 002d 75       		.byte	0x75
 1590 002e 54       		.sleb128 -44
 1591 002f 9F       		.byte	0x9f
 1592 0030 00000000 		.4byte	0
 1593 0034 00000000 		.4byte	0
 1594              	.LLST1:
 1595 0038 00000000 		.4byte	.LVL0
 1596 003c 24000000 		.4byte	.LVL3
ARM GAS  /tmp/ccuzNTuK.s 			page 29


 1597 0040 0100     		.2byte	0x1
 1598 0042 51       		.byte	0x51
 1599 0043 24000000 		.4byte	.LVL3
 1600 0047 2C000000 		.4byte	.LVL5
 1601 004b 0400     		.2byte	0x4
 1602 004d F3       		.byte	0xf3
 1603 004e 01       		.uleb128 0x1
 1604 004f 51       		.byte	0x51
 1605 0050 9F       		.byte	0x9f
 1606 0051 2C000000 		.4byte	.LVL5
 1607 0055 34000000 		.4byte	.LVL6
 1608 0059 0100     		.2byte	0x1
 1609 005b 50       		.byte	0x50
 1610 005c 34000000 		.4byte	.LVL6
 1611 0060 37000000 		.4byte	.LVL7-1
 1612 0064 0100     		.2byte	0x1
 1613 0066 51       		.byte	0x51
 1614 0067 37000000 		.4byte	.LVL7-1
 1615 006b 40000000 		.4byte	.LFE7
 1616 006f 0400     		.2byte	0x4
 1617 0071 F3       		.byte	0xf3
 1618 0072 01       		.uleb128 0x1
 1619 0073 51       		.byte	0x51
 1620 0074 9F       		.byte	0x9f
 1621 0075 00000000 		.4byte	0
 1622 0079 00000000 		.4byte	0
 1623              	.LLST2:
 1624 007d 16000000 		.4byte	.LVL8
 1625 0081 28000000 		.4byte	.LVL9
 1626 0085 0100     		.2byte	0x1
 1627 0087 52       		.byte	0x52
 1628 0088 00000000 		.4byte	0
 1629 008c 00000000 		.4byte	0
 1630              	.LLST3:
 1631 0090 16000000 		.4byte	.LVL8
 1632 0094 28000000 		.4byte	.LVL9
 1633 0098 0100     		.2byte	0x1
 1634 009a 50       		.byte	0x50
 1635 009b 00000000 		.4byte	0
 1636 009f 00000000 		.4byte	0
 1637              	.LLST4:
 1638 00a3 00000000 		.4byte	.LVL11
 1639 00a7 0B000000 		.4byte	.LVL12-1
 1640 00ab 0100     		.2byte	0x1
 1641 00ad 50       		.byte	0x50
 1642 00ae 0B000000 		.4byte	.LVL12-1
 1643 00b2 14000000 		.4byte	.LFE9
 1644 00b6 0400     		.2byte	0x4
 1645 00b8 F3       		.byte	0xf3
 1646 00b9 01       		.uleb128 0x1
 1647 00ba 50       		.byte	0x50
 1648 00bb 9F       		.byte	0x9f
 1649 00bc 00000000 		.4byte	0
 1650 00c0 00000000 		.4byte	0
 1651              	.LLST5:
 1652 00c4 00000000 		.4byte	.LVL11
 1653 00c8 0B000000 		.4byte	.LVL12-1
ARM GAS  /tmp/ccuzNTuK.s 			page 30


 1654 00cc 0100     		.2byte	0x1
 1655 00ce 51       		.byte	0x51
 1656 00cf 0B000000 		.4byte	.LVL12-1
 1657 00d3 14000000 		.4byte	.LFE9
 1658 00d7 0400     		.2byte	0x4
 1659 00d9 F3       		.byte	0xf3
 1660 00da 01       		.uleb128 0x1
 1661 00db 51       		.byte	0x51
 1662 00dc 9F       		.byte	0x9f
 1663 00dd 00000000 		.4byte	0
 1664 00e1 00000000 		.4byte	0
 1665              		.section	.debug_aranges,"",%progbits
 1666 0000 2C000000 		.4byte	0x2c
 1667 0004 0200     		.2byte	0x2
 1668 0006 00000000 		.4byte	.Ldebug_info0
 1669 000a 04       		.byte	0x4
 1670 000b 00       		.byte	0
 1671 000c 0000     		.2byte	0
 1672 000e 0000     		.2byte	0
 1673 0010 00000000 		.4byte	.LFB7
 1674 0014 40000000 		.4byte	.LFE7-.LFB7
 1675 0018 00000000 		.4byte	.LFB8
 1676 001c 3C000000 		.4byte	.LFE8-.LFB8
 1677 0020 00000000 		.4byte	.LFB9
 1678 0024 14000000 		.4byte	.LFE9-.LFB9
 1679 0028 00000000 		.4byte	0
 1680 002c 00000000 		.4byte	0
 1681              		.section	.debug_ranges,"",%progbits
 1682              	.Ldebug_ranges0:
 1683 0000 14000000 		.4byte	.LBB11
 1684 0004 16000000 		.4byte	.LBE11
 1685 0008 1A000000 		.4byte	.LBB14
 1686 000c 22000000 		.4byte	.LBE14
 1687 0010 00000000 		.4byte	0
 1688 0014 00000000 		.4byte	0
 1689 0018 16000000 		.4byte	.LBB17
 1690 001c 18000000 		.4byte	.LBE17
 1691 0020 1A000000 		.4byte	.LBB20
 1692 0024 1E000000 		.4byte	.LBE20
 1693 0028 00000000 		.4byte	0
 1694 002c 00000000 		.4byte	0
 1695 0030 1E000000 		.4byte	.LBB21
 1696 0034 20000000 		.4byte	.LBE21
 1697 0038 22000000 		.4byte	.LBB22
 1698 003c 26000000 		.4byte	.LBE22
 1699 0040 00000000 		.4byte	0
 1700 0044 00000000 		.4byte	0
 1701 0048 00000000 		.4byte	.LFB7
 1702 004c 40000000 		.4byte	.LFE7
 1703 0050 00000000 		.4byte	.LFB8
 1704 0054 3C000000 		.4byte	.LFE8
 1705 0058 00000000 		.4byte	.LFB9
 1706 005c 14000000 		.4byte	.LFE9
 1707 0060 00000000 		.4byte	0
 1708 0064 00000000 		.4byte	0
 1709              		.section	.debug_line,"",%progbits
 1710              	.Ldebug_line0:
ARM GAS  /tmp/ccuzNTuK.s 			page 31


 1711 0000 89020000 		.section	.debug_str,"MS",%progbits,1
 1711      02001302 
 1711      00000201 
 1711      FB0E0D00 
 1711      01010101 
 1712              	.LASF37:
 1713 0000 705F6D73 		.ascii	"p_msg\000"
 1713      6700
 1714              	.LASF69:
 1715 0006 71756575 		.ascii	"queue_insert\000"
 1715      655F696E 
 1715      73657274 
 1715      00
 1716              	.LASF60:
 1717 0013 7264796D 		.ascii	"rdymsg\000"
 1717      736700
 1718              	.LASF5:
 1719 001a 5F5F7569 		.ascii	"__uint8_t\000"
 1719      6E74385F 
 1719      7400
 1720              	.LASF67:
 1721 0024 474E5520 		.ascii	"GNU C 4.9.3 20150529 (release) [ARM/embedded-4_9-br"
 1721      4320342E 
 1721      392E3320 
 1721      32303135 
 1721      30353239 
 1722 0057 616E6368 		.ascii	"anch revision 227977] -mcpu=cortex-m3 -mno-thumb-in"
 1722      20726576 
 1722      6973696F 
 1722      6E203232 
 1722      37393737 
 1723 008a 74657277 		.ascii	"terwork -mthumb -ggdb -O2 -std=gnu99 -fomit-frame-p"
 1723      6F726B20 
 1723      2D6D7468 
 1723      756D6220 
 1723      2D676764 
 1724 00bd 6F696E74 		.ascii	"ointer -falign-functions=16 -ffunction-sections -fd"
 1724      6572202D 
 1724      66616C69 
 1724      676E2D66 
 1724      756E6374 
 1725 00f0 6174612D 		.ascii	"ata-sections -fno-common\000"
 1725      73656374 
 1725      696F6E73 
 1725      202D666E 
 1725      6F2D636F 
 1726              	.LASF11:
 1727 0109 6C6F6E67 		.ascii	"long long unsigned int\000"
 1727      206C6F6E 
 1727      6720756E 
 1727      7369676E 
 1727      65642069 
 1728              	.LASF61:
 1729 0120 65786974 		.ascii	"exitcode\000"
 1729      636F6465 
 1729      00
 1730              	.LASF26:
ARM GAS  /tmp/ccuzNTuK.s 			page 32


 1731 0129 705F7072 		.ascii	"p_prio\000"
 1731      696F00
 1732              	.LASF10:
 1733 0130 6C6F6E67 		.ascii	"long long int\000"
 1733      206C6F6E 
 1733      6720696E 
 1733      7400
 1734              	.LASF1:
 1735 013e 7369676E 		.ascii	"signed char\000"
 1735      65642063 
 1735      68617200 
 1736              	.LASF41:
 1737 014a 705F6D70 		.ascii	"p_mpool\000"
 1737      6F6F6C00 
 1738              	.LASF57:
 1739 0152 6D5F7175 		.ascii	"m_queue\000"
 1739      65756500 
 1740              	.LASF7:
 1741 015a 6C6F6E67 		.ascii	"long int\000"
 1741      20696E74 
 1741      00
 1742              	.LASF65:
 1743 0163 63684D73 		.ascii	"chMsgSend\000"
 1743      6753656E 
 1743      6400
 1744              	.LASF16:
 1745 016d 74737461 		.ascii	"tstate_t\000"
 1745      74655F74 
 1745      00
 1746              	.LASF28:
 1747 0176 705F6E65 		.ascii	"p_newer\000"
 1747      77657200 
 1748              	.LASF8:
 1749 017e 5F5F7569 		.ascii	"__uint32_t\000"
 1749      6E743332 
 1749      5F7400
 1750              	.LASF44:
 1751 0189 72656761 		.ascii	"regarm_t\000"
 1751      726D5F74 
 1751      00
 1752              	.LASF22:
 1753 0192 636E745F 		.ascii	"cnt_t\000"
 1753      7400
 1754              	.LASF0:
 1755 0198 756E7369 		.ascii	"unsigned int\000"
 1755      676E6564 
 1755      20696E74 
 1755      00
 1756              	.LASF9:
 1757 01a5 6C6F6E67 		.ascii	"long unsigned int\000"
 1757      20756E73 
 1757      69676E65 
 1757      6420696E 
 1757      7400
 1758              	.LASF46:
 1759 01b7 636F6E74 		.ascii	"context\000"
 1759      65787400 
ARM GAS  /tmp/ccuzNTuK.s 			page 33


 1760              	.LASF4:
 1761 01bf 73686F72 		.ascii	"short unsigned int\000"
 1761      7420756E 
 1761      7369676E 
 1761      65642069 
 1761      6E7400
 1762              	.LASF19:
 1763 01d2 6D73675F 		.ascii	"msg_t\000"
 1763      7400
 1764              	.LASF51:
 1765 01d8 725F6E65 		.ascii	"r_newer\000"
 1765      77657200 
 1766              	.LASF15:
 1767 01e0 746D6F64 		.ascii	"tmode_t\000"
 1767      655F7400 
 1768              	.LASF43:
 1769 01e8 54687265 		.ascii	"ThreadsList\000"
 1769      6164734C 
 1769      69737400 
 1770              	.LASF20:
 1771 01f4 6576656E 		.ascii	"eventmask_t\000"
 1771      746D6173 
 1771      6B5F7400 
 1772              	.LASF56:
 1773 0200 4D757465 		.ascii	"Mutex\000"
 1773      7800
 1774              	.LASF68:
 1775 0206 2F686F6D 		.ascii	"/home/nicolas/Desktop/Embebidos/stamp_repo/files/co"
 1775      652F6E69 
 1775      636F6C61 
 1775      732F4465 
 1775      736B746F 
 1776 0239 64652F65 		.ascii	"de/ext/ChibiOS/os/kernel/src/chmsg.c\000"
 1776      78742F43 
 1776      68696269 
 1776      4F532F6F 
 1776      732F6B65 
 1777              	.LASF47:
 1778 025e 73697A65 		.ascii	"sizetype\000"
 1778      74797065 
 1778      00
 1779              	.LASF29:
 1780 0267 705F6F6C 		.ascii	"p_older\000"
 1780      64657200 
 1781              	.LASF50:
 1782 026f 725F6374 		.ascii	"r_ctx\000"
 1782      7800
 1783              	.LASF42:
 1784 0275 54687265 		.ascii	"ThreadsQueue\000"
 1784      61647351 
 1784      75657565 
 1784      00
 1785              	.LASF54:
 1786 0282 725F6375 		.ascii	"r_current\000"
 1786      7272656E 
 1786      7400
 1787              	.LASF52:
ARM GAS  /tmp/ccuzNTuK.s 			page 34


 1788 028c 725F6F6C 		.ascii	"r_older\000"
 1788      64657200 
 1789              	.LASF17:
 1790 0294 74726566 		.ascii	"trefs_t\000"
 1790      735F7400 
 1791              	.LASF25:
 1792 029c 705F7072 		.ascii	"p_prev\000"
 1792      657600
 1793              	.LASF18:
 1794 02a3 74707269 		.ascii	"tprio_t\000"
 1794      6F5F7400 
 1795              	.LASF13:
 1796 02ab 696E7433 		.ascii	"int32_t\000"
 1796      325F7400 
 1797              	.LASF2:
 1798 02b3 756E7369 		.ascii	"unsigned char\000"
 1798      676E6564 
 1798      20636861 
 1798      7200
 1799              	.LASF39:
 1800 02c1 705F6D74 		.ascii	"p_mtxlist\000"
 1800      786C6973 
 1800      7400
 1801              	.LASF3:
 1802 02cb 73686F72 		.ascii	"short int\000"
 1802      7420696E 
 1802      7400
 1803              	.LASF31:
 1804 02d5 705F7374 		.ascii	"p_state\000"
 1804      61746500 
 1805              	.LASF49:
 1806 02dd 725F7072 		.ascii	"r_prio\000"
 1806      696F00
 1807              	.LASF63:
 1808 02e4 65776D61 		.ascii	"ewmask\000"
 1808      736B00
 1809              	.LASF24:
 1810 02eb 705F6E65 		.ascii	"p_next\000"
 1810      787400
 1811              	.LASF32:
 1812 02f2 705F666C 		.ascii	"p_flags\000"
 1812      61677300 
 1813              	.LASF23:
 1814 02fa 54687265 		.ascii	"Thread\000"
 1814      616400
 1815              	.LASF71:
 1816 0301 63684D73 		.ascii	"chMsgRelease\000"
 1816      6752656C 
 1816      65617365 
 1816      00
 1817              	.LASF73:
 1818 030e 63685363 		.ascii	"chSchGoSleepS\000"
 1818      68476F53 
 1818      6C656570 
 1818      5300
 1819              	.LASF38:
 1820 031c 705F6570 		.ascii	"p_epending\000"
ARM GAS  /tmp/ccuzNTuK.s 			page 35


 1820      656E6469 
 1820      6E6700
 1821              	.LASF14:
 1822 0327 75696E74 		.ascii	"uint32_t\000"
 1822      33325F74 
 1822      00
 1823              	.LASF48:
 1824 0330 725F7175 		.ascii	"r_queue\000"
 1824      65756500 
 1825              	.LASF74:
 1826 0338 63685363 		.ascii	"chSchReadyI\000"
 1826      68526561 
 1826      64794900 
 1827              	.LASF64:
 1828 0344 63686172 		.ascii	"char\000"
 1828      00
 1829              	.LASF70:
 1830 0349 6669666F 		.ascii	"fifo_remove\000"
 1830      5F72656D 
 1830      6F766500 
 1831              	.LASF59:
 1832 0355 6D5F6E65 		.ascii	"m_next\000"
 1832      787400
 1833              	.LASF21:
 1834 035c 73797374 		.ascii	"systime_t\000"
 1834      696D655F 
 1834      7400
 1835              	.LASF40:
 1836 0366 705F7265 		.ascii	"p_realprio\000"
 1836      616C7072 
 1836      696F00
 1837              	.LASF6:
 1838 0371 5F5F696E 		.ascii	"__int32_t\000"
 1838      7433325F 
 1838      7400
 1839              	.LASF34:
 1840 037b 705F7469 		.ascii	"p_time\000"
 1840      6D6500
 1841              	.LASF45:
 1842 0382 696E7463 		.ascii	"intctx\000"
 1842      747800
 1843              	.LASF36:
 1844 0389 705F6D73 		.ascii	"p_msgqueue\000"
 1844      67717565 
 1844      756500
 1845              	.LASF75:
 1846 0394 63685363 		.ascii	"chSchWakeupS\000"
 1846      6857616B 
 1846      65757053 
 1846      00
 1847              	.LASF66:
 1848 03a1 63684D73 		.ascii	"chMsgWait\000"
 1848      67576169 
 1848      7400
 1849              	.LASF33:
 1850 03ab 705F7265 		.ascii	"p_refs\000"
 1850      667300
ARM GAS  /tmp/ccuzNTuK.s 			page 36


 1851              	.LASF55:
 1852 03b2 52656164 		.ascii	"ReadyList\000"
 1852      794C6973 
 1852      7400
 1853              	.LASF72:
 1854 03bc 726C6973 		.ascii	"rlist\000"
 1854      7400
 1855              	.LASF12:
 1856 03c2 75696E74 		.ascii	"uint8_t\000"
 1856      385F7400 
 1857              	.LASF62:
 1858 03ca 77746F62 		.ascii	"wtobjp\000"
 1858      6A7000
 1859              	.LASF30:
 1860 03d1 705F6E61 		.ascii	"p_name\000"
 1860      6D6500
 1861              	.LASF53:
 1862 03d8 725F7072 		.ascii	"r_preempt\000"
 1862      65656D70 
 1862      7400
 1863              	.LASF58:
 1864 03e2 6D5F6F77 		.ascii	"m_owner\000"
 1864      6E657200 
 1865              	.LASF27:
 1866 03ea 705F6374 		.ascii	"p_ctx\000"
 1866      7800
 1867              	.LASF35:
 1868 03f0 705F7761 		.ascii	"p_waiting\000"
 1868      6974696E 
 1868      6700
 1869              		.ident	"GCC: (GNU Tools for ARM Embedded Processors) 4.9.3 20150529 (release) [ARM/embedded-4_9-br
ARM GAS  /tmp/ccuzNTuK.s 			page 37


DEFINED SYMBOLS
                            *ABS*:00000000 chmsg.c
     /tmp/ccuzNTuK.s:19     .text.chMsgSend:00000000 $t
     /tmp/ccuzNTuK.s:25     .text.chMsgSend:00000000 chMsgSend
     /tmp/ccuzNTuK.s:112    .text.chMsgSend:0000003c $d
     /tmp/ccuzNTuK.s:117    .text.chMsgWait:00000000 $t
     /tmp/ccuzNTuK.s:123    .text.chMsgWait:00000000 chMsgWait
     /tmp/ccuzNTuK.s:193    .text.chMsgWait:00000038 $d
     /tmp/ccuzNTuK.s:198    .text.chMsgRelease:00000000 $t
     /tmp/ccuzNTuK.s:204    .text.chMsgRelease:00000000 chMsgRelease
                     .debug_frame:00000010 $d

UNDEFINED SYMBOLS
chSchGoSleepS
chSchReadyI
rlist
chSchWakeupS
