ARM GAS  /tmp/cc1GooYC.s 			page 1


   1              		.syntax unified
   2              		.cpu cortex-m3
   3              		.fpu softvfp
   4              		.eabi_attribute 20, 1
   5              		.eabi_attribute 21, 1
   6              		.eabi_attribute 23, 3
   7              		.eabi_attribute 24, 1
   8              		.eabi_attribute 25, 1
   9              		.eabi_attribute 26, 1
  10              		.eabi_attribute 30, 2
  11              		.eabi_attribute 34, 1
  12              		.eabi_attribute 18, 4
  13              		.thumb
  14              		.file	"chsys.c"
  15              		.text
  16              	.Ltext0:
  17              		.cfi_sections	.debug_frame
  18              		.section	.text._idle_thread,"ax",%progbits
  19              		.align	2
  20              		.p2align 4,,15
  21              		.global	_idle_thread
  22              		.thumb
  23              		.thumb_func
  24              		.type	_idle_thread, %function
  25              	_idle_thread:
  26              	.LFB7:
  27              		.file 1 "/home/leoperez/Documents/acuerol-stamp_repo-9ea99115aa86/files/code/ext/ChibiOS/os/kernel
  28              		.loc 1 59 0
  29              		.cfi_startproc
  30              		@ Volatile: function does not return.
  31              		@ args = 0, pretend = 0, frame = 0
  32              		@ frame_needed = 0, uses_anonymous_args = 0
  33              		@ link register save eliminated.
  34              	.LVL0:
  35              		.loc 1 62 0
  36 0000 024B     		ldr	r3, .L4
  37 0002 034A     		ldr	r2, .L4+4
  38 0004 DB69     		ldr	r3, [r3, #28]
  39 0006 9A61     		str	r2, [r3, #24]
  40              	.L2:
  41              		.loc 1 66 0 discriminator 1
  42 0008 FEE7     		b	.L2
  43              	.L5:
  44 000a 00BF     		.align	2
  45              	.L4:
  46 000c 00000000 		.word	rlist
  47 0010 00000000 		.word	.LC0
  48              		.cfi_endproc
  49              	.LFE7:
  50              		.size	_idle_thread, .-_idle_thread
  51              		.section	.text.chSysInit,"ax",%progbits
  52              		.align	2
  53              		.p2align 4,,15
  54              		.global	chSysInit
  55              		.thumb
  56              		.thumb_func
  57              		.type	chSysInit, %function
ARM GAS  /tmp/cc1GooYC.s 			page 2


  58              	chSysInit:
  59              	.LFB8:
  60              		.loc 1 82 0
  61              		.cfi_startproc
  62              		@ args = 0, pretend = 0, frame = 0
  63              		@ frame_needed = 0, uses_anonymous_args = 0
  64 0000 00B5     		push	{lr}
  65              		.cfi_def_cfa_offset 4
  66              		.cfi_offset 14, -4
  67 0002 83B0     		sub	sp, sp, #12
  68              		.cfi_def_cfa_offset 16
  69              		.loc 1 88 0
  70 0004 FFF7FEFF 		bl	_port_init
  71              	.LVL1:
  72              		.loc 1 89 0
  73 0008 FFF7FEFF 		bl	_scheduler_init
  74              	.LVL2:
  75              		.loc 1 90 0
  76 000c FFF7FEFF 		bl	_vt_init
  77              	.LVL3:
  78              		.loc 1 92 0
  79 0010 FFF7FEFF 		bl	_core_init
  80              	.LVL4:
  81              		.loc 1 95 0
  82 0014 FFF7FEFF 		bl	_heap_init
  83              	.LVL5:
  84              		.loc 1 102 0
  85 0018 4021     		movs	r1, #64
  86 001a 0B48     		ldr	r0, .L8
  87 001c FFF7FEFF 		bl	_thread_init
  88              	.LVL6:
  89 0020 0A49     		ldr	r1, .L8+4
  90              		.loc 1 103 0
  91 0022 0122     		movs	r2, #1
  92              		.loc 1 102 0
  93 0024 C861     		str	r0, [r1, #28]
  94              	.LBB2:
  95              		.loc 1 109 0
  96 0026 0023     		movs	r3, #0
  97              	.LBE2:
  98              		.loc 1 103 0
  99 0028 0277     		strb	r2, [r0, #28]
 100              	.LBB3:
 101              		.loc 1 109 0
 102              	@ 109 "/home/leoperez/Documents/acuerol-stamp_repo-9ea99115aa86/files/code/ext/ChibiOS/os/kernel/sr
 103 002a 83F31188 		msr     BASEPRI, r3                    
 104 002e 62B6     		cpsie   i
 105              	@ 0 "" 2
 106              		.thumb
 107              	.LBE3:
 108              		.loc 1 111 0
 109 0030 0748     		ldr	r0, .L8+8
 110 0032 C969     		ldr	r1, [r1, #28]
 111 0034 8861     		str	r0, [r1, #24]
 112              		.loc 1 117 0
 113 0036 0093     		str	r3, [sp]
 114 0038 C021     		movs	r1, #192
ARM GAS  /tmp/cc1GooYC.s 			page 3


 115 003a 064B     		ldr	r3, .L8+12
 116 003c 0648     		ldr	r0, .L8+16
 117 003e FFF7FEFF 		bl	chThdCreateStatic
 118              	.LVL7:
 119              		.loc 1 120 0
 120 0042 03B0     		add	sp, sp, #12
 121              		.cfi_def_cfa_offset 4
 122              		@ sp needed
 123 0044 5DF804FB 		ldr	pc, [sp], #4
 124              	.L9:
 125              		.align	2
 126              	.L8:
 127 0048 00000000 		.word	.LANCHOR0
 128 004c 00000000 		.word	rlist
 129 0050 08000000 		.word	.LC1
 130 0054 00000000 		.word	_idle_thread
 131 0058 00000000 		.word	.LANCHOR1
 132              		.cfi_endproc
 133              	.LFE8:
 134              		.size	chSysInit, .-chSysInit
 135              		.section	.text.chSysTimerHandlerI,"ax",%progbits
 136              		.align	2
 137              		.p2align 4,,15
 138              		.global	chSysTimerHandlerI
 139              		.thumb
 140              		.thumb_func
 141              		.type	chSysTimerHandlerI, %function
 142              	chSysTimerHandlerI:
 143              	.LFB9:
 144              		.loc 1 133 0
 145              		.cfi_startproc
 146              		@ args = 0, pretend = 0, frame = 0
 147              		@ frame_needed = 0, uses_anonymous_args = 0
 148              		.loc 1 139 0
 149 0000 114A     		ldr	r2, .L18
 150              		.loc 1 133 0
 151 0002 38B5     		push	{r3, r4, r5, lr}
 152              		.cfi_def_cfa_offset 16
 153              		.cfi_offset 3, -16
 154              		.cfi_offset 4, -12
 155              		.cfi_offset 5, -8
 156              		.cfi_offset 14, -4
 157              		.loc 1 139 0
 158 0004 9369     		ldr	r3, [r2, #24]
 159              		.loc 1 144 0
 160 0006 D169     		ldr	r1, [r2, #28]
 161              		.loc 1 139 0
 162 0008 002B     		cmp	r3, #0
 163              		.loc 1 141 0
 164 000a C4BF     		itt	gt
 165 000c 03F1FF33 		addgt	r3, r3, #-1
 166 0010 9361     		strgt	r3, [r2, #24]
 167              		.loc 1 144 0
 168 0012 0A6A     		ldr	r2, [r1, #32]
 169              		.loc 1 146 0
 170 0014 0D4C     		ldr	r4, .L18+4
 171              		.loc 1 144 0
ARM GAS  /tmp/cc1GooYC.s 			page 4


 172 0016 0132     		adds	r2, r2, #1
 173 0018 0A62     		str	r2, [r1, #32]
 174              		.loc 1 146 0
 175 001a E268     		ldr	r2, [r4, #12]
 176 001c 2368     		ldr	r3, [r4]
 177 001e 0132     		adds	r2, r2, #1
 178 0020 A342     		cmp	r3, r4
 179 0022 E260     		str	r2, [r4, #12]
 180 0024 0ED0     		beq	.L10
 181              	.LBB4:
 182              		.loc 1 146 0 is_stmt 0 discriminator 1
 183 0026 9D68     		ldr	r5, [r3, #8]
 184 0028 013D     		subs	r5, r5, #1
 185 002a 9D60     		str	r5, [r3, #8]
 186              	.LVL8:
 187 002c 55B9     		cbnz	r5, .L10
 188              	.L14:
 189              	.LBB5:
 190              		.loc 1 146 0 discriminator 4
 191 002e 1A68     		ldr	r2, [r3]
 192 0030 D968     		ldr	r1, [r3, #12]
 193              	.LVL9:
 194 0032 1869     		ldr	r0, [r3, #16]
 195 0034 DD60     		str	r5, [r3, #12]
 196 0036 2260     		str	r2, [r4]
 197 0038 5460     		str	r4, [r2, #4]
 198 003a 8847     		blx	r1
 199              	.LVL10:
 200              	.LBE5:
 201 003c 2368     		ldr	r3, [r4]
 202              	.LVL11:
 203 003e 9A68     		ldr	r2, [r3, #8]
 204 0040 002A     		cmp	r2, #0
 205 0042 F4D0     		beq	.L14
 206              	.LVL12:
 207              	.L10:
 208 0044 38BD     		pop	{r3, r4, r5, pc}
 209              	.L19:
 210 0046 00BF     		.align	2
 211              	.L18:
 212 0048 00000000 		.word	rlist
 213 004c 00000000 		.word	vtlist
 214              	.LBE4:
 215              		.cfi_endproc
 216              	.LFE9:
 217              		.size	chSysTimerHandlerI, .-chSysTimerHandlerI
 218              		.global	_idle_thread_wa
 219              		.section	.rodata.str1.4,"aMS",%progbits,1
 220              		.align	2
 221              	.LC0:
 222 0000 69646C65 		.ascii	"idle\000"
 222      00
 223 0005 000000   		.space	3
 224              	.LC1:
 225 0008 6D61696E 		.ascii	"main\000"
 225      00
 226              		.section	.bss.mainthread.4837,"aw",%nobits
ARM GAS  /tmp/cc1GooYC.s 			page 5


 227              		.align	2
 228              		.set	.LANCHOR0,. + 0
 229              		.type	mainthread.4837, %object
 230              		.size	mainthread.4837, 72
 231              	mainthread.4837:
 232 0000 00000000 		.space	72
 232      00000000 
 232      00000000 
 232      00000000 
 232      00000000 
 233              		.section	.bss._idle_thread_wa,"aw",%nobits
 234              		.align	3
 235              		.set	.LANCHOR1,. + 0
 236              		.type	_idle_thread_wa, %object
 237              		.size	_idle_thread_wa, 192
 238              	_idle_thread_wa:
 239 0000 00000000 		.space	192
 239      00000000 
 239      00000000 
 239      00000000 
 239      00000000 
 240              		.text
 241              	.Letext0:
 242              		.file 2 "/home/leoperez/Documents/acuerol-stamp_repo-9ea99115aa86/gcc-arm-none-eabi-4_9-2015q3/lib
 243              		.file 3 "/home/leoperez/Documents/acuerol-stamp_repo-9ea99115aa86/gcc-arm-none-eabi-4_9-2015q3/arm
 244              		.file 4 "/home/leoperez/Documents/acuerol-stamp_repo-9ea99115aa86/gcc-arm-none-eabi-4_9-2015q3/arm
 245              		.file 5 "/home/leoperez/Documents/acuerol-stamp_repo-9ea99115aa86/files/code/ext/ChibiOS/os/ports/
 246              		.file 6 "/home/leoperez/Documents/acuerol-stamp_repo-9ea99115aa86/files/code/ext/ChibiOS/os/kernel
 247              		.file 7 "/home/leoperez/Documents/acuerol-stamp_repo-9ea99115aa86/files/code/ext/ChibiOS/os/kernel
 248              		.file 8 "/home/leoperez/Documents/acuerol-stamp_repo-9ea99115aa86/files/code/ext/ChibiOS/os/ports/
 249              		.file 9 "/home/leoperez/Documents/acuerol-stamp_repo-9ea99115aa86/files/code/ext/ChibiOS/os/kernel
 250              		.file 10 "/home/leoperez/Documents/acuerol-stamp_repo-9ea99115aa86/files/code/ext/ChibiOS/os/kerne
 251              		.file 11 "/home/leoperez/Documents/acuerol-stamp_repo-9ea99115aa86/files/code/ext/ChibiOS/os/kerne
 252              		.file 12 "/home/leoperez/Documents/acuerol-stamp_repo-9ea99115aa86/files/code/ext/ChibiOS/os/kerne
 253              		.file 13 "/home/leoperez/Documents/acuerol-stamp_repo-9ea99115aa86/files/code/ext/ChibiOS/os/kerne
 254              		.section	.debug_info,"",%progbits
 255              	.Ldebug_info0:
 256 0000 B7060000 		.4byte	0x6b7
 257 0004 0400     		.2byte	0x4
 258 0006 00000000 		.4byte	.Ldebug_abbrev0
 259 000a 04       		.byte	0x4
 260 000b 01       		.uleb128 0x1
 261 000c 49000000 		.4byte	.LASF91
 262 0010 01       		.byte	0x1
 263 0011 46020000 		.4byte	.LASF92
 264 0015 18000000 		.4byte	.Ldebug_ranges0+0x18
 265 0019 00000000 		.4byte	0
 266 001d 00000000 		.4byte	.Ldebug_line0
 267 0021 02       		.uleb128 0x2
 268 0022 04       		.byte	0x4
 269 0023 05       		.byte	0x5
 270 0024 696E7400 		.ascii	"int\000"
 271 0028 03       		.uleb128 0x3
 272 0029 0E000000 		.4byte	.LASF2
 273 002d 02       		.byte	0x2
 274 002e D4       		.byte	0xd4
 275 002f 33000000 		.4byte	0x33
ARM GAS  /tmp/cc1GooYC.s 			page 6


 276 0033 04       		.uleb128 0x4
 277 0034 04       		.byte	0x4
 278 0035 07       		.byte	0x7
 279 0036 FB010000 		.4byte	.LASF0
 280 003a 04       		.uleb128 0x4
 281 003b 01       		.byte	0x1
 282 003c 06       		.byte	0x6
 283 003d 7E010000 		.4byte	.LASF1
 284 0041 03       		.uleb128 0x3
 285 0042 25000000 		.4byte	.LASF3
 286 0046 03       		.byte	0x3
 287 0047 1D       		.byte	0x1d
 288 0048 4C000000 		.4byte	0x4c
 289 004c 04       		.uleb128 0x4
 290 004d 01       		.byte	0x1
 291 004e 08       		.byte	0x8
 292 004f 7A030000 		.4byte	.LASF4
 293 0053 04       		.uleb128 0x4
 294 0054 02       		.byte	0x2
 295 0055 05       		.byte	0x5
 296 0056 9D030000 		.4byte	.LASF5
 297 005a 04       		.uleb128 0x4
 298 005b 02       		.byte	0x2
 299 005c 07       		.byte	0x7
 300 005d 33020000 		.4byte	.LASF6
 301 0061 03       		.uleb128 0x3
 302 0062 2A040000 		.4byte	.LASF7
 303 0066 03       		.byte	0x3
 304 0067 3F       		.byte	0x3f
 305 0068 6C000000 		.4byte	0x6c
 306 006c 04       		.uleb128 0x4
 307 006d 04       		.byte	0x4
 308 006e 05       		.byte	0x5
 309 006f A4010000 		.4byte	.LASF8
 310 0073 03       		.uleb128 0x3
 311 0074 CE010000 		.4byte	.LASF9
 312 0078 03       		.byte	0x3
 313 0079 41       		.byte	0x41
 314 007a 7E000000 		.4byte	0x7e
 315 007e 04       		.uleb128 0x4
 316 007f 04       		.byte	0x4
 317 0080 07       		.byte	0x7
 318 0081 10020000 		.4byte	.LASF10
 319 0085 04       		.uleb128 0x4
 320 0086 08       		.byte	0x8
 321 0087 05       		.byte	0x5
 322 0088 70010000 		.4byte	.LASF11
 323 008c 03       		.uleb128 0x3
 324 008d 50030000 		.4byte	.LASF12
 325 0091 03       		.byte	0x3
 326 0092 5B       		.byte	0x5b
 327 0093 97000000 		.4byte	0x97
 328 0097 04       		.uleb128 0x4
 329 0098 08       		.byte	0x8
 330 0099 07       		.byte	0x7
 331 009a 2E010000 		.4byte	.LASF13
 332 009e 03       		.uleb128 0x3
ARM GAS  /tmp/cc1GooYC.s 			page 7


 333 009f 74040000 		.4byte	.LASF14
 334 00a3 04       		.byte	0x4
 335 00a4 14       		.byte	0x14
 336 00a5 41000000 		.4byte	0x41
 337 00a9 03       		.uleb128 0x3
 338 00aa 72030000 		.4byte	.LASF15
 339 00ae 04       		.byte	0x4
 340 00af 1F       		.byte	0x1f
 341 00b0 61000000 		.4byte	0x61
 342 00b4 03       		.uleb128 0x3
 343 00b5 DE030000 		.4byte	.LASF16
 344 00b9 04       		.byte	0x4
 345 00ba 20       		.byte	0x20
 346 00bb 73000000 		.4byte	0x73
 347 00bf 03       		.uleb128 0x3
 348 00c0 1C000000 		.4byte	.LASF17
 349 00c4 04       		.byte	0x4
 350 00c5 26       		.byte	0x26
 351 00c6 8C000000 		.4byte	0x8c
 352 00ca 03       		.uleb128 0x3
 353 00cb BA020000 		.4byte	.LASF18
 354 00cf 05       		.byte	0x5
 355 00d0 2F       		.byte	0x2f
 356 00d1 9E000000 		.4byte	0x9e
 357 00d5 03       		.uleb128 0x3
 358 00d6 AD010000 		.4byte	.LASF19
 359 00da 05       		.byte	0x5
 360 00db 30       		.byte	0x30
 361 00dc 9E000000 		.4byte	0x9e
 362 00e0 03       		.uleb128 0x3
 363 00e1 5B030000 		.4byte	.LASF20
 364 00e5 05       		.byte	0x5
 365 00e6 31       		.byte	0x31
 366 00e7 9E000000 		.4byte	0x9e
 367 00eb 03       		.uleb128 0x3
 368 00ec 6A030000 		.4byte	.LASF21
 369 00f0 05       		.byte	0x5
 370 00f1 32       		.byte	0x32
 371 00f2 B4000000 		.4byte	0xb4
 372 00f6 03       		.uleb128 0x3
 373 00f7 AC020000 		.4byte	.LASF22
 374 00fb 05       		.byte	0x5
 375 00fc 33       		.byte	0x33
 376 00fd A9000000 		.4byte	0xa9
 377 0101 03       		.uleb128 0x3
 378 0102 CE020000 		.4byte	.LASF23
 379 0106 05       		.byte	0x5
 380 0107 35       		.byte	0x35
 381 0108 B4000000 		.4byte	0xb4
 382 010c 03       		.uleb128 0x3
 383 010d 15040000 		.4byte	.LASF24
 384 0111 05       		.byte	0x5
 385 0112 36       		.byte	0x36
 386 0113 B4000000 		.4byte	0xb4
 387 0117 03       		.uleb128 0x3
 388 0118 F5010000 		.4byte	.LASF25
 389 011c 05       		.byte	0x5
ARM GAS  /tmp/cc1GooYC.s 			page 8


 390 011d 37       		.byte	0x37
 391 011e A9000000 		.4byte	0xa9
 392 0122 03       		.uleb128 0x3
 393 0123 CC030000 		.4byte	.LASF26
 394 0127 06       		.byte	0x6
 395 0128 2A       		.byte	0x2a
 396 0129 2D010000 		.4byte	0x12d
 397 012d 05       		.uleb128 0x5
 398 012e CC030000 		.4byte	.LASF26
 399 0132 48       		.byte	0x48
 400 0133 07       		.byte	0x7
 401 0134 5E       		.byte	0x5e
 402 0135 1E020000 		.4byte	0x21e
 403 0139 06       		.uleb128 0x6
 404 013a BD030000 		.4byte	.LASF27
 405 013e 07       		.byte	0x7
 406 013f 5F       		.byte	0x5f
 407 0140 3F020000 		.4byte	0x23f
 408 0144 00       		.byte	0
 409 0145 06       		.uleb128 0x6
 410 0146 63030000 		.4byte	.LASF28
 411 014a 07       		.byte	0x7
 412 014b 61       		.byte	0x61
 413 014c 3F020000 		.4byte	0x23f
 414 0150 04       		.byte	0x4
 415 0151 06       		.uleb128 0x6
 416 0152 59010000 		.4byte	.LASF29
 417 0156 07       		.byte	0x7
 418 0157 63       		.byte	0x63
 419 0158 EB000000 		.4byte	0xeb
 420 015c 08       		.byte	0x8
 421 015d 06       		.uleb128 0x6
 422 015e B9040000 		.4byte	.LASF30
 423 0162 07       		.byte	0x7
 424 0163 64       		.byte	0x64
 425 0164 03030000 		.4byte	0x303
 426 0168 0C       		.byte	0xc
 427 0169 06       		.uleb128 0x6
 428 016a B6010000 		.4byte	.LASF31
 429 016e 07       		.byte	0x7
 430 016f 66       		.byte	0x66
 431 0170 3F020000 		.4byte	0x23f
 432 0174 10       		.byte	0x10
 433 0175 06       		.uleb128 0x6
 434 0176 16030000 		.4byte	.LASF32
 435 017a 07       		.byte	0x7
 436 017b 67       		.byte	0x67
 437 017c 3F020000 		.4byte	0x23f
 438 0180 14       		.byte	0x14
 439 0181 06       		.uleb128 0x6
 440 0182 8E040000 		.4byte	.LASF33
 441 0186 07       		.byte	0x7
 442 0187 6E       		.byte	0x6e
 443 0188 C9040000 		.4byte	0x4c9
 444 018c 18       		.byte	0x18
 445 018d 06       		.uleb128 0x6
 446 018e A7030000 		.4byte	.LASF34
ARM GAS  /tmp/cc1GooYC.s 			page 9


 447 0192 07       		.byte	0x7
 448 0193 79       		.byte	0x79
 449 0194 D5000000 		.4byte	0xd5
 450 0198 1C       		.byte	0x1c
 451 0199 06       		.uleb128 0x6
 452 019a C4030000 		.4byte	.LASF35
 453 019e 07       		.byte	0x7
 454 019f 7D       		.byte	0x7d
 455 01a0 CA000000 		.4byte	0xca
 456 01a4 1D       		.byte	0x1d
 457 01a5 06       		.uleb128 0x6
 458 01a6 5D040000 		.4byte	.LASF36
 459 01aa 07       		.byte	0x7
 460 01ab 82       		.byte	0x82
 461 01ac E0000000 		.4byte	0xe0
 462 01b0 1E       		.byte	0x1e
 463 01b1 06       		.uleb128 0x6
 464 01b2 3D040000 		.4byte	.LASF37
 465 01b6 07       		.byte	0x7
 466 01b7 89       		.byte	0x89
 467 01b8 DA030000 		.4byte	0x3da
 468 01bc 20       		.byte	0x20
 469 01bd 07       		.uleb128 0x7
 470 01be 705F7500 		.ascii	"p_u\000"
 471 01c2 07       		.byte	0x7
 472 01c3 AE       		.byte	0xae
 473 01c4 94040000 		.4byte	0x494
 474 01c8 24       		.byte	0x24
 475 01c9 06       		.uleb128 0x6
 476 01ca BF040000 		.4byte	.LASF38
 477 01ce 07       		.byte	0x7
 478 01cf B3       		.byte	0xb3
 479 01d0 65020000 		.4byte	0x265
 480 01d4 28       		.byte	0x28
 481 01d5 06       		.uleb128 0x6
 482 01d6 4B040000 		.4byte	.LASF39
 483 01da 07       		.byte	0x7
 484 01db B9       		.byte	0xb9
 485 01dc 45020000 		.4byte	0x245
 486 01e0 2C       		.byte	0x2c
 487 01e1 06       		.uleb128 0x6
 488 01e2 08000000 		.4byte	.LASF40
 489 01e6 07       		.byte	0x7
 490 01e7 BD       		.byte	0xbd
 491 01e8 F6000000 		.4byte	0xf6
 492 01ec 34       		.byte	0x34
 493 01ed 06       		.uleb128 0x6
 494 01ee D3030000 		.4byte	.LASF41
 495 01f2 07       		.byte	0x7
 496 01f3 C3       		.byte	0xc3
 497 01f4 01010000 		.4byte	0x101
 498 01f8 38       		.byte	0x38
 499 01f9 06       		.uleb128 0x6
 500 01fa 93030000 		.4byte	.LASF42
 501 01fe 07       		.byte	0x7
 502 01ff CA       		.byte	0xca
 503 0200 DB040000 		.4byte	0x4db
ARM GAS  /tmp/cc1GooYC.s 			page 10


 504 0204 3C       		.byte	0x3c
 505 0205 06       		.uleb128 0x6
 506 0206 1F040000 		.4byte	.LASF43
 507 020a 07       		.byte	0x7
 508 020b CE       		.byte	0xce
 509 020c EB000000 		.4byte	0xeb
 510 0210 40       		.byte	0x40
 511 0211 06       		.uleb128 0x6
 512 0212 94010000 		.4byte	.LASF44
 513 0216 07       		.byte	0x7
 514 0217 D4       		.byte	0xd4
 515 0218 7B020000 		.4byte	0x27b
 516 021c 44       		.byte	0x44
 517 021d 00       		.byte	0
 518 021e 08       		.uleb128 0x8
 519 021f 08       		.byte	0x8
 520 0220 06       		.byte	0x6
 521 0221 61       		.byte	0x61
 522 0222 3F020000 		.4byte	0x23f
 523 0226 06       		.uleb128 0x6
 524 0227 BD030000 		.4byte	.LASF27
 525 022b 06       		.byte	0x6
 526 022c 62       		.byte	0x62
 527 022d 3F020000 		.4byte	0x23f
 528 0231 00       		.byte	0
 529 0232 06       		.uleb128 0x6
 530 0233 63030000 		.4byte	.LASF28
 531 0237 06       		.byte	0x6
 532 0238 64       		.byte	0x64
 533 0239 3F020000 		.4byte	0x23f
 534 023d 04       		.byte	0x4
 535 023e 00       		.byte	0
 536 023f 09       		.uleb128 0x9
 537 0240 04       		.byte	0x4
 538 0241 22010000 		.4byte	0x122
 539 0245 03       		.uleb128 0x3
 540 0246 24030000 		.4byte	.LASF45
 541 024a 06       		.byte	0x6
 542 024b 66       		.byte	0x66
 543 024c 1E020000 		.4byte	0x21e
 544 0250 08       		.uleb128 0x8
 545 0251 04       		.byte	0x4
 546 0252 06       		.byte	0x6
 547 0253 6B       		.byte	0x6b
 548 0254 65020000 		.4byte	0x265
 549 0258 06       		.uleb128 0x6
 550 0259 BD030000 		.4byte	.LASF27
 551 025d 06       		.byte	0x6
 552 025e 6D       		.byte	0x6d
 553 025f 3F020000 		.4byte	0x23f
 554 0263 00       		.byte	0
 555 0264 00       		.byte	0
 556 0265 03       		.uleb128 0x3
 557 0266 C2020000 		.4byte	.LASF46
 558 026a 06       		.byte	0x6
 559 026b 70       		.byte	0x70
 560 026c 50020000 		.4byte	0x250
ARM GAS  /tmp/cc1GooYC.s 			page 11


 561 0270 03       		.uleb128 0x3
 562 0271 D9010000 		.4byte	.LASF47
 563 0275 08       		.byte	0x8
 564 0276 D7       		.byte	0xd7
 565 0277 7B020000 		.4byte	0x27b
 566 027b 0A       		.uleb128 0xa
 567 027c 04       		.byte	0x4
 568 027d 03       		.uleb128 0x3
 569 027e E0020000 		.4byte	.LASF48
 570 0282 08       		.byte	0x8
 571 0283 DD       		.byte	0xdd
 572 0284 BF000000 		.4byte	0xbf
 573 0288 05       		.uleb128 0x5
 574 0289 44040000 		.4byte	.LASF49
 575 028d 24       		.byte	0x24
 576 028e 08       		.byte	0x8
 577 028f FE       		.byte	0xfe
 578 0290 03030000 		.4byte	0x303
 579 0294 0B       		.uleb128 0xb
 580 0295 723400   		.ascii	"r4\000"
 581 0298 08       		.byte	0x8
 582 0299 1101     		.2byte	0x111
 583 029b 70020000 		.4byte	0x270
 584 029f 00       		.byte	0
 585 02a0 0B       		.uleb128 0xb
 586 02a1 723500   		.ascii	"r5\000"
 587 02a4 08       		.byte	0x8
 588 02a5 1201     		.2byte	0x112
 589 02a7 70020000 		.4byte	0x270
 590 02ab 04       		.byte	0x4
 591 02ac 0B       		.uleb128 0xb
 592 02ad 723600   		.ascii	"r6\000"
 593 02b0 08       		.byte	0x8
 594 02b1 1301     		.2byte	0x113
 595 02b3 70020000 		.4byte	0x270
 596 02b7 08       		.byte	0x8
 597 02b8 0B       		.uleb128 0xb
 598 02b9 723700   		.ascii	"r7\000"
 599 02bc 08       		.byte	0x8
 600 02bd 1401     		.2byte	0x114
 601 02bf 70020000 		.4byte	0x270
 602 02c3 0C       		.byte	0xc
 603 02c4 0B       		.uleb128 0xb
 604 02c5 723800   		.ascii	"r8\000"
 605 02c8 08       		.byte	0x8
 606 02c9 1501     		.2byte	0x115
 607 02cb 70020000 		.4byte	0x270
 608 02cf 10       		.byte	0x10
 609 02d0 0B       		.uleb128 0xb
 610 02d1 723900   		.ascii	"r9\000"
 611 02d4 08       		.byte	0x8
 612 02d5 1601     		.2byte	0x116
 613 02d7 70020000 		.4byte	0x270
 614 02db 14       		.byte	0x14
 615 02dc 0B       		.uleb128 0xb
 616 02dd 72313000 		.ascii	"r10\000"
 617 02e1 08       		.byte	0x8
ARM GAS  /tmp/cc1GooYC.s 			page 12


 618 02e2 1701     		.2byte	0x117
 619 02e4 70020000 		.4byte	0x270
 620 02e8 18       		.byte	0x18
 621 02e9 0B       		.uleb128 0xb
 622 02ea 72313100 		.ascii	"r11\000"
 623 02ee 08       		.byte	0x8
 624 02ef 1801     		.2byte	0x118
 625 02f1 70020000 		.4byte	0x270
 626 02f5 1C       		.byte	0x1c
 627 02f6 0B       		.uleb128 0xb
 628 02f7 6C7200   		.ascii	"lr\000"
 629 02fa 08       		.byte	0x8
 630 02fb 1901     		.2byte	0x119
 631 02fd 70020000 		.4byte	0x270
 632 0301 20       		.byte	0x20
 633 0302 00       		.byte	0
 634 0303 0C       		.uleb128 0xc
 635 0304 2B020000 		.4byte	.LASF50
 636 0308 04       		.byte	0x4
 637 0309 08       		.byte	0x8
 638 030a 2301     		.2byte	0x123
 639 030c 1E030000 		.4byte	0x31e
 640 0310 0B       		.uleb128 0xb
 641 0311 72313300 		.ascii	"r13\000"
 642 0315 08       		.byte	0x8
 643 0316 2401     		.2byte	0x124
 644 0318 1E030000 		.4byte	0x31e
 645 031c 00       		.byte	0
 646 031d 00       		.byte	0
 647 031e 09       		.uleb128 0x9
 648 031f 04       		.byte	0x4
 649 0320 88020000 		.4byte	0x288
 650 0324 04       		.uleb128 0x4
 651 0325 04       		.byte	0x4
 652 0326 07       		.byte	0x7
 653 0327 05030000 		.4byte	.LASF51
 654 032b 03       		.uleb128 0x3
 655 032c 22020000 		.4byte	.LASF52
 656 0330 09       		.byte	0x9
 657 0331 53       		.byte	0x53
 658 0332 36030000 		.4byte	0x336
 659 0336 09       		.uleb128 0x9
 660 0337 04       		.byte	0x4
 661 0338 3C030000 		.4byte	0x33c
 662 033c 0D       		.uleb128 0xd
 663 033d 47030000 		.4byte	0x347
 664 0341 0E       		.uleb128 0xe
 665 0342 7B020000 		.4byte	0x27b
 666 0346 00       		.byte	0
 667 0347 03       		.uleb128 0x3
 668 0348 FC030000 		.4byte	.LASF53
 669 034c 09       		.byte	0x9
 670 034d 58       		.byte	0x58
 671 034e 52030000 		.4byte	0x352
 672 0352 05       		.uleb128 0x5
 673 0353 FC030000 		.4byte	.LASF53
 674 0357 14       		.byte	0x14
ARM GAS  /tmp/cc1GooYC.s 			page 13


 675 0358 09       		.byte	0x9
 676 0359 5F       		.byte	0x5f
 677 035a 9B030000 		.4byte	0x39b
 678 035e 06       		.uleb128 0x6
 679 035f 08020000 		.4byte	.LASF54
 680 0363 09       		.byte	0x9
 681 0364 60       		.byte	0x60
 682 0365 9B030000 		.4byte	0x39b
 683 0369 00       		.byte	0
 684 036a 06       		.uleb128 0x6
 685 036b E2010000 		.4byte	.LASF55
 686 036f 09       		.byte	0x9
 687 0370 62       		.byte	0x62
 688 0371 9B030000 		.4byte	0x39b
 689 0375 04       		.byte	0x4
 690 0376 06       		.uleb128 0x6
 691 0377 FD020000 		.4byte	.LASF56
 692 037b 09       		.byte	0x9
 693 037c 64       		.byte	0x64
 694 037d 0C010000 		.4byte	0x10c
 695 0381 08       		.byte	0x8
 696 0382 06       		.uleb128 0x6
 697 0383 0E030000 		.4byte	.LASF57
 698 0387 09       		.byte	0x9
 699 0388 65       		.byte	0x65
 700 0389 2B030000 		.4byte	0x32b
 701 038d 0C       		.byte	0xc
 702 038e 06       		.uleb128 0x6
 703 038f 56040000 		.4byte	.LASF58
 704 0393 09       		.byte	0x9
 705 0394 67       		.byte	0x67
 706 0395 7B020000 		.4byte	0x27b
 707 0399 10       		.byte	0x10
 708 039a 00       		.byte	0
 709 039b 09       		.uleb128 0x9
 710 039c 04       		.byte	0x4
 711 039d 47030000 		.4byte	0x347
 712 03a1 08       		.uleb128 0x8
 713 03a2 10       		.byte	0x10
 714 03a3 09       		.byte	0x9
 715 03a4 71       		.byte	0x71
 716 03a5 DA030000 		.4byte	0x3da
 717 03a9 06       		.uleb128 0x6
 718 03aa 08020000 		.4byte	.LASF54
 719 03ae 09       		.byte	0x9
 720 03af 72       		.byte	0x72
 721 03b0 9B030000 		.4byte	0x39b
 722 03b4 00       		.byte	0
 723 03b5 06       		.uleb128 0x6
 724 03b6 E2010000 		.4byte	.LASF55
 725 03ba 09       		.byte	0x9
 726 03bb 74       		.byte	0x74
 727 03bc 9B030000 		.4byte	0x39b
 728 03c0 04       		.byte	0x4
 729 03c1 06       		.uleb128 0x6
 730 03c2 FD020000 		.4byte	.LASF56
 731 03c6 09       		.byte	0x9
ARM GAS  /tmp/cc1GooYC.s 			page 14


 732 03c7 76       		.byte	0x76
 733 03c8 0C010000 		.4byte	0x10c
 734 03cc 08       		.byte	0x8
 735 03cd 06       		.uleb128 0x6
 736 03ce 95040000 		.4byte	.LASF59
 737 03d2 09       		.byte	0x9
 738 03d3 77       		.byte	0x77
 739 03d4 DA030000 		.4byte	0x3da
 740 03d8 0C       		.byte	0xc
 741 03d9 00       		.byte	0
 742 03da 0F       		.uleb128 0xf
 743 03db 0C010000 		.4byte	0x10c
 744 03df 03       		.uleb128 0x3
 745 03e0 A0040000 		.4byte	.LASF60
 746 03e4 09       		.byte	0x9
 747 03e5 78       		.byte	0x78
 748 03e6 A1030000 		.4byte	0x3a1
 749 03ea 08       		.uleb128 0x8
 750 03eb 20       		.byte	0x20
 751 03ec 0A       		.byte	0xa
 752 03ed 5E       		.byte	0x5e
 753 03ee 47040000 		.4byte	0x447
 754 03f2 06       		.uleb128 0x6
 755 03f3 F4030000 		.4byte	.LASF61
 756 03f7 0A       		.byte	0xa
 757 03f8 5F       		.byte	0x5f
 758 03f9 45020000 		.4byte	0x245
 759 03fd 00       		.byte	0
 760 03fe 06       		.uleb128 0x6
 761 03ff AF030000 		.4byte	.LASF62
 762 0403 0A       		.byte	0xa
 763 0404 60       		.byte	0x60
 764 0405 EB000000 		.4byte	0xeb
 765 0409 08       		.byte	0x8
 766 040a 06       		.uleb128 0x6
 767 040b 1E030000 		.4byte	.LASF63
 768 040f 0A       		.byte	0xa
 769 0410 62       		.byte	0x62
 770 0411 03030000 		.4byte	0x303
 771 0415 0C       		.byte	0xc
 772 0416 06       		.uleb128 0x6
 773 0417 B2020000 		.4byte	.LASF64
 774 041b 0A       		.byte	0xa
 775 041c 65       		.byte	0x65
 776 041d 3F020000 		.4byte	0x23f
 777 0421 10       		.byte	0x10
 778 0422 06       		.uleb128 0x6
 779 0423 3B030000 		.4byte	.LASF65
 780 0427 0A       		.byte	0xa
 781 0428 66       		.byte	0x66
 782 0429 3F020000 		.4byte	0x23f
 783 042d 14       		.byte	0x14
 784 042e 06       		.uleb128 0x6
 785 042f A7040000 		.4byte	.LASF66
 786 0433 0A       		.byte	0xa
 787 0434 6A       		.byte	0x6a
 788 0435 17010000 		.4byte	0x117
ARM GAS  /tmp/cc1GooYC.s 			page 15


 789 0439 18       		.byte	0x18
 790 043a 06       		.uleb128 0x6
 791 043b 31030000 		.4byte	.LASF67
 792 043f 0A       		.byte	0xa
 793 0440 6C       		.byte	0x6c
 794 0441 3F020000 		.4byte	0x23f
 795 0445 1C       		.byte	0x1c
 796 0446 00       		.byte	0
 797 0447 03       		.uleb128 0x3
 798 0448 64040000 		.4byte	.LASF68
 799 044c 0A       		.byte	0xa
 800 044d 6E       		.byte	0x6e
 801 044e EA030000 		.4byte	0x3ea
 802 0452 05       		.uleb128 0x5
 803 0453 DA020000 		.4byte	.LASF69
 804 0457 10       		.byte	0x10
 805 0458 0B       		.byte	0xb
 806 0459 2C       		.byte	0x2c
 807 045a 83040000 		.4byte	0x483
 808 045e 06       		.uleb128 0x6
 809 045f 9C010000 		.4byte	.LASF70
 810 0463 0B       		.byte	0xb
 811 0464 2D       		.byte	0x2d
 812 0465 45020000 		.4byte	0x245
 813 0469 00       		.byte	0
 814 046a 06       		.uleb128 0x6
 815 046b B1040000 		.4byte	.LASF71
 816 046f 0B       		.byte	0xb
 817 0470 2F       		.byte	0x2f
 818 0471 3F020000 		.4byte	0x23f
 819 0475 08       		.byte	0x8
 820 0476 06       		.uleb128 0x6
 821 0477 0E040000 		.4byte	.LASF72
 822 047b 0B       		.byte	0xb
 823 047c 31       		.byte	0x31
 824 047d 83040000 		.4byte	0x483
 825 0481 0C       		.byte	0xc
 826 0482 00       		.byte	0
 827 0483 09       		.uleb128 0x9
 828 0484 04       		.byte	0x4
 829 0485 52040000 		.4byte	0x452
 830 0489 03       		.uleb128 0x3
 831 048a DA020000 		.4byte	.LASF69
 832 048e 0B       		.byte	0xb
 833 048f 33       		.byte	0x33
 834 0490 52040000 		.4byte	0x452
 835 0494 10       		.uleb128 0x10
 836 0495 04       		.byte	0x4
 837 0496 07       		.byte	0x7
 838 0497 90       		.byte	0x90
 839 0498 C9040000 		.4byte	0x4c9
 840 049c 11       		.uleb128 0x11
 841 049d 15000000 		.4byte	.LASF73
 842 04a1 07       		.byte	0x7
 843 04a2 97       		.byte	0x97
 844 04a3 F6000000 		.4byte	0xf6
 845 04a7 11       		.uleb128 0x11
ARM GAS  /tmp/cc1GooYC.s 			page 16


 846 04a8 45010000 		.4byte	.LASF74
 847 04ac 07       		.byte	0x7
 848 04ad 9E       		.byte	0x9e
 849 04ae F6000000 		.4byte	0xf6
 850 04b2 11       		.uleb128 0x11
 851 04b3 87040000 		.4byte	.LASF75
 852 04b7 07       		.byte	0x7
 853 04b8 A5       		.byte	0xa5
 854 04b9 7B020000 		.4byte	0x27b
 855 04bd 11       		.uleb128 0x11
 856 04be B6030000 		.4byte	.LASF76
 857 04c2 07       		.byte	0x7
 858 04c3 AC       		.byte	0xac
 859 04c4 01010000 		.4byte	0x101
 860 04c8 00       		.byte	0
 861 04c9 09       		.uleb128 0x9
 862 04ca 04       		.byte	0x4
 863 04cb CF040000 		.4byte	0x4cf
 864 04cf 12       		.uleb128 0x12
 865 04d0 D4040000 		.4byte	0x4d4
 866 04d4 04       		.uleb128 0x4
 867 04d5 01       		.byte	0x1
 868 04d6 08       		.byte	0x8
 869 04d7 09040000 		.4byte	.LASF77
 870 04db 09       		.uleb128 0x9
 871 04dc 04       		.byte	0x4
 872 04dd 89040000 		.4byte	0x489
 873 04e1 03       		.uleb128 0x3
 874 04e2 00000000 		.4byte	.LASF78
 875 04e6 07       		.byte	0x7
 876 04e7 DF       		.byte	0xdf
 877 04e8 EC040000 		.4byte	0x4ec
 878 04ec 09       		.uleb128 0x9
 879 04ed 04       		.byte	0x4
 880 04ee F2040000 		.4byte	0x4f2
 881 04f2 13       		.uleb128 0x13
 882 04f3 F6000000 		.4byte	0xf6
 883 04f7 01050000 		.4byte	0x501
 884 04fb 0E       		.uleb128 0xe
 885 04fc 7B020000 		.4byte	0x27b
 886 0500 00       		.byte	0
 887 0501 14       		.uleb128 0x14
 888 0502 43030000 		.4byte	.LASF79
 889 0506 01       		.byte	0x1
 890 0507 3B       		.byte	0x3b
 891 0508 00000000 		.4byte	.LFB7
 892 050c 14000000 		.4byte	.LFE7-.LFB7
 893 0510 01       		.uleb128 0x1
 894 0511 9C       		.byte	0x9c
 895 0512 22050000 		.4byte	0x522
 896 0516 15       		.uleb128 0x15
 897 0517 7000     		.ascii	"p\000"
 898 0519 01       		.byte	0x1
 899 051a 3B       		.byte	0x3b
 900 051b 7B020000 		.4byte	0x27b
 901 051f 01       		.uleb128 0x1
 902 0520 50       		.byte	0x50
ARM GAS  /tmp/cc1GooYC.s 			page 17


 903 0521 00       		.byte	0
 904 0522 14       		.uleb128 0x14
 905 0523 8A010000 		.4byte	.LASF80
 906 0527 01       		.byte	0x1
 907 0528 52       		.byte	0x52
 908 0529 00000000 		.4byte	.LFB8
 909 052d 5C000000 		.4byte	.LFE8-.LFB8
 910 0531 01       		.uleb128 0x1
 911 0532 9C       		.byte	0x9c
 912 0533 D7050000 		.4byte	0x5d7
 913 0537 16       		.uleb128 0x16
 914 0538 4E010000 		.4byte	.LASF81
 915 053c 01       		.byte	0x1
 916 053d 53       		.byte	0x53
 917 053e 22010000 		.4byte	0x122
 918 0542 05       		.uleb128 0x5
 919 0543 03       		.byte	0x3
 920 0544 00000000 		.4byte	mainthread.4837
 921 0548 17       		.uleb128 0x17
 922 0549 00000000 		.4byte	.Ldebug_ranges0+0
 923 054d 5F050000 		.4byte	0x55f
 924 0551 18       		.uleb128 0x18
 925 0552 746D7000 		.ascii	"tmp\000"
 926 0556 01       		.byte	0x1
 927 0557 6D       		.byte	0x6d
 928 0558 B4000000 		.4byte	0xb4
 929 055c 01       		.uleb128 0x1
 930 055d 53       		.byte	0x53
 931 055e 00       		.byte	0
 932 055f 19       		.uleb128 0x19
 933 0560 08000000 		.4byte	.LVL1
 934 0564 55060000 		.4byte	0x655
 935 0568 19       		.uleb128 0x19
 936 0569 0C000000 		.4byte	.LVL2
 937 056d 5D060000 		.4byte	0x65d
 938 0571 19       		.uleb128 0x19
 939 0572 10000000 		.4byte	.LVL3
 940 0576 64060000 		.4byte	0x664
 941 057a 19       		.uleb128 0x19
 942 057b 14000000 		.4byte	.LVL4
 943 057f 6B060000 		.4byte	0x66b
 944 0583 19       		.uleb128 0x19
 945 0584 18000000 		.4byte	.LVL5
 946 0588 72060000 		.4byte	0x672
 947 058c 1A       		.uleb128 0x1a
 948 058d 20000000 		.4byte	.LVL6
 949 0591 79060000 		.4byte	0x679
 950 0595 A9050000 		.4byte	0x5a9
 951 0599 1B       		.uleb128 0x1b
 952 059a 01       		.uleb128 0x1
 953 059b 51       		.byte	0x51
 954 059c 02       		.uleb128 0x2
 955 059d 08       		.byte	0x8
 956 059e 40       		.byte	0x40
 957 059f 1B       		.uleb128 0x1b
 958 05a0 01       		.uleb128 0x1
 959 05a1 50       		.byte	0x50
ARM GAS  /tmp/cc1GooYC.s 			page 18


 960 05a2 05       		.uleb128 0x5
 961 05a3 03       		.byte	0x3
 962 05a4 00000000 		.4byte	.LANCHOR0
 963 05a8 00       		.byte	0
 964 05a9 1C       		.uleb128 0x1c
 965 05aa 42000000 		.4byte	.LVL7
 966 05ae 94060000 		.4byte	0x694
 967 05b2 1B       		.uleb128 0x1b
 968 05b3 01       		.uleb128 0x1
 969 05b4 53       		.byte	0x53
 970 05b5 05       		.uleb128 0x5
 971 05b6 03       		.byte	0x3
 972 05b7 00000000 		.4byte	_idle_thread
 973 05bb 1B       		.uleb128 0x1b
 974 05bc 01       		.uleb128 0x1
 975 05bd 52       		.byte	0x52
 976 05be 01       		.uleb128 0x1
 977 05bf 31       		.byte	0x31
 978 05c0 1B       		.uleb128 0x1b
 979 05c1 01       		.uleb128 0x1
 980 05c2 51       		.byte	0x51
 981 05c3 02       		.uleb128 0x2
 982 05c4 08       		.byte	0x8
 983 05c5 C0       		.byte	0xc0
 984 05c6 1B       		.uleb128 0x1b
 985 05c7 01       		.uleb128 0x1
 986 05c8 50       		.byte	0x50
 987 05c9 05       		.uleb128 0x5
 988 05ca 03       		.byte	0x3
 989 05cb 00000000 		.4byte	.LANCHOR1
 990 05cf 1B       		.uleb128 0x1b
 991 05d0 02       		.uleb128 0x2
 992 05d1 7D       		.byte	0x7d
 993 05d2 00       		.sleb128 0
 994 05d3 01       		.uleb128 0x1
 995 05d4 30       		.byte	0x30
 996 05d5 00       		.byte	0
 997 05d6 00       		.byte	0
 998 05d7 1D       		.uleb128 0x1d
 999 05d8 36000000 		.4byte	.LASF82
 1000 05dc 01       		.byte	0x1
 1001 05dd 85       		.byte	0x85
 1002 05de 00000000 		.4byte	.LFB9
 1003 05e2 50000000 		.4byte	.LFE9-.LFB9
 1004 05e6 01       		.uleb128 0x1
 1005 05e7 9C       		.byte	0x9c
 1006 05e8 1E060000 		.4byte	0x61e
 1007 05ec 1E       		.uleb128 0x1e
 1008 05ed 26000000 		.4byte	.LBB4
 1009 05f1 2A000000 		.4byte	.LBE4-.LBB4
 1010 05f5 1F       		.uleb128 0x1f
 1011 05f6 76747000 		.ascii	"vtp\000"
 1012 05fa 01       		.byte	0x1
 1013 05fb 92       		.byte	0x92
 1014 05fc 9B030000 		.4byte	0x39b
 1015 0600 00000000 		.4byte	.LLST0
 1016 0604 1E       		.uleb128 0x1e
ARM GAS  /tmp/cc1GooYC.s 			page 19


 1017 0605 2E000000 		.4byte	.LBB5
 1018 0609 0E000000 		.4byte	.LBE5-.LBB5
 1019 060d 1F       		.uleb128 0x1f
 1020 060e 666E00   		.ascii	"fn\000"
 1021 0611 01       		.byte	0x1
 1022 0612 92       		.byte	0x92
 1023 0613 2B030000 		.4byte	0x32b
 1024 0617 1E000000 		.4byte	.LLST1
 1025 061b 00       		.byte	0
 1026 061c 00       		.byte	0
 1027 061d 00       		.byte	0
 1028 061e 20       		.uleb128 0x20
 1029 061f 2F000000 		.4byte	.LASF83
 1030 0623 09       		.byte	0x9
 1031 0624 7A       		.byte	0x7a
 1032 0625 DF030000 		.4byte	0x3df
 1033 0629 20       		.uleb128 0x20
 1034 062a 6E040000 		.4byte	.LASF84
 1035 062e 0A       		.byte	0xa
 1036 062f 72       		.byte	0x72
 1037 0630 47040000 		.4byte	0x447
 1038 0634 21       		.uleb128 0x21
 1039 0635 7D020000 		.4byte	0x27d
 1040 0639 44060000 		.4byte	0x644
 1041 063d 22       		.uleb128 0x22
 1042 063e 24030000 		.4byte	0x324
 1043 0642 17       		.byte	0x17
 1044 0643 00       		.byte	0
 1045 0644 23       		.uleb128 0x23
 1046 0645 BE010000 		.4byte	.LASF85
 1047 0649 01       		.byte	0x1
 1048 064a 2F       		.byte	0x2f
 1049 064b 34060000 		.4byte	0x634
 1050 064f 05       		.uleb128 0x5
 1051 0650 03       		.byte	0x3
 1052 0651 00000000 		.4byte	_idle_thread_wa
 1053 0655 24       		.uleb128 0x24
 1054 0656 7C040000 		.4byte	.LASF86
 1055 065a 08       		.byte	0x8
 1056 065b F401     		.2byte	0x1f4
 1057 065d 25       		.uleb128 0x25
 1058 065e 60010000 		.4byte	.LASF87
 1059 0662 0A       		.byte	0xa
 1060 0663 91       		.byte	0x91
 1061 0664 25       		.uleb128 0x25
 1062 0665 34040000 		.4byte	.LASF88
 1063 0669 09       		.byte	0x9
 1064 066a B0       		.byte	0xb0
 1065 066b 25       		.uleb128 0x25
 1066 066c 88030000 		.4byte	.LASF89
 1067 0670 0C       		.byte	0xc
 1068 0671 51       		.byte	0x51
 1069 0672 25       		.uleb128 0x25
 1070 0673 EA010000 		.4byte	.LASF90
 1071 0677 0D       		.byte	0xd
 1072 0678 55       		.byte	0x55
 1073 0679 26       		.uleb128 0x26
ARM GAS  /tmp/cc1GooYC.s 			page 20


 1074 067a E7030000 		.4byte	.LASF93
 1075 067e 07       		.byte	0x7
 1076 067f 5E01     		.2byte	0x15e
 1077 0681 3F020000 		.4byte	0x23f
 1078 0685 94060000 		.4byte	0x694
 1079 0689 0E       		.uleb128 0xe
 1080 068a 3F020000 		.4byte	0x23f
 1081 068e 0E       		.uleb128 0xe
 1082 068f EB000000 		.4byte	0xeb
 1083 0693 00       		.byte	0
 1084 0694 27       		.uleb128 0x27
 1085 0695 EB020000 		.4byte	.LASF94
 1086 0699 07       		.byte	0x7
 1087 069a 6401     		.2byte	0x164
 1088 069c 3F020000 		.4byte	0x23f
 1089 06a0 0E       		.uleb128 0xe
 1090 06a1 7B020000 		.4byte	0x27b
 1091 06a5 0E       		.uleb128 0xe
 1092 06a6 28000000 		.4byte	0x28
 1093 06aa 0E       		.uleb128 0xe
 1094 06ab EB000000 		.4byte	0xeb
 1095 06af 0E       		.uleb128 0xe
 1096 06b0 E1040000 		.4byte	0x4e1
 1097 06b4 0E       		.uleb128 0xe
 1098 06b5 7B020000 		.4byte	0x27b
 1099 06b9 00       		.byte	0
 1100 06ba 00       		.byte	0
 1101              		.section	.debug_abbrev,"",%progbits
 1102              	.Ldebug_abbrev0:
 1103 0000 01       		.uleb128 0x1
 1104 0001 11       		.uleb128 0x11
 1105 0002 01       		.byte	0x1
 1106 0003 25       		.uleb128 0x25
 1107 0004 0E       		.uleb128 0xe
 1108 0005 13       		.uleb128 0x13
 1109 0006 0B       		.uleb128 0xb
 1110 0007 03       		.uleb128 0x3
 1111 0008 0E       		.uleb128 0xe
 1112 0009 55       		.uleb128 0x55
 1113 000a 17       		.uleb128 0x17
 1114 000b 11       		.uleb128 0x11
 1115 000c 01       		.uleb128 0x1
 1116 000d 10       		.uleb128 0x10
 1117 000e 17       		.uleb128 0x17
 1118 000f 00       		.byte	0
 1119 0010 00       		.byte	0
 1120 0011 02       		.uleb128 0x2
 1121 0012 24       		.uleb128 0x24
 1122 0013 00       		.byte	0
 1123 0014 0B       		.uleb128 0xb
 1124 0015 0B       		.uleb128 0xb
 1125 0016 3E       		.uleb128 0x3e
 1126 0017 0B       		.uleb128 0xb
 1127 0018 03       		.uleb128 0x3
 1128 0019 08       		.uleb128 0x8
 1129 001a 00       		.byte	0
 1130 001b 00       		.byte	0
ARM GAS  /tmp/cc1GooYC.s 			page 21


 1131 001c 03       		.uleb128 0x3
 1132 001d 16       		.uleb128 0x16
 1133 001e 00       		.byte	0
 1134 001f 03       		.uleb128 0x3
 1135 0020 0E       		.uleb128 0xe
 1136 0021 3A       		.uleb128 0x3a
 1137 0022 0B       		.uleb128 0xb
 1138 0023 3B       		.uleb128 0x3b
 1139 0024 0B       		.uleb128 0xb
 1140 0025 49       		.uleb128 0x49
 1141 0026 13       		.uleb128 0x13
 1142 0027 00       		.byte	0
 1143 0028 00       		.byte	0
 1144 0029 04       		.uleb128 0x4
 1145 002a 24       		.uleb128 0x24
 1146 002b 00       		.byte	0
 1147 002c 0B       		.uleb128 0xb
 1148 002d 0B       		.uleb128 0xb
 1149 002e 3E       		.uleb128 0x3e
 1150 002f 0B       		.uleb128 0xb
 1151 0030 03       		.uleb128 0x3
 1152 0031 0E       		.uleb128 0xe
 1153 0032 00       		.byte	0
 1154 0033 00       		.byte	0
 1155 0034 05       		.uleb128 0x5
 1156 0035 13       		.uleb128 0x13
 1157 0036 01       		.byte	0x1
 1158 0037 03       		.uleb128 0x3
 1159 0038 0E       		.uleb128 0xe
 1160 0039 0B       		.uleb128 0xb
 1161 003a 0B       		.uleb128 0xb
 1162 003b 3A       		.uleb128 0x3a
 1163 003c 0B       		.uleb128 0xb
 1164 003d 3B       		.uleb128 0x3b
 1165 003e 0B       		.uleb128 0xb
 1166 003f 01       		.uleb128 0x1
 1167 0040 13       		.uleb128 0x13
 1168 0041 00       		.byte	0
 1169 0042 00       		.byte	0
 1170 0043 06       		.uleb128 0x6
 1171 0044 0D       		.uleb128 0xd
 1172 0045 00       		.byte	0
 1173 0046 03       		.uleb128 0x3
 1174 0047 0E       		.uleb128 0xe
 1175 0048 3A       		.uleb128 0x3a
 1176 0049 0B       		.uleb128 0xb
 1177 004a 3B       		.uleb128 0x3b
 1178 004b 0B       		.uleb128 0xb
 1179 004c 49       		.uleb128 0x49
 1180 004d 13       		.uleb128 0x13
 1181 004e 38       		.uleb128 0x38
 1182 004f 0B       		.uleb128 0xb
 1183 0050 00       		.byte	0
 1184 0051 00       		.byte	0
 1185 0052 07       		.uleb128 0x7
 1186 0053 0D       		.uleb128 0xd
 1187 0054 00       		.byte	0
ARM GAS  /tmp/cc1GooYC.s 			page 22


 1188 0055 03       		.uleb128 0x3
 1189 0056 08       		.uleb128 0x8
 1190 0057 3A       		.uleb128 0x3a
 1191 0058 0B       		.uleb128 0xb
 1192 0059 3B       		.uleb128 0x3b
 1193 005a 0B       		.uleb128 0xb
 1194 005b 49       		.uleb128 0x49
 1195 005c 13       		.uleb128 0x13
 1196 005d 38       		.uleb128 0x38
 1197 005e 0B       		.uleb128 0xb
 1198 005f 00       		.byte	0
 1199 0060 00       		.byte	0
 1200 0061 08       		.uleb128 0x8
 1201 0062 13       		.uleb128 0x13
 1202 0063 01       		.byte	0x1
 1203 0064 0B       		.uleb128 0xb
 1204 0065 0B       		.uleb128 0xb
 1205 0066 3A       		.uleb128 0x3a
 1206 0067 0B       		.uleb128 0xb
 1207 0068 3B       		.uleb128 0x3b
 1208 0069 0B       		.uleb128 0xb
 1209 006a 01       		.uleb128 0x1
 1210 006b 13       		.uleb128 0x13
 1211 006c 00       		.byte	0
 1212 006d 00       		.byte	0
 1213 006e 09       		.uleb128 0x9
 1214 006f 0F       		.uleb128 0xf
 1215 0070 00       		.byte	0
 1216 0071 0B       		.uleb128 0xb
 1217 0072 0B       		.uleb128 0xb
 1218 0073 49       		.uleb128 0x49
 1219 0074 13       		.uleb128 0x13
 1220 0075 00       		.byte	0
 1221 0076 00       		.byte	0
 1222 0077 0A       		.uleb128 0xa
 1223 0078 0F       		.uleb128 0xf
 1224 0079 00       		.byte	0
 1225 007a 0B       		.uleb128 0xb
 1226 007b 0B       		.uleb128 0xb
 1227 007c 00       		.byte	0
 1228 007d 00       		.byte	0
 1229 007e 0B       		.uleb128 0xb
 1230 007f 0D       		.uleb128 0xd
 1231 0080 00       		.byte	0
 1232 0081 03       		.uleb128 0x3
 1233 0082 08       		.uleb128 0x8
 1234 0083 3A       		.uleb128 0x3a
 1235 0084 0B       		.uleb128 0xb
 1236 0085 3B       		.uleb128 0x3b
 1237 0086 05       		.uleb128 0x5
 1238 0087 49       		.uleb128 0x49
 1239 0088 13       		.uleb128 0x13
 1240 0089 38       		.uleb128 0x38
 1241 008a 0B       		.uleb128 0xb
 1242 008b 00       		.byte	0
 1243 008c 00       		.byte	0
 1244 008d 0C       		.uleb128 0xc
ARM GAS  /tmp/cc1GooYC.s 			page 23


 1245 008e 13       		.uleb128 0x13
 1246 008f 01       		.byte	0x1
 1247 0090 03       		.uleb128 0x3
 1248 0091 0E       		.uleb128 0xe
 1249 0092 0B       		.uleb128 0xb
 1250 0093 0B       		.uleb128 0xb
 1251 0094 3A       		.uleb128 0x3a
 1252 0095 0B       		.uleb128 0xb
 1253 0096 3B       		.uleb128 0x3b
 1254 0097 05       		.uleb128 0x5
 1255 0098 01       		.uleb128 0x1
 1256 0099 13       		.uleb128 0x13
 1257 009a 00       		.byte	0
 1258 009b 00       		.byte	0
 1259 009c 0D       		.uleb128 0xd
 1260 009d 15       		.uleb128 0x15
 1261 009e 01       		.byte	0x1
 1262 009f 27       		.uleb128 0x27
 1263 00a0 19       		.uleb128 0x19
 1264 00a1 01       		.uleb128 0x1
 1265 00a2 13       		.uleb128 0x13
 1266 00a3 00       		.byte	0
 1267 00a4 00       		.byte	0
 1268 00a5 0E       		.uleb128 0xe
 1269 00a6 05       		.uleb128 0x5
 1270 00a7 00       		.byte	0
 1271 00a8 49       		.uleb128 0x49
 1272 00a9 13       		.uleb128 0x13
 1273 00aa 00       		.byte	0
 1274 00ab 00       		.byte	0
 1275 00ac 0F       		.uleb128 0xf
 1276 00ad 35       		.uleb128 0x35
 1277 00ae 00       		.byte	0
 1278 00af 49       		.uleb128 0x49
 1279 00b0 13       		.uleb128 0x13
 1280 00b1 00       		.byte	0
 1281 00b2 00       		.byte	0
 1282 00b3 10       		.uleb128 0x10
 1283 00b4 17       		.uleb128 0x17
 1284 00b5 01       		.byte	0x1
 1285 00b6 0B       		.uleb128 0xb
 1286 00b7 0B       		.uleb128 0xb
 1287 00b8 3A       		.uleb128 0x3a
 1288 00b9 0B       		.uleb128 0xb
 1289 00ba 3B       		.uleb128 0x3b
 1290 00bb 0B       		.uleb128 0xb
 1291 00bc 01       		.uleb128 0x1
 1292 00bd 13       		.uleb128 0x13
 1293 00be 00       		.byte	0
 1294 00bf 00       		.byte	0
 1295 00c0 11       		.uleb128 0x11
 1296 00c1 0D       		.uleb128 0xd
 1297 00c2 00       		.byte	0
 1298 00c3 03       		.uleb128 0x3
 1299 00c4 0E       		.uleb128 0xe
 1300 00c5 3A       		.uleb128 0x3a
 1301 00c6 0B       		.uleb128 0xb
ARM GAS  /tmp/cc1GooYC.s 			page 24


 1302 00c7 3B       		.uleb128 0x3b
 1303 00c8 0B       		.uleb128 0xb
 1304 00c9 49       		.uleb128 0x49
 1305 00ca 13       		.uleb128 0x13
 1306 00cb 00       		.byte	0
 1307 00cc 00       		.byte	0
 1308 00cd 12       		.uleb128 0x12
 1309 00ce 26       		.uleb128 0x26
 1310 00cf 00       		.byte	0
 1311 00d0 49       		.uleb128 0x49
 1312 00d1 13       		.uleb128 0x13
 1313 00d2 00       		.byte	0
 1314 00d3 00       		.byte	0
 1315 00d4 13       		.uleb128 0x13
 1316 00d5 15       		.uleb128 0x15
 1317 00d6 01       		.byte	0x1
 1318 00d7 27       		.uleb128 0x27
 1319 00d8 19       		.uleb128 0x19
 1320 00d9 49       		.uleb128 0x49
 1321 00da 13       		.uleb128 0x13
 1322 00db 01       		.uleb128 0x1
 1323 00dc 13       		.uleb128 0x13
 1324 00dd 00       		.byte	0
 1325 00de 00       		.byte	0
 1326 00df 14       		.uleb128 0x14
 1327 00e0 2E       		.uleb128 0x2e
 1328 00e1 01       		.byte	0x1
 1329 00e2 3F       		.uleb128 0x3f
 1330 00e3 19       		.uleb128 0x19
 1331 00e4 03       		.uleb128 0x3
 1332 00e5 0E       		.uleb128 0xe
 1333 00e6 3A       		.uleb128 0x3a
 1334 00e7 0B       		.uleb128 0xb
 1335 00e8 3B       		.uleb128 0x3b
 1336 00e9 0B       		.uleb128 0xb
 1337 00ea 27       		.uleb128 0x27
 1338 00eb 19       		.uleb128 0x19
 1339 00ec 11       		.uleb128 0x11
 1340 00ed 01       		.uleb128 0x1
 1341 00ee 12       		.uleb128 0x12
 1342 00ef 06       		.uleb128 0x6
 1343 00f0 40       		.uleb128 0x40
 1344 00f1 18       		.uleb128 0x18
 1345 00f2 9742     		.uleb128 0x2117
 1346 00f4 19       		.uleb128 0x19
 1347 00f5 01       		.uleb128 0x1
 1348 00f6 13       		.uleb128 0x13
 1349 00f7 00       		.byte	0
 1350 00f8 00       		.byte	0
 1351 00f9 15       		.uleb128 0x15
 1352 00fa 05       		.uleb128 0x5
 1353 00fb 00       		.byte	0
 1354 00fc 03       		.uleb128 0x3
 1355 00fd 08       		.uleb128 0x8
 1356 00fe 3A       		.uleb128 0x3a
 1357 00ff 0B       		.uleb128 0xb
 1358 0100 3B       		.uleb128 0x3b
ARM GAS  /tmp/cc1GooYC.s 			page 25


 1359 0101 0B       		.uleb128 0xb
 1360 0102 49       		.uleb128 0x49
 1361 0103 13       		.uleb128 0x13
 1362 0104 02       		.uleb128 0x2
 1363 0105 18       		.uleb128 0x18
 1364 0106 00       		.byte	0
 1365 0107 00       		.byte	0
 1366 0108 16       		.uleb128 0x16
 1367 0109 34       		.uleb128 0x34
 1368 010a 00       		.byte	0
 1369 010b 03       		.uleb128 0x3
 1370 010c 0E       		.uleb128 0xe
 1371 010d 3A       		.uleb128 0x3a
 1372 010e 0B       		.uleb128 0xb
 1373 010f 3B       		.uleb128 0x3b
 1374 0110 0B       		.uleb128 0xb
 1375 0111 49       		.uleb128 0x49
 1376 0112 13       		.uleb128 0x13
 1377 0113 02       		.uleb128 0x2
 1378 0114 18       		.uleb128 0x18
 1379 0115 00       		.byte	0
 1380 0116 00       		.byte	0
 1381 0117 17       		.uleb128 0x17
 1382 0118 0B       		.uleb128 0xb
 1383 0119 01       		.byte	0x1
 1384 011a 55       		.uleb128 0x55
 1385 011b 17       		.uleb128 0x17
 1386 011c 01       		.uleb128 0x1
 1387 011d 13       		.uleb128 0x13
 1388 011e 00       		.byte	0
 1389 011f 00       		.byte	0
 1390 0120 18       		.uleb128 0x18
 1391 0121 34       		.uleb128 0x34
 1392 0122 00       		.byte	0
 1393 0123 03       		.uleb128 0x3
 1394 0124 08       		.uleb128 0x8
 1395 0125 3A       		.uleb128 0x3a
 1396 0126 0B       		.uleb128 0xb
 1397 0127 3B       		.uleb128 0x3b
 1398 0128 0B       		.uleb128 0xb
 1399 0129 49       		.uleb128 0x49
 1400 012a 13       		.uleb128 0x13
 1401 012b 02       		.uleb128 0x2
 1402 012c 18       		.uleb128 0x18
 1403 012d 00       		.byte	0
 1404 012e 00       		.byte	0
 1405 012f 19       		.uleb128 0x19
 1406 0130 898201   		.uleb128 0x4109
 1407 0133 00       		.byte	0
 1408 0134 11       		.uleb128 0x11
 1409 0135 01       		.uleb128 0x1
 1410 0136 31       		.uleb128 0x31
 1411 0137 13       		.uleb128 0x13
 1412 0138 00       		.byte	0
 1413 0139 00       		.byte	0
 1414 013a 1A       		.uleb128 0x1a
 1415 013b 898201   		.uleb128 0x4109
ARM GAS  /tmp/cc1GooYC.s 			page 26


 1416 013e 01       		.byte	0x1
 1417 013f 11       		.uleb128 0x11
 1418 0140 01       		.uleb128 0x1
 1419 0141 31       		.uleb128 0x31
 1420 0142 13       		.uleb128 0x13
 1421 0143 01       		.uleb128 0x1
 1422 0144 13       		.uleb128 0x13
 1423 0145 00       		.byte	0
 1424 0146 00       		.byte	0
 1425 0147 1B       		.uleb128 0x1b
 1426 0148 8A8201   		.uleb128 0x410a
 1427 014b 00       		.byte	0
 1428 014c 02       		.uleb128 0x2
 1429 014d 18       		.uleb128 0x18
 1430 014e 9142     		.uleb128 0x2111
 1431 0150 18       		.uleb128 0x18
 1432 0151 00       		.byte	0
 1433 0152 00       		.byte	0
 1434 0153 1C       		.uleb128 0x1c
 1435 0154 898201   		.uleb128 0x4109
 1436 0157 01       		.byte	0x1
 1437 0158 11       		.uleb128 0x11
 1438 0159 01       		.uleb128 0x1
 1439 015a 31       		.uleb128 0x31
 1440 015b 13       		.uleb128 0x13
 1441 015c 00       		.byte	0
 1442 015d 00       		.byte	0
 1443 015e 1D       		.uleb128 0x1d
 1444 015f 2E       		.uleb128 0x2e
 1445 0160 01       		.byte	0x1
 1446 0161 3F       		.uleb128 0x3f
 1447 0162 19       		.uleb128 0x19
 1448 0163 03       		.uleb128 0x3
 1449 0164 0E       		.uleb128 0xe
 1450 0165 3A       		.uleb128 0x3a
 1451 0166 0B       		.uleb128 0xb
 1452 0167 3B       		.uleb128 0x3b
 1453 0168 0B       		.uleb128 0xb
 1454 0169 27       		.uleb128 0x27
 1455 016a 19       		.uleb128 0x19
 1456 016b 11       		.uleb128 0x11
 1457 016c 01       		.uleb128 0x1
 1458 016d 12       		.uleb128 0x12
 1459 016e 06       		.uleb128 0x6
 1460 016f 40       		.uleb128 0x40
 1461 0170 18       		.uleb128 0x18
 1462 0171 9642     		.uleb128 0x2116
 1463 0173 19       		.uleb128 0x19
 1464 0174 01       		.uleb128 0x1
 1465 0175 13       		.uleb128 0x13
 1466 0176 00       		.byte	0
 1467 0177 00       		.byte	0
 1468 0178 1E       		.uleb128 0x1e
 1469 0179 0B       		.uleb128 0xb
 1470 017a 01       		.byte	0x1
 1471 017b 11       		.uleb128 0x11
 1472 017c 01       		.uleb128 0x1
ARM GAS  /tmp/cc1GooYC.s 			page 27


 1473 017d 12       		.uleb128 0x12
 1474 017e 06       		.uleb128 0x6
 1475 017f 00       		.byte	0
 1476 0180 00       		.byte	0
 1477 0181 1F       		.uleb128 0x1f
 1478 0182 34       		.uleb128 0x34
 1479 0183 00       		.byte	0
 1480 0184 03       		.uleb128 0x3
 1481 0185 08       		.uleb128 0x8
 1482 0186 3A       		.uleb128 0x3a
 1483 0187 0B       		.uleb128 0xb
 1484 0188 3B       		.uleb128 0x3b
 1485 0189 0B       		.uleb128 0xb
 1486 018a 49       		.uleb128 0x49
 1487 018b 13       		.uleb128 0x13
 1488 018c 02       		.uleb128 0x2
 1489 018d 17       		.uleb128 0x17
 1490 018e 00       		.byte	0
 1491 018f 00       		.byte	0
 1492 0190 20       		.uleb128 0x20
 1493 0191 34       		.uleb128 0x34
 1494 0192 00       		.byte	0
 1495 0193 03       		.uleb128 0x3
 1496 0194 0E       		.uleb128 0xe
 1497 0195 3A       		.uleb128 0x3a
 1498 0196 0B       		.uleb128 0xb
 1499 0197 3B       		.uleb128 0x3b
 1500 0198 0B       		.uleb128 0xb
 1501 0199 49       		.uleb128 0x49
 1502 019a 13       		.uleb128 0x13
 1503 019b 3F       		.uleb128 0x3f
 1504 019c 19       		.uleb128 0x19
 1505 019d 3C       		.uleb128 0x3c
 1506 019e 19       		.uleb128 0x19
 1507 019f 00       		.byte	0
 1508 01a0 00       		.byte	0
 1509 01a1 21       		.uleb128 0x21
 1510 01a2 01       		.uleb128 0x1
 1511 01a3 01       		.byte	0x1
 1512 01a4 49       		.uleb128 0x49
 1513 01a5 13       		.uleb128 0x13
 1514 01a6 01       		.uleb128 0x1
 1515 01a7 13       		.uleb128 0x13
 1516 01a8 00       		.byte	0
 1517 01a9 00       		.byte	0
 1518 01aa 22       		.uleb128 0x22
 1519 01ab 21       		.uleb128 0x21
 1520 01ac 00       		.byte	0
 1521 01ad 49       		.uleb128 0x49
 1522 01ae 13       		.uleb128 0x13
 1523 01af 2F       		.uleb128 0x2f
 1524 01b0 0B       		.uleb128 0xb
 1525 01b1 00       		.byte	0
 1526 01b2 00       		.byte	0
 1527 01b3 23       		.uleb128 0x23
 1528 01b4 34       		.uleb128 0x34
 1529 01b5 00       		.byte	0
ARM GAS  /tmp/cc1GooYC.s 			page 28


 1530 01b6 03       		.uleb128 0x3
 1531 01b7 0E       		.uleb128 0xe
 1532 01b8 3A       		.uleb128 0x3a
 1533 01b9 0B       		.uleb128 0xb
 1534 01ba 3B       		.uleb128 0x3b
 1535 01bb 0B       		.uleb128 0xb
 1536 01bc 49       		.uleb128 0x49
 1537 01bd 13       		.uleb128 0x13
 1538 01be 3F       		.uleb128 0x3f
 1539 01bf 19       		.uleb128 0x19
 1540 01c0 02       		.uleb128 0x2
 1541 01c1 18       		.uleb128 0x18
 1542 01c2 00       		.byte	0
 1543 01c3 00       		.byte	0
 1544 01c4 24       		.uleb128 0x24
 1545 01c5 2E       		.uleb128 0x2e
 1546 01c6 00       		.byte	0
 1547 01c7 3F       		.uleb128 0x3f
 1548 01c8 19       		.uleb128 0x19
 1549 01c9 03       		.uleb128 0x3
 1550 01ca 0E       		.uleb128 0xe
 1551 01cb 3A       		.uleb128 0x3a
 1552 01cc 0B       		.uleb128 0xb
 1553 01cd 3B       		.uleb128 0x3b
 1554 01ce 05       		.uleb128 0x5
 1555 01cf 27       		.uleb128 0x27
 1556 01d0 19       		.uleb128 0x19
 1557 01d1 3C       		.uleb128 0x3c
 1558 01d2 19       		.uleb128 0x19
 1559 01d3 00       		.byte	0
 1560 01d4 00       		.byte	0
 1561 01d5 25       		.uleb128 0x25
 1562 01d6 2E       		.uleb128 0x2e
 1563 01d7 00       		.byte	0
 1564 01d8 3F       		.uleb128 0x3f
 1565 01d9 19       		.uleb128 0x19
 1566 01da 03       		.uleb128 0x3
 1567 01db 0E       		.uleb128 0xe
 1568 01dc 3A       		.uleb128 0x3a
 1569 01dd 0B       		.uleb128 0xb
 1570 01de 3B       		.uleb128 0x3b
 1571 01df 0B       		.uleb128 0xb
 1572 01e0 27       		.uleb128 0x27
 1573 01e1 19       		.uleb128 0x19
 1574 01e2 3C       		.uleb128 0x3c
 1575 01e3 19       		.uleb128 0x19
 1576 01e4 00       		.byte	0
 1577 01e5 00       		.byte	0
 1578 01e6 26       		.uleb128 0x26
 1579 01e7 2E       		.uleb128 0x2e
 1580 01e8 01       		.byte	0x1
 1581 01e9 3F       		.uleb128 0x3f
 1582 01ea 19       		.uleb128 0x19
 1583 01eb 03       		.uleb128 0x3
 1584 01ec 0E       		.uleb128 0xe
 1585 01ed 3A       		.uleb128 0x3a
 1586 01ee 0B       		.uleb128 0xb
ARM GAS  /tmp/cc1GooYC.s 			page 29


 1587 01ef 3B       		.uleb128 0x3b
 1588 01f0 05       		.uleb128 0x5
 1589 01f1 27       		.uleb128 0x27
 1590 01f2 19       		.uleb128 0x19
 1591 01f3 49       		.uleb128 0x49
 1592 01f4 13       		.uleb128 0x13
 1593 01f5 3C       		.uleb128 0x3c
 1594 01f6 19       		.uleb128 0x19
 1595 01f7 01       		.uleb128 0x1
 1596 01f8 13       		.uleb128 0x13
 1597 01f9 00       		.byte	0
 1598 01fa 00       		.byte	0
 1599 01fb 27       		.uleb128 0x27
 1600 01fc 2E       		.uleb128 0x2e
 1601 01fd 01       		.byte	0x1
 1602 01fe 3F       		.uleb128 0x3f
 1603 01ff 19       		.uleb128 0x19
 1604 0200 03       		.uleb128 0x3
 1605 0201 0E       		.uleb128 0xe
 1606 0202 3A       		.uleb128 0x3a
 1607 0203 0B       		.uleb128 0xb
 1608 0204 3B       		.uleb128 0x3b
 1609 0205 05       		.uleb128 0x5
 1610 0206 27       		.uleb128 0x27
 1611 0207 19       		.uleb128 0x19
 1612 0208 49       		.uleb128 0x49
 1613 0209 13       		.uleb128 0x13
 1614 020a 3C       		.uleb128 0x3c
 1615 020b 19       		.uleb128 0x19
 1616 020c 00       		.byte	0
 1617 020d 00       		.byte	0
 1618 020e 00       		.byte	0
 1619              		.section	.debug_loc,"",%progbits
 1620              	.Ldebug_loc0:
 1621              	.LLST0:
 1622 0000 2C000000 		.4byte	.LVL8
 1623 0004 3B000000 		.4byte	.LVL10-1
 1624 0008 0100     		.2byte	0x1
 1625 000a 53       		.byte	0x53
 1626 000b 3E000000 		.4byte	.LVL11
 1627 000f 44000000 		.4byte	.LVL12
 1628 0013 0100     		.2byte	0x1
 1629 0015 53       		.byte	0x53
 1630 0016 00000000 		.4byte	0
 1631 001a 00000000 		.4byte	0
 1632              	.LLST1:
 1633 001e 32000000 		.4byte	.LVL9
 1634 0022 3B000000 		.4byte	.LVL10-1
 1635 0026 0100     		.2byte	0x1
 1636 0028 51       		.byte	0x51
 1637 0029 00000000 		.4byte	0
 1638 002d 00000000 		.4byte	0
 1639              		.section	.debug_aranges,"",%progbits
 1640 0000 2C000000 		.4byte	0x2c
 1641 0004 0200     		.2byte	0x2
 1642 0006 00000000 		.4byte	.Ldebug_info0
 1643 000a 04       		.byte	0x4
ARM GAS  /tmp/cc1GooYC.s 			page 30


 1644 000b 00       		.byte	0
 1645 000c 0000     		.2byte	0
 1646 000e 0000     		.2byte	0
 1647 0010 00000000 		.4byte	.LFB7
 1648 0014 14000000 		.4byte	.LFE7-.LFB7
 1649 0018 00000000 		.4byte	.LFB8
 1650 001c 5C000000 		.4byte	.LFE8-.LFB8
 1651 0020 00000000 		.4byte	.LFB9
 1652 0024 50000000 		.4byte	.LFE9-.LFB9
 1653 0028 00000000 		.4byte	0
 1654 002c 00000000 		.4byte	0
 1655              		.section	.debug_ranges,"",%progbits
 1656              	.Ldebug_ranges0:
 1657 0000 26000000 		.4byte	.LBB2
 1658 0004 28000000 		.4byte	.LBE2
 1659 0008 2A000000 		.4byte	.LBB3
 1660 000c 30000000 		.4byte	.LBE3
 1661 0010 00000000 		.4byte	0
 1662 0014 00000000 		.4byte	0
 1663 0018 00000000 		.4byte	.LFB7
 1664 001c 14000000 		.4byte	.LFE7
 1665 0020 00000000 		.4byte	.LFB8
 1666 0024 5C000000 		.4byte	.LFE8
 1667 0028 00000000 		.4byte	.LFB9
 1668 002c 50000000 		.4byte	.LFE9
 1669 0030 00000000 		.4byte	0
 1670 0034 00000000 		.4byte	0
 1671              		.section	.debug_line,"",%progbits
 1672              	.Ldebug_line0:
 1673 0000 A3030000 		.section	.debug_str,"MS",%progbits,1
 1673      02004203 
 1673      00000201 
 1673      FB0E0D00 
 1673      01010101 
 1674              	.LASF78:
 1675 0000 7466756E 		.ascii	"tfunc_t\000"
 1675      635F7400 
 1676              	.LASF40:
 1677 0008 705F6D73 		.ascii	"p_msg\000"
 1677      6700
 1678              	.LASF2:
 1679 000e 73697A65 		.ascii	"size_t\000"
 1679      5F7400
 1680              	.LASF73:
 1681 0015 7264796D 		.ascii	"rdymsg\000"
 1681      736700
 1682              	.LASF17:
 1683 001c 75696E74 		.ascii	"uint64_t\000"
 1683      36345F74 
 1683      00
 1684              	.LASF3:
 1685 0025 5F5F7569 		.ascii	"__uint8_t\000"
 1685      6E74385F 
 1685      7400
 1686              	.LASF83:
 1687 002f 76746C69 		.ascii	"vtlist\000"
 1687      737400
ARM GAS  /tmp/cc1GooYC.s 			page 31


 1688              	.LASF82:
 1689 0036 63685379 		.ascii	"chSysTimerHandlerI\000"
 1689      7354696D 
 1689      65724861 
 1689      6E646C65 
 1689      724900
 1690              	.LASF91:
 1691 0049 474E5520 		.ascii	"GNU C 4.9.3 20150529 (release) [ARM/embedded-4_9-br"
 1691      4320342E 
 1691      392E3320 
 1691      32303135 
 1691      30353239 
 1692 007c 616E6368 		.ascii	"anch revision 227977] -mcpu=cortex-m3 -mno-thumb-in"
 1692      20726576 
 1692      6973696F 
 1692      6E203232 
 1692      37393737 
 1693 00af 74657277 		.ascii	"terwork -mthumb -ggdb -O2 -std=gnu99 -fomit-frame-p"
 1693      6F726B20 
 1693      2D6D7468 
 1693      756D6220 
 1693      2D676764 
 1694 00e2 6F696E74 		.ascii	"ointer -falign-functions=16 -ffunction-sections -fd"
 1694      6572202D 
 1694      66616C69 
 1694      676E2D66 
 1694      756E6374 
 1695 0115 6174612D 		.ascii	"ata-sections -fno-common\000"
 1695      73656374 
 1695      696F6E73 
 1695      202D666E 
 1695      6F2D636F 
 1696              	.LASF13:
 1697 012e 6C6F6E67 		.ascii	"long long unsigned int\000"
 1697      206C6F6E 
 1697      6720756E 
 1697      7369676E 
 1697      65642069 
 1698              	.LASF74:
 1699 0145 65786974 		.ascii	"exitcode\000"
 1699      636F6465 
 1699      00
 1700              	.LASF81:
 1701 014e 6D61696E 		.ascii	"mainthread\000"
 1701      74687265 
 1701      616400
 1702              	.LASF29:
 1703 0159 705F7072 		.ascii	"p_prio\000"
 1703      696F00
 1704              	.LASF87:
 1705 0160 5F736368 		.ascii	"_scheduler_init\000"
 1705      6564756C 
 1705      65725F69 
 1705      6E697400 
 1706              	.LASF11:
 1707 0170 6C6F6E67 		.ascii	"long long int\000"
 1707      206C6F6E 
ARM GAS  /tmp/cc1GooYC.s 			page 32


 1707      6720696E 
 1707      7400
 1708              	.LASF1:
 1709 017e 7369676E 		.ascii	"signed char\000"
 1709      65642063 
 1709      68617200 
 1710              	.LASF80:
 1711 018a 63685379 		.ascii	"chSysInit\000"
 1711      73496E69 
 1711      7400
 1712              	.LASF44:
 1713 0194 705F6D70 		.ascii	"p_mpool\000"
 1713      6F6F6C00 
 1714              	.LASF70:
 1715 019c 6D5F7175 		.ascii	"m_queue\000"
 1715      65756500 
 1716              	.LASF8:
 1717 01a4 6C6F6E67 		.ascii	"long int\000"
 1717      20696E74 
 1717      00
 1718              	.LASF19:
 1719 01ad 74737461 		.ascii	"tstate_t\000"
 1719      74655F74 
 1719      00
 1720              	.LASF31:
 1721 01b6 705F6E65 		.ascii	"p_newer\000"
 1721      77657200 
 1722              	.LASF85:
 1723 01be 5F69646C 		.ascii	"_idle_thread_wa\000"
 1723      655F7468 
 1723      72656164 
 1723      5F776100 
 1724              	.LASF9:
 1725 01ce 5F5F7569 		.ascii	"__uint32_t\000"
 1725      6E743332 
 1725      5F7400
 1726              	.LASF47:
 1727 01d9 72656761 		.ascii	"regarm_t\000"
 1727      726D5F74 
 1727      00
 1728              	.LASF55:
 1729 01e2 76745F70 		.ascii	"vt_prev\000"
 1729      72657600 
 1730              	.LASF90:
 1731 01ea 5F686561 		.ascii	"_heap_init\000"
 1731      705F696E 
 1731      697400
 1732              	.LASF25:
 1733 01f5 636E745F 		.ascii	"cnt_t\000"
 1733      7400
 1734              	.LASF0:
 1735 01fb 756E7369 		.ascii	"unsigned int\000"
 1735      676E6564 
 1735      20696E74 
 1735      00
 1736              	.LASF54:
 1737 0208 76745F6E 		.ascii	"vt_next\000"
ARM GAS  /tmp/cc1GooYC.s 			page 33


 1737      65787400 
 1738              	.LASF10:
 1739 0210 6C6F6E67 		.ascii	"long unsigned int\000"
 1739      20756E73 
 1739      69676E65 
 1739      6420696E 
 1739      7400
 1740              	.LASF52:
 1741 0222 76746675 		.ascii	"vtfunc_t\000"
 1741      6E635F74 
 1741      00
 1742              	.LASF50:
 1743 022b 636F6E74 		.ascii	"context\000"
 1743      65787400 
 1744              	.LASF6:
 1745 0233 73686F72 		.ascii	"short unsigned int\000"
 1745      7420756E 
 1745      7369676E 
 1745      65642069 
 1745      6E7400
 1746              	.LASF92:
 1747 0246 2F686F6D 		.ascii	"/home/leoperez/Documents/acuerol-stamp_repo-9ea9911"
 1747      652F6C65 
 1747      6F706572 
 1747      657A2F44 
 1747      6F63756D 
 1748 0279 35616138 		.ascii	"5aa86/files/code/ext/ChibiOS/os/kernel/src/chsys.c\000"
 1748      362F6669 
 1748      6C65732F 
 1748      636F6465 
 1748      2F657874 
 1749              	.LASF22:
 1750 02ac 6D73675F 		.ascii	"msg_t\000"
 1750      7400
 1751              	.LASF64:
 1752 02b2 725F6E65 		.ascii	"r_newer\000"
 1752      77657200 
 1753              	.LASF18:
 1754 02ba 746D6F64 		.ascii	"tmode_t\000"
 1754      655F7400 
 1755              	.LASF46:
 1756 02c2 54687265 		.ascii	"ThreadsList\000"
 1756      6164734C 
 1756      69737400 
 1757              	.LASF23:
 1758 02ce 6576656E 		.ascii	"eventmask_t\000"
 1758      746D6173 
 1758      6B5F7400 
 1759              	.LASF69:
 1760 02da 4D757465 		.ascii	"Mutex\000"
 1760      7800
 1761              	.LASF48:
 1762 02e0 73746B61 		.ascii	"stkalign_t\000"
 1762      6C69676E 
 1762      5F7400
 1763              	.LASF94:
 1764 02eb 63685468 		.ascii	"chThdCreateStatic\000"
ARM GAS  /tmp/cc1GooYC.s 			page 34


 1764      64437265 
 1764      61746553 
 1764      74617469 
 1764      6300
 1765              	.LASF56:
 1766 02fd 76745F74 		.ascii	"vt_time\000"
 1766      696D6500 
 1767              	.LASF51:
 1768 0305 73697A65 		.ascii	"sizetype\000"
 1768      74797065 
 1768      00
 1769              	.LASF57:
 1770 030e 76745F66 		.ascii	"vt_func\000"
 1770      756E6300 
 1771              	.LASF32:
 1772 0316 705F6F6C 		.ascii	"p_older\000"
 1772      64657200 
 1773              	.LASF63:
 1774 031e 725F6374 		.ascii	"r_ctx\000"
 1774      7800
 1775              	.LASF45:
 1776 0324 54687265 		.ascii	"ThreadsQueue\000"
 1776      61647351 
 1776      75657565 
 1776      00
 1777              	.LASF67:
 1778 0331 725F6375 		.ascii	"r_current\000"
 1778      7272656E 
 1778      7400
 1779              	.LASF65:
 1780 033b 725F6F6C 		.ascii	"r_older\000"
 1780      64657200 
 1781              	.LASF79:
 1782 0343 5F69646C 		.ascii	"_idle_thread\000"
 1782      655F7468 
 1782      72656164 
 1782      00
 1783              	.LASF12:
 1784 0350 5F5F7569 		.ascii	"__uint64_t\000"
 1784      6E743634 
 1784      5F7400
 1785              	.LASF20:
 1786 035b 74726566 		.ascii	"trefs_t\000"
 1786      735F7400 
 1787              	.LASF28:
 1788 0363 705F7072 		.ascii	"p_prev\000"
 1788      657600
 1789              	.LASF21:
 1790 036a 74707269 		.ascii	"tprio_t\000"
 1790      6F5F7400 
 1791              	.LASF15:
 1792 0372 696E7433 		.ascii	"int32_t\000"
 1792      325F7400 
 1793              	.LASF4:
 1794 037a 756E7369 		.ascii	"unsigned char\000"
 1794      676E6564 
 1794      20636861 
ARM GAS  /tmp/cc1GooYC.s 			page 35


 1794      7200
 1795              	.LASF89:
 1796 0388 5F636F72 		.ascii	"_core_init\000"
 1796      655F696E 
 1796      697400
 1797              	.LASF42:
 1798 0393 705F6D74 		.ascii	"p_mtxlist\000"
 1798      786C6973 
 1798      7400
 1799              	.LASF5:
 1800 039d 73686F72 		.ascii	"short int\000"
 1800      7420696E 
 1800      7400
 1801              	.LASF34:
 1802 03a7 705F7374 		.ascii	"p_state\000"
 1802      61746500 
 1803              	.LASF62:
 1804 03af 725F7072 		.ascii	"r_prio\000"
 1804      696F00
 1805              	.LASF76:
 1806 03b6 65776D61 		.ascii	"ewmask\000"
 1806      736B00
 1807              	.LASF27:
 1808 03bd 705F6E65 		.ascii	"p_next\000"
 1808      787400
 1809              	.LASF35:
 1810 03c4 705F666C 		.ascii	"p_flags\000"
 1810      61677300 
 1811              	.LASF26:
 1812 03cc 54687265 		.ascii	"Thread\000"
 1812      616400
 1813              	.LASF41:
 1814 03d3 705F6570 		.ascii	"p_epending\000"
 1814      656E6469 
 1814      6E6700
 1815              	.LASF16:
 1816 03de 75696E74 		.ascii	"uint32_t\000"
 1816      33325F74 
 1816      00
 1817              	.LASF93:
 1818 03e7 5F746872 		.ascii	"_thread_init\000"
 1818      6561645F 
 1818      696E6974 
 1818      00
 1819              	.LASF61:
 1820 03f4 725F7175 		.ascii	"r_queue\000"
 1820      65756500 
 1821              	.LASF53:
 1822 03fc 56697274 		.ascii	"VirtualTimer\000"
 1822      75616C54 
 1822      696D6572 
 1822      00
 1823              	.LASF77:
 1824 0409 63686172 		.ascii	"char\000"
 1824      00
 1825              	.LASF72:
 1826 040e 6D5F6E65 		.ascii	"m_next\000"
ARM GAS  /tmp/cc1GooYC.s 			page 36


 1826      787400
 1827              	.LASF24:
 1828 0415 73797374 		.ascii	"systime_t\000"
 1828      696D655F 
 1828      7400
 1829              	.LASF43:
 1830 041f 705F7265 		.ascii	"p_realprio\000"
 1830      616C7072 
 1830      696F00
 1831              	.LASF7:
 1832 042a 5F5F696E 		.ascii	"__int32_t\000"
 1832      7433325F 
 1832      7400
 1833              	.LASF88:
 1834 0434 5F76745F 		.ascii	"_vt_init\000"
 1834      696E6974 
 1834      00
 1835              	.LASF37:
 1836 043d 705F7469 		.ascii	"p_time\000"
 1836      6D6500
 1837              	.LASF49:
 1838 0444 696E7463 		.ascii	"intctx\000"
 1838      747800
 1839              	.LASF39:
 1840 044b 705F6D73 		.ascii	"p_msgqueue\000"
 1840      67717565 
 1840      756500
 1841              	.LASF58:
 1842 0456 76745F70 		.ascii	"vt_par\000"
 1842      617200
 1843              	.LASF36:
 1844 045d 705F7265 		.ascii	"p_refs\000"
 1844      667300
 1845              	.LASF68:
 1846 0464 52656164 		.ascii	"ReadyList\000"
 1846      794C6973 
 1846      7400
 1847              	.LASF84:
 1848 046e 726C6973 		.ascii	"rlist\000"
 1848      7400
 1849              	.LASF14:
 1850 0474 75696E74 		.ascii	"uint8_t\000"
 1850      385F7400 
 1851              	.LASF86:
 1852 047c 5F706F72 		.ascii	"_port_init\000"
 1852      745F696E 
 1852      697400
 1853              	.LASF75:
 1854 0487 77746F62 		.ascii	"wtobjp\000"
 1854      6A7000
 1855              	.LASF33:
 1856 048e 705F6E61 		.ascii	"p_name\000"
 1856      6D6500
 1857              	.LASF59:
 1858 0495 76745F73 		.ascii	"vt_systime\000"
 1858      79737469 
 1858      6D6500
ARM GAS  /tmp/cc1GooYC.s 			page 37


 1859              	.LASF60:
 1860 04a0 56544C69 		.ascii	"VTList\000"
 1860      737400
 1861              	.LASF66:
 1862 04a7 725F7072 		.ascii	"r_preempt\000"
 1862      65656D70 
 1862      7400
 1863              	.LASF71:
 1864 04b1 6D5F6F77 		.ascii	"m_owner\000"
 1864      6E657200 
 1865              	.LASF30:
 1866 04b9 705F6374 		.ascii	"p_ctx\000"
 1866      7800
 1867              	.LASF38:
 1868 04bf 705F7761 		.ascii	"p_waiting\000"
 1868      6974696E 
 1868      6700
 1869              		.ident	"GCC: (GNU Tools for ARM Embedded Processors) 4.9.3 20150529 (release) [ARM/embedded-4_9-br
ARM GAS  /tmp/cc1GooYC.s 			page 38


DEFINED SYMBOLS
                            *ABS*:00000000 chsys.c
     /tmp/cc1GooYC.s:19     .text._idle_thread:00000000 $t
     /tmp/cc1GooYC.s:25     .text._idle_thread:00000000 _idle_thread
     /tmp/cc1GooYC.s:46     .text._idle_thread:0000000c $d
     /tmp/cc1GooYC.s:52     .text.chSysInit:00000000 $t
     /tmp/cc1GooYC.s:58     .text.chSysInit:00000000 chSysInit
     /tmp/cc1GooYC.s:127    .text.chSysInit:00000048 $d
     /tmp/cc1GooYC.s:136    .text.chSysTimerHandlerI:00000000 $t
     /tmp/cc1GooYC.s:142    .text.chSysTimerHandlerI:00000000 chSysTimerHandlerI
     /tmp/cc1GooYC.s:212    .text.chSysTimerHandlerI:00000048 $d
     /tmp/cc1GooYC.s:238    .bss._idle_thread_wa:00000000 _idle_thread_wa
     /tmp/cc1GooYC.s:220    .rodata.str1.4:00000000 $d
     /tmp/cc1GooYC.s:227    .bss.mainthread.4837:00000000 $d
     /tmp/cc1GooYC.s:231    .bss.mainthread.4837:00000000 mainthread.4837
     /tmp/cc1GooYC.s:234    .bss._idle_thread_wa:00000000 $d
                     .debug_frame:00000010 $d

UNDEFINED SYMBOLS
rlist
_port_init
_scheduler_init
_vt_init
_core_init
_heap_init
_thread_init
chThdCreateStatic
vtlist
