ARM GAS  /tmp/cc9lUmXg.s 			page 1


   1              		.syntax unified
   2              		.cpu cortex-m3
   3              		.fpu softvfp
   4              		.eabi_attribute 20, 1
   5              		.eabi_attribute 21, 1
   6              		.eabi_attribute 23, 3
   7              		.eabi_attribute 24, 1
   8              		.eabi_attribute 25, 1
   9              		.eabi_attribute 26, 1
  10              		.eabi_attribute 30, 2
  11              		.eabi_attribute 34, 1
  12              		.eabi_attribute 18, 4
  13              		.thumb
  14              		.file	"chvt.c"
  15              		.text
  16              	.Ltext0:
  17              		.cfi_sections	.debug_frame
  18              		.section	.text._vt_init,"ax",%progbits
  19              		.align	2
  20              		.p2align 4,,15
  21              		.global	_vt_init
  22              		.thumb
  23              		.thumb_func
  24              		.type	_vt_init, %function
  25              	_vt_init:
  26              	.LFB7:
  27              		.file 1 "/home/nicolas/Escritorio/Embebidos/stamp_repo/files/code/ext/ChibiOS/os/kernel/src/chvt.c
  28              		.loc 1 50 0
  29              		.cfi_startproc
  30              		@ args = 0, pretend = 0, frame = 0
  31              		@ frame_needed = 0, uses_anonymous_args = 0
  32              		@ link register save eliminated.
  33              		.loc 1 52 0
  34 0000 044B     		ldr	r3, .L2
  35              		.loc 1 53 0
  36 0002 4FF0FF31 		mov	r1, #-1
  37              		.loc 1 54 0
  38 0006 0022     		movs	r2, #0
  39              		.loc 1 52 0
  40 0008 5B60     		str	r3, [r3, #4]
  41 000a 1B60     		str	r3, [r3]
  42              		.loc 1 53 0
  43 000c 9960     		str	r1, [r3, #8]
  44              		.loc 1 54 0
  45 000e DA60     		str	r2, [r3, #12]
  46 0010 7047     		bx	lr
  47              	.L3:
  48 0012 00BF     		.align	2
  49              	.L2:
  50 0014 00000000 		.word	.LANCHOR0
  51              		.cfi_endproc
  52              	.LFE7:
  53              		.size	_vt_init, .-_vt_init
  54              		.section	.text.chVTSetI,"ax",%progbits
  55              		.align	2
  56              		.p2align 4,,15
  57              		.global	chVTSetI
ARM GAS  /tmp/cc9lUmXg.s 			page 2


  58              		.thumb
  59              		.thumb_func
  60              		.type	chVTSetI, %function
  61              	chVTSetI:
  62              	.LFB8:
  63              		.loc 1 77 0
  64              		.cfi_startproc
  65              		@ args = 0, pretend = 0, frame = 0
  66              		@ frame_needed = 0, uses_anonymous_args = 0
  67              		@ link register save eliminated.
  68              	.LVL0:
  69 0000 10B4     		push	{r4}
  70              		.cfi_def_cfa_offset 4
  71              		.cfi_offset 4, -4
  72              		.loc 1 86 0
  73 0002 0D4C     		ldr	r4, .L11
  74              		.loc 1 84 0
  75 0004 0361     		str	r3, [r0, #16]
  76              		.loc 1 86 0
  77 0006 2368     		ldr	r3, [r4]
  78              	.LVL1:
  79              		.loc 1 85 0
  80 0008 C260     		str	r2, [r0, #12]
  81              		.loc 1 87 0
  82 000a 9A68     		ldr	r2, [r3, #8]
  83              	.LVL2:
  84 000c 9142     		cmp	r1, r2
  85 000e 04D9     		bls	.L5
  86              	.L6:
  87              		.loc 1 89 0
  88 0010 1B68     		ldr	r3, [r3]
  89              	.LVL3:
  90              		.loc 1 88 0
  91 0012 891A     		subs	r1, r1, r2
  92              	.LVL4:
  93              		.loc 1 87 0
  94 0014 9A68     		ldr	r2, [r3, #8]
  95 0016 8A42     		cmp	r2, r1
  96 0018 FAD3     		bcc	.L6
  97              	.L5:
  98              		.loc 1 92 0
  99 001a 5A68     		ldr	r2, [r3, #4]
 100              		.loc 1 95 0
 101 001c A342     		cmp	r3, r4
 102              		.loc 1 92 0
 103 001e 0360     		str	r3, [r0]
 104 0020 4260     		str	r2, [r0, #4]
 105              		.loc 1 93 0
 106 0022 5860     		str	r0, [r3, #4]
 107 0024 1060     		str	r0, [r2]
 108              		.loc 1 94 0
 109 0026 8160     		str	r1, [r0, #8]
 110              		.loc 1 95 0
 111 0028 02D0     		beq	.L4
 112              		.loc 1 96 0
 113 002a 9A68     		ldr	r2, [r3, #8]
 114 002c 511A     		subs	r1, r2, r1
ARM GAS  /tmp/cc9lUmXg.s 			page 3


 115              	.LVL5:
 116 002e 9960     		str	r1, [r3, #8]
 117              	.LVL6:
 118              	.L4:
 119              		.loc 1 97 0
 120 0030 5DF8044B 		ldr	r4, [sp], #4
 121              		.cfi_restore 4
 122              		.cfi_def_cfa_offset 0
 123 0034 7047     		bx	lr
 124              	.L12:
 125 0036 00BF     		.align	2
 126              	.L11:
 127 0038 00000000 		.word	.LANCHOR0
 128              		.cfi_endproc
 129              	.LFE8:
 130              		.size	chVTSetI, .-chVTSetI
 131              		.section	.text.chVTResetI,"ax",%progbits
 132              		.align	2
 133              		.p2align 4,,15
 134              		.global	chVTResetI
 135              		.thumb
 136              		.thumb_func
 137              		.type	chVTResetI, %function
 138              	chVTResetI:
 139              	.LFB9:
 140              		.loc 1 107 0
 141              		.cfi_startproc
 142              		@ args = 0, pretend = 0, frame = 0
 143              		@ frame_needed = 0, uses_anonymous_args = 0
 144              		@ link register save eliminated.
 145              	.LVL7:
 146              		.loc 1 115 0
 147 0000 074A     		ldr	r2, .L15
 148 0002 0368     		ldr	r3, [r0]
 149 0004 9342     		cmp	r3, r2
 150 0006 03D0     		beq	.L14
 151              		.loc 1 116 0
 152 0008 9968     		ldr	r1, [r3, #8]
 153 000a 8268     		ldr	r2, [r0, #8]
 154 000c 0A44     		add	r2, r2, r1
 155 000e 9A60     		str	r2, [r3, #8]
 156              	.L14:
 157              		.loc 1 117 0
 158 0010 4268     		ldr	r2, [r0, #4]
 159              		.loc 1 119 0
 160 0012 0021     		movs	r1, #0
 161              		.loc 1 117 0
 162 0014 1360     		str	r3, [r2]
 163              		.loc 1 118 0
 164 0016 0368     		ldr	r3, [r0]
 165 0018 5A60     		str	r2, [r3, #4]
 166              		.loc 1 119 0
 167 001a C160     		str	r1, [r0, #12]
 168 001c 7047     		bx	lr
 169              	.L16:
 170 001e 00BF     		.align	2
 171              	.L15:
ARM GAS  /tmp/cc9lUmXg.s 			page 4


 172 0020 00000000 		.word	.LANCHOR0
 173              		.cfi_endproc
 174              	.LFE9:
 175              		.size	chVTResetI, .-chVTResetI
 176              		.section	.text.chTimeIsWithin,"ax",%progbits
 177              		.align	2
 178              		.p2align 4,,15
 179              		.global	chTimeIsWithin
 180              		.thumb
 181              		.thumb_func
 182              		.type	chTimeIsWithin, %function
 183              	chTimeIsWithin:
 184              	.LFB10:
 185              		.loc 1 135 0
 186              		.cfi_startproc
 187              		@ args = 0, pretend = 0, frame = 0
 188              		@ frame_needed = 0, uses_anonymous_args = 0
 189              		@ link register save eliminated.
 190              	.LVL8:
 191              		.loc 1 137 0
 192 0000 084B     		ldr	r3, .L23
 193              		.loc 1 138 0
 194 0002 8142     		cmp	r1, r0
 195              		.loc 1 137 0
 196 0004 DB68     		ldr	r3, [r3, #12]
 197              	.LVL9:
 198              		.loc 1 138 0
 199 0006 06D9     		bls	.L18
 200              		.loc 1 138 0 is_stmt 0 discriminator 1
 201 0008 8342     		cmp	r3, r0
 202 000a 08D3     		bcc	.L20
 203              	.L22:
 204              		.loc 1 139 0 is_stmt 1
 205 000c 8B42     		cmp	r3, r1
 206 000e 2CBF     		ite	cs
 207 0010 0020     		movcs	r0, #0
 208              	.LVL10:
 209 0012 0120     		movcc	r0, #1
 210 0014 7047     		bx	lr
 211              	.LVL11:
 212              	.L18:
 213              		.loc 1 138 0 discriminator 2
 214 0016 8342     		cmp	r3, r0
 215 0018 F8D3     		bcc	.L22
 216              		.loc 1 138 0 is_stmt 0
 217 001a 0120     		movs	r0, #1
 218              	.LVL12:
 219              		.loc 1 140 0 is_stmt 1
 220 001c 7047     		bx	lr
 221              	.LVL13:
 222              	.L20:
 223              		.loc 1 138 0
 224 001e 0020     		movs	r0, #0
 225              	.LVL14:
 226 0020 7047     		bx	lr
 227              	.L24:
 228 0022 00BF     		.align	2
ARM GAS  /tmp/cc9lUmXg.s 			page 5


 229              	.L23:
 230 0024 00000000 		.word	.LANCHOR0
 231              		.cfi_endproc
 232              	.LFE10:
 233              		.size	chTimeIsWithin, .-chTimeIsWithin
 234              		.global	vtlist
 235              		.section	.bss.vtlist,"aw",%nobits
 236              		.align	2
 237              		.set	.LANCHOR0,. + 0
 238              		.type	vtlist, %object
 239              		.size	vtlist, 16
 240              	vtlist:
 241 0000 00000000 		.space	16
 241      00000000 
 241      00000000 
 241      00000000 
 242              		.text
 243              	.Letext0:
 244              		.file 2 "/opt/gcc-arm-none-eabi-4_9-2015q3/arm-none-eabi/include/machine/_default_types.h"
 245              		.file 3 "/opt/gcc-arm-none-eabi-4_9-2015q3/arm-none-eabi/include/sys/_stdint.h"
 246              		.file 4 "/home/nicolas/Escritorio/Embebidos/stamp_repo/files/code/ext/ChibiOS/os/ports/GCC/ARMCMx/
 247              		.file 5 "/home/nicolas/Escritorio/Embebidos/stamp_repo/files/code/ext/ChibiOS/os/kernel/include/ch
 248              		.section	.debug_info,"",%progbits
 249              	.Ldebug_info0:
 250 0000 5A020000 		.4byte	0x25a
 251 0004 0400     		.2byte	0x4
 252 0006 00000000 		.4byte	.Ldebug_abbrev0
 253 000a 04       		.byte	0x4
 254 000b 01       		.uleb128 0x1
 255 000c 94000000 		.4byte	.LASF31
 256 0010 01       		.byte	0x1
 257 0011 42020000 		.4byte	.LASF32
 258 0015 00000000 		.4byte	.Ldebug_ranges0+0
 259 0019 00000000 		.4byte	0
 260 001d 00000000 		.4byte	.Ldebug_line0
 261 0021 02       		.uleb128 0x2
 262 0022 04       		.byte	0x4
 263 0023 05       		.byte	0x5
 264 0024 696E7400 		.ascii	"int\000"
 265 0028 03       		.uleb128 0x3
 266 0029 04       		.byte	0x4
 267 002a 07       		.byte	0x7
 268 002b 23000000 		.4byte	.LASF0
 269 002f 03       		.uleb128 0x3
 270 0030 01       		.byte	0x1
 271 0031 06       		.byte	0x6
 272 0032 1C020000 		.4byte	.LASF1
 273 0036 03       		.uleb128 0x3
 274 0037 01       		.byte	0x1
 275 0038 08       		.byte	0x8
 276 0039 72000000 		.4byte	.LASF2
 277 003d 03       		.uleb128 0x3
 278 003e 02       		.byte	0x2
 279 003f 05       		.byte	0x5
 280 0040 E9010000 		.4byte	.LASF3
 281 0044 03       		.uleb128 0x3
 282 0045 02       		.byte	0x2
ARM GAS  /tmp/cc9lUmXg.s 			page 6


 283 0046 07       		.byte	0x7
 284 0047 52000000 		.4byte	.LASF4
 285 004b 04       		.uleb128 0x4
 286 004c 13000000 		.4byte	.LASF6
 287 0050 02       		.byte	0x2
 288 0051 3F       		.byte	0x3f
 289 0052 56000000 		.4byte	0x56
 290 0056 03       		.uleb128 0x3
 291 0057 04       		.byte	0x4
 292 0058 05       		.byte	0x5
 293 0059 13020000 		.4byte	.LASF5
 294 005d 04       		.uleb128 0x4
 295 005e 89000000 		.4byte	.LASF7
 296 0062 02       		.byte	0x2
 297 0063 41       		.byte	0x41
 298 0064 68000000 		.4byte	0x68
 299 0068 03       		.uleb128 0x3
 300 0069 04       		.byte	0x4
 301 006a 07       		.byte	0x7
 302 006b 40000000 		.4byte	.LASF8
 303 006f 03       		.uleb128 0x3
 304 0070 08       		.byte	0x8
 305 0071 05       		.byte	0x5
 306 0072 C0010000 		.4byte	.LASF9
 307 0076 03       		.uleb128 0x3
 308 0077 08       		.byte	0x8
 309 0078 07       		.byte	0x7
 310 0079 79010000 		.4byte	.LASF10
 311 007d 04       		.uleb128 0x4
 312 007e A4010000 		.4byte	.LASF11
 313 0082 03       		.byte	0x3
 314 0083 1F       		.byte	0x1f
 315 0084 4B000000 		.4byte	0x4b
 316 0088 04       		.uleb128 0x4
 317 0089 0A020000 		.4byte	.LASF12
 318 008d 03       		.byte	0x3
 319 008e 20       		.byte	0x20
 320 008f 5D000000 		.4byte	0x5d
 321 0093 04       		.uleb128 0x4
 322 0094 30000000 		.4byte	.LASF13
 323 0098 04       		.byte	0x4
 324 0099 2E       		.byte	0x2e
 325 009a 7D000000 		.4byte	0x7d
 326 009e 04       		.uleb128 0x4
 327 009f 09000000 		.4byte	.LASF14
 328 00a3 04       		.byte	0x4
 329 00a4 36       		.byte	0x36
 330 00a5 88000000 		.4byte	0x88
 331 00a9 05       		.uleb128 0x5
 332 00aa 04       		.byte	0x4
 333 00ab 03       		.uleb128 0x3
 334 00ac 04       		.byte	0x4
 335 00ad 07       		.byte	0x7
 336 00ae AC010000 		.4byte	.LASF15
 337 00b2 04       		.uleb128 0x4
 338 00b3 37000000 		.4byte	.LASF16
 339 00b7 05       		.byte	0x5
ARM GAS  /tmp/cc9lUmXg.s 			page 7


 340 00b8 53       		.byte	0x53
 341 00b9 BD000000 		.4byte	0xbd
 342 00bd 06       		.uleb128 0x6
 343 00be 04       		.byte	0x4
 344 00bf C3000000 		.4byte	0xc3
 345 00c3 07       		.uleb128 0x7
 346 00c4 CE000000 		.4byte	0xce
 347 00c8 08       		.uleb128 0x8
 348 00c9 A9000000 		.4byte	0xa9
 349 00cd 00       		.byte	0
 350 00ce 04       		.uleb128 0x4
 351 00cf 65000000 		.4byte	.LASF17
 352 00d3 05       		.byte	0x5
 353 00d4 58       		.byte	0x58
 354 00d5 D9000000 		.4byte	0xd9
 355 00d9 09       		.uleb128 0x9
 356 00da 65000000 		.4byte	.LASF17
 357 00de 14       		.byte	0x14
 358 00df 05       		.byte	0x5
 359 00e0 5F       		.byte	0x5f
 360 00e1 22010000 		.4byte	0x122
 361 00e5 0A       		.uleb128 0xa
 362 00e6 2F020000 		.4byte	.LASF18
 363 00ea 05       		.byte	0x5
 364 00eb 60       		.byte	0x60
 365 00ec 22010000 		.4byte	0x122
 366 00f0 00       		.byte	0
 367 00f1 0A       		.uleb128 0xa
 368 00f2 02020000 		.4byte	.LASF19
 369 00f6 05       		.byte	0x5
 370 00f7 62       		.byte	0x62
 371 00f8 22010000 		.4byte	0x122
 372 00fc 04       		.byte	0x4
 373 00fd 0A       		.uleb128 0xa
 374 00fe 9C010000 		.4byte	.LASF20
 375 0102 05       		.byte	0x5
 376 0103 64       		.byte	0x64
 377 0104 9E000000 		.4byte	0x9e
 378 0108 08       		.byte	0x8
 379 0109 0A       		.uleb128 0xa
 380 010a CE010000 		.4byte	.LASF21
 381 010e 05       		.byte	0x5
 382 010f 65       		.byte	0x65
 383 0110 B2000000 		.4byte	0xb2
 384 0114 0C       		.byte	0xc
 385 0115 0A       		.uleb128 0xa
 386 0116 E2010000 		.4byte	.LASF22
 387 011a 05       		.byte	0x5
 388 011b 67       		.byte	0x67
 389 011c A9000000 		.4byte	0xa9
 390 0120 10       		.byte	0x10
 391 0121 00       		.byte	0
 392 0122 06       		.uleb128 0x6
 393 0123 04       		.byte	0x4
 394 0124 CE000000 		.4byte	0xce
 395 0128 0B       		.uleb128 0xb
 396 0129 10       		.byte	0x10
ARM GAS  /tmp/cc9lUmXg.s 			page 8


 397 012a 05       		.byte	0x5
 398 012b 71       		.byte	0x71
 399 012c 61010000 		.4byte	0x161
 400 0130 0A       		.uleb128 0xa
 401 0131 2F020000 		.4byte	.LASF18
 402 0135 05       		.byte	0x5
 403 0136 72       		.byte	0x72
 404 0137 22010000 		.4byte	0x122
 405 013b 00       		.byte	0
 406 013c 0A       		.uleb128 0xa
 407 013d 02020000 		.4byte	.LASF19
 408 0141 05       		.byte	0x5
 409 0142 74       		.byte	0x74
 410 0143 22010000 		.4byte	0x122
 411 0147 04       		.byte	0x4
 412 0148 0A       		.uleb128 0xa
 413 0149 9C010000 		.4byte	.LASF20
 414 014d 05       		.byte	0x5
 415 014e 76       		.byte	0x76
 416 014f 9E000000 		.4byte	0x9e
 417 0153 08       		.byte	0x8
 418 0154 0A       		.uleb128 0xa
 419 0155 B5010000 		.4byte	.LASF23
 420 0159 05       		.byte	0x5
 421 015a 77       		.byte	0x77
 422 015b 61010000 		.4byte	0x161
 423 015f 0C       		.byte	0xc
 424 0160 00       		.byte	0
 425 0161 0C       		.uleb128 0xc
 426 0162 9E000000 		.4byte	0x9e
 427 0166 04       		.uleb128 0x4
 428 0167 28020000 		.4byte	.LASF24
 429 016b 05       		.byte	0x5
 430 016c 78       		.byte	0x78
 431 016d 28010000 		.4byte	0x128
 432 0171 03       		.uleb128 0x3
 433 0172 01       		.byte	0x1
 434 0173 08       		.byte	0x8
 435 0174 DD010000 		.4byte	.LASF25
 436 0178 0D       		.uleb128 0xd
 437 0179 80000000 		.4byte	.LASF33
 438 017d 01       		.byte	0x1
 439 017e 32       		.byte	0x32
 440 017f 00000000 		.4byte	.LFB7
 441 0183 18000000 		.4byte	.LFE7-.LFB7
 442 0187 01       		.uleb128 0x1
 443 0188 9C       		.byte	0x9c
 444 0189 0E       		.uleb128 0xe
 445 018a 00000000 		.4byte	.LASF28
 446 018e 01       		.byte	0x1
 447 018f 4D       		.byte	0x4d
 448 0190 00000000 		.4byte	.LFB8
 449 0194 3C000000 		.4byte	.LFE8-.LFB8
 450 0198 01       		.uleb128 0x1
 451 0199 9C       		.byte	0x9c
 452 019a E6010000 		.4byte	0x1e6
 453 019e 0F       		.uleb128 0xf
ARM GAS  /tmp/cc9lUmXg.s 			page 9


 454 019f 76747000 		.ascii	"vtp\000"
 455 01a3 01       		.byte	0x1
 456 01a4 4D       		.byte	0x4d
 457 01a5 22010000 		.4byte	0x122
 458 01a9 01       		.uleb128 0x1
 459 01aa 50       		.byte	0x50
 460 01ab 10       		.uleb128 0x10
 461 01ac 97010000 		.4byte	.LASF26
 462 01b0 01       		.byte	0x1
 463 01b1 4D       		.byte	0x4d
 464 01b2 9E000000 		.4byte	0x9e
 465 01b6 00000000 		.4byte	.LLST0
 466 01ba 10       		.uleb128 0x10
 467 01bb D6010000 		.4byte	.LASF27
 468 01bf 01       		.byte	0x1
 469 01c0 4D       		.byte	0x4d
 470 01c1 B2000000 		.4byte	0xb2
 471 01c5 2A000000 		.4byte	.LLST1
 472 01c9 11       		.uleb128 0x11
 473 01ca 70617200 		.ascii	"par\000"
 474 01ce 01       		.byte	0x1
 475 01cf 4D       		.byte	0x4d
 476 01d0 A9000000 		.4byte	0xa9
 477 01d4 49000000 		.4byte	.LLST2
 478 01d8 12       		.uleb128 0x12
 479 01d9 7000     		.ascii	"p\000"
 480 01db 01       		.byte	0x1
 481 01dc 4E       		.byte	0x4e
 482 01dd 22010000 		.4byte	0x122
 483 01e1 68000000 		.4byte	.LLST3
 484 01e5 00       		.byte	0
 485 01e6 0E       		.uleb128 0xe
 486 01e7 37020000 		.4byte	.LASF29
 487 01eb 01       		.byte	0x1
 488 01ec 6B       		.byte	0x6b
 489 01ed 00000000 		.4byte	.LFB9
 490 01f1 24000000 		.4byte	.LFE9-.LFB9
 491 01f5 01       		.uleb128 0x1
 492 01f6 9C       		.byte	0x9c
 493 01f7 09020000 		.4byte	0x209
 494 01fb 0F       		.uleb128 0xf
 495 01fc 76747000 		.ascii	"vtp\000"
 496 0200 01       		.byte	0x1
 497 0201 6B       		.byte	0x6b
 498 0202 22010000 		.4byte	0x122
 499 0206 01       		.uleb128 0x1
 500 0207 50       		.byte	0x50
 501 0208 00       		.byte	0
 502 0209 13       		.uleb128 0x13
 503 020a F3010000 		.4byte	.LASF34
 504 020e 01       		.byte	0x1
 505 020f 87       		.byte	0x87
 506 0210 93000000 		.4byte	0x93
 507 0214 00000000 		.4byte	.LFB10
 508 0218 28000000 		.4byte	.LFE10-.LFB10
 509 021c 01       		.uleb128 0x1
 510 021d 9C       		.byte	0x9c
ARM GAS  /tmp/cc9lUmXg.s 			page 10


 511 021e 4C020000 		.4byte	0x24c
 512 0222 10       		.uleb128 0x10
 513 0223 1D000000 		.4byte	.LASF30
 514 0227 01       		.byte	0x1
 515 0228 87       		.byte	0x87
 516 0229 9E000000 		.4byte	0x9e
 517 022d 86000000 		.4byte	.LLST4
 518 0231 0F       		.uleb128 0xf
 519 0232 656E6400 		.ascii	"end\000"
 520 0236 01       		.byte	0x1
 521 0237 87       		.byte	0x87
 522 0238 9E000000 		.4byte	0x9e
 523 023c 01       		.uleb128 0x1
 524 023d 51       		.byte	0x51
 525 023e 14       		.uleb128 0x14
 526 023f 97010000 		.4byte	.LASF26
 527 0243 01       		.byte	0x1
 528 0244 89       		.byte	0x89
 529 0245 9E000000 		.4byte	0x9e
 530 0249 01       		.uleb128 0x1
 531 024a 53       		.byte	0x53
 532 024b 00       		.byte	0
 533 024c 15       		.uleb128 0x15
 534 024d 90010000 		.4byte	.LASF35
 535 0251 01       		.byte	0x1
 536 0252 2A       		.byte	0x2a
 537 0253 66010000 		.4byte	0x166
 538 0257 05       		.uleb128 0x5
 539 0258 03       		.byte	0x3
 540 0259 00000000 		.4byte	vtlist
 541 025d 00       		.byte	0
 542              		.section	.debug_abbrev,"",%progbits
 543              	.Ldebug_abbrev0:
 544 0000 01       		.uleb128 0x1
 545 0001 11       		.uleb128 0x11
 546 0002 01       		.byte	0x1
 547 0003 25       		.uleb128 0x25
 548 0004 0E       		.uleb128 0xe
 549 0005 13       		.uleb128 0x13
 550 0006 0B       		.uleb128 0xb
 551 0007 03       		.uleb128 0x3
 552 0008 0E       		.uleb128 0xe
 553 0009 55       		.uleb128 0x55
 554 000a 17       		.uleb128 0x17
 555 000b 11       		.uleb128 0x11
 556 000c 01       		.uleb128 0x1
 557 000d 10       		.uleb128 0x10
 558 000e 17       		.uleb128 0x17
 559 000f 00       		.byte	0
 560 0010 00       		.byte	0
 561 0011 02       		.uleb128 0x2
 562 0012 24       		.uleb128 0x24
 563 0013 00       		.byte	0
 564 0014 0B       		.uleb128 0xb
 565 0015 0B       		.uleb128 0xb
 566 0016 3E       		.uleb128 0x3e
 567 0017 0B       		.uleb128 0xb
ARM GAS  /tmp/cc9lUmXg.s 			page 11


 568 0018 03       		.uleb128 0x3
 569 0019 08       		.uleb128 0x8
 570 001a 00       		.byte	0
 571 001b 00       		.byte	0
 572 001c 03       		.uleb128 0x3
 573 001d 24       		.uleb128 0x24
 574 001e 00       		.byte	0
 575 001f 0B       		.uleb128 0xb
 576 0020 0B       		.uleb128 0xb
 577 0021 3E       		.uleb128 0x3e
 578 0022 0B       		.uleb128 0xb
 579 0023 03       		.uleb128 0x3
 580 0024 0E       		.uleb128 0xe
 581 0025 00       		.byte	0
 582 0026 00       		.byte	0
 583 0027 04       		.uleb128 0x4
 584 0028 16       		.uleb128 0x16
 585 0029 00       		.byte	0
 586 002a 03       		.uleb128 0x3
 587 002b 0E       		.uleb128 0xe
 588 002c 3A       		.uleb128 0x3a
 589 002d 0B       		.uleb128 0xb
 590 002e 3B       		.uleb128 0x3b
 591 002f 0B       		.uleb128 0xb
 592 0030 49       		.uleb128 0x49
 593 0031 13       		.uleb128 0x13
 594 0032 00       		.byte	0
 595 0033 00       		.byte	0
 596 0034 05       		.uleb128 0x5
 597 0035 0F       		.uleb128 0xf
 598 0036 00       		.byte	0
 599 0037 0B       		.uleb128 0xb
 600 0038 0B       		.uleb128 0xb
 601 0039 00       		.byte	0
 602 003a 00       		.byte	0
 603 003b 06       		.uleb128 0x6
 604 003c 0F       		.uleb128 0xf
 605 003d 00       		.byte	0
 606 003e 0B       		.uleb128 0xb
 607 003f 0B       		.uleb128 0xb
 608 0040 49       		.uleb128 0x49
 609 0041 13       		.uleb128 0x13
 610 0042 00       		.byte	0
 611 0043 00       		.byte	0
 612 0044 07       		.uleb128 0x7
 613 0045 15       		.uleb128 0x15
 614 0046 01       		.byte	0x1
 615 0047 27       		.uleb128 0x27
 616 0048 19       		.uleb128 0x19
 617 0049 01       		.uleb128 0x1
 618 004a 13       		.uleb128 0x13
 619 004b 00       		.byte	0
 620 004c 00       		.byte	0
 621 004d 08       		.uleb128 0x8
 622 004e 05       		.uleb128 0x5
 623 004f 00       		.byte	0
 624 0050 49       		.uleb128 0x49
ARM GAS  /tmp/cc9lUmXg.s 			page 12


 625 0051 13       		.uleb128 0x13
 626 0052 00       		.byte	0
 627 0053 00       		.byte	0
 628 0054 09       		.uleb128 0x9
 629 0055 13       		.uleb128 0x13
 630 0056 01       		.byte	0x1
 631 0057 03       		.uleb128 0x3
 632 0058 0E       		.uleb128 0xe
 633 0059 0B       		.uleb128 0xb
 634 005a 0B       		.uleb128 0xb
 635 005b 3A       		.uleb128 0x3a
 636 005c 0B       		.uleb128 0xb
 637 005d 3B       		.uleb128 0x3b
 638 005e 0B       		.uleb128 0xb
 639 005f 01       		.uleb128 0x1
 640 0060 13       		.uleb128 0x13
 641 0061 00       		.byte	0
 642 0062 00       		.byte	0
 643 0063 0A       		.uleb128 0xa
 644 0064 0D       		.uleb128 0xd
 645 0065 00       		.byte	0
 646 0066 03       		.uleb128 0x3
 647 0067 0E       		.uleb128 0xe
 648 0068 3A       		.uleb128 0x3a
 649 0069 0B       		.uleb128 0xb
 650 006a 3B       		.uleb128 0x3b
 651 006b 0B       		.uleb128 0xb
 652 006c 49       		.uleb128 0x49
 653 006d 13       		.uleb128 0x13
 654 006e 38       		.uleb128 0x38
 655 006f 0B       		.uleb128 0xb
 656 0070 00       		.byte	0
 657 0071 00       		.byte	0
 658 0072 0B       		.uleb128 0xb
 659 0073 13       		.uleb128 0x13
 660 0074 01       		.byte	0x1
 661 0075 0B       		.uleb128 0xb
 662 0076 0B       		.uleb128 0xb
 663 0077 3A       		.uleb128 0x3a
 664 0078 0B       		.uleb128 0xb
 665 0079 3B       		.uleb128 0x3b
 666 007a 0B       		.uleb128 0xb
 667 007b 01       		.uleb128 0x1
 668 007c 13       		.uleb128 0x13
 669 007d 00       		.byte	0
 670 007e 00       		.byte	0
 671 007f 0C       		.uleb128 0xc
 672 0080 35       		.uleb128 0x35
 673 0081 00       		.byte	0
 674 0082 49       		.uleb128 0x49
 675 0083 13       		.uleb128 0x13
 676 0084 00       		.byte	0
 677 0085 00       		.byte	0
 678 0086 0D       		.uleb128 0xd
 679 0087 2E       		.uleb128 0x2e
 680 0088 00       		.byte	0
 681 0089 3F       		.uleb128 0x3f
ARM GAS  /tmp/cc9lUmXg.s 			page 13


 682 008a 19       		.uleb128 0x19
 683 008b 03       		.uleb128 0x3
 684 008c 0E       		.uleb128 0xe
 685 008d 3A       		.uleb128 0x3a
 686 008e 0B       		.uleb128 0xb
 687 008f 3B       		.uleb128 0x3b
 688 0090 0B       		.uleb128 0xb
 689 0091 27       		.uleb128 0x27
 690 0092 19       		.uleb128 0x19
 691 0093 11       		.uleb128 0x11
 692 0094 01       		.uleb128 0x1
 693 0095 12       		.uleb128 0x12
 694 0096 06       		.uleb128 0x6
 695 0097 40       		.uleb128 0x40
 696 0098 18       		.uleb128 0x18
 697 0099 9742     		.uleb128 0x2117
 698 009b 19       		.uleb128 0x19
 699 009c 00       		.byte	0
 700 009d 00       		.byte	0
 701 009e 0E       		.uleb128 0xe
 702 009f 2E       		.uleb128 0x2e
 703 00a0 01       		.byte	0x1
 704 00a1 3F       		.uleb128 0x3f
 705 00a2 19       		.uleb128 0x19
 706 00a3 03       		.uleb128 0x3
 707 00a4 0E       		.uleb128 0xe
 708 00a5 3A       		.uleb128 0x3a
 709 00a6 0B       		.uleb128 0xb
 710 00a7 3B       		.uleb128 0x3b
 711 00a8 0B       		.uleb128 0xb
 712 00a9 27       		.uleb128 0x27
 713 00aa 19       		.uleb128 0x19
 714 00ab 11       		.uleb128 0x11
 715 00ac 01       		.uleb128 0x1
 716 00ad 12       		.uleb128 0x12
 717 00ae 06       		.uleb128 0x6
 718 00af 40       		.uleb128 0x40
 719 00b0 18       		.uleb128 0x18
 720 00b1 9742     		.uleb128 0x2117
 721 00b3 19       		.uleb128 0x19
 722 00b4 01       		.uleb128 0x1
 723 00b5 13       		.uleb128 0x13
 724 00b6 00       		.byte	0
 725 00b7 00       		.byte	0
 726 00b8 0F       		.uleb128 0xf
 727 00b9 05       		.uleb128 0x5
 728 00ba 00       		.byte	0
 729 00bb 03       		.uleb128 0x3
 730 00bc 08       		.uleb128 0x8
 731 00bd 3A       		.uleb128 0x3a
 732 00be 0B       		.uleb128 0xb
 733 00bf 3B       		.uleb128 0x3b
 734 00c0 0B       		.uleb128 0xb
 735 00c1 49       		.uleb128 0x49
 736 00c2 13       		.uleb128 0x13
 737 00c3 02       		.uleb128 0x2
 738 00c4 18       		.uleb128 0x18
ARM GAS  /tmp/cc9lUmXg.s 			page 14


 739 00c5 00       		.byte	0
 740 00c6 00       		.byte	0
 741 00c7 10       		.uleb128 0x10
 742 00c8 05       		.uleb128 0x5
 743 00c9 00       		.byte	0
 744 00ca 03       		.uleb128 0x3
 745 00cb 0E       		.uleb128 0xe
 746 00cc 3A       		.uleb128 0x3a
 747 00cd 0B       		.uleb128 0xb
 748 00ce 3B       		.uleb128 0x3b
 749 00cf 0B       		.uleb128 0xb
 750 00d0 49       		.uleb128 0x49
 751 00d1 13       		.uleb128 0x13
 752 00d2 02       		.uleb128 0x2
 753 00d3 17       		.uleb128 0x17
 754 00d4 00       		.byte	0
 755 00d5 00       		.byte	0
 756 00d6 11       		.uleb128 0x11
 757 00d7 05       		.uleb128 0x5
 758 00d8 00       		.byte	0
 759 00d9 03       		.uleb128 0x3
 760 00da 08       		.uleb128 0x8
 761 00db 3A       		.uleb128 0x3a
 762 00dc 0B       		.uleb128 0xb
 763 00dd 3B       		.uleb128 0x3b
 764 00de 0B       		.uleb128 0xb
 765 00df 49       		.uleb128 0x49
 766 00e0 13       		.uleb128 0x13
 767 00e1 02       		.uleb128 0x2
 768 00e2 17       		.uleb128 0x17
 769 00e3 00       		.byte	0
 770 00e4 00       		.byte	0
 771 00e5 12       		.uleb128 0x12
 772 00e6 34       		.uleb128 0x34
 773 00e7 00       		.byte	0
 774 00e8 03       		.uleb128 0x3
 775 00e9 08       		.uleb128 0x8
 776 00ea 3A       		.uleb128 0x3a
 777 00eb 0B       		.uleb128 0xb
 778 00ec 3B       		.uleb128 0x3b
 779 00ed 0B       		.uleb128 0xb
 780 00ee 49       		.uleb128 0x49
 781 00ef 13       		.uleb128 0x13
 782 00f0 02       		.uleb128 0x2
 783 00f1 17       		.uleb128 0x17
 784 00f2 00       		.byte	0
 785 00f3 00       		.byte	0
 786 00f4 13       		.uleb128 0x13
 787 00f5 2E       		.uleb128 0x2e
 788 00f6 01       		.byte	0x1
 789 00f7 3F       		.uleb128 0x3f
 790 00f8 19       		.uleb128 0x19
 791 00f9 03       		.uleb128 0x3
 792 00fa 0E       		.uleb128 0xe
 793 00fb 3A       		.uleb128 0x3a
 794 00fc 0B       		.uleb128 0xb
 795 00fd 3B       		.uleb128 0x3b
ARM GAS  /tmp/cc9lUmXg.s 			page 15


 796 00fe 0B       		.uleb128 0xb
 797 00ff 27       		.uleb128 0x27
 798 0100 19       		.uleb128 0x19
 799 0101 49       		.uleb128 0x49
 800 0102 13       		.uleb128 0x13
 801 0103 11       		.uleb128 0x11
 802 0104 01       		.uleb128 0x1
 803 0105 12       		.uleb128 0x12
 804 0106 06       		.uleb128 0x6
 805 0107 40       		.uleb128 0x40
 806 0108 18       		.uleb128 0x18
 807 0109 9742     		.uleb128 0x2117
 808 010b 19       		.uleb128 0x19
 809 010c 01       		.uleb128 0x1
 810 010d 13       		.uleb128 0x13
 811 010e 00       		.byte	0
 812 010f 00       		.byte	0
 813 0110 14       		.uleb128 0x14
 814 0111 34       		.uleb128 0x34
 815 0112 00       		.byte	0
 816 0113 03       		.uleb128 0x3
 817 0114 0E       		.uleb128 0xe
 818 0115 3A       		.uleb128 0x3a
 819 0116 0B       		.uleb128 0xb
 820 0117 3B       		.uleb128 0x3b
 821 0118 0B       		.uleb128 0xb
 822 0119 49       		.uleb128 0x49
 823 011a 13       		.uleb128 0x13
 824 011b 02       		.uleb128 0x2
 825 011c 18       		.uleb128 0x18
 826 011d 00       		.byte	0
 827 011e 00       		.byte	0
 828 011f 15       		.uleb128 0x15
 829 0120 34       		.uleb128 0x34
 830 0121 00       		.byte	0
 831 0122 03       		.uleb128 0x3
 832 0123 0E       		.uleb128 0xe
 833 0124 3A       		.uleb128 0x3a
 834 0125 0B       		.uleb128 0xb
 835 0126 3B       		.uleb128 0x3b
 836 0127 0B       		.uleb128 0xb
 837 0128 49       		.uleb128 0x49
 838 0129 13       		.uleb128 0x13
 839 012a 3F       		.uleb128 0x3f
 840 012b 19       		.uleb128 0x19
 841 012c 02       		.uleb128 0x2
 842 012d 18       		.uleb128 0x18
 843 012e 00       		.byte	0
 844 012f 00       		.byte	0
 845 0130 00       		.byte	0
 846              		.section	.debug_loc,"",%progbits
 847              	.Ldebug_loc0:
 848              	.LLST0:
 849 0000 00000000 		.4byte	.LVL0
 850 0004 14000000 		.4byte	.LVL4
 851 0008 0100     		.2byte	0x1
 852 000a 51       		.byte	0x51
ARM GAS  /tmp/cc9lUmXg.s 			page 16


 853 000b 14000000 		.4byte	.LVL4
 854 000f 2E000000 		.4byte	.LVL5
 855 0013 0100     		.2byte	0x1
 856 0015 51       		.byte	0x51
 857 0016 2E000000 		.4byte	.LVL5
 858 001a 30000000 		.4byte	.LVL6
 859 001e 0200     		.2byte	0x2
 860 0020 70       		.byte	0x70
 861 0021 08       		.sleb128 8
 862 0022 00000000 		.4byte	0
 863 0026 00000000 		.4byte	0
 864              	.LLST1:
 865 002a 00000000 		.4byte	.LVL0
 866 002e 0C000000 		.4byte	.LVL2
 867 0032 0100     		.2byte	0x1
 868 0034 52       		.byte	0x52
 869 0035 0C000000 		.4byte	.LVL2
 870 0039 3C000000 		.4byte	.LFE8
 871 003d 0200     		.2byte	0x2
 872 003f 70       		.byte	0x70
 873 0040 0C       		.sleb128 12
 874 0041 00000000 		.4byte	0
 875 0045 00000000 		.4byte	0
 876              	.LLST2:
 877 0049 00000000 		.4byte	.LVL0
 878 004d 08000000 		.4byte	.LVL1
 879 0051 0100     		.2byte	0x1
 880 0053 53       		.byte	0x53
 881 0054 08000000 		.4byte	.LVL1
 882 0058 3C000000 		.4byte	.LFE8
 883 005c 0200     		.2byte	0x2
 884 005e 70       		.byte	0x70
 885 005f 10       		.sleb128 16
 886 0060 00000000 		.4byte	0
 887 0064 00000000 		.4byte	0
 888              	.LLST3:
 889 0068 08000000 		.4byte	.LVL1
 890 006c 12000000 		.4byte	.LVL3
 891 0070 0100     		.2byte	0x1
 892 0072 53       		.byte	0x53
 893 0073 14000000 		.4byte	.LVL4
 894 0077 3C000000 		.4byte	.LFE8
 895 007b 0100     		.2byte	0x1
 896 007d 53       		.byte	0x53
 897 007e 00000000 		.4byte	0
 898 0082 00000000 		.4byte	0
 899              	.LLST4:
 900 0086 00000000 		.4byte	.LVL8
 901 008a 12000000 		.4byte	.LVL10
 902 008e 0100     		.2byte	0x1
 903 0090 50       		.byte	0x50
 904 0091 12000000 		.4byte	.LVL10
 905 0095 16000000 		.4byte	.LVL11
 906 0099 0400     		.2byte	0x4
 907 009b F3       		.byte	0xf3
 908 009c 01       		.uleb128 0x1
 909 009d 50       		.byte	0x50
ARM GAS  /tmp/cc9lUmXg.s 			page 17


 910 009e 9F       		.byte	0x9f
 911 009f 16000000 		.4byte	.LVL11
 912 00a3 1C000000 		.4byte	.LVL12
 913 00a7 0100     		.2byte	0x1
 914 00a9 50       		.byte	0x50
 915 00aa 1C000000 		.4byte	.LVL12
 916 00ae 1E000000 		.4byte	.LVL13
 917 00b2 0400     		.2byte	0x4
 918 00b4 F3       		.byte	0xf3
 919 00b5 01       		.uleb128 0x1
 920 00b6 50       		.byte	0x50
 921 00b7 9F       		.byte	0x9f
 922 00b8 1E000000 		.4byte	.LVL13
 923 00bc 20000000 		.4byte	.LVL14
 924 00c0 0100     		.2byte	0x1
 925 00c2 50       		.byte	0x50
 926 00c3 20000000 		.4byte	.LVL14
 927 00c7 28000000 		.4byte	.LFE10
 928 00cb 0400     		.2byte	0x4
 929 00cd F3       		.byte	0xf3
 930 00ce 01       		.uleb128 0x1
 931 00cf 50       		.byte	0x50
 932 00d0 9F       		.byte	0x9f
 933 00d1 00000000 		.4byte	0
 934 00d5 00000000 		.4byte	0
 935              		.section	.debug_aranges,"",%progbits
 936 0000 34000000 		.4byte	0x34
 937 0004 0200     		.2byte	0x2
 938 0006 00000000 		.4byte	.Ldebug_info0
 939 000a 04       		.byte	0x4
 940 000b 00       		.byte	0
 941 000c 0000     		.2byte	0
 942 000e 0000     		.2byte	0
 943 0010 00000000 		.4byte	.LFB7
 944 0014 18000000 		.4byte	.LFE7-.LFB7
 945 0018 00000000 		.4byte	.LFB8
 946 001c 3C000000 		.4byte	.LFE8-.LFB8
 947 0020 00000000 		.4byte	.LFB9
 948 0024 24000000 		.4byte	.LFE9-.LFB9
 949 0028 00000000 		.4byte	.LFB10
 950 002c 28000000 		.4byte	.LFE10-.LFB10
 951 0030 00000000 		.4byte	0
 952 0034 00000000 		.4byte	0
 953              		.section	.debug_ranges,"",%progbits
 954              	.Ldebug_ranges0:
 955 0000 00000000 		.4byte	.LFB7
 956 0004 18000000 		.4byte	.LFE7
 957 0008 00000000 		.4byte	.LFB8
 958 000c 3C000000 		.4byte	.LFE8
 959 0010 00000000 		.4byte	.LFB9
 960 0014 24000000 		.4byte	.LFE9
 961 0018 00000000 		.4byte	.LFB10
 962 001c 28000000 		.4byte	.LFE10
 963 0020 00000000 		.4byte	0
 964 0024 00000000 		.4byte	0
 965              		.section	.debug_line,"",%progbits
 966              	.Ldebug_line0:
ARM GAS  /tmp/cc9lUmXg.s 			page 18


 967 0000 4E020000 		.section	.debug_str,"MS",%progbits,1
 967      0200D401 
 967      00000201 
 967      FB0E0D00 
 967      01010101 
 968              	.LASF28:
 969 0000 63685654 		.ascii	"chVTSetI\000"
 969      53657449 
 969      00
 970              	.LASF14:
 971 0009 73797374 		.ascii	"systime_t\000"
 971      696D655F 
 971      7400
 972              	.LASF6:
 973 0013 5F5F696E 		.ascii	"__int32_t\000"
 973      7433325F 
 973      7400
 974              	.LASF30:
 975 001d 73746172 		.ascii	"start\000"
 975      7400
 976              	.LASF0:
 977 0023 756E7369 		.ascii	"unsigned int\000"
 977      676E6564 
 977      20696E74 
 977      00
 978              	.LASF13:
 979 0030 626F6F6C 		.ascii	"bool_t\000"
 979      5F7400
 980              	.LASF16:
 981 0037 76746675 		.ascii	"vtfunc_t\000"
 981      6E635F74 
 981      00
 982              	.LASF8:
 983 0040 6C6F6E67 		.ascii	"long unsigned int\000"
 983      20756E73 
 983      69676E65 
 983      6420696E 
 983      7400
 984              	.LASF4:
 985 0052 73686F72 		.ascii	"short unsigned int\000"
 985      7420756E 
 985      7369676E 
 985      65642069 
 985      6E7400
 986              	.LASF17:
 987 0065 56697274 		.ascii	"VirtualTimer\000"
 987      75616C54 
 987      696D6572 
 987      00
 988              	.LASF2:
 989 0072 756E7369 		.ascii	"unsigned char\000"
 989      676E6564 
 989      20636861 
 989      7200
 990              	.LASF33:
 991 0080 5F76745F 		.ascii	"_vt_init\000"
 991      696E6974 
ARM GAS  /tmp/cc9lUmXg.s 			page 19


 991      00
 992              	.LASF7:
 993 0089 5F5F7569 		.ascii	"__uint32_t\000"
 993      6E743332 
 993      5F7400
 994              	.LASF31:
 995 0094 474E5520 		.ascii	"GNU C 4.9.3 20150529 (release) [ARM/embedded-4_9-br"
 995      4320342E 
 995      392E3320 
 995      32303135 
 995      30353239 
 996 00c7 616E6368 		.ascii	"anch revision 227977] -mcpu=cortex-m3 -mno-thumb-in"
 996      20726576 
 996      6973696F 
 996      6E203232 
 996      37393737 
 997 00fa 74657277 		.ascii	"terwork -mthumb -ggdb -O2 -std=gnu99 -fomit-frame-p"
 997      6F726B20 
 997      2D6D7468 
 997      756D6220 
 997      2D676764 
 998 012d 6F696E74 		.ascii	"ointer -falign-functions=16 -ffunction-sections -fd"
 998      6572202D 
 998      66616C69 
 998      676E2D66 
 998      756E6374 
 999 0160 6174612D 		.ascii	"ata-sections -fno-common\000"
 999      73656374 
 999      696F6E73 
 999      202D666E 
 999      6F2D636F 
 1000              	.LASF10:
 1001 0179 6C6F6E67 		.ascii	"long long unsigned int\000"
 1001      206C6F6E 
 1001      6720756E 
 1001      7369676E 
 1001      65642069 
 1002              	.LASF35:
 1003 0190 76746C69 		.ascii	"vtlist\000"
 1003      737400
 1004              	.LASF26:
 1005 0197 74696D65 		.ascii	"time\000"
 1005      00
 1006              	.LASF20:
 1007 019c 76745F74 		.ascii	"vt_time\000"
 1007      696D6500 
 1008              	.LASF11:
 1009 01a4 696E7433 		.ascii	"int32_t\000"
 1009      325F7400 
 1010              	.LASF15:
 1011 01ac 73697A65 		.ascii	"sizetype\000"
 1011      74797065 
 1011      00
 1012              	.LASF23:
 1013 01b5 76745F73 		.ascii	"vt_systime\000"
 1013      79737469 
 1013      6D6500
ARM GAS  /tmp/cc9lUmXg.s 			page 20


 1014              	.LASF9:
 1015 01c0 6C6F6E67 		.ascii	"long long int\000"
 1015      206C6F6E 
 1015      6720696E 
 1015      7400
 1016              	.LASF21:
 1017 01ce 76745F66 		.ascii	"vt_func\000"
 1017      756E6300 
 1018              	.LASF27:
 1019 01d6 76746675 		.ascii	"vtfunc\000"
 1019      6E6300
 1020              	.LASF25:
 1021 01dd 63686172 		.ascii	"char\000"
 1021      00
 1022              	.LASF22:
 1023 01e2 76745F70 		.ascii	"vt_par\000"
 1023      617200
 1024              	.LASF3:
 1025 01e9 73686F72 		.ascii	"short int\000"
 1025      7420696E 
 1025      7400
 1026              	.LASF34:
 1027 01f3 63685469 		.ascii	"chTimeIsWithin\000"
 1027      6D654973 
 1027      57697468 
 1027      696E00
 1028              	.LASF19:
 1029 0202 76745F70 		.ascii	"vt_prev\000"
 1029      72657600 
 1030              	.LASF12:
 1031 020a 75696E74 		.ascii	"uint32_t\000"
 1031      33325F74 
 1031      00
 1032              	.LASF5:
 1033 0213 6C6F6E67 		.ascii	"long int\000"
 1033      20696E74 
 1033      00
 1034              	.LASF1:
 1035 021c 7369676E 		.ascii	"signed char\000"
 1035      65642063 
 1035      68617200 
 1036              	.LASF24:
 1037 0228 56544C69 		.ascii	"VTList\000"
 1037      737400
 1038              	.LASF18:
 1039 022f 76745F6E 		.ascii	"vt_next\000"
 1039      65787400 
 1040              	.LASF29:
 1041 0237 63685654 		.ascii	"chVTResetI\000"
 1041      52657365 
 1041      744900
 1042              	.LASF32:
 1043 0242 2F686F6D 		.ascii	"/home/nicolas/Escritorio/Embebidos/stamp_repo/files"
 1043      652F6E69 
 1043      636F6C61 
 1043      732F4573 
 1043      63726974 
ARM GAS  /tmp/cc9lUmXg.s 			page 21


 1044 0275 2F636F64 		.ascii	"/code/ext/ChibiOS/os/kernel/src/chvt.c\000"
 1044      652F6578 
 1044      742F4368 
 1044      6962694F 
 1044      532F6F73 
 1045              		.ident	"GCC: (GNU Tools for ARM Embedded Processors) 4.9.3 20150529 (release) [ARM/embedded-4_9-br
ARM GAS  /tmp/cc9lUmXg.s 			page 22


DEFINED SYMBOLS
                            *ABS*:00000000 chvt.c
     /tmp/cc9lUmXg.s:19     .text._vt_init:00000000 $t
     /tmp/cc9lUmXg.s:25     .text._vt_init:00000000 _vt_init
     /tmp/cc9lUmXg.s:50     .text._vt_init:00000014 $d
     /tmp/cc9lUmXg.s:55     .text.chVTSetI:00000000 $t
     /tmp/cc9lUmXg.s:61     .text.chVTSetI:00000000 chVTSetI
     /tmp/cc9lUmXg.s:127    .text.chVTSetI:00000038 $d
     /tmp/cc9lUmXg.s:132    .text.chVTResetI:00000000 $t
     /tmp/cc9lUmXg.s:138    .text.chVTResetI:00000000 chVTResetI
     /tmp/cc9lUmXg.s:172    .text.chVTResetI:00000020 $d
     /tmp/cc9lUmXg.s:177    .text.chTimeIsWithin:00000000 $t
     /tmp/cc9lUmXg.s:183    .text.chTimeIsWithin:00000000 chTimeIsWithin
     /tmp/cc9lUmXg.s:230    .text.chTimeIsWithin:00000024 $d
     /tmp/cc9lUmXg.s:240    .bss.vtlist:00000000 vtlist
     /tmp/cc9lUmXg.s:236    .bss.vtlist:00000000 $d
                     .debug_frame:00000010 $d

NO UNDEFINED SYMBOLS
