ARM GAS  /tmp/ccU6hAdg.s 			page 1


   1              		.syntax unified
   2              		.cpu cortex-m3
   3              		.fpu softvfp
   4              		.eabi_attribute 20, 1
   5              		.eabi_attribute 21, 1
   6              		.eabi_attribute 23, 3
   7              		.eabi_attribute 24, 1
   8              		.eabi_attribute 25, 1
   9              		.eabi_attribute 26, 1
  10              		.eabi_attribute 30, 2
  11              		.eabi_attribute 34, 1
  12              		.eabi_attribute 18, 4
  13              		.thumb
  14              		.file	"nvic.c"
  15              		.text
  16              	.Ltext0:
  17              		.cfi_sections	.debug_frame
  18              		.section	.text.nvicEnableVector,"ax",%progbits
  19              		.align	2
  20              		.p2align 4,,15
  21              		.global	nvicEnableVector
  22              		.thumb
  23              		.thumb_func
  24              		.type	nvicEnableVector, %function
  25              	nvicEnableVector:
  26              	.LFB7:
  27              		.file 1 "/home/nicolas/Desktop/Embebidos/stamp_repo/files/code/ext/ChibiOS/os/ports/common/ARMCMx/
  28              		.loc 1 46 0
  29              		.cfi_startproc
  30              		@ args = 0, pretend = 0, frame = 0
  31              		@ frame_needed = 0, uses_anonymous_args = 0
  32              		@ link register save eliminated.
  33              	.LVL0:
  34 0000 20F00302 		bic	r2, r0, #3
  35 0004 02F16042 		add	r2, r2, #-536870912
  36 0008 70B4     		push	{r4, r5, r6}
  37              		.cfi_def_cfa_offset 12
  38              		.cfi_offset 4, -12
  39              		.cfi_offset 5, -8
  40              		.cfi_offset 6, -4
  41 000a 02F56142 		add	r2, r2, #57600
  42              		.loc 1 47 0
  43 000e 00F00304 		and	r4, r0, #3
  44              		.loc 1 49 0
  45 0012 D2F80053 		ldr	r5, [r2, #768]
  46              		.loc 1 47 0
  47 0016 E400     		lsls	r4, r4, #3
  48              	.LVL1:
  49              		.loc 1 50 0
  50 0018 4309     		lsrs	r3, r0, #5
  51              		.loc 1 49 0
  52 001a FF26     		movs	r6, #255
  53 001c A640     		lsls	r6, r6, r4
  54 001e 9B00     		lsls	r3, r3, #2
  55 0020 A140     		lsls	r1, r1, r4
  56              	.LVL2:
  57 0022 25EA0605 		bic	r5, r5, r6
ARM GAS  /tmp/ccU6hAdg.s 			page 2


  58              		.loc 1 50 0
  59 0026 0124     		movs	r4, #1
  60              	.LVL3:
  61 0028 03F16043 		add	r3, r3, #-536870912
  62 002c 00F01F00 		and	r0, r0, #31
  63              	.LVL4:
  64 0030 04FA00F0 		lsl	r0, r4, r0
  65              		.loc 1 49 0
  66 0034 2943     		orrs	r1, r1, r5
  67 0036 03F56143 		add	r3, r3, #57600
  68 003a C2F80013 		str	r1, [r2, #768]
  69              		.loc 1 52 0
  70 003e 70BC     		pop	{r4, r5, r6}
  71              		.cfi_restore 6
  72              		.cfi_restore 5
  73              		.cfi_restore 4
  74              		.cfi_def_cfa_offset 0
  75              		.loc 1 50 0
  76 0040 C3F88001 		str	r0, [r3, #384]
  77              		.loc 1 51 0
  78 0044 1860     		str	r0, [r3]
  79              		.loc 1 52 0
  80 0046 7047     		bx	lr
  81              		.cfi_endproc
  82              	.LFE7:
  83              		.size	nvicEnableVector, .-nvicEnableVector
  84              		.section	.text.nvicDisableVector,"ax",%progbits
  85              		.align	2
  86              		.p2align 4,,15
  87              		.global	nvicDisableVector
  88              		.thumb
  89              		.thumb_func
  90              		.type	nvicDisableVector, %function
  91              	nvicDisableVector:
  92              	.LFB8:
  93              		.loc 1 60 0
  94              		.cfi_startproc
  95              		@ args = 0, pretend = 0, frame = 0
  96              		@ frame_needed = 0, uses_anonymous_args = 0
  97              		@ link register save eliminated.
  98              	.LVL5:
  99 0000 30B4     		push	{r4, r5}
 100              		.cfi_def_cfa_offset 8
 101              		.cfi_offset 4, -8
 102              		.cfi_offset 5, -4
 103              		.loc 1 63 0
 104 0002 4209     		lsrs	r2, r0, #5
 105 0004 00F01F05 		and	r5, r0, #31
 106 0008 0C4C     		ldr	r4, .L5
 107 000a 20F00303 		bic	r3, r0, #3
 108 000e 0121     		movs	r1, #1
 109 0010 A940     		lsls	r1, r1, r5
 110 0012 2032     		adds	r2, r2, #32
 111 0014 03F16043 		add	r3, r3, #-536870912
 112 0018 44F82210 		str	r1, [r4, r2, lsl #2]
 113 001c 03F56143 		add	r3, r3, #57600
 114              		.loc 1 61 0
ARM GAS  /tmp/ccU6hAdg.s 			page 3


 115 0020 00F00300 		and	r0, r0, #3
 116              	.LVL6:
 117              		.loc 1 64 0
 118 0024 D3F80013 		ldr	r1, [r3, #768]
 119              		.loc 1 61 0
 120 0028 C000     		lsls	r0, r0, #3
 121              	.LVL7:
 122              		.loc 1 64 0
 123 002a FF22     		movs	r2, #255
 124 002c 8240     		lsls	r2, r2, r0
 125 002e 21EA0202 		bic	r2, r1, r2
 126 0032 C3F80023 		str	r2, [r3, #768]
 127              		.loc 1 65 0
 128 0036 30BC     		pop	{r4, r5}
 129              		.cfi_restore 5
 130              		.cfi_restore 4
 131              		.cfi_def_cfa_offset 0
 132 0038 7047     		bx	lr
 133              	.L6:
 134 003a 00BF     		.align	2
 135              	.L5:
 136 003c 00E100E0 		.word	-536813312
 137              		.cfi_endproc
 138              	.LFE8:
 139              		.size	nvicDisableVector, .-nvicDisableVector
 140              		.section	.text.nvicSetSystemHandlerPriority,"ax",%progbits
 141              		.align	2
 142              		.p2align 4,,15
 143              		.global	nvicSetSystemHandlerPriority
 144              		.thumb
 145              		.thumb_func
 146              		.type	nvicSetSystemHandlerPriority, %function
 147              	nvicSetSystemHandlerPriority:
 148              	.LFB9:
 149              		.loc 1 74 0
 150              		.cfi_startproc
 151              		@ args = 0, pretend = 0, frame = 0
 152              		@ frame_needed = 0, uses_anonymous_args = 0
 153              		@ link register save eliminated.
 154              	.LVL8:
 155 0000 20F00303 		bic	r3, r0, #3
 156 0004 03F16043 		add	r3, r3, #-536870912
 157 0008 03F56D43 		add	r3, r3, #60672
 158              		.loc 1 75 0
 159 000c 00F00300 		and	r0, r0, #3
 160              	.LVL9:
 161              		.loc 1 74 0
 162 0010 10B4     		push	{r4}
 163              		.cfi_def_cfa_offset 4
 164              		.cfi_offset 4, -4
 165              		.loc 1 75 0
 166 0012 C000     		lsls	r0, r0, #3
 167              	.LVL10:
 168              		.loc 1 77 0
 169 0014 9A69     		ldr	r2, [r3, #24]
 170              		.loc 1 78 0
 171 0016 FF24     		movs	r4, #255
ARM GAS  /tmp/ccU6hAdg.s 			page 4


 172 0018 8440     		lsls	r4, r4, r0
 173              		.loc 1 77 0
 174 001a 22EA0402 		bic	r2, r2, r4
 175              		.loc 1 78 0
 176 001e 8140     		lsls	r1, r1, r0
 177              	.LVL11:
 178 0020 1143     		orrs	r1, r1, r2
 179              		.loc 1 77 0
 180 0022 9961     		str	r1, [r3, #24]
 181              		.loc 1 79 0
 182 0024 5DF8044B 		ldr	r4, [sp], #4
 183              		.cfi_restore 4
 184              		.cfi_def_cfa_offset 0
 185 0028 7047     		bx	lr
 186              		.cfi_endproc
 187              	.LFE9:
 188              		.size	nvicSetSystemHandlerPriority, .-nvicSetSystemHandlerPriority
 189 002a 00BF     		.text
 190              	.Letext0:
 191              		.file 2 "/opt/gcc-arm-none-eabi-4_9-2015q3/arm-none-eabi/include/machine/_default_types.h"
 192              		.file 3 "/opt/gcc-arm-none-eabi-4_9-2015q3/arm-none-eabi/include/sys/_stdint.h"
 193              		.file 4 "/home/nicolas/Desktop/Embebidos/stamp_repo/files/code/ext/ChibiOS/os/ports/common/ARMCMx/
 194              		.section	.debug_info,"",%progbits
 195              	.Ldebug_info0:
 196 0000 F7030000 		.4byte	0x3f7
 197 0004 0400     		.2byte	0x4
 198 0006 00000000 		.4byte	.Ldebug_abbrev0
 199 000a 04       		.byte	0x4
 200 000b 01       		.uleb128 0x1
 201 000c 32010000 		.4byte	.LASF46
 202 0010 01       		.byte	0x1
 203 0011 4F000000 		.4byte	.LASF47
 204 0015 00000000 		.4byte	.Ldebug_ranges0+0
 205 0019 00000000 		.4byte	0
 206 001d 00000000 		.4byte	.Ldebug_line0
 207 0021 02       		.uleb128 0x2
 208 0022 04       		.byte	0x4
 209 0023 05       		.byte	0x5
 210 0024 696E7400 		.ascii	"int\000"
 211 0028 03       		.uleb128 0x3
 212 0029 04       		.byte	0x4
 213 002a 07       		.byte	0x7
 214 002b 35000000 		.4byte	.LASF0
 215 002f 03       		.uleb128 0x3
 216 0030 01       		.byte	0x1
 217 0031 06       		.byte	0x6
 218 0032 AB020000 		.4byte	.LASF1
 219 0036 03       		.uleb128 0x3
 220 0037 01       		.byte	0x1
 221 0038 08       		.byte	0x8
 222 0039 AF000000 		.4byte	.LASF2
 223 003d 03       		.uleb128 0x3
 224 003e 02       		.byte	0x2
 225 003f 05       		.byte	0x5
 226 0040 8A020000 		.4byte	.LASF3
 227 0044 03       		.uleb128 0x3
 228 0045 02       		.byte	0x2
ARM GAS  /tmp/ccU6hAdg.s 			page 5


 229 0046 07       		.byte	0x7
 230 0047 ED000000 		.4byte	.LASF4
 231 004b 03       		.uleb128 0x3
 232 004c 04       		.byte	0x4
 233 004d 05       		.byte	0x5
 234 004e 9D020000 		.4byte	.LASF5
 235 0052 04       		.uleb128 0x4
 236 0053 27010000 		.4byte	.LASF9
 237 0057 02       		.byte	0x2
 238 0058 41       		.byte	0x41
 239 0059 5D000000 		.4byte	0x5d
 240 005d 03       		.uleb128 0x3
 241 005e 04       		.byte	0x4
 242 005f 07       		.byte	0x7
 243 0060 0A010000 		.4byte	.LASF6
 244 0064 03       		.uleb128 0x3
 245 0065 08       		.byte	0x8
 246 0066 05       		.byte	0x5
 247 0067 61020000 		.4byte	.LASF7
 248 006b 03       		.uleb128 0x3
 249 006c 08       		.byte	0x8
 250 006d 07       		.byte	0x7
 251 006e 21020000 		.4byte	.LASF8
 252 0072 04       		.uleb128 0x4
 253 0073 94020000 		.4byte	.LASF10
 254 0077 03       		.byte	0x3
 255 0078 20       		.byte	0x20
 256 0079 52000000 		.4byte	0x52
 257 007d 04       		.uleb128 0x4
 258 007e 47000000 		.4byte	.LASF11
 259 0082 04       		.byte	0x4
 260 0083 3A       		.byte	0x3a
 261 0084 88000000 		.4byte	0x88
 262 0088 05       		.uleb128 0x5
 263 0089 72000000 		.4byte	0x72
 264 008d 06       		.uleb128 0x6
 265 008e 040E     		.2byte	0xe04
 266 0090 04       		.byte	0x4
 267 0091 6A       		.byte	0x6a
 268 0092 3C010000 		.4byte	0x13c
 269 0096 07       		.uleb128 0x7
 270 0097 7A020000 		.4byte	.LASF12
 271 009b 04       		.byte	0x4
 272 009c 6B       		.byte	0x6b
 273 009d 53010000 		.4byte	0x153
 274 00a1 00       		.byte	0
 275 00a2 07       		.uleb128 0x7
 276 00a3 BD000000 		.4byte	.LASF13
 277 00a7 04       		.byte	0x4
 278 00a8 6C       		.byte	0x6c
 279 00a9 68010000 		.4byte	0x168
 280 00ad 20       		.byte	0x20
 281 00ae 07       		.uleb128 0x7
 282 00af 42000000 		.4byte	.LASF14
 283 00b3 04       		.byte	0x4
 284 00b4 6D       		.byte	0x6d
 285 00b5 6D010000 		.4byte	0x16d
ARM GAS  /tmp/ccU6hAdg.s 			page 6


 286 00b9 80       		.byte	0x80
 287 00ba 07       		.uleb128 0x7
 288 00bb C5000000 		.4byte	.LASF15
 289 00bf 04       		.byte	0x4
 290 00c0 6E       		.byte	0x6e
 291 00c1 72010000 		.4byte	0x172
 292 00c5 A0       		.byte	0xa0
 293 00c6 08       		.uleb128 0x8
 294 00c7 17020000 		.4byte	.LASF16
 295 00cb 04       		.byte	0x4
 296 00cc 6F       		.byte	0x6f
 297 00cd 77010000 		.4byte	0x177
 298 00d1 0001     		.2byte	0x100
 299 00d3 08       		.uleb128 0x8
 300 00d4 CD000000 		.4byte	.LASF17
 301 00d8 04       		.byte	0x4
 302 00d9 70       		.byte	0x70
 303 00da 7C010000 		.4byte	0x17c
 304 00de 2001     		.2byte	0x120
 305 00e0 08       		.uleb128 0x8
 306 00e1 05000000 		.4byte	.LASF18
 307 00e5 04       		.byte	0x4
 308 00e6 71       		.byte	0x71
 309 00e7 81010000 		.4byte	0x181
 310 00eb 8001     		.2byte	0x180
 311 00ed 08       		.uleb128 0x8
 312 00ee D5000000 		.4byte	.LASF19
 313 00f2 04       		.byte	0x4
 314 00f3 72       		.byte	0x72
 315 00f4 86010000 		.4byte	0x186
 316 00f8 A001     		.2byte	0x1a0
 317 00fa 08       		.uleb128 0x8
 318 00fb D4020000 		.4byte	.LASF20
 319 00ff 04       		.byte	0x4
 320 0100 73       		.byte	0x73
 321 0101 8B010000 		.4byte	0x18b
 322 0105 0002     		.2byte	0x200
 323 0107 08       		.uleb128 0x8
 324 0108 DD000000 		.4byte	.LASF21
 325 010c 04       		.byte	0x4
 326 010d 74       		.byte	0x74
 327 010e A0010000 		.4byte	0x1a0
 328 0112 2002     		.2byte	0x220
 329 0114 09       		.uleb128 0x9
 330 0115 49505200 		.ascii	"IPR\000"
 331 0119 04       		.byte	0x4
 332 011a 75       		.byte	0x75
 333 011b B5010000 		.4byte	0x1b5
 334 011f 0003     		.2byte	0x300
 335 0121 08       		.uleb128 0x8
 336 0122 E5000000 		.4byte	.LASF22
 337 0126 04       		.byte	0x4
 338 0127 76       		.byte	0x76
 339 0128 CB010000 		.4byte	0x1cb
 340 012c F003     		.2byte	0x3f0
 341 012e 08       		.uleb128 0x8
 342 012f 22010000 		.4byte	.LASF23
ARM GAS  /tmp/ccU6hAdg.s 			page 7


 343 0133 04       		.byte	0x4
 344 0134 77       		.byte	0x77
 345 0135 7D000000 		.4byte	0x7d
 346 0139 000E     		.2byte	0xe00
 347 013b 00       		.byte	0
 348 013c 0A       		.uleb128 0xa
 349 013d 7D000000 		.4byte	0x7d
 350 0141 4C010000 		.4byte	0x14c
 351 0145 0B       		.uleb128 0xb
 352 0146 4C010000 		.4byte	0x14c
 353 014a 07       		.byte	0x7
 354 014b 00       		.byte	0
 355 014c 03       		.uleb128 0x3
 356 014d 04       		.byte	0x4
 357 014e 07       		.byte	0x7
 358 014f 58020000 		.4byte	.LASF24
 359 0153 05       		.uleb128 0x5
 360 0154 3C010000 		.4byte	0x13c
 361 0158 0A       		.uleb128 0xa
 362 0159 7D000000 		.4byte	0x7d
 363 015d 68010000 		.4byte	0x168
 364 0161 0B       		.uleb128 0xb
 365 0162 4C010000 		.4byte	0x14c
 366 0166 17       		.byte	0x17
 367 0167 00       		.byte	0
 368 0168 05       		.uleb128 0x5
 369 0169 58010000 		.4byte	0x158
 370 016d 05       		.uleb128 0x5
 371 016e 3C010000 		.4byte	0x13c
 372 0172 05       		.uleb128 0x5
 373 0173 58010000 		.4byte	0x158
 374 0177 05       		.uleb128 0x5
 375 0178 3C010000 		.4byte	0x13c
 376 017c 05       		.uleb128 0x5
 377 017d 58010000 		.4byte	0x158
 378 0181 05       		.uleb128 0x5
 379 0182 3C010000 		.4byte	0x13c
 380 0186 05       		.uleb128 0x5
 381 0187 58010000 		.4byte	0x158
 382 018b 05       		.uleb128 0x5
 383 018c 3C010000 		.4byte	0x13c
 384 0190 0A       		.uleb128 0xa
 385 0191 7D000000 		.4byte	0x7d
 386 0195 A0010000 		.4byte	0x1a0
 387 0199 0B       		.uleb128 0xb
 388 019a 4C010000 		.4byte	0x14c
 389 019e 37       		.byte	0x37
 390 019f 00       		.byte	0
 391 01a0 05       		.uleb128 0x5
 392 01a1 90010000 		.4byte	0x190
 393 01a5 0A       		.uleb128 0xa
 394 01a6 7D000000 		.4byte	0x7d
 395 01aa B5010000 		.4byte	0x1b5
 396 01ae 0B       		.uleb128 0xb
 397 01af 4C010000 		.4byte	0x14c
 398 01b3 3B       		.byte	0x3b
 399 01b4 00       		.byte	0
ARM GAS  /tmp/ccU6hAdg.s 			page 8


 400 01b5 05       		.uleb128 0x5
 401 01b6 A5010000 		.4byte	0x1a5
 402 01ba 0A       		.uleb128 0xa
 403 01bb 7D000000 		.4byte	0x7d
 404 01bf CB010000 		.4byte	0x1cb
 405 01c3 0C       		.uleb128 0xc
 406 01c4 4C010000 		.4byte	0x14c
 407 01c8 8302     		.2byte	0x283
 408 01ca 00       		.byte	0
 409 01cb 05       		.uleb128 0x5
 410 01cc BA010000 		.4byte	0x1ba
 411 01d0 04       		.uleb128 0x4
 412 01d1 27000000 		.4byte	.LASF25
 413 01d5 04       		.byte	0x4
 414 01d6 78       		.byte	0x78
 415 01d7 8D000000 		.4byte	0x8d
 416 01db 0D       		.uleb128 0xd
 417 01dc 8C       		.byte	0x8c
 418 01dd 04       		.byte	0x4
 419 01de 89       		.byte	0x89
 420 01df E0020000 		.4byte	0x2e0
 421 01e3 07       		.uleb128 0x7
 422 01e4 6F020000 		.4byte	.LASF26
 423 01e8 04       		.byte	0x4
 424 01e9 8A       		.byte	0x8a
 425 01ea 7D000000 		.4byte	0x7d
 426 01ee 00       		.byte	0
 427 01ef 07       		.uleb128 0x7
 428 01f0 38020000 		.4byte	.LASF27
 429 01f4 04       		.byte	0x4
 430 01f5 8B       		.byte	0x8b
 431 01f6 7D000000 		.4byte	0x7d
 432 01fa 04       		.byte	0x4
 433 01fb 07       		.uleb128 0x7
 434 01fc 30000000 		.4byte	.LASF28
 435 0200 04       		.byte	0x4
 436 0201 8C       		.byte	0x8c
 437 0202 7D000000 		.4byte	0x7d
 438 0206 08       		.byte	0x8
 439 0207 07       		.uleb128 0x7
 440 0208 45020000 		.4byte	.LASF29
 441 020c 04       		.byte	0x4
 442 020d 8D       		.byte	0x8d
 443 020e 7D000000 		.4byte	0x7d
 444 0212 0C       		.byte	0xc
 445 0213 0E       		.uleb128 0xe
 446 0214 53435200 		.ascii	"SCR\000"
 447 0218 04       		.byte	0x4
 448 0219 8E       		.byte	0x8e
 449 021a 7D000000 		.4byte	0x7d
 450 021e 10       		.byte	0x10
 451 021f 0E       		.uleb128 0xe
 452 0220 43435200 		.ascii	"CCR\000"
 453 0224 04       		.byte	0x4
 454 0225 8F       		.byte	0x8f
 455 0226 7D000000 		.4byte	0x7d
 456 022a 14       		.byte	0x14
ARM GAS  /tmp/ccU6hAdg.s 			page 9


 457 022b 07       		.uleb128 0x7
 458 022c A6020000 		.4byte	.LASF30
 459 0230 04       		.byte	0x4
 460 0231 90       		.byte	0x90
 461 0232 F0020000 		.4byte	0x2f0
 462 0236 18       		.byte	0x18
 463 0237 07       		.uleb128 0x7
 464 0238 0F000000 		.4byte	.LASF31
 465 023c 04       		.byte	0x4
 466 023d 91       		.byte	0x91
 467 023e 7D000000 		.4byte	0x7d
 468 0242 24       		.byte	0x24
 469 0243 07       		.uleb128 0x7
 470 0244 00010000 		.4byte	.LASF32
 471 0248 04       		.byte	0x4
 472 0249 92       		.byte	0x92
 473 024a 7D000000 		.4byte	0x7d
 474 024e 28       		.byte	0x28
 475 024f 07       		.uleb128 0x7
 476 0250 05010000 		.4byte	.LASF33
 477 0254 04       		.byte	0x4
 478 0255 93       		.byte	0x93
 479 0256 7D000000 		.4byte	0x7d
 480 025a 2C       		.byte	0x2c
 481 025b 07       		.uleb128 0x7
 482 025c 1C020000 		.4byte	.LASF34
 483 0260 04       		.byte	0x4
 484 0261 94       		.byte	0x94
 485 0262 7D000000 		.4byte	0x7d
 486 0266 30       		.byte	0x30
 487 0267 07       		.uleb128 0x7
 488 0268 84020000 		.4byte	.LASF35
 489 026c 04       		.byte	0x4
 490 026d 95       		.byte	0x95
 491 026e 7D000000 		.4byte	0x7d
 492 0272 34       		.byte	0x34
 493 0273 07       		.uleb128 0x7
 494 0274 4B020000 		.4byte	.LASF36
 495 0278 04       		.byte	0x4
 496 0279 96       		.byte	0x96
 497 027a 7D000000 		.4byte	0x7d
 498 027e 38       		.byte	0x38
 499 027f 07       		.uleb128 0x7
 500 0280 7F020000 		.4byte	.LASF37
 501 0284 04       		.byte	0x4
 502 0285 97       		.byte	0x97
 503 0286 7D000000 		.4byte	0x7d
 504 028a 3C       		.byte	0x3c
 505 028b 0E       		.uleb128 0xe
 506 028c 50465200 		.ascii	"PFR\000"
 507 0290 04       		.byte	0x4
 508 0291 98       		.byte	0x98
 509 0292 05030000 		.4byte	0x305
 510 0296 40       		.byte	0x40
 511 0297 0E       		.uleb128 0xe
 512 0298 44465200 		.ascii	"DFR\000"
 513 029c 04       		.byte	0x4
ARM GAS  /tmp/ccU6hAdg.s 			page 10


 514 029d 99       		.byte	0x99
 515 029e 7D000000 		.4byte	0x7d
 516 02a2 48       		.byte	0x48
 517 02a3 0E       		.uleb128 0xe
 518 02a4 41445200 		.ascii	"ADR\000"
 519 02a8 04       		.byte	0x4
 520 02a9 9A       		.byte	0x9a
 521 02aa 7D000000 		.4byte	0x7d
 522 02ae 4C       		.byte	0x4c
 523 02af 07       		.uleb128 0x7
 524 02b0 0A000000 		.4byte	.LASF38
 525 02b4 04       		.byte	0x4
 526 02b5 9B       		.byte	0x9b
 527 02b6 1A030000 		.4byte	0x31a
 528 02ba 50       		.byte	0x50
 529 02bb 0E       		.uleb128 0xe
 530 02bc 53415200 		.ascii	"SAR\000"
 531 02c0 04       		.byte	0x4
 532 02c1 9C       		.byte	0x9c
 533 02c2 2F030000 		.4byte	0x32f
 534 02c6 60       		.byte	0x60
 535 02c7 07       		.uleb128 0x7
 536 02c8 BD000000 		.4byte	.LASF13
 537 02cc 04       		.byte	0x4
 538 02cd 9D       		.byte	0x9d
 539 02ce 34030000 		.4byte	0x334
 540 02d2 74       		.byte	0x74
 541 02d3 07       		.uleb128 0x7
 542 02d4 1C010000 		.4byte	.LASF39
 543 02d8 04       		.byte	0x4
 544 02d9 9E       		.byte	0x9e
 545 02da 7D000000 		.4byte	0x7d
 546 02de 88       		.byte	0x88
 547 02df 00       		.byte	0
 548 02e0 0A       		.uleb128 0xa
 549 02e1 7D000000 		.4byte	0x7d
 550 02e5 F0020000 		.4byte	0x2f0
 551 02e9 0B       		.uleb128 0xb
 552 02ea 4C010000 		.4byte	0x14c
 553 02ee 02       		.byte	0x2
 554 02ef 00       		.byte	0
 555 02f0 05       		.uleb128 0x5
 556 02f1 E0020000 		.4byte	0x2e0
 557 02f5 0A       		.uleb128 0xa
 558 02f6 7D000000 		.4byte	0x7d
 559 02fa 05030000 		.4byte	0x305
 560 02fe 0B       		.uleb128 0xb
 561 02ff 4C010000 		.4byte	0x14c
 562 0303 01       		.byte	0x1
 563 0304 00       		.byte	0
 564 0305 05       		.uleb128 0x5
 565 0306 F5020000 		.4byte	0x2f5
 566 030a 0A       		.uleb128 0xa
 567 030b 7D000000 		.4byte	0x7d
 568 030f 1A030000 		.4byte	0x31a
 569 0313 0B       		.uleb128 0xb
 570 0314 4C010000 		.4byte	0x14c
ARM GAS  /tmp/ccU6hAdg.s 			page 11


 571 0318 03       		.byte	0x3
 572 0319 00       		.byte	0
 573 031a 05       		.uleb128 0x5
 574 031b 0A030000 		.4byte	0x30a
 575 031f 0A       		.uleb128 0xa
 576 0320 7D000000 		.4byte	0x7d
 577 0324 2F030000 		.4byte	0x32f
 578 0328 0B       		.uleb128 0xb
 579 0329 4C010000 		.4byte	0x14c
 580 032d 04       		.byte	0x4
 581 032e 00       		.byte	0
 582 032f 05       		.uleb128 0x5
 583 0330 1F030000 		.4byte	0x31f
 584 0334 05       		.uleb128 0x5
 585 0335 1F030000 		.4byte	0x31f
 586 0339 04       		.uleb128 0x4
 587 033a 3D020000 		.4byte	.LASF40
 588 033e 04       		.byte	0x4
 589 033f 9F       		.byte	0x9f
 590 0340 DB010000 		.4byte	0x1db
 591 0344 03       		.uleb128 0x3
 592 0345 01       		.byte	0x1
 593 0346 08       		.byte	0x8
 594 0347 75020000 		.4byte	.LASF41
 595 034b 0F       		.uleb128 0xf
 596 034c D9020000 		.4byte	.LASF43
 597 0350 01       		.byte	0x1
 598 0351 2E       		.byte	0x2e
 599 0352 00000000 		.4byte	.LFB7
 600 0356 48000000 		.4byte	.LFE7-.LFB7
 601 035a 01       		.uleb128 0x1
 602 035b 9C       		.byte	0x9c
 603 035c 8B030000 		.4byte	0x38b
 604 0360 10       		.uleb128 0x10
 605 0361 6E00     		.ascii	"n\000"
 606 0363 01       		.byte	0x1
 607 0364 2E       		.byte	0x2e
 608 0365 72000000 		.4byte	0x72
 609 0369 00000000 		.4byte	.LLST0
 610 036d 11       		.uleb128 0x11
 611 036e 00000000 		.4byte	.LASF42
 612 0372 01       		.byte	0x1
 613 0373 2E       		.byte	0x2e
 614 0374 72000000 		.4byte	0x72
 615 0378 21000000 		.4byte	.LLST1
 616 037c 12       		.uleb128 0x12
 617 037d 736800   		.ascii	"sh\000"
 618 0380 01       		.byte	0x1
 619 0381 2F       		.byte	0x2f
 620 0382 28000000 		.4byte	0x28
 621 0386 42000000 		.4byte	.LLST2
 622 038a 00       		.byte	0
 623 038b 0F       		.uleb128 0xf
 624 038c 15000000 		.4byte	.LASF44
 625 0390 01       		.byte	0x1
 626 0391 3C       		.byte	0x3c
 627 0392 00000000 		.4byte	.LFB8
ARM GAS  /tmp/ccU6hAdg.s 			page 12


 628 0396 40000000 		.4byte	.LFE8-.LFB8
 629 039a 01       		.uleb128 0x1
 630 039b 9C       		.byte	0x9c
 631 039c BC030000 		.4byte	0x3bc
 632 03a0 10       		.uleb128 0x10
 633 03a1 6E00     		.ascii	"n\000"
 634 03a3 01       		.byte	0x1
 635 03a4 3C       		.byte	0x3c
 636 03a5 72000000 		.4byte	0x72
 637 03a9 89000000 		.4byte	.LLST3
 638 03ad 12       		.uleb128 0x12
 639 03ae 736800   		.ascii	"sh\000"
 640 03b1 01       		.byte	0x1
 641 03b2 3D       		.byte	0x3d
 642 03b3 28000000 		.4byte	0x28
 643 03b7 AA000000 		.4byte	.LLST4
 644 03bb 00       		.byte	0
 645 03bc 13       		.uleb128 0x13
 646 03bd B7020000 		.4byte	.LASF48
 647 03c1 01       		.byte	0x1
 648 03c2 4A       		.byte	0x4a
 649 03c3 00000000 		.4byte	.LFB9
 650 03c7 2A000000 		.4byte	.LFE9-.LFB9
 651 03cb 01       		.uleb128 0x1
 652 03cc 9C       		.byte	0x9c
 653 03cd 11       		.uleb128 0x11
 654 03ce 50020000 		.4byte	.LASF45
 655 03d2 01       		.byte	0x1
 656 03d3 4A       		.byte	0x4a
 657 03d4 72000000 		.4byte	0x72
 658 03d8 E0000000 		.4byte	.LLST5
 659 03dc 11       		.uleb128 0x11
 660 03dd 00000000 		.4byte	.LASF42
 661 03e1 01       		.byte	0x1
 662 03e2 4A       		.byte	0x4a
 663 03e3 72000000 		.4byte	0x72
 664 03e7 01010000 		.4byte	.LLST6
 665 03eb 12       		.uleb128 0x12
 666 03ec 736800   		.ascii	"sh\000"
 667 03ef 01       		.byte	0x1
 668 03f0 4B       		.byte	0x4b
 669 03f1 28000000 		.4byte	0x28
 670 03f5 22010000 		.4byte	.LLST7
 671 03f9 00       		.byte	0
 672 03fa 00       		.byte	0
 673              		.section	.debug_abbrev,"",%progbits
 674              	.Ldebug_abbrev0:
 675 0000 01       		.uleb128 0x1
 676 0001 11       		.uleb128 0x11
 677 0002 01       		.byte	0x1
 678 0003 25       		.uleb128 0x25
 679 0004 0E       		.uleb128 0xe
 680 0005 13       		.uleb128 0x13
 681 0006 0B       		.uleb128 0xb
 682 0007 03       		.uleb128 0x3
 683 0008 0E       		.uleb128 0xe
 684 0009 55       		.uleb128 0x55
ARM GAS  /tmp/ccU6hAdg.s 			page 13


 685 000a 17       		.uleb128 0x17
 686 000b 11       		.uleb128 0x11
 687 000c 01       		.uleb128 0x1
 688 000d 10       		.uleb128 0x10
 689 000e 17       		.uleb128 0x17
 690 000f 00       		.byte	0
 691 0010 00       		.byte	0
 692 0011 02       		.uleb128 0x2
 693 0012 24       		.uleb128 0x24
 694 0013 00       		.byte	0
 695 0014 0B       		.uleb128 0xb
 696 0015 0B       		.uleb128 0xb
 697 0016 3E       		.uleb128 0x3e
 698 0017 0B       		.uleb128 0xb
 699 0018 03       		.uleb128 0x3
 700 0019 08       		.uleb128 0x8
 701 001a 00       		.byte	0
 702 001b 00       		.byte	0
 703 001c 03       		.uleb128 0x3
 704 001d 24       		.uleb128 0x24
 705 001e 00       		.byte	0
 706 001f 0B       		.uleb128 0xb
 707 0020 0B       		.uleb128 0xb
 708 0021 3E       		.uleb128 0x3e
 709 0022 0B       		.uleb128 0xb
 710 0023 03       		.uleb128 0x3
 711 0024 0E       		.uleb128 0xe
 712 0025 00       		.byte	0
 713 0026 00       		.byte	0
 714 0027 04       		.uleb128 0x4
 715 0028 16       		.uleb128 0x16
 716 0029 00       		.byte	0
 717 002a 03       		.uleb128 0x3
 718 002b 0E       		.uleb128 0xe
 719 002c 3A       		.uleb128 0x3a
 720 002d 0B       		.uleb128 0xb
 721 002e 3B       		.uleb128 0x3b
 722 002f 0B       		.uleb128 0xb
 723 0030 49       		.uleb128 0x49
 724 0031 13       		.uleb128 0x13
 725 0032 00       		.byte	0
 726 0033 00       		.byte	0
 727 0034 05       		.uleb128 0x5
 728 0035 35       		.uleb128 0x35
 729 0036 00       		.byte	0
 730 0037 49       		.uleb128 0x49
 731 0038 13       		.uleb128 0x13
 732 0039 00       		.byte	0
 733 003a 00       		.byte	0
 734 003b 06       		.uleb128 0x6
 735 003c 13       		.uleb128 0x13
 736 003d 01       		.byte	0x1
 737 003e 0B       		.uleb128 0xb
 738 003f 05       		.uleb128 0x5
 739 0040 3A       		.uleb128 0x3a
 740 0041 0B       		.uleb128 0xb
 741 0042 3B       		.uleb128 0x3b
ARM GAS  /tmp/ccU6hAdg.s 			page 14


 742 0043 0B       		.uleb128 0xb
 743 0044 01       		.uleb128 0x1
 744 0045 13       		.uleb128 0x13
 745 0046 00       		.byte	0
 746 0047 00       		.byte	0
 747 0048 07       		.uleb128 0x7
 748 0049 0D       		.uleb128 0xd
 749 004a 00       		.byte	0
 750 004b 03       		.uleb128 0x3
 751 004c 0E       		.uleb128 0xe
 752 004d 3A       		.uleb128 0x3a
 753 004e 0B       		.uleb128 0xb
 754 004f 3B       		.uleb128 0x3b
 755 0050 0B       		.uleb128 0xb
 756 0051 49       		.uleb128 0x49
 757 0052 13       		.uleb128 0x13
 758 0053 38       		.uleb128 0x38
 759 0054 0B       		.uleb128 0xb
 760 0055 00       		.byte	0
 761 0056 00       		.byte	0
 762 0057 08       		.uleb128 0x8
 763 0058 0D       		.uleb128 0xd
 764 0059 00       		.byte	0
 765 005a 03       		.uleb128 0x3
 766 005b 0E       		.uleb128 0xe
 767 005c 3A       		.uleb128 0x3a
 768 005d 0B       		.uleb128 0xb
 769 005e 3B       		.uleb128 0x3b
 770 005f 0B       		.uleb128 0xb
 771 0060 49       		.uleb128 0x49
 772 0061 13       		.uleb128 0x13
 773 0062 38       		.uleb128 0x38
 774 0063 05       		.uleb128 0x5
 775 0064 00       		.byte	0
 776 0065 00       		.byte	0
 777 0066 09       		.uleb128 0x9
 778 0067 0D       		.uleb128 0xd
 779 0068 00       		.byte	0
 780 0069 03       		.uleb128 0x3
 781 006a 08       		.uleb128 0x8
 782 006b 3A       		.uleb128 0x3a
 783 006c 0B       		.uleb128 0xb
 784 006d 3B       		.uleb128 0x3b
 785 006e 0B       		.uleb128 0xb
 786 006f 49       		.uleb128 0x49
 787 0070 13       		.uleb128 0x13
 788 0071 38       		.uleb128 0x38
 789 0072 05       		.uleb128 0x5
 790 0073 00       		.byte	0
 791 0074 00       		.byte	0
 792 0075 0A       		.uleb128 0xa
 793 0076 01       		.uleb128 0x1
 794 0077 01       		.byte	0x1
 795 0078 49       		.uleb128 0x49
 796 0079 13       		.uleb128 0x13
 797 007a 01       		.uleb128 0x1
 798 007b 13       		.uleb128 0x13
ARM GAS  /tmp/ccU6hAdg.s 			page 15


 799 007c 00       		.byte	0
 800 007d 00       		.byte	0
 801 007e 0B       		.uleb128 0xb
 802 007f 21       		.uleb128 0x21
 803 0080 00       		.byte	0
 804 0081 49       		.uleb128 0x49
 805 0082 13       		.uleb128 0x13
 806 0083 2F       		.uleb128 0x2f
 807 0084 0B       		.uleb128 0xb
 808 0085 00       		.byte	0
 809 0086 00       		.byte	0
 810 0087 0C       		.uleb128 0xc
 811 0088 21       		.uleb128 0x21
 812 0089 00       		.byte	0
 813 008a 49       		.uleb128 0x49
 814 008b 13       		.uleb128 0x13
 815 008c 2F       		.uleb128 0x2f
 816 008d 05       		.uleb128 0x5
 817 008e 00       		.byte	0
 818 008f 00       		.byte	0
 819 0090 0D       		.uleb128 0xd
 820 0091 13       		.uleb128 0x13
 821 0092 01       		.byte	0x1
 822 0093 0B       		.uleb128 0xb
 823 0094 0B       		.uleb128 0xb
 824 0095 3A       		.uleb128 0x3a
 825 0096 0B       		.uleb128 0xb
 826 0097 3B       		.uleb128 0x3b
 827 0098 0B       		.uleb128 0xb
 828 0099 01       		.uleb128 0x1
 829 009a 13       		.uleb128 0x13
 830 009b 00       		.byte	0
 831 009c 00       		.byte	0
 832 009d 0E       		.uleb128 0xe
 833 009e 0D       		.uleb128 0xd
 834 009f 00       		.byte	0
 835 00a0 03       		.uleb128 0x3
 836 00a1 08       		.uleb128 0x8
 837 00a2 3A       		.uleb128 0x3a
 838 00a3 0B       		.uleb128 0xb
 839 00a4 3B       		.uleb128 0x3b
 840 00a5 0B       		.uleb128 0xb
 841 00a6 49       		.uleb128 0x49
 842 00a7 13       		.uleb128 0x13
 843 00a8 38       		.uleb128 0x38
 844 00a9 0B       		.uleb128 0xb
 845 00aa 00       		.byte	0
 846 00ab 00       		.byte	0
 847 00ac 0F       		.uleb128 0xf
 848 00ad 2E       		.uleb128 0x2e
 849 00ae 01       		.byte	0x1
 850 00af 3F       		.uleb128 0x3f
 851 00b0 19       		.uleb128 0x19
 852 00b1 03       		.uleb128 0x3
 853 00b2 0E       		.uleb128 0xe
 854 00b3 3A       		.uleb128 0x3a
 855 00b4 0B       		.uleb128 0xb
ARM GAS  /tmp/ccU6hAdg.s 			page 16


 856 00b5 3B       		.uleb128 0x3b
 857 00b6 0B       		.uleb128 0xb
 858 00b7 27       		.uleb128 0x27
 859 00b8 19       		.uleb128 0x19
 860 00b9 11       		.uleb128 0x11
 861 00ba 01       		.uleb128 0x1
 862 00bb 12       		.uleb128 0x12
 863 00bc 06       		.uleb128 0x6
 864 00bd 40       		.uleb128 0x40
 865 00be 18       		.uleb128 0x18
 866 00bf 9742     		.uleb128 0x2117
 867 00c1 19       		.uleb128 0x19
 868 00c2 01       		.uleb128 0x1
 869 00c3 13       		.uleb128 0x13
 870 00c4 00       		.byte	0
 871 00c5 00       		.byte	0
 872 00c6 10       		.uleb128 0x10
 873 00c7 05       		.uleb128 0x5
 874 00c8 00       		.byte	0
 875 00c9 03       		.uleb128 0x3
 876 00ca 08       		.uleb128 0x8
 877 00cb 3A       		.uleb128 0x3a
 878 00cc 0B       		.uleb128 0xb
 879 00cd 3B       		.uleb128 0x3b
 880 00ce 0B       		.uleb128 0xb
 881 00cf 49       		.uleb128 0x49
 882 00d0 13       		.uleb128 0x13
 883 00d1 02       		.uleb128 0x2
 884 00d2 17       		.uleb128 0x17
 885 00d3 00       		.byte	0
 886 00d4 00       		.byte	0
 887 00d5 11       		.uleb128 0x11
 888 00d6 05       		.uleb128 0x5
 889 00d7 00       		.byte	0
 890 00d8 03       		.uleb128 0x3
 891 00d9 0E       		.uleb128 0xe
 892 00da 3A       		.uleb128 0x3a
 893 00db 0B       		.uleb128 0xb
 894 00dc 3B       		.uleb128 0x3b
 895 00dd 0B       		.uleb128 0xb
 896 00de 49       		.uleb128 0x49
 897 00df 13       		.uleb128 0x13
 898 00e0 02       		.uleb128 0x2
 899 00e1 17       		.uleb128 0x17
 900 00e2 00       		.byte	0
 901 00e3 00       		.byte	0
 902 00e4 12       		.uleb128 0x12
 903 00e5 34       		.uleb128 0x34
 904 00e6 00       		.byte	0
 905 00e7 03       		.uleb128 0x3
 906 00e8 08       		.uleb128 0x8
 907 00e9 3A       		.uleb128 0x3a
 908 00ea 0B       		.uleb128 0xb
 909 00eb 3B       		.uleb128 0x3b
 910 00ec 0B       		.uleb128 0xb
 911 00ed 49       		.uleb128 0x49
 912 00ee 13       		.uleb128 0x13
ARM GAS  /tmp/ccU6hAdg.s 			page 17


 913 00ef 02       		.uleb128 0x2
 914 00f0 17       		.uleb128 0x17
 915 00f1 00       		.byte	0
 916 00f2 00       		.byte	0
 917 00f3 13       		.uleb128 0x13
 918 00f4 2E       		.uleb128 0x2e
 919 00f5 01       		.byte	0x1
 920 00f6 3F       		.uleb128 0x3f
 921 00f7 19       		.uleb128 0x19
 922 00f8 03       		.uleb128 0x3
 923 00f9 0E       		.uleb128 0xe
 924 00fa 3A       		.uleb128 0x3a
 925 00fb 0B       		.uleb128 0xb
 926 00fc 3B       		.uleb128 0x3b
 927 00fd 0B       		.uleb128 0xb
 928 00fe 27       		.uleb128 0x27
 929 00ff 19       		.uleb128 0x19
 930 0100 11       		.uleb128 0x11
 931 0101 01       		.uleb128 0x1
 932 0102 12       		.uleb128 0x12
 933 0103 06       		.uleb128 0x6
 934 0104 40       		.uleb128 0x40
 935 0105 18       		.uleb128 0x18
 936 0106 9742     		.uleb128 0x2117
 937 0108 19       		.uleb128 0x19
 938 0109 00       		.byte	0
 939 010a 00       		.byte	0
 940 010b 00       		.byte	0
 941              		.section	.debug_loc,"",%progbits
 942              	.Ldebug_loc0:
 943              	.LLST0:
 944 0000 00000000 		.4byte	.LVL0
 945 0004 30000000 		.4byte	.LVL4
 946 0008 0100     		.2byte	0x1
 947 000a 50       		.byte	0x50
 948 000b 30000000 		.4byte	.LVL4
 949 000f 48000000 		.4byte	.LFE7
 950 0013 0400     		.2byte	0x4
 951 0015 F3       		.byte	0xf3
 952 0016 01       		.uleb128 0x1
 953 0017 50       		.byte	0x50
 954 0018 9F       		.byte	0x9f
 955 0019 00000000 		.4byte	0
 956 001d 00000000 		.4byte	0
 957              	.LLST1:
 958 0021 00000000 		.4byte	.LVL0
 959 0025 22000000 		.4byte	.LVL2
 960 0029 0100     		.2byte	0x1
 961 002b 51       		.byte	0x51
 962 002c 22000000 		.4byte	.LVL2
 963 0030 48000000 		.4byte	.LFE7
 964 0034 0400     		.2byte	0x4
 965 0036 F3       		.byte	0xf3
 966 0037 01       		.uleb128 0x1
 967 0038 51       		.byte	0x51
 968 0039 9F       		.byte	0x9f
 969 003a 00000000 		.4byte	0
ARM GAS  /tmp/ccU6hAdg.s 			page 18


 970 003e 00000000 		.4byte	0
 971              	.LLST2:
 972 0042 00000000 		.4byte	.LVL0
 973 0046 18000000 		.4byte	.LVL1
 974 004a 0700     		.2byte	0x7
 975 004c 70       		.byte	0x70
 976 004d 00       		.sleb128 0
 977 004e 33       		.byte	0x33
 978 004f 1A       		.byte	0x1a
 979 0050 33       		.byte	0x33
 980 0051 24       		.byte	0x24
 981 0052 9F       		.byte	0x9f
 982 0053 18000000 		.4byte	.LVL1
 983 0057 28000000 		.4byte	.LVL3
 984 005b 0100     		.2byte	0x1
 985 005d 54       		.byte	0x54
 986 005e 28000000 		.4byte	.LVL3
 987 0062 30000000 		.4byte	.LVL4
 988 0066 0700     		.2byte	0x7
 989 0068 70       		.byte	0x70
 990 0069 00       		.sleb128 0
 991 006a 33       		.byte	0x33
 992 006b 1A       		.byte	0x1a
 993 006c 33       		.byte	0x33
 994 006d 24       		.byte	0x24
 995 006e 9F       		.byte	0x9f
 996 006f 30000000 		.4byte	.LVL4
 997 0073 48000000 		.4byte	.LFE7
 998 0077 0800     		.2byte	0x8
 999 0079 F3       		.byte	0xf3
 1000 007a 01       		.uleb128 0x1
 1001 007b 50       		.byte	0x50
 1002 007c 33       		.byte	0x33
 1003 007d 1A       		.byte	0x1a
 1004 007e 33       		.byte	0x33
 1005 007f 24       		.byte	0x24
 1006 0080 9F       		.byte	0x9f
 1007 0081 00000000 		.4byte	0
 1008 0085 00000000 		.4byte	0
 1009              	.LLST3:
 1010 0089 00000000 		.4byte	.LVL5
 1011 008d 24000000 		.4byte	.LVL6
 1012 0091 0100     		.2byte	0x1
 1013 0093 50       		.byte	0x50
 1014 0094 24000000 		.4byte	.LVL6
 1015 0098 40000000 		.4byte	.LFE8
 1016 009c 0400     		.2byte	0x4
 1017 009e F3       		.byte	0xf3
 1018 009f 01       		.uleb128 0x1
 1019 00a0 50       		.byte	0x50
 1020 00a1 9F       		.byte	0x9f
 1021 00a2 00000000 		.4byte	0
 1022 00a6 00000000 		.4byte	0
 1023              	.LLST4:
 1024 00aa 00000000 		.4byte	.LVL5
 1025 00ae 24000000 		.4byte	.LVL6
 1026 00b2 0700     		.2byte	0x7
ARM GAS  /tmp/ccU6hAdg.s 			page 19


 1027 00b4 70       		.byte	0x70
 1028 00b5 00       		.sleb128 0
 1029 00b6 33       		.byte	0x33
 1030 00b7 1A       		.byte	0x1a
 1031 00b8 33       		.byte	0x33
 1032 00b9 24       		.byte	0x24
 1033 00ba 9F       		.byte	0x9f
 1034 00bb 24000000 		.4byte	.LVL6
 1035 00bf 2A000000 		.4byte	.LVL7
 1036 00c3 0800     		.2byte	0x8
 1037 00c5 F3       		.byte	0xf3
 1038 00c6 01       		.uleb128 0x1
 1039 00c7 50       		.byte	0x50
 1040 00c8 33       		.byte	0x33
 1041 00c9 1A       		.byte	0x1a
 1042 00ca 33       		.byte	0x33
 1043 00cb 24       		.byte	0x24
 1044 00cc 9F       		.byte	0x9f
 1045 00cd 2A000000 		.4byte	.LVL7
 1046 00d1 40000000 		.4byte	.LFE8
 1047 00d5 0100     		.2byte	0x1
 1048 00d7 50       		.byte	0x50
 1049 00d8 00000000 		.4byte	0
 1050 00dc 00000000 		.4byte	0
 1051              	.LLST5:
 1052 00e0 00000000 		.4byte	.LVL8
 1053 00e4 10000000 		.4byte	.LVL9
 1054 00e8 0100     		.2byte	0x1
 1055 00ea 50       		.byte	0x50
 1056 00eb 10000000 		.4byte	.LVL9
 1057 00ef 2A000000 		.4byte	.LFE9
 1058 00f3 0400     		.2byte	0x4
 1059 00f5 F3       		.byte	0xf3
 1060 00f6 01       		.uleb128 0x1
 1061 00f7 50       		.byte	0x50
 1062 00f8 9F       		.byte	0x9f
 1063 00f9 00000000 		.4byte	0
 1064 00fd 00000000 		.4byte	0
 1065              	.LLST6:
 1066 0101 00000000 		.4byte	.LVL8
 1067 0105 20000000 		.4byte	.LVL11
 1068 0109 0100     		.2byte	0x1
 1069 010b 51       		.byte	0x51
 1070 010c 20000000 		.4byte	.LVL11
 1071 0110 2A000000 		.4byte	.LFE9
 1072 0114 0400     		.2byte	0x4
 1073 0116 F3       		.byte	0xf3
 1074 0117 01       		.uleb128 0x1
 1075 0118 51       		.byte	0x51
 1076 0119 9F       		.byte	0x9f
 1077 011a 00000000 		.4byte	0
 1078 011e 00000000 		.4byte	0
 1079              	.LLST7:
 1080 0122 00000000 		.4byte	.LVL8
 1081 0126 10000000 		.4byte	.LVL9
 1082 012a 0700     		.2byte	0x7
 1083 012c 70       		.byte	0x70
ARM GAS  /tmp/ccU6hAdg.s 			page 20


 1084 012d 00       		.sleb128 0
 1085 012e 33       		.byte	0x33
 1086 012f 1A       		.byte	0x1a
 1087 0130 33       		.byte	0x33
 1088 0131 24       		.byte	0x24
 1089 0132 9F       		.byte	0x9f
 1090 0133 10000000 		.4byte	.LVL9
 1091 0137 14000000 		.4byte	.LVL10
 1092 013b 0800     		.2byte	0x8
 1093 013d F3       		.byte	0xf3
 1094 013e 01       		.uleb128 0x1
 1095 013f 50       		.byte	0x50
 1096 0140 33       		.byte	0x33
 1097 0141 1A       		.byte	0x1a
 1098 0142 33       		.byte	0x33
 1099 0143 24       		.byte	0x24
 1100 0144 9F       		.byte	0x9f
 1101 0145 14000000 		.4byte	.LVL10
 1102 0149 2A000000 		.4byte	.LFE9
 1103 014d 0100     		.2byte	0x1
 1104 014f 50       		.byte	0x50
 1105 0150 00000000 		.4byte	0
 1106 0154 00000000 		.4byte	0
 1107              		.section	.debug_aranges,"",%progbits
 1108 0000 2C000000 		.4byte	0x2c
 1109 0004 0200     		.2byte	0x2
 1110 0006 00000000 		.4byte	.Ldebug_info0
 1111 000a 04       		.byte	0x4
 1112 000b 00       		.byte	0
 1113 000c 0000     		.2byte	0
 1114 000e 0000     		.2byte	0
 1115 0010 00000000 		.4byte	.LFB7
 1116 0014 48000000 		.4byte	.LFE7-.LFB7
 1117 0018 00000000 		.4byte	.LFB8
 1118 001c 40000000 		.4byte	.LFE8-.LFB8
 1119 0020 00000000 		.4byte	.LFB9
 1120 0024 2A000000 		.4byte	.LFE9-.LFB9
 1121 0028 00000000 		.4byte	0
 1122 002c 00000000 		.4byte	0
 1123              		.section	.debug_ranges,"",%progbits
 1124              	.Ldebug_ranges0:
 1125 0000 00000000 		.4byte	.LFB7
 1126 0004 48000000 		.4byte	.LFE7
 1127 0008 00000000 		.4byte	.LFB8
 1128 000c 40000000 		.4byte	.LFE8
 1129 0010 00000000 		.4byte	.LFB9
 1130 0014 2A000000 		.4byte	.LFE9
 1131 0018 00000000 		.4byte	0
 1132 001c 00000000 		.4byte	0
 1133              		.section	.debug_line,"",%progbits
 1134              	.Ldebug_line0:
 1135 0000 6B010000 		.section	.debug_str,"MS",%progbits,1
 1135      02001D01 
 1135      00000201 
 1135      FB0E0D00 
 1135      01010101 
 1136              	.LASF42:
ARM GAS  /tmp/ccU6hAdg.s 			page 21


 1137 0000 7072696F 		.ascii	"prio\000"
 1137      00
 1138              	.LASF18:
 1139 0005 49435052 		.ascii	"ICPR\000"
 1139      00
 1140              	.LASF38:
 1141 000a 4D4D4652 		.ascii	"MMFR\000"
 1141      00
 1142              	.LASF31:
 1143 000f 53484353 		.ascii	"SHCSR\000"
 1143      5200
 1144              	.LASF44:
 1145 0015 6E766963 		.ascii	"nvicDisableVector\000"
 1145      44697361 
 1145      626C6556 
 1145      6563746F 
 1145      7200
 1146              	.LASF25:
 1147 0027 434D785F 		.ascii	"CMx_NVIC\000"
 1147      4E564943 
 1147      00
 1148              	.LASF28:
 1149 0030 56544F52 		.ascii	"VTOR\000"
 1149      00
 1150              	.LASF0:
 1151 0035 756E7369 		.ascii	"unsigned int\000"
 1151      676E6564 
 1151      20696E74 
 1151      00
 1152              	.LASF14:
 1153 0042 49434552 		.ascii	"ICER\000"
 1153      00
 1154              	.LASF11:
 1155 0047 494F5245 		.ascii	"IOREG32\000"
 1155      47333200 
 1156              	.LASF47:
 1157 004f 2F686F6D 		.ascii	"/home/nicolas/Desktop/Embebidos/stamp_repo/files/co"
 1157      652F6E69 
 1157      636F6C61 
 1157      732F4465 
 1157      736B746F 
 1158 0082 64652F65 		.ascii	"de/ext/ChibiOS/os/ports/common/ARMCMx/nvic.c\000"
 1158      78742F43 
 1158      68696269 
 1158      4F532F6F 
 1158      732F706F 
 1159              	.LASF2:
 1160 00af 756E7369 		.ascii	"unsigned char\000"
 1160      676E6564 
 1160      20636861 
 1160      7200
 1161              	.LASF13:
 1162 00bd 756E7573 		.ascii	"unused1\000"
 1162      65643100 
 1163              	.LASF15:
 1164 00c5 756E7573 		.ascii	"unused2\000"
 1164      65643200 
ARM GAS  /tmp/ccU6hAdg.s 			page 22


 1165              	.LASF17:
 1166 00cd 756E7573 		.ascii	"unused3\000"
 1166      65643300 
 1167              	.LASF19:
 1168 00d5 756E7573 		.ascii	"unused4\000"
 1168      65643400 
 1169              	.LASF21:
 1170 00dd 756E7573 		.ascii	"unused5\000"
 1170      65643500 
 1171              	.LASF22:
 1172 00e5 756E7573 		.ascii	"unused6\000"
 1172      65643600 
 1173              	.LASF4:
 1174 00ed 73686F72 		.ascii	"short unsigned int\000"
 1174      7420756E 
 1174      7369676E 
 1174      65642069 
 1174      6E7400
 1175              	.LASF32:
 1176 0100 43465352 		.ascii	"CFSR\000"
 1176      00
 1177              	.LASF33:
 1178 0105 48465352 		.ascii	"HFSR\000"
 1178      00
 1179              	.LASF6:
 1180 010a 6C6F6E67 		.ascii	"long unsigned int\000"
 1180      20756E73 
 1180      69676E65 
 1180      6420696E 
 1180      7400
 1181              	.LASF39:
 1182 011c 43504143 		.ascii	"CPACR\000"
 1182      5200
 1183              	.LASF23:
 1184 0122 53544952 		.ascii	"STIR\000"
 1184      00
 1185              	.LASF9:
 1186 0127 5F5F7569 		.ascii	"__uint32_t\000"
 1186      6E743332 
 1186      5F7400
 1187              	.LASF46:
 1188 0132 474E5520 		.ascii	"GNU C 4.9.3 20150529 (release) [ARM/embedded-4_9-br"
 1188      4320342E 
 1188      392E3320 
 1188      32303135 
 1188      30353239 
 1189 0165 616E6368 		.ascii	"anch revision 227977] -mcpu=cortex-m3 -mno-thumb-in"
 1189      20726576 
 1189      6973696F 
 1189      6E203232 
 1189      37393737 
 1190 0198 74657277 		.ascii	"terwork -mthumb -ggdb -O2 -std=gnu99 -fomit-frame-p"
 1190      6F726B20 
 1190      2D6D7468 
 1190      756D6220 
 1190      2D676764 
 1191 01cb 6F696E74 		.ascii	"ointer -falign-functions=16 -ffunction-sections -fd"
ARM GAS  /tmp/ccU6hAdg.s 			page 23


 1191      6572202D 
 1191      66616C69 
 1191      676E2D66 
 1191      756E6374 
 1192 01fe 6174612D 		.ascii	"ata-sections -fno-common\000"
 1192      73656374 
 1192      696F6E73 
 1192      202D666E 
 1192      6F2D636F 
 1193              	.LASF16:
 1194 0217 49535052 		.ascii	"ISPR\000"
 1194      00
 1195              	.LASF34:
 1196 021c 44465352 		.ascii	"DFSR\000"
 1196      00
 1197              	.LASF8:
 1198 0221 6C6F6E67 		.ascii	"long long unsigned int\000"
 1198      206C6F6E 
 1198      6720756E 
 1198      7369676E 
 1198      65642069 
 1199              	.LASF27:
 1200 0238 49435352 		.ascii	"ICSR\000"
 1200      00
 1201              	.LASF40:
 1202 023d 434D785F 		.ascii	"CMx_SCB\000"
 1202      53434200 
 1203              	.LASF29:
 1204 0245 41495243 		.ascii	"AIRCR\000"
 1204      5200
 1205              	.LASF36:
 1206 024b 42464152 		.ascii	"BFAR\000"
 1206      00
 1207              	.LASF45:
 1208 0250 68616E64 		.ascii	"handler\000"
 1208      6C657200 
 1209              	.LASF24:
 1210 0258 73697A65 		.ascii	"sizetype\000"
 1210      74797065 
 1210      00
 1211              	.LASF7:
 1212 0261 6C6F6E67 		.ascii	"long long int\000"
 1212      206C6F6E 
 1212      6720696E 
 1212      7400
 1213              	.LASF26:
 1214 026f 43505549 		.ascii	"CPUID\000"
 1214      4400
 1215              	.LASF41:
 1216 0275 63686172 		.ascii	"char\000"
 1216      00
 1217              	.LASF12:
 1218 027a 49534552 		.ascii	"ISER\000"
 1218      00
 1219              	.LASF37:
 1220 027f 41465352 		.ascii	"AFSR\000"
 1220      00
ARM GAS  /tmp/ccU6hAdg.s 			page 24


 1221              	.LASF35:
 1222 0284 4D4D4641 		.ascii	"MMFAR\000"
 1222      5200
 1223              	.LASF3:
 1224 028a 73686F72 		.ascii	"short int\000"
 1224      7420696E 
 1224      7400
 1225              	.LASF10:
 1226 0294 75696E74 		.ascii	"uint32_t\000"
 1226      33325F74 
 1226      00
 1227              	.LASF5:
 1228 029d 6C6F6E67 		.ascii	"long int\000"
 1228      20696E74 
 1228      00
 1229              	.LASF30:
 1230 02a6 53485052 		.ascii	"SHPR\000"
 1230      00
 1231              	.LASF1:
 1232 02ab 7369676E 		.ascii	"signed char\000"
 1232      65642063 
 1232      68617200 
 1233              	.LASF48:
 1234 02b7 6E766963 		.ascii	"nvicSetSystemHandlerPriority\000"
 1234      53657453 
 1234      79737465 
 1234      6D48616E 
 1234      646C6572 
 1235              	.LASF20:
 1236 02d4 49414252 		.ascii	"IABR\000"
 1236      00
 1237              	.LASF43:
 1238 02d9 6E766963 		.ascii	"nvicEnableVector\000"
 1238      456E6162 
 1238      6C655665 
 1238      63746F72 
 1238      00
 1239              		.ident	"GCC: (GNU Tools for ARM Embedded Processors) 4.9.3 20150529 (release) [ARM/embedded-4_9-br
ARM GAS  /tmp/ccU6hAdg.s 			page 25


DEFINED SYMBOLS
                            *ABS*:00000000 nvic.c
     /tmp/ccU6hAdg.s:19     .text.nvicEnableVector:00000000 $t
     /tmp/ccU6hAdg.s:25     .text.nvicEnableVector:00000000 nvicEnableVector
     /tmp/ccU6hAdg.s:85     .text.nvicDisableVector:00000000 $t
     /tmp/ccU6hAdg.s:91     .text.nvicDisableVector:00000000 nvicDisableVector
     /tmp/ccU6hAdg.s:136    .text.nvicDisableVector:0000003c $d
     /tmp/ccU6hAdg.s:141    .text.nvicSetSystemHandlerPriority:00000000 $t
     /tmp/ccU6hAdg.s:147    .text.nvicSetSystemHandlerPriority:00000000 nvicSetSystemHandlerPriority
                     .debug_frame:00000010 $d

NO UNDEFINED SYMBOLS
