ARM GAS  /tmp/ccQZMRGt.s 			page 1


   1              		.syntax unified
   2              		.cpu cortex-m3
   3              		.fpu softvfp
   4              		.eabi_attribute 20, 1
   5              		.eabi_attribute 21, 1
   6              		.eabi_attribute 23, 3
   7              		.eabi_attribute 24, 1
   8              		.eabi_attribute 25, 1
   9              		.eabi_attribute 26, 1
  10              		.eabi_attribute 30, 2
  11              		.eabi_attribute 34, 1
  12              		.eabi_attribute 18, 4
  13              		.thumb
  14              		.file	"pal.c"
  15              		.text
  16              	.Ltext0:
  17              		.cfi_sections	.debug_frame
  18              		.section	.text.palReadBus,"ax",%progbits
  19              		.align	2
  20              		.p2align 4,,15
  21              		.global	palReadBus
  22              		.thumb
  23              		.thumb_func
  24              		.type	palReadBus, %function
  25              	palReadBus:
  26              	.LFB36:
  27              		.file 1 "/home/nicolas/Desktop/Embebidos/stamp_repo/files/code/ext/ChibiOS/os/hal/src/pal.c"
  28              		.loc 1 76 0
  29              		.cfi_startproc
  30              		@ args = 0, pretend = 0, frame = 0
  31              		@ frame_needed = 0, uses_anonymous_args = 0
  32              		@ link register save eliminated.
  33              	.LVL0:
  34              		.loc 1 81 0
  35 0000 0368     		ldr	r3, [r0]
  36 0002 8168     		ldr	r1, [r0, #8]
  37 0004 DB6B     		ldr	r3, [r3, #60]
  38 0006 4268     		ldr	r2, [r0, #4]
  39 0008 23FA01F0 		lsr	r0, r3, r1
  40              	.LVL1:
  41              		.loc 1 82 0
  42 000c 1040     		ands	r0, r0, r2
  43 000e 7047     		bx	lr
  44              		.cfi_endproc
  45              	.LFE36:
  46              		.size	palReadBus, .-palReadBus
  47              		.section	.text.palWriteBus,"ax",%progbits
  48              		.align	2
  49              		.p2align 4,,15
  50              		.global	palWriteBus
  51              		.thumb
  52              		.thumb_func
  53              		.type	palWriteBus, %function
  54              	palWriteBus:
  55              	.LFB37:
  56              		.loc 1 101 0
  57              		.cfi_startproc
ARM GAS  /tmp/ccQZMRGt.s 			page 2


  58              		@ args = 0, pretend = 0, frame = 0
  59              		@ frame_needed = 0, uses_anonymous_args = 0
  60              		@ link register save eliminated.
  61              	.LVL2:
  62 0000 10B4     		push	{r4}
  63              		.cfi_def_cfa_offset 4
  64              		.cfi_offset 4, -4
  65              		.loc 1 106 0
  66 0002 90E81C00 		ldmia	r0, {r2, r3, r4}
  67 0006 A340     		lsls	r3, r3, r4
  68 0008 A140     		lsls	r1, r1, r4
  69              	.LVL3:
  70 000a C2F8A030 		str	r3, [r2, #160]
  71              		.loc 1 107 0
  72 000e 5DF8044B 		ldr	r4, [sp], #4
  73              		.cfi_restore 4
  74              		.cfi_def_cfa_offset 0
  75              		.loc 1 106 0
  76 0012 9163     		str	r1, [r2, #56]
  77 0014 C2F8A430 		str	r3, [r2, #164]
  78              		.loc 1 107 0
  79 0018 7047     		bx	lr
  80              		.cfi_endproc
  81              	.LFE37:
  82              		.size	palWriteBus, .-palWriteBus
  83 001a 00BF     		.section	.text.palSetBusMode,"ax",%progbits
  84              		.align	2
  85              		.p2align 4,,15
  86              		.global	palSetBusMode
  87              		.thumb
  88              		.thumb_func
  89              		.type	palSetBusMode, %function
  90              	palSetBusMode:
  91              	.LFB38:
  92              		.loc 1 124 0
  93              		.cfi_startproc
  94              		@ args = 0, pretend = 0, frame = 0
  95              		@ frame_needed = 0, uses_anonymous_args = 0
  96              		@ link register save eliminated.
  97              	.LVL4:
  98              		.loc 1 129 0
  99 0000 8368     		ldr	r3, [r0, #8]
 100              		.loc 1 124 0
 101 0002 0A46     		mov	r2, r1
 102              		.loc 1 129 0
 103 0004 4168     		ldr	r1, [r0, #4]
 104              	.LVL5:
 105 0006 0068     		ldr	r0, [r0]
 106              	.LVL6:
 107 0008 9940     		lsls	r1, r1, r3
 108 000a FFF7FEBF 		b	_pal_lld_setgroupmode
 109              	.LVL7:
 110              		.cfi_endproc
 111              	.LFE38:
 112              		.size	palSetBusMode, .-palSetBusMode
 113 000e 00BF     		.text
 114              	.Letext0:
ARM GAS  /tmp/ccQZMRGt.s 			page 3


 115              		.file 2 "/opt/gcc-arm-none-eabi-4_9-2015q3/arm-none-eabi/include/machine/_default_types.h"
 116              		.file 3 "/opt/gcc-arm-none-eabi-4_9-2015q3/arm-none-eabi/include/sys/_stdint.h"
 117              		.file 4 "/opt/gcc-arm-none-eabi-4_9-2015q3/arm-none-eabi/include/stdint.h"
 118              		.file 5 "/home/nicolas/Desktop/Embebidos/stamp_repo/files/code/ext/ChibiOS/os/hal/platforms/AT91SA
 119              		.file 6 "/home/nicolas/Desktop/Embebidos/stamp_repo/files/code/ext/ChibiOS/os/hal/platforms/AT91SA
 120              		.file 7 "/home/nicolas/Desktop/Embebidos/stamp_repo/files/code/ext/ChibiOS/os/hal/include/pal.h"
 121              		.file 8 "/home/nicolas/Desktop/Embebidos/stamp_repo/files/code/ext/ChibiOS/os/hal/platforms/AT91SA
 122              		.section	.debug_info,"",%progbits
 123              	.Ldebug_info0:
 124 0000 76060000 		.4byte	0x676
 125 0004 0400     		.2byte	0x4
 126 0006 00000000 		.4byte	.Ldebug_abbrev0
 127 000a 04       		.byte	0x4
 128 000b 01       		.uleb128 0x1
 129 000c CD010000 		.4byte	.LASF104
 130 0010 01       		.byte	0x1
 131 0011 26030000 		.4byte	.LASF105
 132 0015 00000000 		.4byte	.Ldebug_ranges0+0
 133 0019 00000000 		.4byte	0
 134 001d 00000000 		.4byte	.Ldebug_line0
 135 0021 02       		.uleb128 0x2
 136 0022 04       		.byte	0x4
 137 0023 05       		.byte	0x5
 138 0024 696E7400 		.ascii	"int\000"
 139 0028 03       		.uleb128 0x3
 140 0029 04       		.byte	0x4
 141 002a 07       		.byte	0x7
 142 002b A3030000 		.4byte	.LASF0
 143 002f 03       		.uleb128 0x3
 144 0030 01       		.byte	0x1
 145 0031 06       		.byte	0x6
 146 0032 1A030000 		.4byte	.LASF1
 147 0036 03       		.uleb128 0x3
 148 0037 01       		.byte	0x1
 149 0038 08       		.byte	0x8
 150 0039 FC020000 		.4byte	.LASF2
 151 003d 03       		.uleb128 0x3
 152 003e 02       		.byte	0x2
 153 003f 05       		.byte	0x5
 154 0040 5D000000 		.4byte	.LASF3
 155 0044 03       		.uleb128 0x3
 156 0045 02       		.byte	0x2
 157 0046 07       		.byte	0x7
 158 0047 0E040000 		.4byte	.LASF4
 159 004b 03       		.uleb128 0x3
 160 004c 04       		.byte	0x4
 161 004d 05       		.byte	0x5
 162 004e 9A010000 		.4byte	.LASF5
 163 0052 04       		.uleb128 0x4
 164 0053 8F000000 		.4byte	.LASF9
 165 0057 02       		.byte	0x2
 166 0058 41       		.byte	0x41
 167 0059 5D000000 		.4byte	0x5d
 168 005d 03       		.uleb128 0x3
 169 005e 04       		.byte	0x4
 170 005f 07       		.byte	0x7
 171 0060 4B040000 		.4byte	.LASF6
ARM GAS  /tmp/ccQZMRGt.s 			page 4


 172 0064 03       		.uleb128 0x3
 173 0065 08       		.byte	0x8
 174 0066 05       		.byte	0x5
 175 0067 5E010000 		.4byte	.LASF7
 176 006b 03       		.uleb128 0x3
 177 006c 08       		.byte	0x8
 178 006d 07       		.byte	0x7
 179 006e 6C010000 		.4byte	.LASF8
 180 0072 04       		.uleb128 0x4
 181 0073 91030000 		.4byte	.LASF10
 182 0077 03       		.byte	0x3
 183 0078 20       		.byte	0x20
 184 0079 52000000 		.4byte	0x52
 185 007d 04       		.uleb128 0x4
 186 007e 84030000 		.4byte	.LASF11
 187 0082 04       		.byte	0x4
 188 0083 34       		.byte	0x34
 189 0084 28000000 		.4byte	0x28
 190 0088 05       		.uleb128 0x5
 191 0089 72000000 		.4byte	0x72
 192 008d 03       		.uleb128 0x3
 193 008e 04       		.byte	0x4
 194 008f 07       		.byte	0x7
 195 0090 72000000 		.4byte	.LASF12
 196 0094 03       		.uleb128 0x3
 197 0095 01       		.byte	0x1
 198 0096 08       		.byte	0x8
 199 0097 FF030000 		.4byte	.LASF13
 200 009b 04       		.uleb128 0x4
 201 009c B2020000 		.4byte	.LASF14
 202 00a0 05       		.byte	0x5
 203 00a1 35       		.byte	0x35
 204 00a2 A6000000 		.4byte	0xa6
 205 00a6 06       		.uleb128 0x6
 206 00a7 88000000 		.4byte	0x88
 207 00ab 04       		.uleb128 0x4
 208 00ac C7000000 		.4byte	.LASF15
 209 00b0 05       		.byte	0x5
 210 00b1 39       		.byte	0x39
 211 00b2 88000000 		.4byte	0x88
 212 00b6 04       		.uleb128 0x4
 213 00b7 14030000 		.4byte	.LASF16
 214 00bb 05       		.byte	0x5
 215 00bc 3A       		.byte	0x3a
 216 00bd 88000000 		.4byte	0x88
 217 00c1 07       		.uleb128 0x7
 218 00c2 B6000000 		.4byte	0xb6
 219 00c6 D1000000 		.4byte	0xd1
 220 00ca 08       		.uleb128 0x8
 221 00cb 8D000000 		.4byte	0x8d
 222 00cf 12       		.byte	0x12
 223 00d0 00       		.byte	0
 224 00d1 07       		.uleb128 0x7
 225 00d2 B6000000 		.4byte	0xb6
 226 00d6 E1000000 		.4byte	0xe1
 227 00da 08       		.uleb128 0x8
 228 00db 8D000000 		.4byte	0x8d
ARM GAS  /tmp/ccQZMRGt.s 			page 5


 229 00df 00       		.byte	0
 230 00e0 00       		.byte	0
 231 00e1 07       		.uleb128 0x7
 232 00e2 B6000000 		.4byte	0xb6
 233 00e6 F1000000 		.4byte	0xf1
 234 00ea 08       		.uleb128 0x8
 235 00eb 8D000000 		.4byte	0x8d
 236 00ef 01       		.byte	0x1
 237 00f0 00       		.byte	0
 238 00f1 07       		.uleb128 0x7
 239 00f2 B6000000 		.4byte	0xb6
 240 00f6 01010000 		.4byte	0x101
 241 00fa 08       		.uleb128 0x8
 242 00fb 8D000000 		.4byte	0x8d
 243 00ff 04       		.byte	0x4
 244 0100 00       		.byte	0
 245 0101 09       		.uleb128 0x9
 246 0102 9001     		.2byte	0x190
 247 0104 05       		.byte	0x5
 248 0105 DA06     		.2byte	0x6da
 249 0107 FA040000 		.4byte	0x4fa
 250 010b 0A       		.uleb128 0xa
 251 010c C5040000 		.4byte	.LASF17
 252 0110 05       		.byte	0x5
 253 0111 DB06     		.2byte	0x6db
 254 0113 AB000000 		.4byte	0xab
 255 0117 00       		.byte	0
 256 0118 0A       		.uleb128 0xa
 257 0119 44050000 		.4byte	.LASF18
 258 011d 05       		.byte	0x5
 259 011e DC06     		.2byte	0x6dc
 260 0120 AB000000 		.4byte	0xab
 261 0124 04       		.byte	0x4
 262 0125 0A       		.uleb128 0xa
 263 0126 4C050000 		.4byte	.LASF19
 264 012a 05       		.byte	0x5
 265 012b DD06     		.2byte	0x6dd
 266 012d 9B000000 		.4byte	0x9b
 267 0131 08       		.byte	0x8
 268 0132 0A       		.uleb128 0xa
 269 0133 E8000000 		.4byte	.LASF20
 270 0137 05       		.byte	0x5
 271 0138 DE06     		.2byte	0x6de
 272 013a FA040000 		.4byte	0x4fa
 273 013e 0C       		.byte	0xc
 274 013f 0A       		.uleb128 0xa
 275 0140 F3040000 		.4byte	.LASF21
 276 0144 05       		.byte	0x5
 277 0145 DF06     		.2byte	0x6df
 278 0147 AB000000 		.4byte	0xab
 279 014b 10       		.byte	0x10
 280 014c 0A       		.uleb128 0xa
 281 014d 4D000000 		.4byte	.LASF22
 282 0151 05       		.byte	0x5
 283 0152 E006     		.2byte	0x6e0
 284 0154 AB000000 		.4byte	0xab
 285 0158 14       		.byte	0x14
ARM GAS  /tmp/ccQZMRGt.s 			page 6


 286 0159 0A       		.uleb128 0xa
 287 015a 55000000 		.4byte	.LASF23
 288 015e 05       		.byte	0x5
 289 015f E106     		.2byte	0x6e1
 290 0161 9B000000 		.4byte	0x9b
 291 0165 18       		.byte	0x18
 292 0166 0A       		.uleb128 0xa
 293 0167 F2000000 		.4byte	.LASF24
 294 016b 05       		.byte	0x5
 295 016c E206     		.2byte	0x6e2
 296 016e FF040000 		.4byte	0x4ff
 297 0172 1C       		.byte	0x1c
 298 0173 0A       		.uleb128 0xa
 299 0174 BC040000 		.4byte	.LASF25
 300 0178 05       		.byte	0x5
 301 0179 E306     		.2byte	0x6e3
 302 017b AB000000 		.4byte	0xab
 303 017f 20       		.byte	0x20
 304 0180 0A       		.uleb128 0xa
 305 0181 88010000 		.4byte	.LASF26
 306 0185 05       		.byte	0x5
 307 0186 E406     		.2byte	0x6e4
 308 0188 AB000000 		.4byte	0xab
 309 018c 24       		.byte	0x24
 310 018d 0A       		.uleb128 0xa
 311 018e 91010000 		.4byte	.LASF27
 312 0192 05       		.byte	0x5
 313 0193 E506     		.2byte	0x6e5
 314 0195 9B000000 		.4byte	0x9b
 315 0199 28       		.byte	0x28
 316 019a 0A       		.uleb128 0xa
 317 019b 5D040000 		.4byte	.LASF28
 318 019f 05       		.byte	0x5
 319 01a0 E606     		.2byte	0x6e6
 320 01a2 04050000 		.4byte	0x504
 321 01a6 2C       		.byte	0x2c
 322 01a7 0A       		.uleb128 0xa
 323 01a8 E1040000 		.4byte	.LASF29
 324 01ac 05       		.byte	0x5
 325 01ad E706     		.2byte	0x6e7
 326 01af AB000000 		.4byte	0xab
 327 01b3 30       		.byte	0x30
 328 01b4 0A       		.uleb128 0xa
 329 01b5 42040000 		.4byte	.LASF30
 330 01b9 05       		.byte	0x5
 331 01ba E806     		.2byte	0x6e8
 332 01bc AB000000 		.4byte	0xab
 333 01c0 34       		.byte	0x34
 334 01c1 0A       		.uleb128 0xa
 335 01c2 7B000000 		.4byte	.LASF31
 336 01c6 05       		.byte	0x5
 337 01c7 E906     		.2byte	0x6e9
 338 01c9 B6000000 		.4byte	0xb6
 339 01cd 38       		.byte	0x38
 340 01ce 0A       		.uleb128 0xa
 341 01cf AA010000 		.4byte	.LASF32
 342 01d3 05       		.byte	0x5
ARM GAS  /tmp/ccQZMRGt.s 			page 7


 343 01d4 EA06     		.2byte	0x6ea
 344 01d6 9B000000 		.4byte	0x9b
 345 01da 3C       		.byte	0x3c
 346 01db 0A       		.uleb128 0xa
 347 01dc 3B000000 		.4byte	.LASF33
 348 01e0 05       		.byte	0x5
 349 01e1 EB06     		.2byte	0x6eb
 350 01e3 AB000000 		.4byte	0xab
 351 01e7 40       		.byte	0x40
 352 01e8 0A       		.uleb128 0xa
 353 01e9 71040000 		.4byte	.LASF34
 354 01ed 05       		.byte	0x5
 355 01ee EC06     		.2byte	0x6ec
 356 01f0 AB000000 		.4byte	0xab
 357 01f4 44       		.byte	0x44
 358 01f5 0A       		.uleb128 0xa
 359 01f6 AB000000 		.4byte	.LASF35
 360 01fa 05       		.byte	0x5
 361 01fb ED06     		.2byte	0x6ed
 362 01fd 9B000000 		.4byte	0x9b
 363 0201 48       		.byte	0x48
 364 0202 0A       		.uleb128 0xa
 365 0203 79040000 		.4byte	.LASF36
 366 0207 05       		.byte	0x5
 367 0208 EE06     		.2byte	0x6ee
 368 020a 9B000000 		.4byte	0x9b
 369 020e 4C       		.byte	0x4c
 370 020f 0A       		.uleb128 0xa
 371 0210 D8040000 		.4byte	.LASF37
 372 0214 05       		.byte	0x5
 373 0215 EF06     		.2byte	0x6ef
 374 0217 AB000000 		.4byte	0xab
 375 021b 50       		.byte	0x50
 376 021c 0A       		.uleb128 0xa
 377 021d E4030000 		.4byte	.LASF38
 378 0221 05       		.byte	0x5
 379 0222 F006     		.2byte	0x6f0
 380 0224 AB000000 		.4byte	0xab
 381 0228 54       		.byte	0x54
 382 0229 0A       		.uleb128 0xa
 383 022a ED030000 		.4byte	.LASF39
 384 022e 05       		.byte	0x5
 385 022f F106     		.2byte	0x6f1
 386 0231 9B000000 		.4byte	0x9b
 387 0235 58       		.byte	0x58
 388 0236 0A       		.uleb128 0xa
 389 0237 67040000 		.4byte	.LASF40
 390 023b 05       		.byte	0x5
 391 023c F206     		.2byte	0x6f2
 392 023e 09050000 		.4byte	0x509
 393 0242 5C       		.byte	0x5c
 394 0243 0A       		.uleb128 0xa
 395 0244 B3010000 		.4byte	.LASF41
 396 0248 05       		.byte	0x5
 397 0249 F306     		.2byte	0x6f3
 398 024b AB000000 		.4byte	0xab
 399 024f 60       		.byte	0x60
ARM GAS  /tmp/ccQZMRGt.s 			page 8


 400 0250 0A       		.uleb128 0xa
 401 0251 26040000 		.4byte	.LASF42
 402 0255 05       		.byte	0x5
 403 0256 F406     		.2byte	0x6f4
 404 0258 AB000000 		.4byte	0xab
 405 025c 64       		.byte	0x64
 406 025d 0A       		.uleb128 0xa
 407 025e BC010000 		.4byte	.LASF43
 408 0262 05       		.byte	0x5
 409 0263 F506     		.2byte	0x6f5
 410 0265 9B000000 		.4byte	0x9b
 411 0269 68       		.byte	0x68
 412 026a 0A       		.uleb128 0xa
 413 026b 54010000 		.4byte	.LASF44
 414 026f 05       		.byte	0x5
 415 0270 F606     		.2byte	0x6f6
 416 0272 0E050000 		.4byte	0x50e
 417 0276 6C       		.byte	0x6c
 418 0277 0A       		.uleb128 0xa
 419 0278 CD040000 		.4byte	.LASF45
 420 027c 05       		.byte	0x5
 421 027d F706     		.2byte	0x6f7
 422 027f 13050000 		.4byte	0x513
 423 0283 70       		.byte	0x70
 424 0284 0A       		.uleb128 0xa
 425 0285 81040000 		.4byte	.LASF46
 426 0289 05       		.byte	0x5
 427 028a F806     		.2byte	0x6f8
 428 028c 18050000 		.4byte	0x518
 429 0290 78       		.byte	0x78
 430 0291 0A       		.uleb128 0xa
 431 0292 C2020000 		.4byte	.LASF47
 432 0296 05       		.byte	0x5
 433 0297 F906     		.2byte	0x6f9
 434 0299 AB000000 		.4byte	0xab
 435 029d 80       		.byte	0x80
 436 029e 0A       		.uleb128 0xa
 437 029f 37040000 		.4byte	.LASF48
 438 02a3 05       		.byte	0x5
 439 02a4 FA06     		.2byte	0x6fa
 440 02a6 AB000000 		.4byte	0xab
 441 02aa 84       		.byte	0x84
 442 02ab 0A       		.uleb128 0xa
 443 02ac CD020000 		.4byte	.LASF49
 444 02b0 05       		.byte	0x5
 445 02b1 FB06     		.2byte	0x6fb
 446 02b3 9B000000 		.4byte	0x9b
 447 02b7 88       		.byte	0x88
 448 02b8 0A       		.uleb128 0xa
 449 02b9 4B010000 		.4byte	.LASF50
 450 02bd 05       		.byte	0x5
 451 02be FC06     		.2byte	0x6fc
 452 02c0 B6000000 		.4byte	0xb6
 453 02c4 8C       		.byte	0x8c
 454 02c5 0A       		.uleb128 0xa
 455 02c6 B3000000 		.4byte	.LASF51
 456 02ca 05       		.byte	0x5
ARM GAS  /tmp/ccQZMRGt.s 			page 9


 457 02cb FD06     		.2byte	0x6fd
 458 02cd AB000000 		.4byte	0xab
 459 02d1 90       		.byte	0x90
 460 02d2 0A       		.uleb128 0xa
 461 02d3 B8020000 		.4byte	.LASF52
 462 02d7 05       		.byte	0x5
 463 02d8 FE06     		.2byte	0x6fe
 464 02da AB000000 		.4byte	0xab
 465 02de 94       		.byte	0x94
 466 02df 0A       		.uleb128 0xa
 467 02e0 BD000000 		.4byte	.LASF53
 468 02e4 05       		.byte	0x5
 469 02e5 FF06     		.2byte	0x6ff
 470 02e7 9B000000 		.4byte	0x9b
 471 02eb 98       		.byte	0x98
 472 02ec 0A       		.uleb128 0xa
 473 02ed 20010000 		.4byte	.LASF54
 474 02f1 05       		.byte	0x5
 475 02f2 0007     		.2byte	0x700
 476 02f4 1D050000 		.4byte	0x51d
 477 02f8 9C       		.byte	0x9c
 478 02f9 0A       		.uleb128 0xa
 479 02fa CD000000 		.4byte	.LASF55
 480 02fe 05       		.byte	0x5
 481 02ff 0107     		.2byte	0x701
 482 0301 AB000000 		.4byte	0xab
 483 0305 A0       		.byte	0xa0
 484 0306 0A       		.uleb128 0xa
 485 0307 08050000 		.4byte	.LASF56
 486 030b 05       		.byte	0x5
 487 030c 0207     		.2byte	0x702
 488 030e AB000000 		.4byte	0xab
 489 0312 A4       		.byte	0xa4
 490 0313 0A       		.uleb128 0xa
 491 0314 11050000 		.4byte	.LASF57
 492 0318 05       		.byte	0x5
 493 0319 0307     		.2byte	0x703
 494 031b 9B000000 		.4byte	0x9b
 495 031f A8       		.byte	0xa8
 496 0320 0A       		.uleb128 0xa
 497 0321 99040000 		.4byte	.LASF58
 498 0325 05       		.byte	0x5
 499 0326 0407     		.2byte	0x704
 500 0328 22050000 		.4byte	0x522
 501 032c AC       		.byte	0xac
 502 032d 0A       		.uleb128 0xa
 503 032e 1A050000 		.4byte	.LASF59
 504 0332 05       		.byte	0x5
 505 0333 0507     		.2byte	0x705
 506 0335 AB000000 		.4byte	0xab
 507 0339 B0       		.byte	0xb0
 508 033a 0A       		.uleb128 0xa
 509 033b 43000000 		.4byte	.LASF60
 510 033f 05       		.byte	0x5
 511 0340 0607     		.2byte	0x706
 512 0342 AB000000 		.4byte	0xab
 513 0346 B4       		.byte	0xb4
ARM GAS  /tmp/ccQZMRGt.s 			page 10


 514 0347 0A       		.uleb128 0xa
 515 0348 E9020000 		.4byte	.LASF61
 516 034c 05       		.byte	0x5
 517 034d 0707     		.2byte	0x707
 518 034f 9B000000 		.4byte	0x9b
 519 0353 B8       		.byte	0xb8
 520 0354 0A       		.uleb128 0xa
 521 0355 37010000 		.4byte	.LASF62
 522 0359 05       		.byte	0x5
 523 035a 0807     		.2byte	0x708
 524 035c 27050000 		.4byte	0x527
 525 0360 BC       		.byte	0xbc
 526 0361 0A       		.uleb128 0xa
 527 0362 04010000 		.4byte	.LASF63
 528 0366 05       		.byte	0x5
 529 0367 0907     		.2byte	0x709
 530 0369 AB000000 		.4byte	0xab
 531 036d C0       		.byte	0xc0
 532 036e 0A       		.uleb128 0xa
 533 036f C5010000 		.4byte	.LASF64
 534 0373 05       		.byte	0x5
 535 0374 0A07     		.2byte	0x70a
 536 0376 AB000000 		.4byte	0xab
 537 037a C4       		.byte	0xc4
 538 037b 0A       		.uleb128 0xa
 539 037c F6030000 		.4byte	.LASF65
 540 0380 05       		.byte	0x5
 541 0381 0B07     		.2byte	0x70b
 542 0383 9B000000 		.4byte	0x9b
 543 0387 C8       		.byte	0xc8
 544 0388 0A       		.uleb128 0xa
 545 0389 B8030000 		.4byte	.LASF66
 546 038d 05       		.byte	0x5
 547 038e 0C07     		.2byte	0x70c
 548 0390 2C050000 		.4byte	0x52c
 549 0394 CC       		.byte	0xcc
 550 0395 0A       		.uleb128 0xa
 551 0396 24050000 		.4byte	.LASF67
 552 039a 05       		.byte	0x5
 553 039b 0D07     		.2byte	0x70d
 554 039d AB000000 		.4byte	0xab
 555 03a1 D0       		.byte	0xd0
 556 03a2 0A       		.uleb128 0xa
 557 03a3 67000000 		.4byte	.LASF68
 558 03a7 05       		.byte	0x5
 559 03a8 0E07     		.2byte	0x70e
 560 03aa AB000000 		.4byte	0xab
 561 03ae D4       		.byte	0xd4
 562 03af 0A       		.uleb128 0xa
 563 03b0 A3040000 		.4byte	.LASF69
 564 03b4 05       		.byte	0x5
 565 03b5 0F07     		.2byte	0x70f
 566 03b7 9B000000 		.4byte	0x9b
 567 03bb D8       		.byte	0xd8
 568 03bc 0A       		.uleb128 0xa
 569 03bd C3030000 		.4byte	.LASF70
 570 03c1 05       		.byte	0x5
ARM GAS  /tmp/ccQZMRGt.s 			page 11


 571 03c2 1007     		.2byte	0x710
 572 03c4 31050000 		.4byte	0x531
 573 03c8 DC       		.byte	0xdc
 574 03c9 0A       		.uleb128 0xa
 575 03ca 79030000 		.4byte	.LASF71
 576 03ce 05       		.byte	0x5
 577 03cf 1107     		.2byte	0x711
 578 03d1 9B000000 		.4byte	0x9b
 579 03d5 E0       		.byte	0xe0
 580 03d6 0A       		.uleb128 0xa
 581 03d7 DF000000 		.4byte	.LASF72
 582 03db 05       		.byte	0x5
 583 03dc 1207     		.2byte	0x712
 584 03de B6000000 		.4byte	0xb6
 585 03e2 E4       		.byte	0xe4
 586 03e3 0A       		.uleb128 0xa
 587 03e4 B3040000 		.4byte	.LASF73
 588 03e8 05       		.byte	0x5
 589 03e9 1307     		.2byte	0x713
 590 03eb 9B000000 		.4byte	0x9b
 591 03ef E8       		.byte	0xe8
 592 03f0 0A       		.uleb128 0xa
 593 03f1 CE030000 		.4byte	.LASF74
 594 03f5 05       		.byte	0x5
 595 03f6 1407     		.2byte	0x714
 596 03f8 36050000 		.4byte	0x536
 597 03fc EC       		.byte	0xec
 598 03fd 0B       		.uleb128 0xb
 599 03fe 09000000 		.4byte	.LASF75
 600 0402 05       		.byte	0x5
 601 0403 1507     		.2byte	0x715
 602 0405 B6000000 		.4byte	0xb6
 603 0409 0001     		.2byte	0x100
 604 040b 0B       		.uleb128 0xb
 605 040c D9030000 		.4byte	.LASF76
 606 0410 05       		.byte	0x5
 607 0411 1607     		.2byte	0x716
 608 0413 3B050000 		.4byte	0x53b
 609 0417 0401     		.2byte	0x104
 610 0419 0B       		.uleb128 0xb
 611 041a EA040000 		.4byte	.LASF77
 612 041e 05       		.byte	0x5
 613 041f 1707     		.2byte	0x717
 614 0421 B6000000 		.4byte	0xb6
 615 0425 5001     		.2byte	0x150
 616 0427 0B       		.uleb128 0xb
 617 0428 0A030000 		.4byte	.LASF78
 618 042c 05       		.byte	0x5
 619 042d 1807     		.2byte	0x718
 620 042f AB000000 		.4byte	0xab
 621 0433 5401     		.2byte	0x154
 622 0435 0B       		.uleb128 0xb
 623 0436 0C010000 		.4byte	.LASF79
 624 043a 05       		.byte	0x5
 625 043b 1907     		.2byte	0x719
 626 043d AB000000 		.4byte	0xab
 627 0441 5801     		.2byte	0x158
ARM GAS  /tmp/ccQZMRGt.s 			page 12


 628 0443 0B       		.uleb128 0xb
 629 0444 04040000 		.4byte	.LASF80
 630 0448 05       		.byte	0x5
 631 0449 1A07     		.2byte	0x71a
 632 044b 9B000000 		.4byte	0x9b
 633 044f 5C01     		.2byte	0x15c
 634 0451 0B       		.uleb128 0xb
 635 0452 16010000 		.4byte	.LASF81
 636 0456 05       		.byte	0x5
 637 0457 1B07     		.2byte	0x71b
 638 0459 9B000000 		.4byte	0x9b
 639 045d 6001     		.2byte	0x160
 640 045f 0B       		.uleb128 0xb
 641 0460 41010000 		.4byte	.LASF82
 642 0464 05       		.byte	0x5
 643 0465 1C07     		.2byte	0x71c
 644 0467 9B000000 		.4byte	0x9b
 645 046b 6401     		.2byte	0x164
 646 046d 0B       		.uleb128 0xb
 647 046e B0030000 		.4byte	.LASF83
 648 0472 05       		.byte	0x5
 649 0473 1D07     		.2byte	0x71d
 650 0475 B6000000 		.4byte	0xb6
 651 0479 6801     		.2byte	0x168
 652 047b 0B       		.uleb128 0xb
 653 047c D8020000 		.4byte	.LASF84
 654 0480 05       		.byte	0x5
 655 0481 1E07     		.2byte	0x71e
 656 0483 B6000000 		.4byte	0xb6
 657 0487 6C01     		.2byte	0x16c
 658 0489 0B       		.uleb128 0xb
 659 048a 2F040000 		.4byte	.LASF85
 660 048e 05       		.byte	0x5
 661 048f 1F07     		.2byte	0x71f
 662 0491 B6000000 		.4byte	0xb6
 663 0495 7001     		.2byte	0x170
 664 0497 0B       		.uleb128 0xb
 665 0498 FC000000 		.4byte	.LASF86
 666 049c 05       		.byte	0x5
 667 049d 2007     		.2byte	0x720
 668 049f B6000000 		.4byte	0xb6
 669 04a3 7401     		.2byte	0x174
 670 04a5 0B       		.uleb128 0xb
 671 04a6 3B050000 		.4byte	.LASF87
 672 04aa 05       		.byte	0x5
 673 04ab 2107     		.2byte	0x721
 674 04ad B6000000 		.4byte	0xb6
 675 04b1 7801     		.2byte	0x178
 676 04b3 0B       		.uleb128 0xb
 677 04b4 F3020000 		.4byte	.LASF88
 678 04b8 05       		.byte	0x5
 679 04b9 2207     		.2byte	0x722
 680 04bb B6000000 		.4byte	0xb6
 681 04bf 7C01     		.2byte	0x17c
 682 04c1 0B       		.uleb128 0xb
 683 04c2 E0020000 		.4byte	.LASF89
 684 04c6 05       		.byte	0x5
ARM GAS  /tmp/ccQZMRGt.s 			page 13


 685 04c7 2307     		.2byte	0x723
 686 04c9 B6000000 		.4byte	0xb6
 687 04cd 8001     		.2byte	0x180
 688 04cf 0B       		.uleb128 0xb
 689 04d0 00000000 		.4byte	.LASF90
 690 04d4 05       		.byte	0x5
 691 04d5 2407     		.2byte	0x724
 692 04d7 B6000000 		.4byte	0xb6
 693 04db 8401     		.2byte	0x184
 694 04dd 0B       		.uleb128 0xb
 695 04de 32000000 		.4byte	.LASF91
 696 04e2 05       		.byte	0x5
 697 04e3 2507     		.2byte	0x725
 698 04e5 AB000000 		.4byte	0xab
 699 04e9 8801     		.2byte	0x188
 700 04eb 0B       		.uleb128 0xb
 701 04ec 9A030000 		.4byte	.LASF92
 702 04f0 05       		.byte	0x5
 703 04f1 2607     		.2byte	0x726
 704 04f3 9B000000 		.4byte	0x9b
 705 04f7 8C01     		.2byte	0x18c
 706 04f9 00       		.byte	0
 707 04fa 05       		.uleb128 0x5
 708 04fb D1000000 		.4byte	0xd1
 709 04ff 05       		.uleb128 0x5
 710 0500 D1000000 		.4byte	0xd1
 711 0504 05       		.uleb128 0x5
 712 0505 D1000000 		.4byte	0xd1
 713 0509 05       		.uleb128 0x5
 714 050a D1000000 		.4byte	0xd1
 715 050e 05       		.uleb128 0x5
 716 050f D1000000 		.4byte	0xd1
 717 0513 05       		.uleb128 0x5
 718 0514 E1000000 		.4byte	0xe1
 719 0518 05       		.uleb128 0x5
 720 0519 E1000000 		.4byte	0xe1
 721 051d 05       		.uleb128 0x5
 722 051e D1000000 		.4byte	0xd1
 723 0522 05       		.uleb128 0x5
 724 0523 D1000000 		.4byte	0xd1
 725 0527 05       		.uleb128 0x5
 726 0528 D1000000 		.4byte	0xd1
 727 052c 05       		.uleb128 0x5
 728 052d D1000000 		.4byte	0xd1
 729 0531 05       		.uleb128 0x5
 730 0532 D1000000 		.4byte	0xd1
 731 0536 05       		.uleb128 0x5
 732 0537 F1000000 		.4byte	0xf1
 733 053b 05       		.uleb128 0x5
 734 053c C1000000 		.4byte	0xc1
 735 0540 0C       		.uleb128 0xc
 736 0541 50696F00 		.ascii	"Pio\000"
 737 0545 05       		.byte	0x5
 738 0546 2707     		.2byte	0x727
 739 0548 01010000 		.4byte	0x101
 740 054c 04       		.uleb128 0x4
 741 054d D6000000 		.4byte	.LASF93
ARM GAS  /tmp/ccQZMRGt.s 			page 14


 742 0551 06       		.byte	0x6
 743 0552 2E       		.byte	0x2e
 744 0553 72000000 		.4byte	0x72
 745 0557 04       		.uleb128 0x4
 746 0558 2A010000 		.4byte	.LASF94
 747 055c 06       		.byte	0x6
 748 055d 5D       		.byte	0x5d
 749 055e 72000000 		.4byte	0x72
 750 0562 04       		.uleb128 0x4
 751 0563 9A000000 		.4byte	.LASF95
 752 0567 06       		.byte	0x6
 753 0568 65       		.byte	0x65
 754 0569 6D050000 		.4byte	0x56d
 755 056d 0D       		.uleb128 0xd
 756 056e 04       		.byte	0x4
 757 056f 40050000 		.4byte	0x540
 758 0573 0E       		.uleb128 0xe
 759 0574 0C       		.byte	0xc
 760 0575 07       		.byte	0x7
 761 0576 85       		.byte	0x85
 762 0577 A0050000 		.4byte	0x5a0
 763 057b 0F       		.uleb128 0xf
 764 057c 15000000 		.4byte	.LASF96
 765 0580 07       		.byte	0x7
 766 0581 89       		.byte	0x89
 767 0582 62050000 		.4byte	0x562
 768 0586 00       		.byte	0
 769 0587 0F       		.uleb128 0xf
 770 0588 AE040000 		.4byte	.LASF97
 771 058c 07       		.byte	0x7
 772 058d 8F       		.byte	0x8f
 773 058e 57050000 		.4byte	0x557
 774 0592 04       		.byte	0x4
 775 0593 0F       		.uleb128 0xf
 776 0594 A3010000 		.4byte	.LASF98
 777 0598 07       		.byte	0x7
 778 0599 93       		.byte	0x93
 779 059a 7D000000 		.4byte	0x7d
 780 059e 08       		.byte	0x8
 781 059f 00       		.byte	0
 782 05a0 04       		.uleb128 0x4
 783 05a1 A5000000 		.4byte	.LASF99
 784 05a5 07       		.byte	0x7
 785 05a6 94       		.byte	0x94
 786 05a7 73050000 		.4byte	0x573
 787 05ab 10       		.uleb128 0x10
 788 05ac 84000000 		.4byte	.LASF106
 789 05b0 01       		.byte	0x1
 790 05b1 4C       		.byte	0x4c
 791 05b2 57050000 		.4byte	0x557
 792 05b6 00000000 		.4byte	.LFB36
 793 05ba 10000000 		.4byte	.LFE36-.LFB36
 794 05be 01       		.uleb128 0x1
 795 05bf 9C       		.byte	0x9c
 796 05c0 D4050000 		.4byte	0x5d4
 797 05c4 11       		.uleb128 0x11
 798 05c5 62757300 		.ascii	"bus\000"
ARM GAS  /tmp/ccQZMRGt.s 			page 15


 799 05c9 01       		.byte	0x1
 800 05ca 4C       		.byte	0x4c
 801 05cb D4050000 		.4byte	0x5d4
 802 05cf 00000000 		.4byte	.LLST0
 803 05d3 00       		.byte	0
 804 05d4 0D       		.uleb128 0xd
 805 05d5 04       		.byte	0x4
 806 05d6 A0050000 		.4byte	0x5a0
 807 05da 12       		.uleb128 0x12
 808 05db 2F050000 		.4byte	.LASF101
 809 05df 01       		.byte	0x1
 810 05e0 65       		.byte	0x65
 811 05e1 00000000 		.4byte	.LFB37
 812 05e5 1A000000 		.4byte	.LFE37-.LFB37
 813 05e9 01       		.uleb128 0x1
 814 05ea 9C       		.byte	0x9c
 815 05eb 0C060000 		.4byte	0x60c
 816 05ef 13       		.uleb128 0x13
 817 05f0 62757300 		.ascii	"bus\000"
 818 05f4 01       		.byte	0x1
 819 05f5 65       		.byte	0x65
 820 05f6 D4050000 		.4byte	0x5d4
 821 05fa 01       		.uleb128 0x1
 822 05fb 50       		.byte	0x50
 823 05fc 14       		.uleb128 0x14
 824 05fd 83010000 		.4byte	.LASF100
 825 0601 01       		.byte	0x1
 826 0602 65       		.byte	0x65
 827 0603 57050000 		.4byte	0x557
 828 0607 21000000 		.4byte	.LLST1
 829 060b 00       		.byte	0
 830 060c 12       		.uleb128 0x12
 831 060d 8B040000 		.4byte	.LASF102
 832 0611 01       		.byte	0x1
 833 0612 7C       		.byte	0x7c
 834 0613 00000000 		.4byte	.LFB38
 835 0617 0E000000 		.4byte	.LFE38-.LFB38
 836 061b 01       		.uleb128 0x1
 837 061c 9C       		.byte	0x9c
 838 061d 51060000 		.4byte	0x651
 839 0621 11       		.uleb128 0x11
 840 0622 62757300 		.ascii	"bus\000"
 841 0626 01       		.byte	0x1
 842 0627 7C       		.byte	0x7c
 843 0628 D4050000 		.4byte	0x5d4
 844 062c 42000000 		.4byte	.LLST2
 845 0630 14       		.uleb128 0x14
 846 0631 21040000 		.4byte	.LASF103
 847 0635 01       		.byte	0x1
 848 0636 7C       		.byte	0x7c
 849 0637 4C050000 		.4byte	0x54c
 850 063b 63000000 		.4byte	.LLST3
 851 063f 15       		.uleb128 0x15
 852 0640 0E000000 		.4byte	.LVL7
 853 0644 62060000 		.4byte	0x662
 854 0648 16       		.uleb128 0x16
 855 0649 01       		.uleb128 0x1
ARM GAS  /tmp/ccQZMRGt.s 			page 16


 856 064a 52       		.byte	0x52
 857 064b 03       		.uleb128 0x3
 858 064c F3       		.byte	0xf3
 859 064d 01       		.uleb128 0x1
 860 064e 51       		.byte	0x51
 861 064f 00       		.byte	0
 862 0650 00       		.byte	0
 863 0651 17       		.uleb128 0x17
 864 0652 FB040000 		.4byte	.LASF107
 865 0656 08       		.byte	0x8
 866 0657 CE06     		.2byte	0x6ce
 867 0659 5D060000 		.4byte	0x65d
 868 065d 05       		.uleb128 0x5
 869 065e 21000000 		.4byte	0x21
 870 0662 18       		.uleb128 0x18
 871 0663 1C000000 		.4byte	.LASF108
 872 0667 06       		.byte	0x6
 873 0668 F6       		.byte	0xf6
 874 0669 19       		.uleb128 0x19
 875 066a 62050000 		.4byte	0x562
 876 066e 19       		.uleb128 0x19
 877 066f 57050000 		.4byte	0x557
 878 0673 19       		.uleb128 0x19
 879 0674 7D000000 		.4byte	0x7d
 880 0678 00       		.byte	0
 881 0679 00       		.byte	0
 882              		.section	.debug_abbrev,"",%progbits
 883              	.Ldebug_abbrev0:
 884 0000 01       		.uleb128 0x1
 885 0001 11       		.uleb128 0x11
 886 0002 01       		.byte	0x1
 887 0003 25       		.uleb128 0x25
 888 0004 0E       		.uleb128 0xe
 889 0005 13       		.uleb128 0x13
 890 0006 0B       		.uleb128 0xb
 891 0007 03       		.uleb128 0x3
 892 0008 0E       		.uleb128 0xe
 893 0009 55       		.uleb128 0x55
 894 000a 17       		.uleb128 0x17
 895 000b 11       		.uleb128 0x11
 896 000c 01       		.uleb128 0x1
 897 000d 10       		.uleb128 0x10
 898 000e 17       		.uleb128 0x17
 899 000f 00       		.byte	0
 900 0010 00       		.byte	0
 901 0011 02       		.uleb128 0x2
 902 0012 24       		.uleb128 0x24
 903 0013 00       		.byte	0
 904 0014 0B       		.uleb128 0xb
 905 0015 0B       		.uleb128 0xb
 906 0016 3E       		.uleb128 0x3e
 907 0017 0B       		.uleb128 0xb
 908 0018 03       		.uleb128 0x3
 909 0019 08       		.uleb128 0x8
 910 001a 00       		.byte	0
 911 001b 00       		.byte	0
 912 001c 03       		.uleb128 0x3
ARM GAS  /tmp/ccQZMRGt.s 			page 17


 913 001d 24       		.uleb128 0x24
 914 001e 00       		.byte	0
 915 001f 0B       		.uleb128 0xb
 916 0020 0B       		.uleb128 0xb
 917 0021 3E       		.uleb128 0x3e
 918 0022 0B       		.uleb128 0xb
 919 0023 03       		.uleb128 0x3
 920 0024 0E       		.uleb128 0xe
 921 0025 00       		.byte	0
 922 0026 00       		.byte	0
 923 0027 04       		.uleb128 0x4
 924 0028 16       		.uleb128 0x16
 925 0029 00       		.byte	0
 926 002a 03       		.uleb128 0x3
 927 002b 0E       		.uleb128 0xe
 928 002c 3A       		.uleb128 0x3a
 929 002d 0B       		.uleb128 0xb
 930 002e 3B       		.uleb128 0x3b
 931 002f 0B       		.uleb128 0xb
 932 0030 49       		.uleb128 0x49
 933 0031 13       		.uleb128 0x13
 934 0032 00       		.byte	0
 935 0033 00       		.byte	0
 936 0034 05       		.uleb128 0x5
 937 0035 35       		.uleb128 0x35
 938 0036 00       		.byte	0
 939 0037 49       		.uleb128 0x49
 940 0038 13       		.uleb128 0x13
 941 0039 00       		.byte	0
 942 003a 00       		.byte	0
 943 003b 06       		.uleb128 0x6
 944 003c 26       		.uleb128 0x26
 945 003d 00       		.byte	0
 946 003e 49       		.uleb128 0x49
 947 003f 13       		.uleb128 0x13
 948 0040 00       		.byte	0
 949 0041 00       		.byte	0
 950 0042 07       		.uleb128 0x7
 951 0043 01       		.uleb128 0x1
 952 0044 01       		.byte	0x1
 953 0045 49       		.uleb128 0x49
 954 0046 13       		.uleb128 0x13
 955 0047 01       		.uleb128 0x1
 956 0048 13       		.uleb128 0x13
 957 0049 00       		.byte	0
 958 004a 00       		.byte	0
 959 004b 08       		.uleb128 0x8
 960 004c 21       		.uleb128 0x21
 961 004d 00       		.byte	0
 962 004e 49       		.uleb128 0x49
 963 004f 13       		.uleb128 0x13
 964 0050 2F       		.uleb128 0x2f
 965 0051 0B       		.uleb128 0xb
 966 0052 00       		.byte	0
 967 0053 00       		.byte	0
 968 0054 09       		.uleb128 0x9
 969 0055 13       		.uleb128 0x13
ARM GAS  /tmp/ccQZMRGt.s 			page 18


 970 0056 01       		.byte	0x1
 971 0057 0B       		.uleb128 0xb
 972 0058 05       		.uleb128 0x5
 973 0059 3A       		.uleb128 0x3a
 974 005a 0B       		.uleb128 0xb
 975 005b 3B       		.uleb128 0x3b
 976 005c 05       		.uleb128 0x5
 977 005d 01       		.uleb128 0x1
 978 005e 13       		.uleb128 0x13
 979 005f 00       		.byte	0
 980 0060 00       		.byte	0
 981 0061 0A       		.uleb128 0xa
 982 0062 0D       		.uleb128 0xd
 983 0063 00       		.byte	0
 984 0064 03       		.uleb128 0x3
 985 0065 0E       		.uleb128 0xe
 986 0066 3A       		.uleb128 0x3a
 987 0067 0B       		.uleb128 0xb
 988 0068 3B       		.uleb128 0x3b
 989 0069 05       		.uleb128 0x5
 990 006a 49       		.uleb128 0x49
 991 006b 13       		.uleb128 0x13
 992 006c 38       		.uleb128 0x38
 993 006d 0B       		.uleb128 0xb
 994 006e 00       		.byte	0
 995 006f 00       		.byte	0
 996 0070 0B       		.uleb128 0xb
 997 0071 0D       		.uleb128 0xd
 998 0072 00       		.byte	0
 999 0073 03       		.uleb128 0x3
 1000 0074 0E       		.uleb128 0xe
 1001 0075 3A       		.uleb128 0x3a
 1002 0076 0B       		.uleb128 0xb
 1003 0077 3B       		.uleb128 0x3b
 1004 0078 05       		.uleb128 0x5
 1005 0079 49       		.uleb128 0x49
 1006 007a 13       		.uleb128 0x13
 1007 007b 38       		.uleb128 0x38
 1008 007c 05       		.uleb128 0x5
 1009 007d 00       		.byte	0
 1010 007e 00       		.byte	0
 1011 007f 0C       		.uleb128 0xc
 1012 0080 16       		.uleb128 0x16
 1013 0081 00       		.byte	0
 1014 0082 03       		.uleb128 0x3
 1015 0083 08       		.uleb128 0x8
 1016 0084 3A       		.uleb128 0x3a
 1017 0085 0B       		.uleb128 0xb
 1018 0086 3B       		.uleb128 0x3b
 1019 0087 05       		.uleb128 0x5
 1020 0088 49       		.uleb128 0x49
 1021 0089 13       		.uleb128 0x13
 1022 008a 00       		.byte	0
 1023 008b 00       		.byte	0
 1024 008c 0D       		.uleb128 0xd
 1025 008d 0F       		.uleb128 0xf
 1026 008e 00       		.byte	0
ARM GAS  /tmp/ccQZMRGt.s 			page 19


 1027 008f 0B       		.uleb128 0xb
 1028 0090 0B       		.uleb128 0xb
 1029 0091 49       		.uleb128 0x49
 1030 0092 13       		.uleb128 0x13
 1031 0093 00       		.byte	0
 1032 0094 00       		.byte	0
 1033 0095 0E       		.uleb128 0xe
 1034 0096 13       		.uleb128 0x13
 1035 0097 01       		.byte	0x1
 1036 0098 0B       		.uleb128 0xb
 1037 0099 0B       		.uleb128 0xb
 1038 009a 3A       		.uleb128 0x3a
 1039 009b 0B       		.uleb128 0xb
 1040 009c 3B       		.uleb128 0x3b
 1041 009d 0B       		.uleb128 0xb
 1042 009e 01       		.uleb128 0x1
 1043 009f 13       		.uleb128 0x13
 1044 00a0 00       		.byte	0
 1045 00a1 00       		.byte	0
 1046 00a2 0F       		.uleb128 0xf
 1047 00a3 0D       		.uleb128 0xd
 1048 00a4 00       		.byte	0
 1049 00a5 03       		.uleb128 0x3
 1050 00a6 0E       		.uleb128 0xe
 1051 00a7 3A       		.uleb128 0x3a
 1052 00a8 0B       		.uleb128 0xb
 1053 00a9 3B       		.uleb128 0x3b
 1054 00aa 0B       		.uleb128 0xb
 1055 00ab 49       		.uleb128 0x49
 1056 00ac 13       		.uleb128 0x13
 1057 00ad 38       		.uleb128 0x38
 1058 00ae 0B       		.uleb128 0xb
 1059 00af 00       		.byte	0
 1060 00b0 00       		.byte	0
 1061 00b1 10       		.uleb128 0x10
 1062 00b2 2E       		.uleb128 0x2e
 1063 00b3 01       		.byte	0x1
 1064 00b4 3F       		.uleb128 0x3f
 1065 00b5 19       		.uleb128 0x19
 1066 00b6 03       		.uleb128 0x3
 1067 00b7 0E       		.uleb128 0xe
 1068 00b8 3A       		.uleb128 0x3a
 1069 00b9 0B       		.uleb128 0xb
 1070 00ba 3B       		.uleb128 0x3b
 1071 00bb 0B       		.uleb128 0xb
 1072 00bc 27       		.uleb128 0x27
 1073 00bd 19       		.uleb128 0x19
 1074 00be 49       		.uleb128 0x49
 1075 00bf 13       		.uleb128 0x13
 1076 00c0 11       		.uleb128 0x11
 1077 00c1 01       		.uleb128 0x1
 1078 00c2 12       		.uleb128 0x12
 1079 00c3 06       		.uleb128 0x6
 1080 00c4 40       		.uleb128 0x40
 1081 00c5 18       		.uleb128 0x18
 1082 00c6 9742     		.uleb128 0x2117
 1083 00c8 19       		.uleb128 0x19
ARM GAS  /tmp/ccQZMRGt.s 			page 20


 1084 00c9 01       		.uleb128 0x1
 1085 00ca 13       		.uleb128 0x13
 1086 00cb 00       		.byte	0
 1087 00cc 00       		.byte	0
 1088 00cd 11       		.uleb128 0x11
 1089 00ce 05       		.uleb128 0x5
 1090 00cf 00       		.byte	0
 1091 00d0 03       		.uleb128 0x3
 1092 00d1 08       		.uleb128 0x8
 1093 00d2 3A       		.uleb128 0x3a
 1094 00d3 0B       		.uleb128 0xb
 1095 00d4 3B       		.uleb128 0x3b
 1096 00d5 0B       		.uleb128 0xb
 1097 00d6 49       		.uleb128 0x49
 1098 00d7 13       		.uleb128 0x13
 1099 00d8 02       		.uleb128 0x2
 1100 00d9 17       		.uleb128 0x17
 1101 00da 00       		.byte	0
 1102 00db 00       		.byte	0
 1103 00dc 12       		.uleb128 0x12
 1104 00dd 2E       		.uleb128 0x2e
 1105 00de 01       		.byte	0x1
 1106 00df 3F       		.uleb128 0x3f
 1107 00e0 19       		.uleb128 0x19
 1108 00e1 03       		.uleb128 0x3
 1109 00e2 0E       		.uleb128 0xe
 1110 00e3 3A       		.uleb128 0x3a
 1111 00e4 0B       		.uleb128 0xb
 1112 00e5 3B       		.uleb128 0x3b
 1113 00e6 0B       		.uleb128 0xb
 1114 00e7 27       		.uleb128 0x27
 1115 00e8 19       		.uleb128 0x19
 1116 00e9 11       		.uleb128 0x11
 1117 00ea 01       		.uleb128 0x1
 1118 00eb 12       		.uleb128 0x12
 1119 00ec 06       		.uleb128 0x6
 1120 00ed 40       		.uleb128 0x40
 1121 00ee 18       		.uleb128 0x18
 1122 00ef 9742     		.uleb128 0x2117
 1123 00f1 19       		.uleb128 0x19
 1124 00f2 01       		.uleb128 0x1
 1125 00f3 13       		.uleb128 0x13
 1126 00f4 00       		.byte	0
 1127 00f5 00       		.byte	0
 1128 00f6 13       		.uleb128 0x13
 1129 00f7 05       		.uleb128 0x5
 1130 00f8 00       		.byte	0
 1131 00f9 03       		.uleb128 0x3
 1132 00fa 08       		.uleb128 0x8
 1133 00fb 3A       		.uleb128 0x3a
 1134 00fc 0B       		.uleb128 0xb
 1135 00fd 3B       		.uleb128 0x3b
 1136 00fe 0B       		.uleb128 0xb
 1137 00ff 49       		.uleb128 0x49
 1138 0100 13       		.uleb128 0x13
 1139 0101 02       		.uleb128 0x2
 1140 0102 18       		.uleb128 0x18
ARM GAS  /tmp/ccQZMRGt.s 			page 21


 1141 0103 00       		.byte	0
 1142 0104 00       		.byte	0
 1143 0105 14       		.uleb128 0x14
 1144 0106 05       		.uleb128 0x5
 1145 0107 00       		.byte	0
 1146 0108 03       		.uleb128 0x3
 1147 0109 0E       		.uleb128 0xe
 1148 010a 3A       		.uleb128 0x3a
 1149 010b 0B       		.uleb128 0xb
 1150 010c 3B       		.uleb128 0x3b
 1151 010d 0B       		.uleb128 0xb
 1152 010e 49       		.uleb128 0x49
 1153 010f 13       		.uleb128 0x13
 1154 0110 02       		.uleb128 0x2
 1155 0111 17       		.uleb128 0x17
 1156 0112 00       		.byte	0
 1157 0113 00       		.byte	0
 1158 0114 15       		.uleb128 0x15
 1159 0115 898201   		.uleb128 0x4109
 1160 0118 01       		.byte	0x1
 1161 0119 11       		.uleb128 0x11
 1162 011a 01       		.uleb128 0x1
 1163 011b 9542     		.uleb128 0x2115
 1164 011d 19       		.uleb128 0x19
 1165 011e 31       		.uleb128 0x31
 1166 011f 13       		.uleb128 0x13
 1167 0120 00       		.byte	0
 1168 0121 00       		.byte	0
 1169 0122 16       		.uleb128 0x16
 1170 0123 8A8201   		.uleb128 0x410a
 1171 0126 00       		.byte	0
 1172 0127 02       		.uleb128 0x2
 1173 0128 18       		.uleb128 0x18
 1174 0129 9142     		.uleb128 0x2111
 1175 012b 18       		.uleb128 0x18
 1176 012c 00       		.byte	0
 1177 012d 00       		.byte	0
 1178 012e 17       		.uleb128 0x17
 1179 012f 34       		.uleb128 0x34
 1180 0130 00       		.byte	0
 1181 0131 03       		.uleb128 0x3
 1182 0132 0E       		.uleb128 0xe
 1183 0133 3A       		.uleb128 0x3a
 1184 0134 0B       		.uleb128 0xb
 1185 0135 3B       		.uleb128 0x3b
 1186 0136 05       		.uleb128 0x5
 1187 0137 49       		.uleb128 0x49
 1188 0138 13       		.uleb128 0x13
 1189 0139 3F       		.uleb128 0x3f
 1190 013a 19       		.uleb128 0x19
 1191 013b 3C       		.uleb128 0x3c
 1192 013c 19       		.uleb128 0x19
 1193 013d 00       		.byte	0
 1194 013e 00       		.byte	0
 1195 013f 18       		.uleb128 0x18
 1196 0140 2E       		.uleb128 0x2e
 1197 0141 01       		.byte	0x1
ARM GAS  /tmp/ccQZMRGt.s 			page 22


 1198 0142 3F       		.uleb128 0x3f
 1199 0143 19       		.uleb128 0x19
 1200 0144 03       		.uleb128 0x3
 1201 0145 0E       		.uleb128 0xe
 1202 0146 3A       		.uleb128 0x3a
 1203 0147 0B       		.uleb128 0xb
 1204 0148 3B       		.uleb128 0x3b
 1205 0149 0B       		.uleb128 0xb
 1206 014a 27       		.uleb128 0x27
 1207 014b 19       		.uleb128 0x19
 1208 014c 3C       		.uleb128 0x3c
 1209 014d 19       		.uleb128 0x19
 1210 014e 00       		.byte	0
 1211 014f 00       		.byte	0
 1212 0150 19       		.uleb128 0x19
 1213 0151 05       		.uleb128 0x5
 1214 0152 00       		.byte	0
 1215 0153 49       		.uleb128 0x49
 1216 0154 13       		.uleb128 0x13
 1217 0155 00       		.byte	0
 1218 0156 00       		.byte	0
 1219 0157 00       		.byte	0
 1220              		.section	.debug_loc,"",%progbits
 1221              	.Ldebug_loc0:
 1222              	.LLST0:
 1223 0000 00000000 		.4byte	.LVL0
 1224 0004 0C000000 		.4byte	.LVL1
 1225 0008 0100     		.2byte	0x1
 1226 000a 50       		.byte	0x50
 1227 000b 0C000000 		.4byte	.LVL1
 1228 000f 10000000 		.4byte	.LFE36
 1229 0013 0400     		.2byte	0x4
 1230 0015 F3       		.byte	0xf3
 1231 0016 01       		.uleb128 0x1
 1232 0017 50       		.byte	0x50
 1233 0018 9F       		.byte	0x9f
 1234 0019 00000000 		.4byte	0
 1235 001d 00000000 		.4byte	0
 1236              	.LLST1:
 1237 0021 00000000 		.4byte	.LVL2
 1238 0025 0A000000 		.4byte	.LVL3
 1239 0029 0100     		.2byte	0x1
 1240 002b 51       		.byte	0x51
 1241 002c 0A000000 		.4byte	.LVL3
 1242 0030 1A000000 		.4byte	.LFE37
 1243 0034 0400     		.2byte	0x4
 1244 0036 F3       		.byte	0xf3
 1245 0037 01       		.uleb128 0x1
 1246 0038 51       		.byte	0x51
 1247 0039 9F       		.byte	0x9f
 1248 003a 00000000 		.4byte	0
 1249 003e 00000000 		.4byte	0
 1250              	.LLST2:
 1251 0042 00000000 		.4byte	.LVL4
 1252 0046 08000000 		.4byte	.LVL6
 1253 004a 0100     		.2byte	0x1
 1254 004c 50       		.byte	0x50
ARM GAS  /tmp/ccQZMRGt.s 			page 23


 1255 004d 08000000 		.4byte	.LVL6
 1256 0051 0E000000 		.4byte	.LFE38
 1257 0055 0400     		.2byte	0x4
 1258 0057 F3       		.byte	0xf3
 1259 0058 01       		.uleb128 0x1
 1260 0059 50       		.byte	0x50
 1261 005a 9F       		.byte	0x9f
 1262 005b 00000000 		.4byte	0
 1263 005f 00000000 		.4byte	0
 1264              	.LLST3:
 1265 0063 00000000 		.4byte	.LVL4
 1266 0067 06000000 		.4byte	.LVL5
 1267 006b 0100     		.2byte	0x1
 1268 006d 51       		.byte	0x51
 1269 006e 06000000 		.4byte	.LVL5
 1270 0072 0D000000 		.4byte	.LVL7-1
 1271 0076 0100     		.2byte	0x1
 1272 0078 52       		.byte	0x52
 1273 0079 0D000000 		.4byte	.LVL7-1
 1274 007d 0E000000 		.4byte	.LFE38
 1275 0081 0400     		.2byte	0x4
 1276 0083 F3       		.byte	0xf3
 1277 0084 01       		.uleb128 0x1
 1278 0085 51       		.byte	0x51
 1279 0086 9F       		.byte	0x9f
 1280 0087 00000000 		.4byte	0
 1281 008b 00000000 		.4byte	0
 1282              		.section	.debug_aranges,"",%progbits
 1283 0000 2C000000 		.4byte	0x2c
 1284 0004 0200     		.2byte	0x2
 1285 0006 00000000 		.4byte	.Ldebug_info0
 1286 000a 04       		.byte	0x4
 1287 000b 00       		.byte	0
 1288 000c 0000     		.2byte	0
 1289 000e 0000     		.2byte	0
 1290 0010 00000000 		.4byte	.LFB36
 1291 0014 10000000 		.4byte	.LFE36-.LFB36
 1292 0018 00000000 		.4byte	.LFB37
 1293 001c 1A000000 		.4byte	.LFE37-.LFB37
 1294 0020 00000000 		.4byte	.LFB38
 1295 0024 0E000000 		.4byte	.LFE38-.LFB38
 1296 0028 00000000 		.4byte	0
 1297 002c 00000000 		.4byte	0
 1298              		.section	.debug_ranges,"",%progbits
 1299              	.Ldebug_ranges0:
 1300 0000 00000000 		.4byte	.LFB36
 1301 0004 10000000 		.4byte	.LFE36
 1302 0008 00000000 		.4byte	.LFB37
 1303 000c 1A000000 		.4byte	.LFE37
 1304 0010 00000000 		.4byte	.LFB38
 1305 0014 0E000000 		.4byte	.LFE38
 1306 0018 00000000 		.4byte	0
 1307 001c 00000000 		.4byte	0
 1308              		.section	.debug_line,"",%progbits
 1309              	.Ldebug_line0:
 1310 0000 CB020000 		.section	.debug_str,"MS",%progbits,1
 1310      02008C02 
ARM GAS  /tmp/ccQZMRGt.s 			page 24


 1310      00000201 
 1310      FB0E0D00 
 1310      01010101 
 1311              	.LASF90:
 1312 0000 50494F5F 		.ascii	"PIO_TNCR\000"
 1312      544E4352 
 1312      00
 1313              	.LASF75:
 1314 0009 50494F5F 		.ascii	"PIO_SCHMITT\000"
 1314      5343484D 
 1314      49545400 
 1315              	.LASF96:
 1316 0015 706F7274 		.ascii	"portid\000"
 1316      696400
 1317              	.LASF108:
 1318 001c 5F70616C 		.ascii	"_pal_lld_setgroupmode\000"
 1318      5F6C6C64 
 1318      5F736574 
 1318      67726F75 
 1318      706D6F64 
 1319              	.LASF91:
 1320 0032 50494F5F 		.ascii	"PIO_PTCR\000"
 1320      50544352 
 1320      00
 1321              	.LASF33:
 1322 003b 50494F5F 		.ascii	"PIO_IER\000"
 1322      49455200 
 1323              	.LASF60:
 1324 0043 50494F5F 		.ascii	"PIO_AIMDR\000"
 1324      41494D44 
 1324      5200
 1325              	.LASF22:
 1326 004d 50494F5F 		.ascii	"PIO_ODR\000"
 1326      4F445200 
 1327              	.LASF23:
 1328 0055 50494F5F 		.ascii	"PIO_OSR\000"
 1328      4F535200 
 1329              	.LASF3:
 1330 005d 73686F72 		.ascii	"short int\000"
 1330      7420696E 
 1330      7400
 1331              	.LASF68:
 1332 0067 50494F5F 		.ascii	"PIO_REHLSR\000"
 1332      5245484C 
 1332      535200
 1333              	.LASF12:
 1334 0072 73697A65 		.ascii	"sizetype\000"
 1334      74797065 
 1334      00
 1335              	.LASF31:
 1336 007b 50494F5F 		.ascii	"PIO_ODSR\000"
 1336      4F445352 
 1336      00
 1337              	.LASF106:
 1338 0084 70616C52 		.ascii	"palReadBus\000"
 1338      65616442 
 1338      757300
ARM GAS  /tmp/ccQZMRGt.s 			page 25


 1339              	.LASF9:
 1340 008f 5F5F7569 		.ascii	"__uint32_t\000"
 1340      6E743332 
 1340      5F7400
 1341              	.LASF95:
 1342 009a 696F706F 		.ascii	"ioportid_t\000"
 1342      72746964 
 1342      5F7400
 1343              	.LASF99:
 1344 00a5 494F4275 		.ascii	"IOBus\000"
 1344      7300
 1345              	.LASF35:
 1346 00ab 50494F5F 		.ascii	"PIO_IMR\000"
 1346      494D5200 
 1347              	.LASF51:
 1348 00b3 50494F5F 		.ascii	"PIO_PPDDR\000"
 1348      50504444 
 1348      5200
 1349              	.LASF53:
 1350 00bd 50494F5F 		.ascii	"PIO_PPDSR\000"
 1350      50504453 
 1350      5200
 1351              	.LASF15:
 1352 00c7 576F5265 		.ascii	"WoReg\000"
 1352      6700
 1353              	.LASF55:
 1354 00cd 50494F5F 		.ascii	"PIO_OWER\000"
 1354      4F574552 
 1354      00
 1355              	.LASF93:
 1356 00d6 696F6D6F 		.ascii	"iomode_t\000"
 1356      64655F74 
 1356      00
 1357              	.LASF72:
 1358 00df 50494F5F 		.ascii	"PIO_WPMR\000"
 1358      57504D52 
 1358      00
 1359              	.LASF20:
 1360 00e8 52657365 		.ascii	"Reserved1\000"
 1360      72766564 
 1360      3100
 1361              	.LASF24:
 1362 00f2 52657365 		.ascii	"Reserved2\000"
 1362      72766564 
 1362      3200
 1363              	.LASF86:
 1364 00fc 50494F5F 		.ascii	"PIO_TCR\000"
 1364      54435200 
 1365              	.LASF63:
 1366 0104 50494F5F 		.ascii	"PIO_ESR\000"
 1366      45535200 
 1367              	.LASF79:
 1368 010c 50494F5F 		.ascii	"PIO_PCIDR\000"
 1368      50434944 
 1368      5200
 1369              	.LASF81:
 1370 0116 50494F5F 		.ascii	"PIO_PCISR\000"
ARM GAS  /tmp/ccQZMRGt.s 			page 26


 1370      50434953 
 1370      5200
 1371              	.LASF54:
 1372 0120 52657365 		.ascii	"Reserved7\000"
 1372      72766564 
 1372      3700
 1373              	.LASF94:
 1374 012a 696F706F 		.ascii	"ioportmask_t\000"
 1374      72746D61 
 1374      736B5F74 
 1374      00
 1375              	.LASF62:
 1376 0137 52657365 		.ascii	"Reserved9\000"
 1376      72766564 
 1376      3900
 1377              	.LASF82:
 1378 0141 50494F5F 		.ascii	"PIO_PCRHR\000"
 1378      50435248 
 1378      5200
 1379              	.LASF50:
 1380 014b 50494F5F 		.ascii	"PIO_SCDR\000"
 1380      53434452 
 1380      00
 1381              	.LASF44:
 1382 0154 52657365 		.ascii	"Reserved5\000"
 1382      72766564 
 1382      3500
 1383              	.LASF7:
 1384 015e 6C6F6E67 		.ascii	"long long int\000"
 1384      206C6F6E 
 1384      6720696E 
 1384      7400
 1385              	.LASF8:
 1386 016c 6C6F6E67 		.ascii	"long long unsigned int\000"
 1386      206C6F6E 
 1386      6720756E 
 1386      7369676E 
 1386      65642069 
 1387              	.LASF100:
 1388 0183 62697473 		.ascii	"bits\000"
 1388      00
 1389              	.LASF26:
 1390 0188 50494F5F 		.ascii	"PIO_IFDR\000"
 1390      49464452 
 1390      00
 1391              	.LASF27:
 1392 0191 50494F5F 		.ascii	"PIO_IFSR\000"
 1392      49465352 
 1392      00
 1393              	.LASF5:
 1394 019a 6C6F6E67 		.ascii	"long int\000"
 1394      20696E74 
 1394      00
 1395              	.LASF98:
 1396 01a3 6F666673 		.ascii	"offset\000"
 1396      657400
 1397              	.LASF32:
ARM GAS  /tmp/ccQZMRGt.s 			page 27


 1398 01aa 50494F5F 		.ascii	"PIO_PDSR\000"
 1398      50445352 
 1398      00
 1399              	.LASF41:
 1400 01b3 50494F5F 		.ascii	"PIO_PUDR\000"
 1400      50554452 
 1400      00
 1401              	.LASF43:
 1402 01bc 50494F5F 		.ascii	"PIO_PUSR\000"
 1402      50555352 
 1402      00
 1403              	.LASF64:
 1404 01c5 50494F5F 		.ascii	"PIO_LSR\000"
 1404      4C535200 
 1405              	.LASF104:
 1406 01cd 474E5520 		.ascii	"GNU C 4.9.3 20150529 (release) [ARM/embedded-4_9-br"
 1406      4320342E 
 1406      392E3320 
 1406      32303135 
 1406      30353239 
 1407 0200 616E6368 		.ascii	"anch revision 227977] -mcpu=cortex-m3 -mno-thumb-in"
 1407      20726576 
 1407      6973696F 
 1407      6E203232 
 1407      37393737 
 1408 0233 74657277 		.ascii	"terwork -mthumb -ggdb -O2 -std=gnu99 -fomit-frame-p"
 1408      6F726B20 
 1408      2D6D7468 
 1408      756D6220 
 1408      2D676764 
 1409 0266 6F696E74 		.ascii	"ointer -falign-functions=16 -ffunction-sections -fd"
 1409      6572202D 
 1409      66616C69 
 1409      676E2D66 
 1409      756E6374 
 1410 0299 6174612D 		.ascii	"ata-sections -fno-common\000"
 1410      73656374 
 1410      696F6E73 
 1410      202D666E 
 1410      6F2D636F 
 1411              	.LASF14:
 1412 02b2 526F5265 		.ascii	"RoReg\000"
 1412      6700
 1413              	.LASF52:
 1414 02b8 50494F5F 		.ascii	"PIO_PPDER\000"
 1414      50504445 
 1414      5200
 1415              	.LASF47:
 1416 02c2 50494F5F 		.ascii	"PIO_IFSCDR\000"
 1416      49465343 
 1416      445200
 1417              	.LASF49:
 1418 02cd 50494F5F 		.ascii	"PIO_IFSCSR\000"
 1418      49465343 
 1418      535200
 1419              	.LASF84:
 1420 02d8 50494F5F 		.ascii	"PIO_RCR\000"
ARM GAS  /tmp/ccQZMRGt.s 			page 28


 1420      52435200 
 1421              	.LASF89:
 1422 02e0 50494F5F 		.ascii	"PIO_TNPR\000"
 1422      544E5052 
 1422      00
 1423              	.LASF61:
 1424 02e9 50494F5F 		.ascii	"PIO_AIMMR\000"
 1424      41494D4D 
 1424      5200
 1425              	.LASF88:
 1426 02f3 50494F5F 		.ascii	"PIO_RNCR\000"
 1426      524E4352 
 1426      00
 1427              	.LASF2:
 1428 02fc 756E7369 		.ascii	"unsigned char\000"
 1428      676E6564 
 1428      20636861 
 1428      7200
 1429              	.LASF78:
 1430 030a 50494F5F 		.ascii	"PIO_PCIER\000"
 1430      50434945 
 1430      5200
 1431              	.LASF16:
 1432 0314 52775265 		.ascii	"RwReg\000"
 1432      6700
 1433              	.LASF1:
 1434 031a 7369676E 		.ascii	"signed char\000"
 1434      65642063 
 1434      68617200 
 1435              	.LASF105:
 1436 0326 2F686F6D 		.ascii	"/home/nicolas/Desktop/Embebidos/stamp_repo/files/co"
 1436      652F6E69 
 1436      636F6C61 
 1436      732F4465 
 1436      736B746F 
 1437 0359 64652F65 		.ascii	"de/ext/ChibiOS/os/hal/src/pal.c\000"
 1437      78742F43 
 1437      68696269 
 1437      4F532F6F 
 1437      732F6861 
 1438              	.LASF71:
 1439 0379 50494F5F 		.ascii	"PIO_LOCKSR\000"
 1439      4C4F434B 
 1439      535200
 1440              	.LASF11:
 1441 0384 75696E74 		.ascii	"uint_fast8_t\000"
 1441      5F666173 
 1441      74385F74 
 1441      00
 1442              	.LASF10:
 1443 0391 75696E74 		.ascii	"uint32_t\000"
 1443      33325F74 
 1443      00
 1444              	.LASF92:
 1445 039a 50494F5F 		.ascii	"PIO_PTSR\000"
 1445      50545352 
 1445      00
ARM GAS  /tmp/ccQZMRGt.s 			page 29


 1446              	.LASF0:
 1447 03a3 756E7369 		.ascii	"unsigned int\000"
 1447      676E6564 
 1447      20696E74 
 1447      00
 1448              	.LASF83:
 1449 03b0 50494F5F 		.ascii	"PIO_RPR\000"
 1449      52505200 
 1450              	.LASF66:
 1451 03b8 52657365 		.ascii	"Reserved10\000"
 1451      72766564 
 1451      313000
 1452              	.LASF70:
 1453 03c3 52657365 		.ascii	"Reserved11\000"
 1453      72766564 
 1453      313100
 1454              	.LASF74:
 1455 03ce 52657365 		.ascii	"Reserved12\000"
 1455      72766564 
 1455      313200
 1456              	.LASF76:
 1457 03d9 52657365 		.ascii	"Reserved13\000"
 1457      72766564 
 1457      313300
 1458              	.LASF38:
 1459 03e4 50494F5F 		.ascii	"PIO_MDDR\000"
 1459      4D444452 
 1459      00
 1460              	.LASF39:
 1461 03ed 50494F5F 		.ascii	"PIO_MDSR\000"
 1461      4D445352 
 1461      00
 1462              	.LASF65:
 1463 03f6 50494F5F 		.ascii	"PIO_ELSR\000"
 1463      454C5352 
 1463      00
 1464              	.LASF13:
 1465 03ff 63686172 		.ascii	"char\000"
 1465      00
 1466              	.LASF80:
 1467 0404 50494F5F 		.ascii	"PIO_PCIMR\000"
 1467      5043494D 
 1467      5200
 1468              	.LASF4:
 1469 040e 73686F72 		.ascii	"short unsigned int\000"
 1469      7420756E 
 1469      7369676E 
 1469      65642069 
 1469      6E7400
 1470              	.LASF103:
 1471 0421 6D6F6465 		.ascii	"mode\000"
 1471      00
 1472              	.LASF42:
 1473 0426 50494F5F 		.ascii	"PIO_PUER\000"
 1473      50554552 
 1473      00
 1474              	.LASF85:
ARM GAS  /tmp/ccQZMRGt.s 			page 30


 1475 042f 50494F5F 		.ascii	"PIO_TPR\000"
 1475      54505200 
 1476              	.LASF48:
 1477 0437 50494F5F 		.ascii	"PIO_IFSCER\000"
 1477      49465343 
 1477      455200
 1478              	.LASF30:
 1479 0442 50494F5F 		.ascii	"PIO_CODR\000"
 1479      434F4452 
 1479      00
 1480              	.LASF6:
 1481 044b 6C6F6E67 		.ascii	"long unsigned int\000"
 1481      20756E73 
 1481      69676E65 
 1481      6420696E 
 1481      7400
 1482              	.LASF28:
 1483 045d 52657365 		.ascii	"Reserved3\000"
 1483      72766564 
 1483      3300
 1484              	.LASF40:
 1485 0467 52657365 		.ascii	"Reserved4\000"
 1485      72766564 
 1485      3400
 1486              	.LASF34:
 1487 0471 50494F5F 		.ascii	"PIO_IDR\000"
 1487      49445200 
 1488              	.LASF36:
 1489 0479 50494F5F 		.ascii	"PIO_ISR\000"
 1489      49535200 
 1490              	.LASF46:
 1491 0481 52657365 		.ascii	"Reserved6\000"
 1491      72766564 
 1491      3600
 1492              	.LASF102:
 1493 048b 70616C53 		.ascii	"palSetBusMode\000"
 1493      65744275 
 1493      734D6F64 
 1493      6500
 1494              	.LASF58:
 1495 0499 52657365 		.ascii	"Reserved8\000"
 1495      72766564 
 1495      3800
 1496              	.LASF69:
 1497 04a3 50494F5F 		.ascii	"PIO_FRLHSR\000"
 1497      46524C48 
 1497      535200
 1498              	.LASF97:
 1499 04ae 6D61736B 		.ascii	"mask\000"
 1499      00
 1500              	.LASF73:
 1501 04b3 50494F5F 		.ascii	"PIO_WPSR\000"
 1501      57505352 
 1501      00
 1502              	.LASF25:
 1503 04bc 50494F5F 		.ascii	"PIO_IFER\000"
 1503      49464552 
ARM GAS  /tmp/ccQZMRGt.s 			page 31


 1503      00
 1504              	.LASF17:
 1505 04c5 50494F5F 		.ascii	"PIO_PER\000"
 1505      50455200 
 1506              	.LASF45:
 1507 04cd 50494F5F 		.ascii	"PIO_ABCDSR\000"
 1507      41424344 
 1507      535200
 1508              	.LASF37:
 1509 04d8 50494F5F 		.ascii	"PIO_MDER\000"
 1509      4D444552 
 1509      00
 1510              	.LASF29:
 1511 04e1 50494F5F 		.ascii	"PIO_SODR\000"
 1511      534F4452 
 1511      00
 1512              	.LASF77:
 1513 04ea 50494F5F 		.ascii	"PIO_PCMR\000"
 1513      50434D52 
 1513      00
 1514              	.LASF21:
 1515 04f3 50494F5F 		.ascii	"PIO_OER\000"
 1515      4F455200 
 1516              	.LASF107:
 1517 04fb 49544D5F 		.ascii	"ITM_RxBuffer\000"
 1517      52784275 
 1517      66666572 
 1517      00
 1518              	.LASF56:
 1519 0508 50494F5F 		.ascii	"PIO_OWDR\000"
 1519      4F574452 
 1519      00
 1520              	.LASF57:
 1521 0511 50494F5F 		.ascii	"PIO_OWSR\000"
 1521      4F575352 
 1521      00
 1522              	.LASF59:
 1523 051a 50494F5F 		.ascii	"PIO_AIMER\000"
 1523      41494D45 
 1523      5200
 1524              	.LASF67:
 1525 0524 50494F5F 		.ascii	"PIO_FELLSR\000"
 1525      46454C4C 
 1525      535200
 1526              	.LASF101:
 1527 052f 70616C57 		.ascii	"palWriteBus\000"
 1527      72697465 
 1527      42757300 
 1528              	.LASF87:
 1529 053b 50494F5F 		.ascii	"PIO_RNPR\000"
 1529      524E5052 
 1529      00
 1530              	.LASF18:
 1531 0544 50494F5F 		.ascii	"PIO_PDR\000"
 1531      50445200 
 1532              	.LASF19:
 1533 054c 50494F5F 		.ascii	"PIO_PSR\000"
ARM GAS  /tmp/ccQZMRGt.s 			page 32


 1533      50535200 
 1534              		.ident	"GCC: (GNU Tools for ARM Embedded Processors) 4.9.3 20150529 (release) [ARM/embedded-4_9-br
ARM GAS  /tmp/ccQZMRGt.s 			page 33


DEFINED SYMBOLS
                            *ABS*:00000000 pal.c
     /tmp/ccQZMRGt.s:19     .text.palReadBus:00000000 $t
     /tmp/ccQZMRGt.s:25     .text.palReadBus:00000000 palReadBus
     /tmp/ccQZMRGt.s:48     .text.palWriteBus:00000000 $t
     /tmp/ccQZMRGt.s:54     .text.palWriteBus:00000000 palWriteBus
     /tmp/ccQZMRGt.s:84     .text.palSetBusMode:00000000 $t
     /tmp/ccQZMRGt.s:90     .text.palSetBusMode:00000000 palSetBusMode
                     .debug_frame:00000010 $d

UNDEFINED SYMBOLS
_pal_lld_setgroupmode
